<?xml version="1.0" encoding="UTF-8"?>
<!-- Generated by org.testng.reporters.JUnitReportReporter -->
<testsuite name="com.externalApi.Dumps" tests="9999" time="22.880" ignored="0" failures="0" timestamp="05 May 2017 06:32:51 GMT" skipped="0" hostname="mgh-PC" errors="0">
  <testcase name="login" time="0.000" classname="com.externalApi.Dumps"/>
  <testcase name="login" time="0.001" classname="com.externalApi.Dumps"/>
  <testcase name="login" time="0.000" classname="com.externalApi.Dumps"/>
  <testcase name="login" time="0.000" classname="com.externalApi.Dumps"/>
  <testcase name="login" time="0.001" classname="com.externalApi.Dumps"/>
  <testcase name="login" time="0.000" classname="com.externalApi.Dumps"/>
  <testcase name="login" time="0.001" classname="com.externalApi.Dumps"/>
  <testcase name="login" time="0.000" classname="com.externalApi.Dumps"/>
  <testcase name="login" time="0.002" classname="com.externalApi.Dumps"/>
  <testcase name="login" time="0.001" classname="com.externalApi.Dumps"/>
  <testcase name="login" time="0.001" classname="com.externalApi.Dumps"/>
  <testcase name="login" time="0.001" classname="com.externalApi.Dumps"/>
  <testcase name="login" time="0.000" classname="com.externalApi.Dumps"/>
  <testcase name="login" time="0.000" classname="com.externalApi.Dumps"/>
  <testcase name="login" time="0.001" classname="com.externalApi.Dumps"/>
  <testcase name="login" time="0.001" classname="com.externalApi.Dumps"/>
  <testcase name="login" time="0.001" classname="com.externalApi.Dumps"/>
  <testcase name="login" time="0.001" classname="com.externalApi.Dumps"/>
  <testcase name="login" time="0.000" classname="com.externalApi.Dumps"/>
  <testcase name="login" time="0.000" classname="com.externalApi.Dumps"/>
  <testcase name="login" time="0.001" classname="com.externalApi.Dumps"/>
  <testcase name="login" time="0.001" classname="com.externalApi.Dumps"/>
  <testcase name="login" time="0.000" classname="com.externalApi.Dumps"/>
  <testcase name="login" time="0.000" classname="com.externalApi.Dumps"/>
  <testcase name="login" time="0.001" classname="com.externalApi.Dumps"/>
  <testcase name="login" time="0.001" classname="com.externalApi.Dumps"/>
  <testcase name="login" time="0.001" classname="com.externalApi.Dumps"/>
  <testcase name="login" time="0.000" classname="com.externalApi.Dumps"/>
  <testcase name="login" time="0.000" classname="com.externalApi.Dumps"/>
  <testcase name="login" time="0.000" classname="com.externalApi.Dumps"/>
  <testcase name="login" time="0.001" classname="com.externalApi.Dumps"/>
  <testcase name="login" time="0.001" classname="com.externalApi.Dumps"/>
  <testcase name="login" time="0.002" classname="com.externalApi.Dumps"/>
  <testcase name="login" time="0.000" classname="com.externalApi.Dumps"/>
  <testcase name="login" time="0.002" classname="com.externalApi.Dumps"/>
  <testcase name="login" time="0.000" classname="com.externalApi.Dumps"/>
  <testcase name="login" time="0.001" classname="com.externalApi.Dumps"/>
  <testcase name="login" time="0.001" classname="com.externalApi.Dumps"/>
  <testcase name="login" time="0.000" classname="com.externalApi.Dumps"/>
  <testcase name="login" time="0.005" classname="com.externalApi.Dumps"/>
  <testcase name="login" time="0.001" classname="com.externalApi.Dumps"/>
  <testcase name="login" time="0.000" classname="com.externalApi.Dumps"/>
  <testcase name="login" time="0.001" classname="com.externalApi.Dumps"/>
  <testcase name="login" time="0.000" classname="com.externalApi.Dumps"/>
  <testcase name="login" time="0.001" classname="com.externalApi.Dumps"/>
  <testcase name="login" time="0.000" classname="com.externalApi.Dumps"/>
  <testcase name="login" time="0.001" classname="com.externalApi.Dumps"/>
  <testcase name="login" time="0.005" classname="com.externalApi.Dumps"/>
  <testcase name="login" time="0.001" classname="com.externalApi.Dumps"/>
  <testcase name="login" time="0.001" classname="com.externalApi.Dumps"/>
  <testcase name="login" time="0.001" classname="com.externalApi.Dumps"/>
  <testcase name="login" time="0.000" classname="com.externalApi.Dumps"/>
  <testcase name="login" time="0.001" classname="com.externalApi.Dumps"/>
  <testcase name="login" time="0.001" classname="com.externalApi.Dumps"/>
  <testcase name="login" time="0.001" classname="com.externalApi.Dumps"/>
  <testcase name="login" time="0.000" classname="com.externalApi.Dumps"/>
  <testcase name="login" time="0.000" classname="com.externalApi.Dumps"/>
  <testcase name="login" time="0.000" classname="com.externalApi.Dumps"/>
  <testcase name="login" time="0.001" classname="com.externalApi.Dumps"/>
  <testcase name="login" time="0.002" classname="com.externalApi.Dumps"/>
  <testcase name="login" time="0.000" classname="com.externalApi.Dumps"/>
  <testcase name="login" time="0.001" classname="com.externalApi.Dumps"/>
  <testcase name="login" time="0.001" classname="com.externalApi.Dumps"/>
  <testcase name="login" time="0.001" classname="com.externalApi.Dumps"/>
  <testcase name="login" time="0.000" classname="com.externalApi.Dumps"/>
  <testcase name="login" time="0.000" classname="com.externalApi.Dumps"/>
  <testcase name="login" time="0.001" classname="com.externalApi.Dumps"/>
  <testcase name="login" time="0.003" classname="com.externalApi.Dumps"/>
  <testcase name="login" time="0.000" classname="com.externalApi.Dumps"/>
  <testcase name="login" time="0.000" classname="com.externalApi.Dumps"/>
  <testcase name="login" time="0.000" classname="com.externalApi.Dumps"/>
  <testcase name="login" time="0.001" classname="com.externalApi.Dumps"/>
  <testcase name="login" time="0.000" classname="com.externalApi.Dumps"/>
  <testcase name="login" time="0.001" classname="com.externalApi.Dumps"/>
  <testcase name="login" time="0.001" classname="com.externalApi.Dumps"/>
  <testcase name="login" time="0.001" classname="com.externalApi.Dumps"/>
  <testcase name="login" time="0.000" classname="com.externalApi.Dumps"/>
  <testcase name="login" time="0.002" classname="com.externalApi.Dumps"/>
  <testcase name="login" time="0.000" classname="com.externalApi.Dumps"/>
  <testcase name="login" time="0.000" classname="com.externalApi.Dumps"/>
  <testcase name="login" time="0.001" classname="com.externalApi.Dumps"/>
  <testcase name="login" time="0.000" classname="com.externalApi.Dumps"/>
  <testcase name="login" time="0.000" classname="com.externalApi.Dumps"/>
  <testcase name="login" time="0.000" classname="com.externalApi.Dumps"/>
  <testcase name="login" time="0.000" classname="com.externalApi.Dumps"/>
  <testcase name="login" time="0.000" classname="com.externalApi.Dumps"/>
  <testcase name="login" time="0.000" classname="com.externalApi.Dumps"/>
  <testcase name="login" time="0.002" classname="com.externalApi.Dumps"/>
  <testcase name="login" time="0.001" classname="com.externalApi.Dumps"/>
  <testcase name="login" time="0.000" classname="com.externalApi.Dumps"/>
  <testcase name="login" time="0.138" classname="com.externalApi.Dumps"/>
  <testcase name="login" time="0.001" classname="com.externalApi.Dumps"/>
  <testcase name="login" time="0.000" classname="com.externalApi.Dumps"/>
  <testcase name="login" time="0.001" classname="com.externalApi.Dumps"/>
  <testcase name="login" time="0.001" classname="com.externalApi.Dumps"/>
  <testcase name="login" time="0.001" classname="com.externalApi.Dumps"/>
  <testcase name="login" time="0.000" classname="com.externalApi.Dumps"/>
  <testcase name="login" time="0.001" classname="com.externalApi.Dumps"/>
  <testcase name="login" time="0.001" classname="com.externalApi.Dumps"/>
  <testcase name="login" time="0.001" classname="com.externalApi.Dumps"/>
  <testcase name="login" time="0.001" classname="com.externalApi.Dumps"/>
  <testcase name="login" time="0.001" classname="com.externalApi.Dumps"/>
  <testcase name="login" time="0.001" classname="com.externalApi.Dumps"/>
  <testcase name="login" time="0.001" classname="com.externalApi.Dumps"/>
  <testcase name="login" time="0.001" classname="com.externalApi.Dumps"/>
  <testcase name="login" time="0.000" classname="com.externalApi.Dumps"/>
  <testcase name="login" time="0.001" classname="com.externalApi.Dumps"/>
  <testcase name="login" time="0.000" classname="com.externalApi.Dumps"/>
  <testcase name="login" time="0.001" classname="com.externalApi.Dumps"/>
  <testcase name="login" time="0.000" classname="com.externalApi.Dumps"/>
  <testcase name="login" time="0.001" classname="com.externalApi.Dumps"/>
  <testcase name="login" time="0.000" classname="com.externalApi.Dumps"/>
  <testcase name="login" time="0.002" classname="com.externalApi.Dumps"/>
  <testcase name="login" time="0.000" classname="com.externalApi.Dumps"/>
  <testcase name="login" time="0.001" classname="com.externalApi.Dumps"/>
  <testcase name="login" time="0.000" classname="com.externalApi.Dumps"/>
  <testcase name="login" time="0.000" classname="com.externalApi.Dumps"/>
  <testcase name="login" time="0.000" classname="com.externalApi.Dumps"/>
  <testcase name="login" time="0.001" classname="com.externalApi.Dumps"/>
  <testcase name="login" time="0.001" classname="com.externalApi.Dumps"/>
  <testcase name="login" time="0.001" classname="com.externalApi.Dumps"/>
  <testcase name="login" time="0.000" classname="com.externalApi.Dumps"/>
  <testcase name="login" time="0.000" classname="com.externalApi.Dumps"/>
  <testcase name="login" time="0.000" classname="com.externalApi.Dumps"/>
  <testcase name="login" time="0.002" classname="com.externalApi.Dumps"/>
  <testcase name="login" time="0.000" classname="com.externalApi.Dumps"/>
  <testcase name="login" time="0.000" classname="com.externalApi.Dumps"/>
  <testcase name="login" time="0.001" classname="com.externalApi.Dumps"/>
  <testcase name="login" time="0.000" classname="com.externalApi.Dumps"/>
  <testcase name="login" time="0.001" classname="com.externalApi.Dumps"/>
  <testcase name="login" time="0.001" classname="com.externalApi.Dumps"/>
  <testcase name="login" time="0.001" classname="com.externalApi.Dumps"/>
  <testcase name="login" time="0.001" classname="com.externalApi.Dumps"/>
  <testcase name="login" time="0.000" classname="com.externalApi.Dumps"/>
  <testcase name="login" time="0.001" classname="com.externalApi.Dumps"/>
  <testcase name="login" time="0.001" classname="com.externalApi.Dumps"/>
  <testcase name="login" time="0.000" classname="com.externalApi.Dumps"/>
  <testcase name="login" time="0.000" classname="com.externalApi.Dumps"/>
  <testcase name="login" time="0.000" classname="com.externalApi.Dumps"/>
  <testcase name="login" time="0.000" classname="com.externalApi.Dumps"/>
  <testcase name="login" time="0.000" classname="com.externalApi.Dumps"/>
  <testcase name="login" time="0.001" classname="com.externalApi.Dumps"/>
  <testcase name="login" time="0.000" classname="com.externalApi.Dumps"/>
  <testcase name="login" time="0.000" classname="com.externalApi.Dumps"/>
  <testcase name="login" time="0.000" classname="com.externalApi.Dumps"/>
  <testcase name="login" time="0.000" classname="com.externalApi.Dumps"/>
  <testcase name="login" time="0.000" classname="com.externalApi.Dumps"/>
  <testcase name="login" time="0.001" classname="com.externalApi.Dumps"/>
  <testcase name="login" time="0.001" classname="com.externalApi.Dumps"/>
  <testcase name="login" time="0.001" classname="com.externalApi.Dumps"/>
  <testcase name="login" time="0.000" classname="com.externalApi.Dumps"/>
  <testcase name="login" time="0.000" classname="com.externalApi.Dumps"/>
  <testcase name="login" time="0.000" classname="com.externalApi.Dumps"/>
  <testcase name="login" time="0.000" classname="com.externalApi.Dumps"/>
  <testcase name="login" time="0.000" classname="com.externalApi.Dumps"/>
  <testcase name="login" time="0.000" classname="com.externalApi.Dumps"/>
  <testcase name="login" time="0.000" classname="com.externalApi.Dumps"/>
  <testcase name="login" time="0.001" classname="com.externalApi.Dumps"/>
  <testcase name="login" time="0.001" classname="com.externalApi.Dumps"/>
  <testcase name="login" time="0.000" classname="com.externalApi.Dumps"/>
  <testcase name="login" time="0.003" classname="com.externalApi.Dumps"/>
  <testcase name="login" time="0.001" classname="com.externalApi.Dumps"/>
  <testcase name="login" time="0.001" classname="com.externalApi.Dumps"/>
  <testcase name="login" time="0.001" classname="com.externalApi.Dumps"/>
  <testcase name="login" time="0.001" classname="com.externalApi.Dumps"/>
  <testcase name="login" time="0.001" classname="com.externalApi.Dumps"/>
  <testcase name="login" time="0.000" classname="com.externalApi.Dumps"/>
  <testcase name="login" time="0.001" classname="com.externalApi.Dumps"/>
  <testcase name="login" time="0.000" classname="com.externalApi.Dumps"/>
  <testcase name="login" time="0.000" classname="com.externalApi.Dumps"/>
  <testcase name="login" time="0.001" classname="com.externalApi.Dumps"/>
  <testcase name="login" time="0.001" classname="com.externalApi.Dumps"/>
  <testcase name="login" time="0.001" classname="com.externalApi.Dumps"/>
  <testcase name="login" time="0.001" classname="com.externalApi.Dumps"/>
  <testcase name="login" time="0.000" classname="com.externalApi.Dumps"/>
  <testcase name="login" time="0.000" classname="com.externalApi.Dumps"/>
  <testcase name="login" time="0.000" classname="com.externalApi.Dumps"/>
  <testcase name="login" time="0.000" classname="com.externalApi.Dumps"/>
  <testcase name="login" time="0.000" classname="com.externalApi.Dumps"/>
  <testcase name="login" time="0.003" classname="com.externalApi.Dumps"/>
  <testcase name="login" time="0.002" classname="com.externalApi.Dumps"/>
  <testcase name="login" time="0.002" classname="com.externalApi.Dumps"/>
  <testcase name="login" time="0.001" classname="com.externalApi.Dumps"/>
  <testcase name="login" time="0.000" classname="com.externalApi.Dumps"/>
  <testcase name="login" time="0.000" classname="com.externalApi.Dumps"/>
  <testcase name="login" time="0.000" classname="com.externalApi.Dumps"/>
  <testcase name="login" time="0.001" classname="com.externalApi.Dumps"/>
  <testcase name="login" time="0.000" classname="com.externalApi.Dumps"/>
  <testcase name="login" time="0.001" classname="com.externalApi.Dumps"/>
  <testcase name="login" time="0.002" classname="com.externalApi.Dumps"/>
  <testcase name="login" time="0.001" classname="com.externalApi.Dumps"/>
  <testcase name="login" time="0.001" classname="com.externalApi.Dumps"/>
  <testcase name="login" time="0.000" classname="com.externalApi.Dumps"/>
  <testcase name="login" time="0.001" classname="com.externalApi.Dumps"/>
  <testcase name="login" time="0.001" classname="com.externalApi.Dumps"/>
  <testcase name="login" time="0.001" classname="com.externalApi.Dumps"/>
  <testcase name="login" time="0.002" classname="com.externalApi.Dumps"/>
  <testcase name="login" time="0.001" classname="com.externalApi.Dumps"/>
  <testcase name="login" time="0.001" classname="com.externalApi.Dumps"/>
  <testcase name="login" time="0.001" classname="com.externalApi.Dumps"/>
  <testcase name="login" time="0.001" classname="com.externalApi.Dumps"/>
  <testcase name="login" time="0.001" classname="com.externalApi.Dumps"/>
  <testcase name="login" time="0.001" classname="com.externalApi.Dumps"/>
  <testcase name="login" time="0.002" classname="com.externalApi.Dumps"/>
  <testcase name="login" time="0.003" classname="com.externalApi.Dumps"/>
  <testcase name="login" time="0.000" classname="com.externalApi.Dumps"/>
  <testcase name="login" time="0.000" classname="com.externalApi.Dumps"/>
  <testcase name="login" time="0.001" classname="com.externalApi.Dumps"/>
  <testcase name="login" time="0.000" classname="com.externalApi.Dumps"/>
  <testcase name="login" time="0.000" classname="com.externalApi.Dumps"/>
  <testcase name="login" time="0.000" classname="com.externalApi.Dumps"/>
  <testcase name="login" time="0.000" classname="com.externalApi.Dumps"/>
  <testcase name="login" time="0.000" classname="com.externalApi.Dumps"/>
  <testcase name="login" time="0.000" classname="com.externalApi.Dumps"/>
  <testcase name="login" time="0.001" classname="com.externalApi.Dumps"/>
  <testcase name="login" time="0.001" classname="com.externalApi.Dumps"/>
  <testcase name="login" time="0.001" classname="com.externalApi.Dumps"/>
  <testcase name="login" time="0.000" classname="com.externalApi.Dumps"/>
  <testcase name="login" time="0.001" classname="com.externalApi.Dumps"/>
  <testcase name="login" time="0.000" classname="com.externalApi.Dumps"/>
  <testcase name="login" time="0.002" classname="com.externalApi.Dumps"/>
  <testcase name="login" time="0.000" classname="com.externalApi.Dumps"/>
  <testcase name="login" time="0.000" classname="com.externalApi.Dumps"/>
  <testcase name="login" time="0.001" classname="com.externalApi.Dumps"/>
  <testcase name="login" time="0.001" classname="com.externalApi.Dumps"/>
  <testcase name="login" time="0.000" classname="com.externalApi.Dumps"/>
  <testcase name="login" time="0.001" classname="com.externalApi.Dumps"/>
  <testcase name="login" time="0.001" classname="com.externalApi.Dumps"/>
  <testcase name="login" time="0.000" classname="com.externalApi.Dumps"/>
  <testcase name="login" time="0.000" classname="com.externalApi.Dumps"/>
  <testcase name="login" time="0.001" classname="com.externalApi.Dumps"/>
  <testcase name="login" time="0.001" classname="com.externalApi.Dumps"/>
  <testcase name="login" time="0.001" classname="com.externalApi.Dumps"/>
  <testcase name="login" time="0.002" classname="com.externalApi.Dumps"/>
  <testcase name="login" time="0.002" classname="com.externalApi.Dumps"/>
  <testcase name="login" time="0.000" classname="com.externalApi.Dumps"/>
  <testcase name="login" time="0.000" classname="com.externalApi.Dumps"/>
  <testcase name="login" time="0.001" classname="com.externalApi.Dumps"/>
  <testcase name="login" time="0.001" classname="com.externalApi.Dumps"/>
  <testcase name="login" time="0.001" classname="com.externalApi.Dumps"/>
  <testcase name="login" time="0.001" classname="com.externalApi.Dumps"/>
  <testcase name="login" time="0.001" classname="com.externalApi.Dumps"/>
  <testcase name="login" time="0.001" classname="com.externalApi.Dumps"/>
  <testcase name="login" time="0.001" classname="com.externalApi.Dumps"/>
  <testcase name="login" time="0.000" classname="com.externalApi.Dumps"/>
  <testcase name="login" time="0.001" classname="com.externalApi.Dumps"/>
  <testcase name="login" time="0.000" classname="com.externalApi.Dumps"/>
  <testcase name="login" time="0.001" classname="com.externalApi.Dumps"/>
  <testcase name="login" time="0.001" classname="com.externalApi.Dumps"/>
  <testcase name="login" time="0.001" classname="com.externalApi.Dumps"/>
  <testcase name="login" time="0.001" classname="com.externalApi.Dumps"/>
  <testcase name="login" time="0.001" classname="com.externalApi.Dumps"/>
  <testcase name="login" time="0.001" classname="com.externalApi.Dumps"/>
  <testcase name="login" time="0.001" classname="com.externalApi.Dumps"/>
  <testcase name="login" time="0.001" classname="com.externalApi.Dumps"/>
  <testcase name="login" time="0.001" classname="com.externalApi.Dumps"/>
  <testcase name="login" time="0.001" classname="com.externalApi.Dumps"/>
  <testcase name="login" time="0.000" classname="com.externalApi.Dumps"/>
  <testcase name="login" time="0.001" classname="com.externalApi.Dumps"/>
  <testcase name="login" time="0.000" classname="com.externalApi.Dumps"/>
  <testcase name="login" time="0.000" classname="com.externalApi.Dumps"/>
  <testcase name="login" time="0.001" classname="com.externalApi.Dumps"/>
  <testcase name="login" time="0.000" classname="com.externalApi.Dumps"/>
  <testcase name="login" time="0.000" classname="com.externalApi.Dumps"/>
  <testcase name="login" time="0.002" classname="com.externalApi.Dumps"/>
  <testcase name="login" time="0.001" classname="com.externalApi.Dumps"/>
  <testcase name="login" time="0.001" classname="com.externalApi.Dumps"/>
  <testcase name="login" time="0.001" classname="com.externalApi.Dumps"/>
  <testcase name="login" time="0.001" classname="com.externalApi.Dumps"/>
  <testcase name="login" time="0.000" classname="com.externalApi.Dumps"/>
  <testcase name="login" time="0.000" classname="com.externalApi.Dumps"/>
  <testcase name="login" time="0.001" classname="com.externalApi.Dumps"/>
  <testcase name="login" time="0.000" classname="com.externalApi.Dumps"/>
  <testcase name="login" time="0.001" classname="com.externalApi.Dumps"/>
  <testcase name="login" time="0.000" classname="com.externalApi.Dumps"/>
  <testcase name="login" time="0.000" classname="com.externalApi.Dumps"/>
  <testcase name="login" time="0.001" classname="com.externalApi.Dumps"/>
  <testcase name="login" time="0.001" classname="com.externalApi.Dumps"/>
  <testcase name="login" time="0.001" classname="com.externalApi.Dumps"/>
  <testcase name="login" time="0.000" classname="com.externalApi.Dumps"/>
  <testcase name="login" time="0.001" classname="com.externalApi.Dumps"/>
  <testcase name="login" time="0.001" classname="com.externalApi.Dumps"/>
  <testcase name="login" time="0.000" classname="com.externalApi.Dumps"/>
  <testcase name="login" time="0.001" classname="com.externalApi.Dumps"/>
  <testcase name="login" time="0.000" classname="com.externalApi.Dumps"/>
  <testcase name="login" time="0.000" classname="com.externalApi.Dumps"/>
  <testcase name="login" time="0.001" classname="com.externalApi.Dumps"/>
  <testcase name="login" time="0.000" classname="com.externalApi.Dumps"/>
  <testcase name="login" time="0.000" classname="com.externalApi.Dumps"/>
  <testcase name="login" time="0.000" classname="com.externalApi.Dumps"/>
  <testcase name="login" time="0.000" classname="com.externalApi.Dumps"/>
  <testcase name="login" time="0.001" classname="com.externalApi.Dumps"/>
  <testcase name="login" time="0.000" classname="com.externalApi.Dumps"/>
  <testcase name="login" time="0.000" classname="com.externalApi.Dumps"/>
  <testcase name="login" time="0.001" classname="com.externalApi.Dumps"/>
  <testcase name="login" time="0.000" classname="com.externalApi.Dumps"/>
  <testcase name="login" time="0.000" classname="com.externalApi.Dumps"/>
  <testcase name="login" time="0.000" classname="com.externalApi.Dumps"/>
  <testcase name="login" time="0.001" classname="com.externalApi.Dumps"/>
  <testcase name="login" time="0.001" classname="com.externalApi.Dumps"/>
  <testcase name="login" time="0.000" classname="com.externalApi.Dumps"/>
  <testcase name="login" time="0.001" classname="com.externalApi.Dumps"/>
  <testcase name="login" time="0.000" classname="com.externalApi.Dumps"/>
  <testcase name="login" time="0.001" classname="com.externalApi.Dumps"/>
  <testcase name="login" time="0.000" classname="com.externalApi.Dumps"/>
  <testcase name="login" time="0.000" classname="com.externalApi.Dumps"/>
  <testcase name="login" time="0.001" classname="com.externalApi.Dumps"/>
  <testcase name="login" time="0.000" classname="com.externalApi.Dumps"/>
  <testcase name="login" time="0.000" classname="com.externalApi.Dumps"/>
  <testcase name="login" time="0.000" classname="com.externalApi.Dumps"/>
  <testcase name="login" time="0.000" classname="com.externalApi.Dumps"/>
  <testcase name="login" time="0.136" classname="com.externalApi.Dumps"/>
  <testcase name="login" time="0.000" classname="com.externalApi.Dumps"/>
  <testcase name="login" time="0.000" classname="com.externalApi.Dumps"/>
  <testcase name="login" time="0.001" classname="com.externalApi.Dumps"/>
  <testcase name="login" time="0.001" classname="com.externalApi.Dumps"/>
  <testcase name="login" time="0.001" classname="com.externalApi.Dumps"/>
  <testcase name="login" time="0.000" classname="com.externalApi.Dumps"/>
  <testcase name="login" time="0.001" classname="com.externalApi.Dumps"/>
  <testcase name="login" time="0.000" classname="com.externalApi.Dumps"/>
  <testcase name="login" time="0.001" classname="com.externalApi.Dumps"/>
  <testcase name="login" time="0.000" classname="com.externalApi.Dumps"/>
  <testcase name="login" time="0.000" classname="com.externalApi.Dumps"/>
  <testcase name="login" time="0.001" classname="com.externalApi.Dumps"/>
  <testcase name="login" time="0.000" classname="com.externalApi.Dumps"/>
  <testcase name="login" time="0.001" classname="com.externalApi.Dumps"/>
  <testcase name="login" time="0.000" classname="com.externalApi.Dumps"/>
  <testcase name="login" time="0.000" classname="com.externalApi.Dumps"/>
  <testcase name="login" time="0.000" classname="com.externalApi.Dumps"/>
  <testcase name="login" time="0.001" classname="com.externalApi.Dumps"/>
  <testcase name="login" time="0.000" classname="com.externalApi.Dumps"/>
  <testcase name="login" time="0.001" classname="com.externalApi.Dumps"/>
  <testcase name="login" time="0.001" classname="com.externalApi.Dumps"/>
  <testcase name="login" time="0.001" classname="com.externalApi.Dumps"/>
  <testcase name="login" time="0.000" classname="com.externalApi.Dumps"/>
  <testcase name="login" time="0.000" classname="com.externalApi.Dumps"/>
  <testcase name="login" time="0.000" classname="com.externalApi.Dumps"/>
  <testcase name="login" time="0.001" classname="com.externalApi.Dumps"/>
  <testcase name="login" time="0.000" classname="com.externalApi.Dumps"/>
  <testcase name="login" time="0.000" classname="com.externalApi.Dumps"/>
  <testcase name="login" time="0.001" classname="com.externalApi.Dumps"/>
  <testcase name="login" time="0.000" classname="com.externalApi.Dumps"/>
  <testcase name="login" time="0.000" classname="com.externalApi.Dumps"/>
  <testcase name="login" time="0.001" classname="com.externalApi.Dumps"/>
  <testcase name="login" time="0.000" classname="com.externalApi.Dumps"/>
  <testcase name="login" time="0.000" classname="com.externalApi.Dumps"/>
  <testcase name="login" time="0.000" classname="com.externalApi.Dumps"/>
  <testcase name="login" time="0.001" classname="com.externalApi.Dumps"/>
  <testcase name="login" time="0.001" classname="com.externalApi.Dumps"/>
  <testcase name="login" time="0.000" classname="com.externalApi.Dumps"/>
  <testcase name="login" time="0.000" classname="com.externalApi.Dumps"/>
  <testcase name="login" time="0.001" classname="com.externalApi.Dumps"/>
  <testcase name="login" time="0.000" classname="com.externalApi.Dumps"/>
  <testcase name="login" time="0.001" classname="com.externalApi.Dumps"/>
  <testcase name="login" time="0.000" classname="com.externalApi.Dumps"/>
  <testcase name="login" time="0.000" classname="com.externalApi.Dumps"/>
  <testcase name="login" time="0.001" classname="com.externalApi.Dumps"/>
  <testcase name="login" time="0.001" classname="com.externalApi.Dumps"/>
  <testcase name="login" time="0.000" classname="com.externalApi.Dumps"/>
  <testcase name="login" time="0.001" classname="com.externalApi.Dumps"/>
  <testcase name="login" time="0.001" classname="com.externalApi.Dumps"/>
  <testcase name="login" time="0.001" classname="com.externalApi.Dumps"/>
  <testcase name="login" time="0.002" classname="com.externalApi.Dumps"/>
  <testcase name="login" time="0.001" classname="com.externalApi.Dumps"/>
  <testcase name="login" time="0.001" classname="com.externalApi.Dumps"/>
  <testcase name="login" time="0.001" classname="com.externalApi.Dumps"/>
  <testcase name="login" time="0.001" classname="com.externalApi.Dumps"/>
  <testcase name="login" time="0.002" classname="com.externalApi.Dumps"/>
  <testcase name="login" time="0.001" classname="com.externalApi.Dumps"/>
  <testcase name="login" time="0.000" classname="com.externalApi.Dumps"/>
  <testcase name="login" time="0.001" classname="com.externalApi.Dumps"/>
  <testcase name="login" time="0.001" classname="com.externalApi.Dumps"/>
  <testcase name="login" time="0.000" classname="com.externalApi.Dumps"/>
  <testcase name="login" time="0.001" classname="com.externalApi.Dumps"/>
  <testcase name="login" time="0.001" classname="com.externalApi.Dumps"/>
  <testcase name="login" time="0.001" classname="com.externalApi.Dumps"/>
  <testcase name="login" time="0.001" classname="com.externalApi.Dumps"/>
  <testcase name="login" time="0.000" classname="com.externalApi.Dumps"/>
  <testcase name="login" time="0.254" classname="com.externalApi.Dumps"/>
  <testcase name="login" time="0.000" classname="com.externalApi.Dumps"/>
  <testcase name="login" time="0.000" classname="com.externalApi.Dumps"/>
  <testcase name="login" time="0.001" classname="com.externalApi.Dumps"/>
  <testcase name="login" time="0.000" classname="com.externalApi.Dumps"/>
  <testcase name="login" time="0.000" classname="com.externalApi.Dumps"/>
  <testcase name="login" time="0.001" classname="com.externalApi.Dumps"/>
  <testcase name="login" time="0.000" classname="com.externalApi.Dumps"/>
  <testcase name="login" time="0.002" classname="com.externalApi.Dumps"/>
  <testcase name="login" time="0.001" classname="com.externalApi.Dumps"/>
  <testcase name="login" time="0.001" classname="com.externalApi.Dumps"/>
  <testcase name="login" time="0.003" classname="com.externalApi.Dumps"/>
  <testcase name="login" time="0.001" classname="com.externalApi.Dumps"/>
  <testcase name="login" time="0.001" classname="com.externalApi.Dumps"/>
  <testcase name="login" time="0.001" classname="com.externalApi.Dumps"/>
  <testcase name="login" time="0.000" classname="com.externalApi.Dumps"/>
  <testcase name="login" time="0.000" classname="com.externalApi.Dumps"/>
  <testcase name="login" time="0.000" classname="com.externalApi.Dumps"/>
  <testcase name="login" time="0.001" classname="com.externalApi.Dumps"/>
  <testcase name="login" time="0.000" classname="com.externalApi.Dumps"/>
  <testcase name="login" time="0.001" classname="com.externalApi.Dumps"/>
  <testcase name="login" time="0.001" classname="com.externalApi.Dumps"/>
  <testcase name="login" time="0.000" classname="com.externalApi.Dumps"/>
  <testcase name="login" time="0.000" classname="com.externalApi.Dumps"/>
  <testcase name="login" time="0.001" classname="com.externalApi.Dumps"/>
  <testcase name="login" time="0.000" classname="com.externalApi.Dumps"/>
  <testcase name="login" time="0.000" classname="com.externalApi.Dumps"/>
  <testcase name="login" time="0.000" classname="com.externalApi.Dumps"/>
  <testcase name="login" time="0.001" classname="com.externalApi.Dumps"/>
  <testcase name="login" time="0.001" classname="com.externalApi.Dumps"/>
  <testcase name="login" time="0.001" classname="com.externalApi.Dumps"/>
  <testcase name="login" time="0.002" classname="com.externalApi.Dumps"/>
  <testcase name="login" time="0.001" classname="com.externalApi.Dumps"/>
  <testcase name="login" time="0.002" classname="com.externalApi.Dumps"/>
  <testcase name="login" time="0.001" classname="com.externalApi.Dumps"/>
  <testcase name="login" time="0.000" classname="com.externalApi.Dumps"/>
  <testcase name="login" time="0.001" classname="com.externalApi.Dumps"/>
  <testcase name="login" time="0.001" classname="com.externalApi.Dumps"/>
  <testcase name="login" time="0.000" classname="com.externalApi.Dumps"/>
  <testcase name="login" time="0.001" classname="com.externalApi.Dumps"/>
  <testcase name="login" time="0.001" classname="com.externalApi.Dumps"/>
  <testcase name="login" time="0.000" classname="com.externalApi.Dumps"/>
  <testcase name="login" time="0.000" classname="com.externalApi.Dumps"/>
  <testcase name="login" time="0.000" classname="com.externalApi.Dumps"/>
  <testcase name="login" time="0.000" classname="com.externalApi.Dumps"/>
  <testcase name="login" time="0.001" classname="com.externalApi.Dumps"/>
  <testcase name="login" time="0.002" classname="com.externalApi.Dumps"/>
  <testcase name="login" time="0.001" classname="com.externalApi.Dumps"/>
  <testcase name="login" time="0.000" classname="com.externalApi.Dumps"/>
  <testcase name="login" time="0.000" classname="com.externalApi.Dumps"/>
  <testcase name="login" time="0.001" classname="com.externalApi.Dumps"/>
  <testcase name="login" time="0.000" classname="com.externalApi.Dumps"/>
  <testcase name="login" time="0.001" classname="com.externalApi.Dumps"/>
  <testcase name="login" time="0.000" classname="com.externalApi.Dumps"/>
  <testcase name="login" time="0.002" classname="com.externalApi.Dumps"/>
  <testcase name="login" time="0.000" classname="com.externalApi.Dumps"/>
  <testcase name="login" time="0.000" classname="com.externalApi.Dumps"/>
  <testcase name="login" time="0.000" classname="com.externalApi.Dumps"/>
  <testcase name="login" time="0.000" classname="com.externalApi.Dumps"/>
  <testcase name="login" time="0.001" classname="com.externalApi.Dumps"/>
  <testcase name="login" time="0.000" classname="com.externalApi.Dumps"/>
  <testcase name="login" time="0.001" classname="com.externalApi.Dumps"/>
  <testcase name="login" time="0.000" classname="com.externalApi.Dumps"/>
  <testcase name="login" time="0.001" classname="com.externalApi.Dumps"/>
  <testcase name="login" time="0.001" classname="com.externalApi.Dumps"/>
  <testcase name="login" time="0.000" classname="com.externalApi.Dumps"/>
  <testcase name="login" time="0.000" classname="com.externalApi.Dumps"/>
  <testcase name="login" time="0.000" classname="com.externalApi.Dumps"/>
  <testcase name="login" time="0.000" classname="com.externalApi.Dumps"/>
  <testcase name="login" time="0.002" classname="com.externalApi.Dumps"/>
  <testcase name="login" time="0.001" classname="com.externalApi.Dumps"/>
  <testcase name="login" time="0.000" classname="com.externalApi.Dumps"/>
  <testcase name="login" time="0.001" classname="com.externalApi.Dumps"/>
  <testcase name="login" time="0.001" classname="com.externalApi.Dumps"/>
  <testcase name="login" time="0.000" classname="com.externalApi.Dumps"/>
  <testcase name="login" time="0.000" classname="com.externalApi.Dumps"/>
  <testcase name="login" time="0.001" classname="com.externalApi.Dumps"/>
  <testcase name="login" time="0.001" classname="com.externalApi.Dumps"/>
  <testcase name="login" time="0.001" classname="com.externalApi.Dumps"/>
  <testcase name="login" time="0.001" classname="com.externalApi.Dumps"/>
  <testcase name="login" time="0.001" classname="com.externalApi.Dumps"/>
  <testcase name="login" time="0.000" classname="com.externalApi.Dumps"/>
  <testcase name="login" time="0.000" classname="com.externalApi.Dumps"/>
  <testcase name="login" time="0.000" classname="com.externalApi.Dumps"/>
  <testcase name="login" time="0.000" classname="com.externalApi.Dumps"/>
  <testcase name="login" time="0.000" classname="com.externalApi.Dumps"/>
  <testcase name="login" time="0.001" classname="com.externalApi.Dumps"/>
  <testcase name="login" time="0.001" classname="com.externalApi.Dumps"/>
  <testcase name="login" time="0.000" classname="com.externalApi.Dumps"/>
  <testcase name="login" time="0.000" classname="com.externalApi.Dumps"/>
  <testcase name="login" time="0.000" classname="com.externalApi.Dumps"/>
  <testcase name="login" time="0.000" classname="com.externalApi.Dumps"/>
  <testcase name="login" time="0.000" classname="com.externalApi.Dumps"/>
  <testcase name="login" time="0.000" classname="com.externalApi.Dumps"/>
  <testcase name="login" time="0.001" classname="com.externalApi.Dumps"/>
  <testcase name="login" time="0.001" classname="com.externalApi.Dumps"/>
  <testcase name="login" time="0.001" classname="com.externalApi.Dumps"/>
  <testcase name="login" time="0.000" classname="com.externalApi.Dumps"/>
  <testcase name="login" time="0.001" classname="com.externalApi.Dumps"/>
  <testcase name="login" time="0.001" classname="com.externalApi.Dumps"/>
  <testcase name="login" time="0.000" classname="com.externalApi.Dumps"/>
  <testcase name="login" time="0.001" classname="com.externalApi.Dumps"/>
  <testcase name="login" time="0.001" classname="com.externalApi.Dumps"/>
  <testcase name="login" time="0.000" classname="com.externalApi.Dumps"/>
  <testcase name="login" time="0.075" classname="com.externalApi.Dumps"/>
  <testcase name="login" time="0.001" classname="com.externalApi.Dumps"/>
  <testcase name="login" time="0.000" classname="com.externalApi.Dumps"/>
  <testcase name="login" time="0.001" classname="com.externalApi.Dumps"/>
  <testcase name="login" time="0.000" classname="com.externalApi.Dumps"/>
  <testcase name="login" time="0.001" classname="com.externalApi.Dumps"/>
  <testcase name="login" time="0.001" classname="com.externalApi.Dumps"/>
  <testcase name="login" time="0.001" classname="com.externalApi.Dumps"/>
  <testcase name="login" time="0.000" classname="com.externalApi.Dumps"/>
  <testcase name="login" time="0.001" classname="com.externalApi.Dumps"/>
  <testcase name="login" time="0.001" classname="com.externalApi.Dumps"/>
  <testcase name="login" time="0.000" classname="com.externalApi.Dumps"/>
  <testcase name="login" time="0.005" classname="com.externalApi.Dumps"/>
  <testcase name="login" time="0.000" classname="com.externalApi.Dumps"/>
  <testcase name="login" time="0.001" classname="com.externalApi.Dumps"/>
  <testcase name="login" time="0.001" classname="com.externalApi.Dumps"/>
  <testcase name="login" time="0.000" classname="com.externalApi.Dumps"/>
  <testcase name="login" time="0.000" classname="com.externalApi.Dumps"/>
  <testcase name="login" time="0.000" classname="com.externalApi.Dumps"/>
  <testcase name="login" time="0.000" classname="com.externalApi.Dumps"/>
  <testcase name="login" time="0.008" classname="com.externalApi.Dumps"/>
  <testcase name="login" time="0.001" classname="com.externalApi.Dumps"/>
  <testcase name="login" time="0.001" classname="com.externalApi.Dumps"/>
  <testcase name="login" time="0.001" classname="com.externalApi.Dumps"/>
  <testcase name="login" time="0.000" classname="com.externalApi.Dumps"/>
  <testcase name="login" time="0.001" classname="com.externalApi.Dumps"/>
  <testcase name="login" time="0.000" classname="com.externalApi.Dumps"/>
  <testcase name="login" time="0.000" classname="com.externalApi.Dumps"/>
  <testcase name="login" time="0.000" classname="com.externalApi.Dumps"/>
  <testcase name="login" time="0.000" classname="com.externalApi.Dumps"/>
  <testcase name="login" time="0.001" classname="com.externalApi.Dumps"/>
  <testcase name="login" time="0.002" classname="com.externalApi.Dumps"/>
  <testcase name="login" time="0.000" classname="com.externalApi.Dumps"/>
  <testcase name="login" time="0.000" classname="com.externalApi.Dumps"/>
  <testcase name="login" time="0.001" classname="com.externalApi.Dumps"/>
  <testcase name="login" time="0.000" classname="com.externalApi.Dumps"/>
  <testcase name="login" time="0.001" classname="com.externalApi.Dumps"/>
  <testcase name="login" time="0.003" classname="com.externalApi.Dumps"/>
  <testcase name="login" time="0.001" classname="com.externalApi.Dumps"/>
  <testcase name="login" time="0.000" classname="com.externalApi.Dumps"/>
  <testcase name="login" time="0.001" classname="com.externalApi.Dumps"/>
  <testcase name="login" time="0.001" classname="com.externalApi.Dumps"/>
  <testcase name="login" time="0.000" classname="com.externalApi.Dumps"/>
  <testcase name="login" time="0.000" classname="com.externalApi.Dumps"/>
  <testcase name="login" time="0.000" classname="com.externalApi.Dumps"/>
  <testcase name="login" time="0.001" classname="com.externalApi.Dumps"/>
  <testcase name="login" time="0.001" classname="com.externalApi.Dumps"/>
  <testcase name="login" time="0.001" classname="com.externalApi.Dumps"/>
  <testcase name="login" time="0.000" classname="com.externalApi.Dumps"/>
  <testcase name="login" time="0.001" classname="com.externalApi.Dumps"/>
  <testcase name="login" time="0.000" classname="com.externalApi.Dumps"/>
  <testcase name="login" time="0.000" classname="com.externalApi.Dumps"/>
  <testcase name="login" time="0.000" classname="com.externalApi.Dumps"/>
  <testcase name="login" time="0.000" classname="com.externalApi.Dumps"/>
  <testcase name="login" time="0.000" classname="com.externalApi.Dumps"/>
  <testcase name="login" time="0.000" classname="com.externalApi.Dumps"/>
  <testcase name="login" time="0.000" classname="com.externalApi.Dumps"/>
  <testcase name="login" time="0.000" classname="com.externalApi.Dumps"/>
  <testcase name="login" time="0.011" classname="com.externalApi.Dumps"/>
  <testcase name="login" time="0.000" classname="com.externalApi.Dumps"/>
  <testcase name="login" time="0.001" classname="com.externalApi.Dumps"/>
  <testcase name="login" time="0.000" classname="com.externalApi.Dumps"/>
  <testcase name="login" time="0.000" classname="com.externalApi.Dumps"/>
  <testcase name="login" time="0.001" classname="com.externalApi.Dumps"/>
  <testcase name="login" time="0.000" classname="com.externalApi.Dumps"/>
  <testcase name="login" time="0.000" classname="com.externalApi.Dumps"/>
  <testcase name="login" time="0.001" classname="com.externalApi.Dumps"/>
  <testcase name="login" time="0.001" classname="com.externalApi.Dumps"/>
  <testcase name="login" time="0.000" classname="com.externalApi.Dumps"/>
  <testcase name="login" time="0.000" classname="com.externalApi.Dumps"/>
  <testcase name="login" time="0.001" classname="com.externalApi.Dumps"/>
  <testcase name="login" time="0.001" classname="com.externalApi.Dumps"/>
  <testcase name="login" time="0.011" classname="com.externalApi.Dumps"/>
  <testcase name="login" time="0.001" classname="com.externalApi.Dumps"/>
  <testcase name="login" time="0.000" classname="com.externalApi.Dumps"/>
  <testcase name="login" time="0.001" classname="com.externalApi.Dumps"/>
  <testcase name="login" time="0.000" classname="com.externalApi.Dumps"/>
  <testcase name="login" time="0.001" classname="com.externalApi.Dumps"/>
  <testcase name="login" time="0.001" classname="com.externalApi.Dumps"/>
  <testcase name="login" time="0.001" classname="com.externalApi.Dumps"/>
  <testcase name="login" time="0.000" classname="com.externalApi.Dumps"/>
  <testcase name="login" time="0.000" classname="com.externalApi.Dumps"/>
  <testcase name="login" time="0.001" classname="com.externalApi.Dumps"/>
  <testcase name="login" time="0.001" classname="com.externalApi.Dumps"/>
  <testcase name="login" time="0.001" classname="com.externalApi.Dumps"/>
  <testcase name="login" time="0.002" classname="com.externalApi.Dumps"/>
  <testcase name="login" time="0.120" classname="com.externalApi.Dumps"/>
  <testcase name="login" time="0.000" classname="com.externalApi.Dumps"/>
  <testcase name="login" time="0.000" classname="com.externalApi.Dumps"/>
  <testcase name="login" time="0.000" classname="com.externalApi.Dumps"/>
  <testcase name="login" time="0.000" classname="com.externalApi.Dumps"/>
  <testcase name="login" time="0.003" classname="com.externalApi.Dumps"/>
  <testcase name="login" time="0.001" classname="com.externalApi.Dumps"/>
  <testcase name="login" time="0.000" classname="com.externalApi.Dumps"/>
  <testcase name="login" time="0.001" classname="com.externalApi.Dumps"/>
  <testcase name="login" time="0.000" classname="com.externalApi.Dumps"/>
  <testcase name="login" time="0.000" classname="com.externalApi.Dumps"/>
  <testcase name="login" time="0.001" classname="com.externalApi.Dumps"/>
  <testcase name="login" time="0.000" classname="com.externalApi.Dumps"/>
  <testcase name="login" time="0.001" classname="com.externalApi.Dumps"/>
  <testcase name="login" time="0.000" classname="com.externalApi.Dumps"/>
  <testcase name="login" time="0.007" classname="com.externalApi.Dumps"/>
  <testcase name="login" time="0.000" classname="com.externalApi.Dumps"/>
  <testcase name="login" time="0.000" classname="com.externalApi.Dumps"/>
  <testcase name="login" time="0.000" classname="com.externalApi.Dumps"/>
  <testcase name="login" time="0.000" classname="com.externalApi.Dumps"/>
  <testcase name="login" time="0.000" classname="com.externalApi.Dumps"/>
  <testcase name="login" time="0.001" classname="com.externalApi.Dumps"/>
  <testcase name="login" time="0.048" classname="com.externalApi.Dumps"/>
  <testcase name="login" time="0.000" classname="com.externalApi.Dumps"/>
  <testcase name="login" time="0.001" classname="com.externalApi.Dumps"/>
  <testcase name="login" time="0.000" classname="com.externalApi.Dumps"/>
  <testcase name="login" time="0.000" classname="com.externalApi.Dumps"/>
  <testcase name="login" time="0.000" classname="com.externalApi.Dumps"/>
  <testcase name="login" time="0.000" classname="com.externalApi.Dumps"/>
  <testcase name="login" time="0.001" classname="com.externalApi.Dumps"/>
  <testcase name="login" time="0.001" classname="com.externalApi.Dumps"/>
  <testcase name="login" time="0.000" classname="com.externalApi.Dumps"/>
  <testcase name="login" time="0.000" classname="com.externalApi.Dumps"/>
  <testcase name="login" time="0.001" classname="com.externalApi.Dumps"/>
  <testcase name="login" time="0.001" classname="com.externalApi.Dumps"/>
  <testcase name="login" time="0.000" classname="com.externalApi.Dumps"/>
  <testcase name="login" time="0.000" classname="com.externalApi.Dumps"/>
  <testcase name="login" time="0.001" classname="com.externalApi.Dumps"/>
  <testcase name="login" time="0.001" classname="com.externalApi.Dumps"/>
  <testcase name="login" time="0.001" classname="com.externalApi.Dumps"/>
  <testcase name="login" time="0.001" classname="com.externalApi.Dumps"/>
  <testcase name="login" time="0.001" classname="com.externalApi.Dumps"/>
  <testcase name="login" time="0.000" classname="com.externalApi.Dumps"/>
  <testcase name="login" time="0.000" classname="com.externalApi.Dumps"/>
  <testcase name="login" time="0.001" classname="com.externalApi.Dumps"/>
  <testcase name="login" time="0.000" classname="com.externalApi.Dumps"/>
  <testcase name="login" time="0.002" classname="com.externalApi.Dumps"/>
  <testcase name="login" time="0.001" classname="com.externalApi.Dumps"/>
  <testcase name="login" time="0.000" classname="com.externalApi.Dumps"/>
  <testcase name="login" time="0.001" classname="com.externalApi.Dumps"/>
  <testcase name="login" time="0.000" classname="com.externalApi.Dumps"/>
  <testcase name="login" time="0.001" classname="com.externalApi.Dumps"/>
  <testcase name="login" time="0.001" classname="com.externalApi.Dumps"/>
  <testcase name="login" time="0.001" classname="com.externalApi.Dumps"/>
  <testcase name="login" time="0.001" classname="com.externalApi.Dumps"/>
  <testcase name="login" time="0.000" classname="com.externalApi.Dumps"/>
  <testcase name="login" time="0.000" classname="com.externalApi.Dumps"/>
  <testcase name="login" time="0.002" classname="com.externalApi.Dumps"/>
  <testcase name="login" time="0.002" classname="com.externalApi.Dumps"/>
  <testcase name="login" time="0.000" classname="com.externalApi.Dumps"/>
  <testcase name="login" time="0.001" classname="com.externalApi.Dumps"/>
  <testcase name="login" time="0.000" classname="com.externalApi.Dumps"/>
  <testcase name="login" time="0.000" classname="com.externalApi.Dumps"/>
  <testcase name="login" time="0.001" classname="com.externalApi.Dumps"/>
  <testcase name="login" time="0.001" classname="com.externalApi.Dumps"/>
  <testcase name="login" time="0.001" classname="com.externalApi.Dumps"/>
  <testcase name="login" time="0.001" classname="com.externalApi.Dumps"/>
  <testcase name="login" time="0.000" classname="com.externalApi.Dumps"/>
  <testcase name="login" time="0.000" classname="com.externalApi.Dumps"/>
  <testcase name="login" time="0.002" classname="com.externalApi.Dumps"/>
  <testcase name="login" time="0.000" classname="com.externalApi.Dumps"/>
  <testcase name="login" time="0.000" classname="com.externalApi.Dumps"/>
  <testcase name="login" time="0.000" classname="com.externalApi.Dumps"/>
  <testcase name="login" time="0.000" classname="com.externalApi.Dumps"/>
  <testcase name="login" time="0.001" classname="com.externalApi.Dumps"/>
  <testcase name="login" time="0.002" classname="com.externalApi.Dumps"/>
  <testcase name="login" time="0.000" classname="com.externalApi.Dumps"/>
  <testcase name="login" time="0.000" classname="com.externalApi.Dumps"/>
  <testcase name="login" time="0.001" classname="com.externalApi.Dumps"/>
  <testcase name="login" time="0.001" classname="com.externalApi.Dumps"/>
  <testcase name="login" time="0.000" classname="com.externalApi.Dumps"/>
  <testcase name="login" time="0.000" classname="com.externalApi.Dumps"/>
  <testcase name="login" time="0.001" classname="com.externalApi.Dumps"/>
  <testcase name="login" time="0.000" classname="com.externalApi.Dumps"/>
  <testcase name="login" time="0.000" classname="com.externalApi.Dumps"/>
  <testcase name="login" time="0.001" classname="com.externalApi.Dumps"/>
  <testcase name="login" time="0.001" classname="com.externalApi.Dumps"/>
  <testcase name="login" time="0.000" classname="com.externalApi.Dumps"/>
  <testcase name="login" time="0.000" classname="com.externalApi.Dumps"/>
  <testcase name="login" time="0.000" classname="com.externalApi.Dumps"/>
  <testcase name="login" time="0.001" classname="com.externalApi.Dumps"/>
  <testcase name="login" time="0.001" classname="com.externalApi.Dumps"/>
  <testcase name="login" time="0.001" classname="com.externalApi.Dumps"/>
  <testcase name="login" time="0.001" classname="com.externalApi.Dumps"/>
  <testcase name="login" time="0.000" classname="com.externalApi.Dumps"/>
  <testcase name="login" time="0.000" classname="com.externalApi.Dumps"/>
  <testcase name="login" time="0.001" classname="com.externalApi.Dumps"/>
  <testcase name="login" time="0.001" classname="com.externalApi.Dumps"/>
  <testcase name="login" time="0.000" classname="com.externalApi.Dumps"/>
  <testcase name="login" time="0.000" classname="com.externalApi.Dumps"/>
  <testcase name="login" time="0.000" classname="com.externalApi.Dumps"/>
  <testcase name="login" time="0.001" classname="com.externalApi.Dumps"/>
  <testcase name="login" time="0.001" classname="com.externalApi.Dumps"/>
  <testcase name="login" time="0.001" classname="com.externalApi.Dumps"/>
  <testcase name="login" time="0.001" classname="com.externalApi.Dumps"/>
  <testcase name="login" time="0.001" classname="com.externalApi.Dumps"/>
  <testcase name="login" time="0.001" classname="com.externalApi.Dumps"/>
  <testcase name="login" time="0.001" classname="com.externalApi.Dumps"/>
  <testcase name="login" time="0.000" classname="com.externalApi.Dumps"/>
  <testcase name="login" time="0.000" classname="com.externalApi.Dumps"/>
  <testcase name="login" time="0.000" classname="com.externalApi.Dumps"/>
  <testcase name="login" time="0.001" classname="com.externalApi.Dumps"/>
  <testcase name="login" time="0.000" classname="com.externalApi.Dumps"/>
  <testcase name="login" time="0.000" classname="com.externalApi.Dumps"/>
  <testcase name="login" time="0.001" classname="com.externalApi.Dumps"/>
  <testcase name="login" time="0.001" classname="com.externalApi.Dumps"/>
  <testcase name="login" time="0.001" classname="com.externalApi.Dumps"/>
  <testcase name="login" time="0.001" classname="com.externalApi.Dumps"/>
  <testcase name="login" time="0.001" classname="com.externalApi.Dumps"/>
  <testcase name="login" time="0.001" classname="com.externalApi.Dumps"/>
  <testcase name="login" time="0.001" classname="com.externalApi.Dumps"/>
  <testcase name="login" time="0.001" classname="com.externalApi.Dumps"/>
  <testcase name="login" time="0.000" classname="com.externalApi.Dumps"/>
  <testcase name="login" time="0.000" classname="com.externalApi.Dumps"/>
  <testcase name="login" time="0.001" classname="com.externalApi.Dumps"/>
  <testcase name="login" time="0.000" classname="com.externalApi.Dumps"/>
  <testcase name="login" time="0.000" classname="com.externalApi.Dumps"/>
  <testcase name="login" time="0.000" classname="com.externalApi.Dumps"/>
  <testcase name="login" time="0.000" classname="com.externalApi.Dumps"/>
  <testcase name="login" time="0.000" classname="com.externalApi.Dumps"/>
  <testcase name="login" time="0.001" classname="com.externalApi.Dumps"/>
  <testcase name="login" time="0.000" classname="com.externalApi.Dumps"/>
  <testcase name="login" time="0.001" classname="com.externalApi.Dumps"/>
  <testcase name="login" time="0.001" classname="com.externalApi.Dumps"/>
  <testcase name="login" time="0.000" classname="com.externalApi.Dumps"/>
  <testcase name="login" time="0.000" classname="com.externalApi.Dumps"/>
  <testcase name="login" time="0.000" classname="com.externalApi.Dumps"/>
  <testcase name="login" time="0.000" classname="com.externalApi.Dumps"/>
  <testcase name="login" time="0.001" classname="com.externalApi.Dumps"/>
  <testcase name="login" time="0.000" classname="com.externalApi.Dumps"/>
  <testcase name="login" time="0.001" classname="com.externalApi.Dumps"/>
  <testcase name="login" time="0.000" classname="com.externalApi.Dumps"/>
  <testcase name="login" time="0.031" classname="com.externalApi.Dumps"/>
  <testcase name="login" time="0.000" classname="com.externalApi.Dumps"/>
  <testcase name="login" time="0.000" classname="com.externalApi.Dumps"/>
  <testcase name="login" time="0.001" classname="com.externalApi.Dumps"/>
  <testcase name="login" time="0.001" classname="com.externalApi.Dumps"/>
  <testcase name="login" time="0.001" classname="com.externalApi.Dumps"/>
  <testcase name="login" time="0.000" classname="com.externalApi.Dumps"/>
  <testcase name="login" time="0.000" classname="com.externalApi.Dumps"/>
  <testcase name="login" time="0.000" classname="com.externalApi.Dumps"/>
  <testcase name="login" time="0.000" classname="com.externalApi.Dumps"/>
  <testcase name="login" time="0.001" classname="com.externalApi.Dumps"/>
  <testcase name="login" time="0.001" classname="com.externalApi.Dumps"/>
  <testcase name="login" time="0.000" classname="com.externalApi.Dumps"/>
  <testcase name="login" time="0.000" classname="com.externalApi.Dumps"/>
  <testcase name="login" time="0.001" classname="com.externalApi.Dumps"/>
  <testcase name="login" time="0.001" classname="com.externalApi.Dumps"/>
  <testcase name="login" time="0.001" classname="com.externalApi.Dumps"/>
  <testcase name="login" time="0.000" classname="com.externalApi.Dumps"/>
  <testcase name="login" time="0.001" classname="com.externalApi.Dumps"/>
  <testcase name="login" time="0.001" classname="com.externalApi.Dumps"/>
  <testcase name="login" time="0.000" classname="com.externalApi.Dumps"/>
  <testcase name="login" time="0.000" classname="com.externalApi.Dumps"/>
  <testcase name="login" time="0.000" classname="com.externalApi.Dumps"/>
  <testcase name="login" time="0.007" classname="com.externalApi.Dumps"/>
  <testcase name="login" time="0.000" classname="com.externalApi.Dumps"/>
  <testcase name="login" time="0.001" classname="com.externalApi.Dumps"/>
  <testcase name="login" time="0.001" classname="com.externalApi.Dumps"/>
  <testcase name="login" time="0.000" classname="com.externalApi.Dumps"/>
  <testcase name="login" time="0.000" classname="com.externalApi.Dumps"/>
  <testcase name="login" time="0.003" classname="com.externalApi.Dumps"/>
  <testcase name="login" time="0.000" classname="com.externalApi.Dumps"/>
  <testcase name="login" time="0.014" classname="com.externalApi.Dumps"/>
  <testcase name="login" time="0.000" classname="com.externalApi.Dumps"/>
  <testcase name="login" time="0.000" classname="com.externalApi.Dumps"/>
  <testcase name="login" time="0.000" classname="com.externalApi.Dumps"/>
  <testcase name="login" time="0.001" classname="com.externalApi.Dumps"/>
  <testcase name="login" time="0.000" classname="com.externalApi.Dumps"/>
  <testcase name="login" time="0.001" classname="com.externalApi.Dumps"/>
  <testcase name="login" time="0.001" classname="com.externalApi.Dumps"/>
  <testcase name="login" time="0.000" classname="com.externalApi.Dumps"/>
  <testcase name="login" time="0.001" classname="com.externalApi.Dumps"/>
  <testcase name="login" time="0.000" classname="com.externalApi.Dumps"/>
  <testcase name="login" time="0.000" classname="com.externalApi.Dumps"/>
  <testcase name="login" time="0.000" classname="com.externalApi.Dumps"/>
  <testcase name="login" time="0.000" classname="com.externalApi.Dumps"/>
  <testcase name="login" time="0.000" classname="com.externalApi.Dumps"/>
  <testcase name="login" time="0.000" classname="com.externalApi.Dumps"/>
  <testcase name="login" time="0.001" classname="com.externalApi.Dumps"/>
  <testcase name="login" time="0.001" classname="com.externalApi.Dumps"/>
  <testcase name="login" time="0.000" classname="com.externalApi.Dumps"/>
  <testcase name="login" time="0.001" classname="com.externalApi.Dumps"/>
  <testcase name="login" time="0.000" classname="com.externalApi.Dumps"/>
  <testcase name="login" time="0.000" classname="com.externalApi.Dumps"/>
  <testcase name="login" time="0.001" classname="com.externalApi.Dumps"/>
  <testcase name="login" time="0.001" classname="com.externalApi.Dumps"/>
  <testcase name="login" time="0.000" classname="com.externalApi.Dumps"/>
  <testcase name="login" time="0.001" classname="com.externalApi.Dumps"/>
  <testcase name="login" time="0.000" classname="com.externalApi.Dumps"/>
  <testcase name="login" time="0.007" classname="com.externalApi.Dumps"/>
  <testcase name="login" time="0.001" classname="com.externalApi.Dumps"/>
  <testcase name="login" time="0.000" classname="com.externalApi.Dumps"/>
  <testcase name="login" time="0.001" classname="com.externalApi.Dumps"/>
  <testcase name="login" time="0.000" classname="com.externalApi.Dumps"/>
  <testcase name="login" time="0.001" classname="com.externalApi.Dumps"/>
  <testcase name="login" time="0.000" classname="com.externalApi.Dumps"/>
  <testcase name="login" time="0.000" classname="com.externalApi.Dumps"/>
  <testcase name="login" time="0.000" classname="com.externalApi.Dumps"/>
  <testcase name="login" time="0.001" classname="com.externalApi.Dumps"/>
  <testcase name="login" time="0.000" classname="com.externalApi.Dumps"/>
  <testcase name="login" time="0.001" classname="com.externalApi.Dumps"/>
  <testcase name="login" time="0.001" classname="com.externalApi.Dumps"/>
  <testcase name="login" time="0.000" classname="com.externalApi.Dumps"/>
  <testcase name="login" time="0.001" classname="com.externalApi.Dumps"/>
  <testcase name="login" time="0.000" classname="com.externalApi.Dumps"/>
  <testcase name="login" time="0.000" classname="com.externalApi.Dumps"/>
  <testcase name="login" time="0.000" classname="com.externalApi.Dumps"/>
  <testcase name="login" time="0.001" classname="com.externalApi.Dumps"/>
  <testcase name="login" time="0.000" classname="com.externalApi.Dumps"/>
  <testcase name="login" time="0.000" classname="com.externalApi.Dumps"/>
  <testcase name="login" time="0.001" classname="com.externalApi.Dumps"/>
  <testcase name="login" time="0.001" classname="com.externalApi.Dumps"/>
  <testcase name="login" time="0.000" classname="com.externalApi.Dumps"/>
  <testcase name="login" time="0.001" classname="com.externalApi.Dumps"/>
  <testcase name="login" time="0.000" classname="com.externalApi.Dumps"/>
  <testcase name="login" time="0.003" classname="com.externalApi.Dumps"/>
  <testcase name="login" time="0.001" classname="com.externalApi.Dumps"/>
  <testcase name="login" time="0.001" classname="com.externalApi.Dumps"/>
  <testcase name="login" time="0.001" classname="com.externalApi.Dumps"/>
  <testcase name="login" time="0.000" classname="com.externalApi.Dumps"/>
  <testcase name="login" time="0.000" classname="com.externalApi.Dumps"/>
  <testcase name="login" time="0.001" classname="com.externalApi.Dumps"/>
  <testcase name="login" time="0.001" classname="com.externalApi.Dumps"/>
  <testcase name="login" time="0.001" classname="com.externalApi.Dumps"/>
  <testcase name="login" time="0.003" classname="com.externalApi.Dumps"/>
  <testcase name="login" time="0.002" classname="com.externalApi.Dumps"/>
  <testcase name="login" time="0.000" classname="com.externalApi.Dumps"/>
  <testcase name="login" time="0.001" classname="com.externalApi.Dumps"/>
  <testcase name="login" time="0.001" classname="com.externalApi.Dumps"/>
  <testcase name="login" time="0.001" classname="com.externalApi.Dumps"/>
  <testcase name="login" time="0.001" classname="com.externalApi.Dumps"/>
  <testcase name="login" time="0.000" classname="com.externalApi.Dumps"/>
  <testcase name="login" time="0.001" classname="com.externalApi.Dumps"/>
  <testcase name="login" time="0.001" classname="com.externalApi.Dumps"/>
  <testcase name="login" time="0.001" classname="com.externalApi.Dumps"/>
  <testcase name="login" time="0.000" classname="com.externalApi.Dumps"/>
  <testcase name="login" time="0.001" classname="com.externalApi.Dumps"/>
  <testcase name="login" time="0.000" classname="com.externalApi.Dumps"/>
  <testcase name="login" time="0.001" classname="com.externalApi.Dumps"/>
  <testcase name="login" time="0.001" classname="com.externalApi.Dumps"/>
  <testcase name="login" time="0.000" classname="com.externalApi.Dumps"/>
  <testcase name="login" time="0.001" classname="com.externalApi.Dumps"/>
  <testcase name="login" time="0.000" classname="com.externalApi.Dumps"/>
  <testcase name="login" time="0.000" classname="com.externalApi.Dumps"/>
  <testcase name="login" time="0.000" classname="com.externalApi.Dumps"/>
  <testcase name="login" time="0.000" classname="com.externalApi.Dumps"/>
  <testcase name="login" time="0.000" classname="com.externalApi.Dumps"/>
  <testcase name="login" time="0.000" classname="com.externalApi.Dumps"/>
  <testcase name="login" time="0.002" classname="com.externalApi.Dumps"/>
  <testcase name="login" time="0.001" classname="com.externalApi.Dumps"/>
  <testcase name="login" time="0.001" classname="com.externalApi.Dumps"/>
  <testcase name="login" time="0.000" classname="com.externalApi.Dumps"/>
  <testcase name="login" time="0.000" classname="com.externalApi.Dumps"/>
  <testcase name="login" time="0.001" classname="com.externalApi.Dumps"/>
  <testcase name="login" time="0.001" classname="com.externalApi.Dumps"/>
  <testcase name="login" time="0.001" classname="com.externalApi.Dumps"/>
  <testcase name="login" time="0.000" classname="com.externalApi.Dumps"/>
  <testcase name="login" time="0.000" classname="com.externalApi.Dumps"/>
  <testcase name="login" time="0.000" classname="com.externalApi.Dumps"/>
  <testcase name="login" time="0.001" classname="com.externalApi.Dumps"/>
  <testcase name="login" time="0.000" classname="com.externalApi.Dumps"/>
  <testcase name="login" time="0.001" classname="com.externalApi.Dumps"/>
  <testcase name="login" time="0.000" classname="com.externalApi.Dumps"/>
  <testcase name="login" time="0.001" classname="com.externalApi.Dumps"/>
  <testcase name="login" time="0.000" classname="com.externalApi.Dumps"/>
  <testcase name="login" time="0.001" classname="com.externalApi.Dumps"/>
  <testcase name="login" time="0.000" classname="com.externalApi.Dumps"/>
  <testcase name="login" time="0.000" classname="com.externalApi.Dumps"/>
  <testcase name="login" time="0.000" classname="com.externalApi.Dumps"/>
  <testcase name="login" time="0.001" classname="com.externalApi.Dumps"/>
  <testcase name="login" time="0.000" classname="com.externalApi.Dumps"/>
  <testcase name="login" time="0.001" classname="com.externalApi.Dumps"/>
  <testcase name="login" time="0.001" classname="com.externalApi.Dumps"/>
  <testcase name="login" time="0.000" classname="com.externalApi.Dumps"/>
  <testcase name="login" time="0.001" classname="com.externalApi.Dumps"/>
  <testcase name="login" time="0.001" classname="com.externalApi.Dumps"/>
  <testcase name="login" time="0.000" classname="com.externalApi.Dumps"/>
  <testcase name="login" time="0.001" classname="com.externalApi.Dumps"/>
  <testcase name="login" time="0.000" classname="com.externalApi.Dumps"/>
  <testcase name="login" time="0.001" classname="com.externalApi.Dumps"/>
  <testcase name="login" time="0.001" classname="com.externalApi.Dumps"/>
  <testcase name="login" time="0.000" classname="com.externalApi.Dumps"/>
  <testcase name="login" time="0.001" classname="com.externalApi.Dumps"/>
  <testcase name="login" time="0.001" classname="com.externalApi.Dumps"/>
  <testcase name="login" time="0.000" classname="com.externalApi.Dumps"/>
  <testcase name="login" time="0.002" classname="com.externalApi.Dumps"/>
  <testcase name="login" time="0.057" classname="com.externalApi.Dumps"/>
  <testcase name="login" time="0.000" classname="com.externalApi.Dumps"/>
  <testcase name="login" time="0.000" classname="com.externalApi.Dumps"/>
  <testcase name="login" time="0.000" classname="com.externalApi.Dumps"/>
  <testcase name="login" time="0.001" classname="com.externalApi.Dumps"/>
  <testcase name="login" time="0.000" classname="com.externalApi.Dumps"/>
  <testcase name="login" time="0.001" classname="com.externalApi.Dumps"/>
  <testcase name="login" time="0.000" classname="com.externalApi.Dumps"/>
  <testcase name="login" time="0.000" classname="com.externalApi.Dumps"/>
  <testcase name="login" time="0.000" classname="com.externalApi.Dumps"/>
  <testcase name="login" time="0.001" classname="com.externalApi.Dumps"/>
  <testcase name="login" time="0.001" classname="com.externalApi.Dumps"/>
  <testcase name="login" time="0.000" classname="com.externalApi.Dumps"/>
  <testcase name="login" time="0.001" classname="com.externalApi.Dumps"/>
  <testcase name="login" time="0.001" classname="com.externalApi.Dumps"/>
  <testcase name="login" time="0.002" classname="com.externalApi.Dumps"/>
  <testcase name="login" time="0.000" classname="com.externalApi.Dumps"/>
  <testcase name="login" time="0.001" classname="com.externalApi.Dumps"/>
  <testcase name="login" time="0.001" classname="com.externalApi.Dumps"/>
  <testcase name="login" time="0.003" classname="com.externalApi.Dumps"/>
  <testcase name="login" time="0.000" classname="com.externalApi.Dumps"/>
  <testcase name="login" time="0.000" classname="com.externalApi.Dumps"/>
  <testcase name="login" time="0.001" classname="com.externalApi.Dumps"/>
  <testcase name="login" time="0.002" classname="com.externalApi.Dumps"/>
  <testcase name="login" time="0.000" classname="com.externalApi.Dumps"/>
  <testcase name="login" time="0.000" classname="com.externalApi.Dumps"/>
  <testcase name="login" time="0.000" classname="com.externalApi.Dumps"/>
  <testcase name="login" time="0.001" classname="com.externalApi.Dumps"/>
  <testcase name="login" time="0.001" classname="com.externalApi.Dumps"/>
  <testcase name="login" time="0.001" classname="com.externalApi.Dumps"/>
  <testcase name="login" time="0.000" classname="com.externalApi.Dumps"/>
  <testcase name="login" time="0.000" classname="com.externalApi.Dumps"/>
  <testcase name="login" time="0.000" classname="com.externalApi.Dumps"/>
  <testcase name="login" time="0.001" classname="com.externalApi.Dumps"/>
  <testcase name="login" time="0.001" classname="com.externalApi.Dumps"/>
  <testcase name="login" time="0.000" classname="com.externalApi.Dumps"/>
  <testcase name="login" time="0.001" classname="com.externalApi.Dumps"/>
  <testcase name="login" time="0.001" classname="com.externalApi.Dumps"/>
  <testcase name="login" time="0.000" classname="com.externalApi.Dumps"/>
  <testcase name="login" time="0.000" classname="com.externalApi.Dumps"/>
  <testcase name="login" time="0.000" classname="com.externalApi.Dumps"/>
  <testcase name="login" time="0.000" classname="com.externalApi.Dumps"/>
  <testcase name="login" time="0.000" classname="com.externalApi.Dumps"/>
  <testcase name="login" time="0.000" classname="com.externalApi.Dumps"/>
  <testcase name="login" time="0.001" classname="com.externalApi.Dumps"/>
  <testcase name="login" time="0.001" classname="com.externalApi.Dumps"/>
  <testcase name="login" time="0.001" classname="com.externalApi.Dumps"/>
  <testcase name="login" time="0.000" classname="com.externalApi.Dumps"/>
  <testcase name="login" time="0.001" classname="com.externalApi.Dumps"/>
  <testcase name="login" time="0.000" classname="com.externalApi.Dumps"/>
  <testcase name="login" time="0.001" classname="com.externalApi.Dumps"/>
  <testcase name="login" time="0.000" classname="com.externalApi.Dumps"/>
  <testcase name="login" time="0.000" classname="com.externalApi.Dumps"/>
  <testcase name="login" time="0.001" classname="com.externalApi.Dumps"/>
  <testcase name="login" time="0.001" classname="com.externalApi.Dumps"/>
  <testcase name="login" time="0.001" classname="com.externalApi.Dumps"/>
  <testcase name="login" time="0.001" classname="com.externalApi.Dumps"/>
  <testcase name="login" time="0.000" classname="com.externalApi.Dumps"/>
  <testcase name="login" time="0.001" classname="com.externalApi.Dumps"/>
  <testcase name="login" time="0.000" classname="com.externalApi.Dumps"/>
  <testcase name="login" time="0.000" classname="com.externalApi.Dumps"/>
  <testcase name="login" time="0.001" classname="com.externalApi.Dumps"/>
  <testcase name="login" time="0.000" classname="com.externalApi.Dumps"/>
  <testcase name="login" time="0.001" classname="com.externalApi.Dumps"/>
  <testcase name="login" time="0.001" classname="com.externalApi.Dumps"/>
  <testcase name="login" time="0.001" classname="com.externalApi.Dumps"/>
  <testcase name="login" time="0.001" classname="com.externalApi.Dumps"/>
  <testcase name="login" time="0.001" classname="com.externalApi.Dumps"/>
  <testcase name="login" time="0.105" classname="com.externalApi.Dumps"/>
  <testcase name="login" time="0.000" classname="com.externalApi.Dumps"/>
  <testcase name="login" time="0.001" classname="com.externalApi.Dumps"/>
  <testcase name="login" time="0.000" classname="com.externalApi.Dumps"/>
  <testcase name="login" time="0.000" classname="com.externalApi.Dumps"/>
  <testcase name="login" time="0.001" classname="com.externalApi.Dumps"/>
  <testcase name="login" time="0.000" classname="com.externalApi.Dumps"/>
  <testcase name="login" time="0.003" classname="com.externalApi.Dumps"/>
  <testcase name="login" time="0.000" classname="com.externalApi.Dumps"/>
  <testcase name="login" time="0.000" classname="com.externalApi.Dumps"/>
  <testcase name="login" time="0.000" classname="com.externalApi.Dumps"/>
  <testcase name="login" time="0.001" classname="com.externalApi.Dumps"/>
  <testcase name="login" time="0.002" classname="com.externalApi.Dumps"/>
  <testcase name="login" time="0.000" classname="com.externalApi.Dumps"/>
  <testcase name="login" time="0.001" classname="com.externalApi.Dumps"/>
  <testcase name="login" time="0.000" classname="com.externalApi.Dumps"/>
  <testcase name="login" time="0.000" classname="com.externalApi.Dumps"/>
  <testcase name="login" time="0.001" classname="com.externalApi.Dumps"/>
  <testcase name="login" time="0.008" classname="com.externalApi.Dumps"/>
  <testcase name="login" time="0.000" classname="com.externalApi.Dumps"/>
  <testcase name="login" time="0.000" classname="com.externalApi.Dumps"/>
  <testcase name="login" time="0.000" classname="com.externalApi.Dumps"/>
  <testcase name="login" time="0.001" classname="com.externalApi.Dumps"/>
  <testcase name="login" time="0.000" classname="com.externalApi.Dumps"/>
  <testcase name="login" time="0.000" classname="com.externalApi.Dumps"/>
  <testcase name="login" time="0.000" classname="com.externalApi.Dumps"/>
  <testcase name="login" time="0.001" classname="com.externalApi.Dumps"/>
  <testcase name="login" time="0.000" classname="com.externalApi.Dumps"/>
  <testcase name="login" time="0.006" classname="com.externalApi.Dumps"/>
  <testcase name="login" time="0.001" classname="com.externalApi.Dumps"/>
  <testcase name="login" time="0.000" classname="com.externalApi.Dumps"/>
  <testcase name="login" time="0.001" classname="com.externalApi.Dumps"/>
  <testcase name="login" time="0.001" classname="com.externalApi.Dumps"/>
  <testcase name="login" time="0.001" classname="com.externalApi.Dumps"/>
  <testcase name="login" time="0.000" classname="com.externalApi.Dumps"/>
  <testcase name="login" time="0.000" classname="com.externalApi.Dumps"/>
  <testcase name="login" time="0.001" classname="com.externalApi.Dumps"/>
  <testcase name="login" time="0.001" classname="com.externalApi.Dumps"/>
  <testcase name="login" time="0.001" classname="com.externalApi.Dumps"/>
  <testcase name="login" time="0.000" classname="com.externalApi.Dumps"/>
  <testcase name="login" time="0.002" classname="com.externalApi.Dumps"/>
  <testcase name="login" time="0.000" classname="com.externalApi.Dumps"/>
  <testcase name="login" time="0.000" classname="com.externalApi.Dumps"/>
  <testcase name="login" time="0.000" classname="com.externalApi.Dumps"/>
  <testcase name="login" time="0.000" classname="com.externalApi.Dumps"/>
  <testcase name="login" time="0.000" classname="com.externalApi.Dumps"/>
  <testcase name="login" time="0.000" classname="com.externalApi.Dumps"/>
  <testcase name="login" time="0.001" classname="com.externalApi.Dumps"/>
  <testcase name="login" time="0.000" classname="com.externalApi.Dumps"/>
  <testcase name="login" time="0.001" classname="com.externalApi.Dumps"/>
  <testcase name="login" time="0.000" classname="com.externalApi.Dumps"/>
  <testcase name="login" time="0.000" classname="com.externalApi.Dumps"/>
  <testcase name="login" time="0.000" classname="com.externalApi.Dumps"/>
  <testcase name="login" time="0.001" classname="com.externalApi.Dumps"/>
  <testcase name="login" time="0.001" classname="com.externalApi.Dumps"/>
  <testcase name="login" time="0.001" classname="com.externalApi.Dumps"/>
  <testcase name="login" time="0.000" classname="com.externalApi.Dumps"/>
  <testcase name="login" time="0.001" classname="com.externalApi.Dumps"/>
  <testcase name="login" time="0.000" classname="com.externalApi.Dumps"/>
  <testcase name="login" time="0.001" classname="com.externalApi.Dumps"/>
  <testcase name="login" time="0.001" classname="com.externalApi.Dumps"/>
  <testcase name="login" time="0.002" classname="com.externalApi.Dumps"/>
  <testcase name="login" time="0.000" classname="com.externalApi.Dumps"/>
  <testcase name="login" time="0.001" classname="com.externalApi.Dumps"/>
  <testcase name="login" time="0.000" classname="com.externalApi.Dumps"/>
  <testcase name="login" time="0.001" classname="com.externalApi.Dumps"/>
  <testcase name="login" time="0.000" classname="com.externalApi.Dumps"/>
  <testcase name="login" time="0.000" classname="com.externalApi.Dumps"/>
  <testcase name="login" time="0.001" classname="com.externalApi.Dumps"/>
  <testcase name="login" time="0.000" classname="com.externalApi.Dumps"/>
  <testcase name="login" time="0.000" classname="com.externalApi.Dumps"/>
  <testcase name="login" time="0.000" classname="com.externalApi.Dumps"/>
  <testcase name="login" time="0.000" classname="com.externalApi.Dumps"/>
  <testcase name="login" time="0.000" classname="com.externalApi.Dumps"/>
  <testcase name="login" time="0.000" classname="com.externalApi.Dumps"/>
  <testcase name="login" time="0.000" classname="com.externalApi.Dumps"/>
  <testcase name="login" time="0.001" classname="com.externalApi.Dumps"/>
  <testcase name="login" time="0.000" classname="com.externalApi.Dumps"/>
  <testcase name="login" time="0.001" classname="com.externalApi.Dumps"/>
  <testcase name="login" time="0.001" classname="com.externalApi.Dumps"/>
  <testcase name="login" time="0.000" classname="com.externalApi.Dumps"/>
  <testcase name="login" time="0.001" classname="com.externalApi.Dumps"/>
  <testcase name="login" time="0.000" classname="com.externalApi.Dumps"/>
  <testcase name="login" time="0.000" classname="com.externalApi.Dumps"/>
  <testcase name="login" time="0.000" classname="com.externalApi.Dumps"/>
  <testcase name="login" time="0.001" classname="com.externalApi.Dumps"/>
  <testcase name="login" time="0.001" classname="com.externalApi.Dumps"/>
  <testcase name="login" time="0.001" classname="com.externalApi.Dumps"/>
  <testcase name="login" time="0.001" classname="com.externalApi.Dumps"/>
  <testcase name="login" time="0.000" classname="com.externalApi.Dumps"/>
  <testcase name="login" time="0.000" classname="com.externalApi.Dumps"/>
  <testcase name="login" time="0.000" classname="com.externalApi.Dumps"/>
  <testcase name="login" time="0.000" classname="com.externalApi.Dumps"/>
  <testcase name="login" time="0.001" classname="com.externalApi.Dumps"/>
  <testcase name="login" time="0.002" classname="com.externalApi.Dumps"/>
  <testcase name="login" time="0.001" classname="com.externalApi.Dumps"/>
  <testcase name="login" time="0.001" classname="com.externalApi.Dumps"/>
  <testcase name="login" time="0.000" classname="com.externalApi.Dumps"/>
  <testcase name="login" time="0.001" classname="com.externalApi.Dumps"/>
  <testcase name="login" time="0.001" classname="com.externalApi.Dumps"/>
  <testcase name="login" time="0.000" classname="com.externalApi.Dumps"/>
  <testcase name="login" time="0.001" classname="com.externalApi.Dumps"/>
  <testcase name="login" time="0.001" classname="com.externalApi.Dumps"/>
  <testcase name="login" time="0.000" classname="com.externalApi.Dumps"/>
  <testcase name="login" time="0.001" classname="com.externalApi.Dumps"/>
  <testcase name="login" time="0.000" classname="com.externalApi.Dumps"/>
  <testcase name="login" time="0.001" classname="com.externalApi.Dumps"/>
  <testcase name="login" time="0.001" classname="com.externalApi.Dumps"/>
  <testcase name="login" time="0.009" classname="com.externalApi.Dumps"/>
  <testcase name="login" time="0.000" classname="com.externalApi.Dumps"/>
  <testcase name="login" time="0.000" classname="com.externalApi.Dumps"/>
  <testcase name="login" time="0.001" classname="com.externalApi.Dumps"/>
  <testcase name="login" time="0.000" classname="com.externalApi.Dumps"/>
  <testcase name="login" time="0.000" classname="com.externalApi.Dumps"/>
  <testcase name="login" time="0.001" classname="com.externalApi.Dumps"/>
  <testcase name="login" time="0.001" classname="com.externalApi.Dumps"/>
  <testcase name="login" time="0.001" classname="com.externalApi.Dumps"/>
  <testcase name="login" time="0.002" classname="com.externalApi.Dumps"/>
  <testcase name="login" time="0.001" classname="com.externalApi.Dumps"/>
  <testcase name="login" time="0.001" classname="com.externalApi.Dumps"/>
  <testcase name="login" time="0.001" classname="com.externalApi.Dumps"/>
  <testcase name="login" time="0.001" classname="com.externalApi.Dumps"/>
  <testcase name="login" time="0.001" classname="com.externalApi.Dumps"/>
  <testcase name="login" time="0.001" classname="com.externalApi.Dumps"/>
  <testcase name="login" time="0.001" classname="com.externalApi.Dumps"/>
  <testcase name="login" time="0.001" classname="com.externalApi.Dumps"/>
  <testcase name="login" time="0.000" classname="com.externalApi.Dumps"/>
  <testcase name="login" time="0.001" classname="com.externalApi.Dumps"/>
  <testcase name="login" time="0.001" classname="com.externalApi.Dumps"/>
  <testcase name="login" time="0.001" classname="com.externalApi.Dumps"/>
  <testcase name="login" time="0.056" classname="com.externalApi.Dumps"/>
  <testcase name="login" time="0.001" classname="com.externalApi.Dumps"/>
  <testcase name="login" time="0.001" classname="com.externalApi.Dumps"/>
  <testcase name="login" time="0.000" classname="com.externalApi.Dumps"/>
  <testcase name="login" time="0.000" classname="com.externalApi.Dumps"/>
  <testcase name="login" time="0.000" classname="com.externalApi.Dumps"/>
  <testcase name="login" time="0.000" classname="com.externalApi.Dumps"/>
  <testcase name="login" time="0.000" classname="com.externalApi.Dumps"/>
  <testcase name="login" time="0.001" classname="com.externalApi.Dumps"/>
  <testcase name="login" time="0.000" classname="com.externalApi.Dumps"/>
  <testcase name="login" time="0.000" classname="com.externalApi.Dumps"/>
  <testcase name="login" time="0.001" classname="com.externalApi.Dumps"/>
  <testcase name="login" time="0.001" classname="com.externalApi.Dumps"/>
  <testcase name="login" time="0.001" classname="com.externalApi.Dumps"/>
  <testcase name="login" time="0.001" classname="com.externalApi.Dumps"/>
  <testcase name="login" time="0.000" classname="com.externalApi.Dumps"/>
  <testcase name="login" time="0.001" classname="com.externalApi.Dumps"/>
  <testcase name="login" time="0.001" classname="com.externalApi.Dumps"/>
  <testcase name="login" time="0.000" classname="com.externalApi.Dumps"/>
  <testcase name="login" time="0.000" classname="com.externalApi.Dumps"/>
  <testcase name="login" time="0.000" classname="com.externalApi.Dumps"/>
  <testcase name="login" time="0.000" classname="com.externalApi.Dumps"/>
  <testcase name="login" time="0.152" classname="com.externalApi.Dumps"/>
  <testcase name="login" time="0.000" classname="com.externalApi.Dumps"/>
  <testcase name="login" time="0.001" classname="com.externalApi.Dumps"/>
  <testcase name="login" time="0.001" classname="com.externalApi.Dumps"/>
  <testcase name="login" time="0.001" classname="com.externalApi.Dumps"/>
  <testcase name="login" time="0.001" classname="com.externalApi.Dumps"/>
  <testcase name="login" time="0.000" classname="com.externalApi.Dumps"/>
  <testcase name="login" time="0.000" classname="com.externalApi.Dumps"/>
  <testcase name="login" time="0.000" classname="com.externalApi.Dumps"/>
  <testcase name="login" time="0.000" classname="com.externalApi.Dumps"/>
  <testcase name="login" time="0.000" classname="com.externalApi.Dumps"/>
  <testcase name="login" time="0.001" classname="com.externalApi.Dumps"/>
  <testcase name="login" time="0.001" classname="com.externalApi.Dumps"/>
  <testcase name="login" time="0.122" classname="com.externalApi.Dumps"/>
  <testcase name="login" time="0.004" classname="com.externalApi.Dumps"/>
  <testcase name="login" time="0.001" classname="com.externalApi.Dumps"/>
  <testcase name="login" time="0.014" classname="com.externalApi.Dumps"/>
  <testcase name="login" time="0.001" classname="com.externalApi.Dumps"/>
  <testcase name="login" time="0.001" classname="com.externalApi.Dumps"/>
  <testcase name="login" time="0.000" classname="com.externalApi.Dumps"/>
  <testcase name="login" time="0.001" classname="com.externalApi.Dumps"/>
  <testcase name="login" time="0.001" classname="com.externalApi.Dumps"/>
  <testcase name="login" time="0.002" classname="com.externalApi.Dumps"/>
  <testcase name="login" time="0.000" classname="com.externalApi.Dumps"/>
  <testcase name="login" time="0.000" classname="com.externalApi.Dumps"/>
  <testcase name="login" time="0.000" classname="com.externalApi.Dumps"/>
  <testcase name="login" time="0.006" classname="com.externalApi.Dumps"/>
  <testcase name="login" time="0.001" classname="com.externalApi.Dumps"/>
  <testcase name="login" time="0.001" classname="com.externalApi.Dumps"/>
  <testcase name="login" time="0.001" classname="com.externalApi.Dumps"/>
  <testcase name="login" time="0.000" classname="com.externalApi.Dumps"/>
  <testcase name="login" time="0.001" classname="com.externalApi.Dumps"/>
  <testcase name="login" time="0.001" classname="com.externalApi.Dumps"/>
  <testcase name="login" time="0.001" classname="com.externalApi.Dumps"/>
  <testcase name="login" time="0.001" classname="com.externalApi.Dumps"/>
  <testcase name="login" time="0.001" classname="com.externalApi.Dumps"/>
  <testcase name="login" time="0.009" classname="com.externalApi.Dumps"/>
  <testcase name="login" time="0.001" classname="com.externalApi.Dumps"/>
  <testcase name="login" time="0.002" classname="com.externalApi.Dumps"/>
  <testcase name="login" time="0.000" classname="com.externalApi.Dumps"/>
  <testcase name="login" time="0.001" classname="com.externalApi.Dumps"/>
  <testcase name="login" time="0.000" classname="com.externalApi.Dumps"/>
  <testcase name="login" time="0.001" classname="com.externalApi.Dumps"/>
  <testcase name="login" time="0.001" classname="com.externalApi.Dumps"/>
  <testcase name="login" time="0.001" classname="com.externalApi.Dumps"/>
  <testcase name="login" time="0.001" classname="com.externalApi.Dumps"/>
  <testcase name="login" time="0.000" classname="com.externalApi.Dumps"/>
  <testcase name="login" time="0.000" classname="com.externalApi.Dumps"/>
  <testcase name="login" time="0.000" classname="com.externalApi.Dumps"/>
  <testcase name="login" time="0.000" classname="com.externalApi.Dumps"/>
  <testcase name="login" time="0.000" classname="com.externalApi.Dumps"/>
  <testcase name="login" time="0.000" classname="com.externalApi.Dumps"/>
  <testcase name="login" time="0.000" classname="com.externalApi.Dumps"/>
  <testcase name="login" time="0.001" classname="com.externalApi.Dumps"/>
  <testcase name="login" time="0.001" classname="com.externalApi.Dumps"/>
  <testcase name="login" time="0.001" classname="com.externalApi.Dumps"/>
  <testcase name="login" time="0.000" classname="com.externalApi.Dumps"/>
  <testcase name="login" time="0.000" classname="com.externalApi.Dumps"/>
  <testcase name="login" time="0.001" classname="com.externalApi.Dumps"/>
  <testcase name="login" time="0.000" classname="com.externalApi.Dumps"/>
  <testcase name="login" time="0.001" classname="com.externalApi.Dumps"/>
  <testcase name="login" time="0.000" classname="com.externalApi.Dumps"/>
  <testcase name="login" time="0.001" classname="com.externalApi.Dumps"/>
  <testcase name="login" time="0.000" classname="com.externalApi.Dumps"/>
  <testcase name="login" time="0.001" classname="com.externalApi.Dumps"/>
  <testcase name="login" time="0.001" classname="com.externalApi.Dumps"/>
  <testcase name="login" time="0.001" classname="com.externalApi.Dumps"/>
  <testcase name="login" time="0.000" classname="com.externalApi.Dumps"/>
  <testcase name="login" time="0.001" classname="com.externalApi.Dumps"/>
  <testcase name="login" time="0.000" classname="com.externalApi.Dumps"/>
  <testcase name="login" time="0.000" classname="com.externalApi.Dumps"/>
  <testcase name="login" time="0.000" classname="com.externalApi.Dumps"/>
  <testcase name="login" time="0.001" classname="com.externalApi.Dumps"/>
  <testcase name="login" time="0.000" classname="com.externalApi.Dumps"/>
  <testcase name="login" time="0.000" classname="com.externalApi.Dumps"/>
  <testcase name="login" time="0.001" classname="com.externalApi.Dumps"/>
  <testcase name="login" time="0.001" classname="com.externalApi.Dumps"/>
  <testcase name="login" time="0.000" classname="com.externalApi.Dumps"/>
  <testcase name="login" time="0.000" classname="com.externalApi.Dumps"/>
  <testcase name="login" time="0.000" classname="com.externalApi.Dumps"/>
  <testcase name="login" time="0.000" classname="com.externalApi.Dumps"/>
  <testcase name="login" time="0.000" classname="com.externalApi.Dumps"/>
  <testcase name="login" time="0.002" classname="com.externalApi.Dumps"/>
  <testcase name="login" time="0.000" classname="com.externalApi.Dumps"/>
  <testcase name="login" time="0.001" classname="com.externalApi.Dumps"/>
  <testcase name="login" time="0.001" classname="com.externalApi.Dumps"/>
  <testcase name="login" time="0.000" classname="com.externalApi.Dumps"/>
  <testcase name="login" time="0.001" classname="com.externalApi.Dumps"/>
  <testcase name="login" time="0.000" classname="com.externalApi.Dumps"/>
  <testcase name="login" time="0.000" classname="com.externalApi.Dumps"/>
  <testcase name="login" time="0.001" classname="com.externalApi.Dumps"/>
  <testcase name="login" time="0.000" classname="com.externalApi.Dumps"/>
  <testcase name="login" time="0.001" classname="com.externalApi.Dumps"/>
  <testcase name="login" time="0.000" classname="com.externalApi.Dumps"/>
  <testcase name="login" time="0.000" classname="com.externalApi.Dumps"/>
  <testcase name="login" time="0.000" classname="com.externalApi.Dumps"/>
  <testcase name="login" time="0.117" classname="com.externalApi.Dumps"/>
  <testcase name="login" time="0.000" classname="com.externalApi.Dumps"/>
  <testcase name="login" time="0.000" classname="com.externalApi.Dumps"/>
  <testcase name="login" time="0.001" classname="com.externalApi.Dumps"/>
  <testcase name="login" time="0.001" classname="com.externalApi.Dumps"/>
  <testcase name="login" time="0.000" classname="com.externalApi.Dumps"/>
  <testcase name="login" time="0.000" classname="com.externalApi.Dumps"/>
  <testcase name="login" time="0.000" classname="com.externalApi.Dumps"/>
  <testcase name="login" time="0.001" classname="com.externalApi.Dumps"/>
  <testcase name="login" time="0.000" classname="com.externalApi.Dumps"/>
  <testcase name="login" time="0.000" classname="com.externalApi.Dumps"/>
  <testcase name="login" time="0.000" classname="com.externalApi.Dumps"/>
  <testcase name="login" time="0.000" classname="com.externalApi.Dumps"/>
  <testcase name="login" time="0.000" classname="com.externalApi.Dumps"/>
  <testcase name="login" time="0.001" classname="com.externalApi.Dumps"/>
  <testcase name="login" time="0.001" classname="com.externalApi.Dumps"/>
  <testcase name="login" time="0.001" classname="com.externalApi.Dumps"/>
  <testcase name="login" time="0.098" classname="com.externalApi.Dumps"/>
  <testcase name="login" time="0.007" classname="com.externalApi.Dumps"/>
  <testcase name="login" time="0.001" classname="com.externalApi.Dumps"/>
  <testcase name="login" time="0.000" classname="com.externalApi.Dumps"/>
  <testcase name="login" time="0.000" classname="com.externalApi.Dumps"/>
  <testcase name="login" time="0.001" classname="com.externalApi.Dumps"/>
  <testcase name="login" time="0.001" classname="com.externalApi.Dumps"/>
  <testcase name="login" time="0.000" classname="com.externalApi.Dumps"/>
  <testcase name="login" time="0.001" classname="com.externalApi.Dumps"/>
  <testcase name="login" time="0.000" classname="com.externalApi.Dumps"/>
  <testcase name="login" time="0.001" classname="com.externalApi.Dumps"/>
  <testcase name="login" time="0.000" classname="com.externalApi.Dumps"/>
  <testcase name="login" time="0.000" classname="com.externalApi.Dumps"/>
  <testcase name="login" time="0.001" classname="com.externalApi.Dumps"/>
  <testcase name="login" time="0.001" classname="com.externalApi.Dumps"/>
  <testcase name="login" time="0.000" classname="com.externalApi.Dumps"/>
  <testcase name="login" time="0.001" classname="com.externalApi.Dumps"/>
  <testcase name="login" time="0.001" classname="com.externalApi.Dumps"/>
  <testcase name="login" time="0.001" classname="com.externalApi.Dumps"/>
  <testcase name="login" time="0.001" classname="com.externalApi.Dumps"/>
  <testcase name="login" time="0.000" classname="com.externalApi.Dumps"/>
  <testcase name="login" time="0.001" classname="com.externalApi.Dumps"/>
  <testcase name="login" time="0.000" classname="com.externalApi.Dumps"/>
  <testcase name="login" time="0.000" classname="com.externalApi.Dumps"/>
  <testcase name="login" time="0.000" classname="com.externalApi.Dumps"/>
  <testcase name="login" time="0.000" classname="com.externalApi.Dumps"/>
  <testcase name="login" time="0.001" classname="com.externalApi.Dumps"/>
  <testcase name="login" time="0.001" classname="com.externalApi.Dumps"/>
  <testcase name="login" time="0.000" classname="com.externalApi.Dumps"/>
  <testcase name="login" time="0.001" classname="com.externalApi.Dumps"/>
  <testcase name="login" time="0.001" classname="com.externalApi.Dumps"/>
  <testcase name="login" time="0.048" classname="com.externalApi.Dumps"/>
  <testcase name="login" time="0.000" classname="com.externalApi.Dumps"/>
  <testcase name="login" time="0.001" classname="com.externalApi.Dumps"/>
  <testcase name="login" time="0.000" classname="com.externalApi.Dumps"/>
  <testcase name="login" time="0.000" classname="com.externalApi.Dumps"/>
  <testcase name="login" time="0.001" classname="com.externalApi.Dumps"/>
  <testcase name="login" time="0.001" classname="com.externalApi.Dumps"/>
  <testcase name="login" time="0.000" classname="com.externalApi.Dumps"/>
  <testcase name="login" time="0.001" classname="com.externalApi.Dumps"/>
  <testcase name="login" time="0.002" classname="com.externalApi.Dumps"/>
  <testcase name="login" time="0.001" classname="com.externalApi.Dumps"/>
  <testcase name="login" time="0.000" classname="com.externalApi.Dumps"/>
  <testcase name="login" time="0.000" classname="com.externalApi.Dumps"/>
  <testcase name="login" time="0.001" classname="com.externalApi.Dumps"/>
  <testcase name="login" time="0.000" classname="com.externalApi.Dumps"/>
  <testcase name="login" time="0.003" classname="com.externalApi.Dumps"/>
  <testcase name="login" time="0.000" classname="com.externalApi.Dumps"/>
  <testcase name="login" time="0.001" classname="com.externalApi.Dumps"/>
  <testcase name="login" time="0.000" classname="com.externalApi.Dumps"/>
  <testcase name="login" time="0.000" classname="com.externalApi.Dumps"/>
  <testcase name="login" time="0.000" classname="com.externalApi.Dumps"/>
  <testcase name="login" time="0.000" classname="com.externalApi.Dumps"/>
  <testcase name="login" time="0.000" classname="com.externalApi.Dumps"/>
  <testcase name="login" time="0.000" classname="com.externalApi.Dumps"/>
  <testcase name="login" time="0.001" classname="com.externalApi.Dumps"/>
  <testcase name="login" time="0.000" classname="com.externalApi.Dumps"/>
  <testcase name="login" time="0.001" classname="com.externalApi.Dumps"/>
  <testcase name="login" time="0.001" classname="com.externalApi.Dumps"/>
  <testcase name="login" time="0.000" classname="com.externalApi.Dumps"/>
  <testcase name="login" time="0.001" classname="com.externalApi.Dumps"/>
  <testcase name="login" time="0.005" classname="com.externalApi.Dumps"/>
  <testcase name="login" time="0.001" classname="com.externalApi.Dumps"/>
  <testcase name="login" time="0.000" classname="com.externalApi.Dumps"/>
  <testcase name="login" time="0.000" classname="com.externalApi.Dumps"/>
  <testcase name="login" time="0.001" classname="com.externalApi.Dumps"/>
  <testcase name="login" time="0.000" classname="com.externalApi.Dumps"/>
  <testcase name="login" time="0.002" classname="com.externalApi.Dumps"/>
  <testcase name="login" time="0.000" classname="com.externalApi.Dumps"/>
  <testcase name="login" time="0.002" classname="com.externalApi.Dumps"/>
  <testcase name="login" time="0.001" classname="com.externalApi.Dumps"/>
  <testcase name="login" time="0.000" classname="com.externalApi.Dumps"/>
  <testcase name="login" time="0.000" classname="com.externalApi.Dumps"/>
  <testcase name="login" time="0.000" classname="com.externalApi.Dumps"/>
  <testcase name="login" time="0.001" classname="com.externalApi.Dumps"/>
  <testcase name="login" time="0.000" classname="com.externalApi.Dumps"/>
  <testcase name="login" time="0.000" classname="com.externalApi.Dumps"/>
  <testcase name="login" time="0.001" classname="com.externalApi.Dumps"/>
  <testcase name="login" time="0.000" classname="com.externalApi.Dumps"/>
  <testcase name="login" time="0.002" classname="com.externalApi.Dumps"/>
  <testcase name="login" time="0.000" classname="com.externalApi.Dumps"/>
  <testcase name="login" time="0.000" classname="com.externalApi.Dumps"/>
  <testcase name="login" time="0.001" classname="com.externalApi.Dumps"/>
  <testcase name="login" time="0.001" classname="com.externalApi.Dumps"/>
  <testcase name="login" time="0.000" classname="com.externalApi.Dumps"/>
  <testcase name="login" time="0.001" classname="com.externalApi.Dumps"/>
  <testcase name="login" time="0.002" classname="com.externalApi.Dumps"/>
  <testcase name="login" time="0.001" classname="com.externalApi.Dumps"/>
  <testcase name="login" time="0.000" classname="com.externalApi.Dumps"/>
  <testcase name="login" time="0.000" classname="com.externalApi.Dumps"/>
  <testcase name="login" time="0.000" classname="com.externalApi.Dumps"/>
  <testcase name="login" time="0.002" classname="com.externalApi.Dumps"/>
  <testcase name="login" time="0.000" classname="com.externalApi.Dumps"/>
  <testcase name="login" time="0.000" classname="com.externalApi.Dumps"/>
  <testcase name="login" time="0.000" classname="com.externalApi.Dumps"/>
  <testcase name="login" time="0.001" classname="com.externalApi.Dumps"/>
  <testcase name="login" time="0.000" classname="com.externalApi.Dumps"/>
  <testcase name="login" time="0.001" classname="com.externalApi.Dumps"/>
  <testcase name="login" time="0.001" classname="com.externalApi.Dumps"/>
  <testcase name="login" time="0.001" classname="com.externalApi.Dumps"/>
  <testcase name="login" time="0.001" classname="com.externalApi.Dumps"/>
  <testcase name="login" time="0.000" classname="com.externalApi.Dumps"/>
  <testcase name="login" time="0.002" classname="com.externalApi.Dumps"/>
  <testcase name="login" time="0.003" classname="com.externalApi.Dumps"/>
  <testcase name="login" time="0.000" classname="com.externalApi.Dumps"/>
  <testcase name="login" time="0.001" classname="com.externalApi.Dumps"/>
  <testcase name="login" time="0.001" classname="com.externalApi.Dumps"/>
  <testcase name="login" time="0.000" classname="com.externalApi.Dumps"/>
  <testcase name="login" time="0.001" classname="com.externalApi.Dumps"/>
  <testcase name="login" time="0.001" classname="com.externalApi.Dumps"/>
  <testcase name="login" time="0.001" classname="com.externalApi.Dumps"/>
  <testcase name="login" time="0.001" classname="com.externalApi.Dumps"/>
  <testcase name="login" time="0.000" classname="com.externalApi.Dumps"/>
  <testcase name="login" time="0.001" classname="com.externalApi.Dumps"/>
  <testcase name="login" time="0.000" classname="com.externalApi.Dumps"/>
  <testcase name="login" time="0.000" classname="com.externalApi.Dumps"/>
  <testcase name="login" time="0.001" classname="com.externalApi.Dumps"/>
  <testcase name="login" time="0.001" classname="com.externalApi.Dumps"/>
  <testcase name="login" time="0.001" classname="com.externalApi.Dumps"/>
  <testcase name="login" time="0.000" classname="com.externalApi.Dumps"/>
  <testcase name="login" time="0.004" classname="com.externalApi.Dumps"/>
  <testcase name="login" time="0.002" classname="com.externalApi.Dumps"/>
  <testcase name="login" time="0.000" classname="com.externalApi.Dumps"/>
  <testcase name="login" time="0.001" classname="com.externalApi.Dumps"/>
  <testcase name="login" time="0.000" classname="com.externalApi.Dumps"/>
  <testcase name="login" time="0.000" classname="com.externalApi.Dumps"/>
  <testcase name="login" time="0.000" classname="com.externalApi.Dumps"/>
  <testcase name="login" time="0.000" classname="com.externalApi.Dumps"/>
  <testcase name="login" time="0.000" classname="com.externalApi.Dumps"/>
  <testcase name="login" time="0.000" classname="com.externalApi.Dumps"/>
  <testcase name="login" time="0.001" classname="com.externalApi.Dumps"/>
  <testcase name="login" time="0.000" classname="com.externalApi.Dumps"/>
  <testcase name="login" time="0.000" classname="com.externalApi.Dumps"/>
  <testcase name="login" time="0.001" classname="com.externalApi.Dumps"/>
  <testcase name="login" time="0.000" classname="com.externalApi.Dumps"/>
  <testcase name="login" time="0.001" classname="com.externalApi.Dumps"/>
  <testcase name="login" time="0.001" classname="com.externalApi.Dumps"/>
  <testcase name="login" time="0.001" classname="com.externalApi.Dumps"/>
  <testcase name="login" time="0.000" classname="com.externalApi.Dumps"/>
  <testcase name="login" time="0.001" classname="com.externalApi.Dumps"/>
  <testcase name="login" time="0.001" classname="com.externalApi.Dumps"/>
  <testcase name="login" time="0.001" classname="com.externalApi.Dumps"/>
  <testcase name="login" time="0.000" classname="com.externalApi.Dumps"/>
  <testcase name="login" time="0.000" classname="com.externalApi.Dumps"/>
  <testcase name="login" time="0.001" classname="com.externalApi.Dumps"/>
  <testcase name="login" time="0.000" classname="com.externalApi.Dumps"/>
  <testcase name="login" time="0.001" classname="com.externalApi.Dumps"/>
  <testcase name="login" time="0.001" classname="com.externalApi.Dumps"/>
  <testcase name="login" time="0.040" classname="com.externalApi.Dumps"/>
  <testcase name="login" time="0.001" classname="com.externalApi.Dumps"/>
  <testcase name="login" time="0.002" classname="com.externalApi.Dumps"/>
  <testcase name="login" time="0.000" classname="com.externalApi.Dumps"/>
  <testcase name="login" time="0.000" classname="com.externalApi.Dumps"/>
  <testcase name="login" time="0.001" classname="com.externalApi.Dumps"/>
  <testcase name="login" time="0.000" classname="com.externalApi.Dumps"/>
  <testcase name="login" time="0.000" classname="com.externalApi.Dumps"/>
  <testcase name="login" time="0.000" classname="com.externalApi.Dumps"/>
  <testcase name="login" time="0.001" classname="com.externalApi.Dumps"/>
  <testcase name="login" time="0.001" classname="com.externalApi.Dumps"/>
  <testcase name="login" time="0.001" classname="com.externalApi.Dumps"/>
  <testcase name="login" time="0.000" classname="com.externalApi.Dumps"/>
  <testcase name="login" time="0.000" classname="com.externalApi.Dumps"/>
  <testcase name="login" time="0.002" classname="com.externalApi.Dumps"/>
  <testcase name="login" time="0.003" classname="com.externalApi.Dumps"/>
  <testcase name="login" time="0.002" classname="com.externalApi.Dumps"/>
  <testcase name="login" time="0.000" classname="com.externalApi.Dumps"/>
  <testcase name="login" time="0.001" classname="com.externalApi.Dumps"/>
  <testcase name="login" time="0.001" classname="com.externalApi.Dumps"/>
  <testcase name="login" time="0.001" classname="com.externalApi.Dumps"/>
  <testcase name="login" time="0.002" classname="com.externalApi.Dumps"/>
  <testcase name="login" time="0.000" classname="com.externalApi.Dumps"/>
  <testcase name="login" time="0.001" classname="com.externalApi.Dumps"/>
  <testcase name="login" time="0.001" classname="com.externalApi.Dumps"/>
  <testcase name="login" time="0.001" classname="com.externalApi.Dumps"/>
  <testcase name="login" time="0.000" classname="com.externalApi.Dumps"/>
  <testcase name="login" time="0.001" classname="com.externalApi.Dumps"/>
  <testcase name="login" time="0.000" classname="com.externalApi.Dumps"/>
  <testcase name="login" time="0.000" classname="com.externalApi.Dumps"/>
  <testcase name="login" time="0.001" classname="com.externalApi.Dumps"/>
  <testcase name="login" time="0.000" classname="com.externalApi.Dumps"/>
  <testcase name="login" time="0.001" classname="com.externalApi.Dumps"/>
  <testcase name="login" time="0.001" classname="com.externalApi.Dumps"/>
  <testcase name="login" time="0.000" classname="com.externalApi.Dumps"/>
  <testcase name="login" time="0.000" classname="com.externalApi.Dumps"/>
  <testcase name="login" time="0.001" classname="com.externalApi.Dumps"/>
  <testcase name="login" time="0.000" classname="com.externalApi.Dumps"/>
  <testcase name="login" time="0.001" classname="com.externalApi.Dumps"/>
  <testcase name="login" time="0.000" classname="com.externalApi.Dumps"/>
  <testcase name="login" time="0.001" classname="com.externalApi.Dumps"/>
  <testcase name="login" time="0.000" classname="com.externalApi.Dumps"/>
  <testcase name="login" time="0.000" classname="com.externalApi.Dumps"/>
  <testcase name="login" time="0.000" classname="com.externalApi.Dumps"/>
  <testcase name="login" time="0.000" classname="com.externalApi.Dumps"/>
  <testcase name="login" time="0.000" classname="com.externalApi.Dumps"/>
  <testcase name="login" time="0.001" classname="com.externalApi.Dumps"/>
  <testcase name="login" time="0.000" classname="com.externalApi.Dumps"/>
  <testcase name="login" time="0.024" classname="com.externalApi.Dumps"/>
  <testcase name="login" time="0.000" classname="com.externalApi.Dumps"/>
  <testcase name="login" time="0.000" classname="com.externalApi.Dumps"/>
  <testcase name="login" time="0.001" classname="com.externalApi.Dumps"/>
  <testcase name="login" time="0.001" classname="com.externalApi.Dumps"/>
  <testcase name="login" time="0.001" classname="com.externalApi.Dumps"/>
  <testcase name="login" time="0.000" classname="com.externalApi.Dumps"/>
  <testcase name="login" time="0.000" classname="com.externalApi.Dumps"/>
  <testcase name="login" time="0.001" classname="com.externalApi.Dumps"/>
  <testcase name="login" time="0.000" classname="com.externalApi.Dumps"/>
  <testcase name="login" time="0.001" classname="com.externalApi.Dumps"/>
  <testcase name="login" time="0.000" classname="com.externalApi.Dumps"/>
  <testcase name="login" time="0.000" classname="com.externalApi.Dumps"/>
  <testcase name="login" time="0.000" classname="com.externalApi.Dumps"/>
  <testcase name="login" time="0.001" classname="com.externalApi.Dumps"/>
  <testcase name="login" time="0.000" classname="com.externalApi.Dumps"/>
  <testcase name="login" time="0.001" classname="com.externalApi.Dumps"/>
  <testcase name="login" time="0.000" classname="com.externalApi.Dumps"/>
  <testcase name="login" time="0.001" classname="com.externalApi.Dumps"/>
  <testcase name="login" time="0.001" classname="com.externalApi.Dumps"/>
  <testcase name="login" time="0.000" classname="com.externalApi.Dumps"/>
  <testcase name="login" time="0.000" classname="com.externalApi.Dumps"/>
  <testcase name="login" time="0.001" classname="com.externalApi.Dumps"/>
  <testcase name="login" time="0.000" classname="com.externalApi.Dumps"/>
  <testcase name="login" time="0.000" classname="com.externalApi.Dumps"/>
  <testcase name="login" time="0.001" classname="com.externalApi.Dumps"/>
  <testcase name="login" time="0.001" classname="com.externalApi.Dumps"/>
  <testcase name="login" time="0.000" classname="com.externalApi.Dumps"/>
  <testcase name="login" time="0.001" classname="com.externalApi.Dumps"/>
  <testcase name="login" time="0.001" classname="com.externalApi.Dumps"/>
  <testcase name="login" time="0.001" classname="com.externalApi.Dumps"/>
  <testcase name="login" time="0.000" classname="com.externalApi.Dumps"/>
  <testcase name="login" time="0.001" classname="com.externalApi.Dumps"/>
  <testcase name="login" time="0.000" classname="com.externalApi.Dumps"/>
  <testcase name="login" time="0.001" classname="com.externalApi.Dumps"/>
  <testcase name="login" time="0.001" classname="com.externalApi.Dumps"/>
  <testcase name="login" time="0.000" classname="com.externalApi.Dumps"/>
  <testcase name="login" time="0.001" classname="com.externalApi.Dumps"/>
  <testcase name="login" time="0.000" classname="com.externalApi.Dumps"/>
  <testcase name="login" time="0.001" classname="com.externalApi.Dumps"/>
  <testcase name="login" time="0.000" classname="com.externalApi.Dumps"/>
  <testcase name="login" time="0.001" classname="com.externalApi.Dumps"/>
  <testcase name="login" time="0.000" classname="com.externalApi.Dumps"/>
  <testcase name="login" time="0.000" classname="com.externalApi.Dumps"/>
  <testcase name="login" time="0.001" classname="com.externalApi.Dumps"/>
  <testcase name="login" time="0.000" classname="com.externalApi.Dumps"/>
  <testcase name="login" time="0.000" classname="com.externalApi.Dumps"/>
  <testcase name="login" time="0.001" classname="com.externalApi.Dumps"/>
  <testcase name="login" time="0.001" classname="com.externalApi.Dumps"/>
  <testcase name="login" time="0.000" classname="com.externalApi.Dumps"/>
  <testcase name="login" time="0.001" classname="com.externalApi.Dumps"/>
  <testcase name="login" time="0.001" classname="com.externalApi.Dumps"/>
  <testcase name="login" time="0.000" classname="com.externalApi.Dumps"/>
  <testcase name="login" time="0.001" classname="com.externalApi.Dumps"/>
  <testcase name="login" time="0.000" classname="com.externalApi.Dumps"/>
  <testcase name="login" time="0.001" classname="com.externalApi.Dumps"/>
  <testcase name="login" time="0.001" classname="com.externalApi.Dumps"/>
  <testcase name="login" time="0.001" classname="com.externalApi.Dumps"/>
  <testcase name="login" time="0.001" classname="com.externalApi.Dumps"/>
  <testcase name="login" time="0.000" classname="com.externalApi.Dumps"/>
  <testcase name="login" time="0.000" classname="com.externalApi.Dumps"/>
  <testcase name="login" time="0.000" classname="com.externalApi.Dumps"/>
  <testcase name="login" time="0.000" classname="com.externalApi.Dumps"/>
  <testcase name="login" time="0.001" classname="com.externalApi.Dumps"/>
  <testcase name="login" time="0.000" classname="com.externalApi.Dumps"/>
  <testcase name="login" time="0.001" classname="com.externalApi.Dumps"/>
  <testcase name="login" time="0.001" classname="com.externalApi.Dumps"/>
  <testcase name="login" time="0.000" classname="com.externalApi.Dumps"/>
  <testcase name="login" time="0.001" classname="com.externalApi.Dumps"/>
  <testcase name="login" time="0.001" classname="com.externalApi.Dumps"/>
  <testcase name="login" time="0.000" classname="com.externalApi.Dumps"/>
  <testcase name="login" time="0.001" classname="com.externalApi.Dumps"/>
  <testcase name="login" time="0.000" classname="com.externalApi.Dumps"/>
  <testcase name="login" time="0.001" classname="com.externalApi.Dumps"/>
  <testcase name="login" time="0.000" classname="com.externalApi.Dumps"/>
  <testcase name="login" time="0.000" classname="com.externalApi.Dumps"/>
  <testcase name="login" time="0.001" classname="com.externalApi.Dumps"/>
  <testcase name="login" time="0.000" classname="com.externalApi.Dumps"/>
  <testcase name="login" time="0.000" classname="com.externalApi.Dumps"/>
  <testcase name="login" time="0.001" classname="com.externalApi.Dumps"/>
  <testcase name="login" time="0.000" classname="com.externalApi.Dumps"/>
  <testcase name="login" time="0.001" classname="com.externalApi.Dumps"/>
  <testcase name="login" time="0.002" classname="com.externalApi.Dumps"/>
  <testcase name="login" time="0.234" classname="com.externalApi.Dumps"/>
  <testcase name="login" time="0.000" classname="com.externalApi.Dumps"/>
  <testcase name="login" time="0.000" classname="com.externalApi.Dumps"/>
  <testcase name="login" time="0.000" classname="com.externalApi.Dumps"/>
  <testcase name="login" time="0.001" classname="com.externalApi.Dumps"/>
  <testcase name="login" time="0.000" classname="com.externalApi.Dumps"/>
  <testcase name="login" time="0.000" classname="com.externalApi.Dumps"/>
  <testcase name="login" time="0.001" classname="com.externalApi.Dumps"/>
  <testcase name="login" time="0.001" classname="com.externalApi.Dumps"/>
  <testcase name="login" time="0.001" classname="com.externalApi.Dumps"/>
  <testcase name="login" time="0.001" classname="com.externalApi.Dumps"/>
  <testcase name="login" time="0.000" classname="com.externalApi.Dumps"/>
  <testcase name="login" time="0.001" classname="com.externalApi.Dumps"/>
  <testcase name="login" time="0.000" classname="com.externalApi.Dumps"/>
  <testcase name="login" time="0.001" classname="com.externalApi.Dumps"/>
  <testcase name="login" time="0.001" classname="com.externalApi.Dumps"/>
  <testcase name="login" time="0.001" classname="com.externalApi.Dumps"/>
  <testcase name="login" time="0.011" classname="com.externalApi.Dumps"/>
  <testcase name="login" time="0.000" classname="com.externalApi.Dumps"/>
  <testcase name="login" time="0.000" classname="com.externalApi.Dumps"/>
  <testcase name="login" time="0.000" classname="com.externalApi.Dumps"/>
  <testcase name="login" time="0.001" classname="com.externalApi.Dumps"/>
  <testcase name="login" time="0.001" classname="com.externalApi.Dumps"/>
  <testcase name="login" time="0.001" classname="com.externalApi.Dumps"/>
  <testcase name="login" time="0.001" classname="com.externalApi.Dumps"/>
  <testcase name="login" time="0.001" classname="com.externalApi.Dumps"/>
  <testcase name="login" time="0.001" classname="com.externalApi.Dumps"/>
  <testcase name="login" time="0.000" classname="com.externalApi.Dumps"/>
  <testcase name="login" time="0.000" classname="com.externalApi.Dumps"/>
  <testcase name="login" time="0.000" classname="com.externalApi.Dumps"/>
  <testcase name="login" time="0.001" classname="com.externalApi.Dumps"/>
  <testcase name="login" time="0.001" classname="com.externalApi.Dumps"/>
  <testcase name="login" time="0.001" classname="com.externalApi.Dumps"/>
  <testcase name="login" time="0.013" classname="com.externalApi.Dumps"/>
  <testcase name="login" time="0.000" classname="com.externalApi.Dumps"/>
  <testcase name="login" time="0.000" classname="com.externalApi.Dumps"/>
  <testcase name="login" time="0.001" classname="com.externalApi.Dumps"/>
  <testcase name="login" time="0.001" classname="com.externalApi.Dumps"/>
  <testcase name="login" time="0.000" classname="com.externalApi.Dumps"/>
  <testcase name="login" time="0.001" classname="com.externalApi.Dumps"/>
  <testcase name="login" time="0.000" classname="com.externalApi.Dumps"/>
  <testcase name="login" time="0.000" classname="com.externalApi.Dumps"/>
  <testcase name="login" time="0.000" classname="com.externalApi.Dumps"/>
  <testcase name="login" time="0.001" classname="com.externalApi.Dumps"/>
  <testcase name="login" time="0.000" classname="com.externalApi.Dumps"/>
  <testcase name="login" time="0.001" classname="com.externalApi.Dumps"/>
  <testcase name="login" time="0.000" classname="com.externalApi.Dumps"/>
  <testcase name="login" time="0.000" classname="com.externalApi.Dumps"/>
  <testcase name="login" time="0.000" classname="com.externalApi.Dumps"/>
  <testcase name="login" time="0.001" classname="com.externalApi.Dumps"/>
  <testcase name="login" time="0.001" classname="com.externalApi.Dumps"/>
  <testcase name="login" time="0.000" classname="com.externalApi.Dumps"/>
  <testcase name="login" time="0.000" classname="com.externalApi.Dumps"/>
  <testcase name="login" time="0.001" classname="com.externalApi.Dumps"/>
  <testcase name="login" time="0.000" classname="com.externalApi.Dumps"/>
  <testcase name="login" time="0.001" classname="com.externalApi.Dumps"/>
  <testcase name="login" time="0.001" classname="com.externalApi.Dumps"/>
  <testcase name="login" time="0.001" classname="com.externalApi.Dumps"/>
  <testcase name="login" time="0.000" classname="com.externalApi.Dumps"/>
  <testcase name="login" time="0.000" classname="com.externalApi.Dumps"/>
  <testcase name="login" time="0.002" classname="com.externalApi.Dumps"/>
  <testcase name="login" time="0.000" classname="com.externalApi.Dumps"/>
  <testcase name="login" time="0.001" classname="com.externalApi.Dumps"/>
  <testcase name="login" time="0.001" classname="com.externalApi.Dumps"/>
  <testcase name="login" time="0.000" classname="com.externalApi.Dumps"/>
  <testcase name="login" time="0.000" classname="com.externalApi.Dumps"/>
  <testcase name="login" time="0.001" classname="com.externalApi.Dumps"/>
  <testcase name="login" time="0.000" classname="com.externalApi.Dumps"/>
  <testcase name="login" time="0.000" classname="com.externalApi.Dumps"/>
  <testcase name="login" time="0.000" classname="com.externalApi.Dumps"/>
  <testcase name="login" time="0.000" classname="com.externalApi.Dumps"/>
  <testcase name="login" time="0.000" classname="com.externalApi.Dumps"/>
  <testcase name="login" time="0.001" classname="com.externalApi.Dumps"/>
  <testcase name="login" time="0.000" classname="com.externalApi.Dumps"/>
  <testcase name="login" time="0.000" classname="com.externalApi.Dumps"/>
  <testcase name="login" time="0.001" classname="com.externalApi.Dumps"/>
  <testcase name="login" time="0.001" classname="com.externalApi.Dumps"/>
  <testcase name="login" time="0.001" classname="com.externalApi.Dumps"/>
  <testcase name="login" time="0.001" classname="com.externalApi.Dumps"/>
  <testcase name="login" time="0.000" classname="com.externalApi.Dumps"/>
  <testcase name="login" time="0.000" classname="com.externalApi.Dumps"/>
  <testcase name="login" time="0.000" classname="com.externalApi.Dumps"/>
  <testcase name="login" time="0.001" classname="com.externalApi.Dumps"/>
  <testcase name="login" time="0.019" classname="com.externalApi.Dumps"/>
  <testcase name="login" time="0.002" classname="com.externalApi.Dumps"/>
  <testcase name="login" time="0.086" classname="com.externalApi.Dumps"/>
  <testcase name="login" time="0.016" classname="com.externalApi.Dumps"/>
  <testcase name="login" time="0.000" classname="com.externalApi.Dumps"/>
  <testcase name="login" time="0.000" classname="com.externalApi.Dumps"/>
  <testcase name="login" time="0.001" classname="com.externalApi.Dumps"/>
  <testcase name="login" time="0.001" classname="com.externalApi.Dumps"/>
  <testcase name="login" time="0.001" classname="com.externalApi.Dumps"/>
  <testcase name="login" time="0.000" classname="com.externalApi.Dumps"/>
  <testcase name="login" time="0.000" classname="com.externalApi.Dumps"/>
  <testcase name="login" time="0.000" classname="com.externalApi.Dumps"/>
  <testcase name="login" time="0.001" classname="com.externalApi.Dumps"/>
  <testcase name="login" time="0.000" classname="com.externalApi.Dumps"/>
  <testcase name="login" time="0.000" classname="com.externalApi.Dumps"/>
  <testcase name="login" time="0.000" classname="com.externalApi.Dumps"/>
  <testcase name="login" time="0.000" classname="com.externalApi.Dumps"/>
  <testcase name="login" time="0.001" classname="com.externalApi.Dumps"/>
  <testcase name="login" time="0.002" classname="com.externalApi.Dumps"/>
  <testcase name="login" time="0.000" classname="com.externalApi.Dumps"/>
  <testcase name="login" time="0.001" classname="com.externalApi.Dumps"/>
  <testcase name="login" time="0.001" classname="com.externalApi.Dumps"/>
  <testcase name="login" time="0.004" classname="com.externalApi.Dumps"/>
  <testcase name="login" time="0.000" classname="com.externalApi.Dumps"/>
  <testcase name="login" time="0.001" classname="com.externalApi.Dumps"/>
  <testcase name="login" time="0.001" classname="com.externalApi.Dumps"/>
  <testcase name="login" time="0.000" classname="com.externalApi.Dumps"/>
  <testcase name="login" time="0.002" classname="com.externalApi.Dumps"/>
  <testcase name="login" time="0.000" classname="com.externalApi.Dumps"/>
  <testcase name="login" time="0.000" classname="com.externalApi.Dumps"/>
  <testcase name="login" time="0.000" classname="com.externalApi.Dumps"/>
  <testcase name="login" time="0.000" classname="com.externalApi.Dumps"/>
  <testcase name="login" time="0.002" classname="com.externalApi.Dumps"/>
  <testcase name="login" time="0.002" classname="com.externalApi.Dumps"/>
  <testcase name="login" time="0.001" classname="com.externalApi.Dumps"/>
  <testcase name="login" time="0.001" classname="com.externalApi.Dumps"/>
  <testcase name="login" time="0.000" classname="com.externalApi.Dumps"/>
  <testcase name="login" time="0.002" classname="com.externalApi.Dumps"/>
  <testcase name="login" time="0.000" classname="com.externalApi.Dumps"/>
  <testcase name="login" time="0.000" classname="com.externalApi.Dumps"/>
  <testcase name="login" time="0.001" classname="com.externalApi.Dumps"/>
  <testcase name="login" time="0.001" classname="com.externalApi.Dumps"/>
  <testcase name="login" time="0.000" classname="com.externalApi.Dumps"/>
  <testcase name="login" time="0.001" classname="com.externalApi.Dumps"/>
  <testcase name="login" time="0.001" classname="com.externalApi.Dumps"/>
  <testcase name="login" time="0.000" classname="com.externalApi.Dumps"/>
  <testcase name="login" time="0.001" classname="com.externalApi.Dumps"/>
  <testcase name="login" time="0.000" classname="com.externalApi.Dumps"/>
  <testcase name="login" time="0.001" classname="com.externalApi.Dumps"/>
  <testcase name="login" time="0.000" classname="com.externalApi.Dumps"/>
  <testcase name="login" time="0.001" classname="com.externalApi.Dumps"/>
  <testcase name="login" time="0.000" classname="com.externalApi.Dumps"/>
  <testcase name="login" time="0.001" classname="com.externalApi.Dumps"/>
  <testcase name="login" time="0.000" classname="com.externalApi.Dumps"/>
  <testcase name="login" time="0.000" classname="com.externalApi.Dumps"/>
  <testcase name="login" time="0.001" classname="com.externalApi.Dumps"/>
  <testcase name="login" time="0.001" classname="com.externalApi.Dumps"/>
  <testcase name="login" time="0.001" classname="com.externalApi.Dumps"/>
  <testcase name="login" time="0.001" classname="com.externalApi.Dumps"/>
  <testcase name="login" time="0.000" classname="com.externalApi.Dumps"/>
  <testcase name="login" time="0.001" classname="com.externalApi.Dumps"/>
  <testcase name="login" time="0.001" classname="com.externalApi.Dumps"/>
  <testcase name="login" time="0.001" classname="com.externalApi.Dumps"/>
  <testcase name="login" time="0.001" classname="com.externalApi.Dumps"/>
  <testcase name="login" time="0.001" classname="com.externalApi.Dumps"/>
  <testcase name="login" time="0.001" classname="com.externalApi.Dumps"/>
  <testcase name="login" time="0.114" classname="com.externalApi.Dumps"/>
  <testcase name="login" time="0.000" classname="com.externalApi.Dumps"/>
  <testcase name="login" time="0.001" classname="com.externalApi.Dumps"/>
  <testcase name="login" time="0.001" classname="com.externalApi.Dumps"/>
  <testcase name="login" time="0.000" classname="com.externalApi.Dumps"/>
  <testcase name="login" time="0.000" classname="com.externalApi.Dumps"/>
  <testcase name="login" time="0.000" classname="com.externalApi.Dumps"/>
  <testcase name="login" time="0.000" classname="com.externalApi.Dumps"/>
  <testcase name="login" time="0.001" classname="com.externalApi.Dumps"/>
  <testcase name="login" time="0.000" classname="com.externalApi.Dumps"/>
  <testcase name="login" time="0.002" classname="com.externalApi.Dumps"/>
  <testcase name="login" time="0.000" classname="com.externalApi.Dumps"/>
  <testcase name="login" time="0.000" classname="com.externalApi.Dumps"/>
  <testcase name="login" time="0.001" classname="com.externalApi.Dumps"/>
  <testcase name="login" time="0.000" classname="com.externalApi.Dumps"/>
  <testcase name="login" time="0.000" classname="com.externalApi.Dumps"/>
  <testcase name="login" time="0.000" classname="com.externalApi.Dumps"/>
  <testcase name="login" time="0.000" classname="com.externalApi.Dumps"/>
  <testcase name="login" time="0.001" classname="com.externalApi.Dumps"/>
  <testcase name="login" time="0.000" classname="com.externalApi.Dumps"/>
  <testcase name="login" time="0.001" classname="com.externalApi.Dumps"/>
  <testcase name="login" time="0.001" classname="com.externalApi.Dumps"/>
  <testcase name="login" time="0.001" classname="com.externalApi.Dumps"/>
  <testcase name="login" time="0.001" classname="com.externalApi.Dumps"/>
  <testcase name="login" time="0.001" classname="com.externalApi.Dumps"/>
  <testcase name="login" time="0.001" classname="com.externalApi.Dumps"/>
  <testcase name="login" time="0.000" classname="com.externalApi.Dumps"/>
  <testcase name="login" time="0.000" classname="com.externalApi.Dumps"/>
  <testcase name="login" time="0.001" classname="com.externalApi.Dumps"/>
  <testcase name="login" time="0.001" classname="com.externalApi.Dumps"/>
  <testcase name="login" time="0.001" classname="com.externalApi.Dumps"/>
  <testcase name="login" time="0.001" classname="com.externalApi.Dumps"/>
  <testcase name="login" time="0.002" classname="com.externalApi.Dumps"/>
  <testcase name="login" time="0.000" classname="com.externalApi.Dumps"/>
  <testcase name="login" time="0.001" classname="com.externalApi.Dumps"/>
  <testcase name="login" time="0.001" classname="com.externalApi.Dumps"/>
  <testcase name="login" time="0.001" classname="com.externalApi.Dumps"/>
  <testcase name="login" time="0.001" classname="com.externalApi.Dumps"/>
  <testcase name="login" time="0.001" classname="com.externalApi.Dumps"/>
  <testcase name="login" time="0.001" classname="com.externalApi.Dumps"/>
  <testcase name="login" time="0.003" classname="com.externalApi.Dumps"/>
  <testcase name="login" time="0.000" classname="com.externalApi.Dumps"/>
  <testcase name="login" time="0.001" classname="com.externalApi.Dumps"/>
  <testcase name="login" time="0.000" classname="com.externalApi.Dumps"/>
  <testcase name="login" time="0.001" classname="com.externalApi.Dumps"/>
  <testcase name="login" time="0.000" classname="com.externalApi.Dumps"/>
  <testcase name="login" time="0.001" classname="com.externalApi.Dumps"/>
  <testcase name="login" time="0.000" classname="com.externalApi.Dumps"/>
  <testcase name="login" time="0.001" classname="com.externalApi.Dumps"/>
  <testcase name="login" time="0.001" classname="com.externalApi.Dumps"/>
  <testcase name="login" time="0.001" classname="com.externalApi.Dumps"/>
  <testcase name="login" time="0.006" classname="com.externalApi.Dumps"/>
  <testcase name="login" time="0.000" classname="com.externalApi.Dumps"/>
  <testcase name="login" time="0.001" classname="com.externalApi.Dumps"/>
  <testcase name="login" time="0.001" classname="com.externalApi.Dumps"/>
  <testcase name="login" time="0.006" classname="com.externalApi.Dumps"/>
  <testcase name="login" time="0.000" classname="com.externalApi.Dumps"/>
  <testcase name="login" time="0.001" classname="com.externalApi.Dumps"/>
  <testcase name="login" time="0.000" classname="com.externalApi.Dumps"/>
  <testcase name="login" time="0.000" classname="com.externalApi.Dumps"/>
  <testcase name="login" time="0.000" classname="com.externalApi.Dumps"/>
  <testcase name="login" time="0.000" classname="com.externalApi.Dumps"/>
  <testcase name="login" time="0.000" classname="com.externalApi.Dumps"/>
  <testcase name="login" time="0.006" classname="com.externalApi.Dumps"/>
  <testcase name="login" time="0.001" classname="com.externalApi.Dumps"/>
  <testcase name="login" time="0.001" classname="com.externalApi.Dumps"/>
  <testcase name="login" time="0.000" classname="com.externalApi.Dumps"/>
  <testcase name="login" time="0.000" classname="com.externalApi.Dumps"/>
  <testcase name="login" time="0.001" classname="com.externalApi.Dumps"/>
  <testcase name="login" time="0.001" classname="com.externalApi.Dumps"/>
  <testcase name="login" time="0.001" classname="com.externalApi.Dumps"/>
  <testcase name="login" time="0.001" classname="com.externalApi.Dumps"/>
  <testcase name="login" time="0.000" classname="com.externalApi.Dumps"/>
  <testcase name="login" time="0.001" classname="com.externalApi.Dumps"/>
  <testcase name="login" time="0.000" classname="com.externalApi.Dumps"/>
  <testcase name="login" time="0.000" classname="com.externalApi.Dumps"/>
  <testcase name="login" time="0.002" classname="com.externalApi.Dumps"/>
  <testcase name="login" time="0.000" classname="com.externalApi.Dumps"/>
  <testcase name="login" time="0.000" classname="com.externalApi.Dumps"/>
  <testcase name="login" time="0.000" classname="com.externalApi.Dumps"/>
  <testcase name="login" time="0.000" classname="com.externalApi.Dumps"/>
  <testcase name="login" time="0.000" classname="com.externalApi.Dumps"/>
  <testcase name="login" time="0.000" classname="com.externalApi.Dumps"/>
  <testcase name="login" time="0.001" classname="com.externalApi.Dumps"/>
  <testcase name="login" time="0.001" classname="com.externalApi.Dumps"/>
  <testcase name="login" time="0.000" classname="com.externalApi.Dumps"/>
  <testcase name="login" time="0.000" classname="com.externalApi.Dumps"/>
  <testcase name="login" time="0.001" classname="com.externalApi.Dumps"/>
  <testcase name="login" time="0.001" classname="com.externalApi.Dumps"/>
  <testcase name="login" time="0.001" classname="com.externalApi.Dumps"/>
  <testcase name="login" time="0.001" classname="com.externalApi.Dumps"/>
  <testcase name="login" time="0.000" classname="com.externalApi.Dumps"/>
  <testcase name="login" time="0.000" classname="com.externalApi.Dumps"/>
  <testcase name="login" time="0.000" classname="com.externalApi.Dumps"/>
  <testcase name="login" time="0.000" classname="com.externalApi.Dumps"/>
  <testcase name="login" time="0.001" classname="com.externalApi.Dumps"/>
  <testcase name="login" time="0.001" classname="com.externalApi.Dumps"/>
  <testcase name="login" time="0.135" classname="com.externalApi.Dumps"/>
  <testcase name="login" time="0.001" classname="com.externalApi.Dumps"/>
  <testcase name="login" time="0.000" classname="com.externalApi.Dumps"/>
  <testcase name="login" time="0.001" classname="com.externalApi.Dumps"/>
  <testcase name="login" time="0.001" classname="com.externalApi.Dumps"/>
  <testcase name="login" time="0.002" classname="com.externalApi.Dumps"/>
  <testcase name="login" time="0.000" classname="com.externalApi.Dumps"/>
  <testcase name="login" time="0.000" classname="com.externalApi.Dumps"/>
  <testcase name="login" time="0.001" classname="com.externalApi.Dumps"/>
  <testcase name="login" time="0.001" classname="com.externalApi.Dumps"/>
  <testcase name="login" time="0.000" classname="com.externalApi.Dumps"/>
  <testcase name="login" time="0.001" classname="com.externalApi.Dumps"/>
  <testcase name="login" time="0.001" classname="com.externalApi.Dumps"/>
  <testcase name="login" time="0.000" classname="com.externalApi.Dumps"/>
  <testcase name="login" time="0.001" classname="com.externalApi.Dumps"/>
  <testcase name="login" time="0.000" classname="com.externalApi.Dumps"/>
  <testcase name="login" time="0.000" classname="com.externalApi.Dumps"/>
  <testcase name="login" time="0.001" classname="com.externalApi.Dumps"/>
  <testcase name="login" time="0.001" classname="com.externalApi.Dumps"/>
  <testcase name="login" time="0.001" classname="com.externalApi.Dumps"/>
  <testcase name="login" time="0.001" classname="com.externalApi.Dumps"/>
  <testcase name="login" time="0.001" classname="com.externalApi.Dumps"/>
  <testcase name="login" time="0.000" classname="com.externalApi.Dumps"/>
  <testcase name="login" time="0.000" classname="com.externalApi.Dumps"/>
  <testcase name="login" time="0.001" classname="com.externalApi.Dumps"/>
  <testcase name="login" time="0.000" classname="com.externalApi.Dumps"/>
  <testcase name="login" time="0.000" classname="com.externalApi.Dumps"/>
  <testcase name="login" time="0.001" classname="com.externalApi.Dumps"/>
  <testcase name="login" time="0.000" classname="com.externalApi.Dumps"/>
  <testcase name="login" time="0.000" classname="com.externalApi.Dumps"/>
  <testcase name="login" time="0.000" classname="com.externalApi.Dumps"/>
  <testcase name="login" time="0.002" classname="com.externalApi.Dumps"/>
  <testcase name="login" time="0.001" classname="com.externalApi.Dumps"/>
  <testcase name="login" time="0.000" classname="com.externalApi.Dumps"/>
  <testcase name="login" time="0.001" classname="com.externalApi.Dumps"/>
  <testcase name="login" time="0.001" classname="com.externalApi.Dumps"/>
  <testcase name="login" time="0.000" classname="com.externalApi.Dumps"/>
  <testcase name="login" time="0.000" classname="com.externalApi.Dumps"/>
  <testcase name="login" time="0.000" classname="com.externalApi.Dumps"/>
  <testcase name="login" time="0.002" classname="com.externalApi.Dumps"/>
  <testcase name="login" time="0.000" classname="com.externalApi.Dumps"/>
  <testcase name="login" time="0.001" classname="com.externalApi.Dumps"/>
  <testcase name="login" time="0.001" classname="com.externalApi.Dumps"/>
  <testcase name="login" time="0.001" classname="com.externalApi.Dumps"/>
  <testcase name="login" time="0.000" classname="com.externalApi.Dumps"/>
  <testcase name="login" time="0.001" classname="com.externalApi.Dumps"/>
  <testcase name="login" time="0.001" classname="com.externalApi.Dumps"/>
  <testcase name="login" time="0.000" classname="com.externalApi.Dumps"/>
  <testcase name="login" time="0.019" classname="com.externalApi.Dumps"/>
  <testcase name="login" time="0.000" classname="com.externalApi.Dumps"/>
  <testcase name="login" time="0.001" classname="com.externalApi.Dumps"/>
  <testcase name="login" time="0.001" classname="com.externalApi.Dumps"/>
  <testcase name="login" time="0.001" classname="com.externalApi.Dumps"/>
  <testcase name="login" time="0.001" classname="com.externalApi.Dumps"/>
  <testcase name="login" time="0.000" classname="com.externalApi.Dumps"/>
  <testcase name="login" time="0.001" classname="com.externalApi.Dumps"/>
  <testcase name="login" time="0.001" classname="com.externalApi.Dumps"/>
  <testcase name="login" time="0.000" classname="com.externalApi.Dumps"/>
  <testcase name="login" time="0.001" classname="com.externalApi.Dumps"/>
  <testcase name="login" time="0.000" classname="com.externalApi.Dumps"/>
  <testcase name="login" time="0.000" classname="com.externalApi.Dumps"/>
  <testcase name="login" time="0.000" classname="com.externalApi.Dumps"/>
  <testcase name="login" time="0.001" classname="com.externalApi.Dumps"/>
  <testcase name="login" time="0.000" classname="com.externalApi.Dumps"/>
  <testcase name="login" time="0.001" classname="com.externalApi.Dumps"/>
  <testcase name="login" time="0.000" classname="com.externalApi.Dumps"/>
  <testcase name="login" time="0.001" classname="com.externalApi.Dumps"/>
  <testcase name="login" time="0.001" classname="com.externalApi.Dumps"/>
  <testcase name="login" time="0.001" classname="com.externalApi.Dumps"/>
  <testcase name="login" time="0.001" classname="com.externalApi.Dumps"/>
  <testcase name="login" time="0.003" classname="com.externalApi.Dumps"/>
  <testcase name="login" time="0.000" classname="com.externalApi.Dumps"/>
  <testcase name="login" time="0.001" classname="com.externalApi.Dumps"/>
  <testcase name="login" time="0.001" classname="com.externalApi.Dumps"/>
  <testcase name="login" time="0.129" classname="com.externalApi.Dumps"/>
  <testcase name="login" time="0.000" classname="com.externalApi.Dumps"/>
  <testcase name="login" time="0.001" classname="com.externalApi.Dumps"/>
  <testcase name="login" time="0.001" classname="com.externalApi.Dumps"/>
  <testcase name="login" time="0.000" classname="com.externalApi.Dumps"/>
  <testcase name="login" time="0.001" classname="com.externalApi.Dumps"/>
  <testcase name="login" time="0.001" classname="com.externalApi.Dumps"/>
  <testcase name="login" time="0.002" classname="com.externalApi.Dumps"/>
  <testcase name="login" time="0.000" classname="com.externalApi.Dumps"/>
  <testcase name="login" time="0.001" classname="com.externalApi.Dumps"/>
  <testcase name="login" time="0.001" classname="com.externalApi.Dumps"/>
  <testcase name="login" time="0.002" classname="com.externalApi.Dumps"/>
  <testcase name="login" time="0.000" classname="com.externalApi.Dumps"/>
  <testcase name="login" time="0.001" classname="com.externalApi.Dumps"/>
  <testcase name="login" time="0.004" classname="com.externalApi.Dumps"/>
  <testcase name="login" time="0.003" classname="com.externalApi.Dumps"/>
  <testcase name="login" time="0.001" classname="com.externalApi.Dumps"/>
  <testcase name="login" time="0.000" classname="com.externalApi.Dumps"/>
  <testcase name="login" time="0.000" classname="com.externalApi.Dumps"/>
  <testcase name="login" time="0.002" classname="com.externalApi.Dumps"/>
  <testcase name="login" time="0.000" classname="com.externalApi.Dumps"/>
  <testcase name="login" time="0.000" classname="com.externalApi.Dumps"/>
  <testcase name="login" time="0.000" classname="com.externalApi.Dumps"/>
  <testcase name="login" time="0.001" classname="com.externalApi.Dumps"/>
  <testcase name="login" time="0.001" classname="com.externalApi.Dumps"/>
  <testcase name="login" time="0.000" classname="com.externalApi.Dumps"/>
  <testcase name="login" time="0.003" classname="com.externalApi.Dumps"/>
  <testcase name="login" time="0.000" classname="com.externalApi.Dumps"/>
  <testcase name="login" time="0.001" classname="com.externalApi.Dumps"/>
  <testcase name="login" time="0.001" classname="com.externalApi.Dumps"/>
  <testcase name="login" time="0.001" classname="com.externalApi.Dumps"/>
  <testcase name="login" time="0.000" classname="com.externalApi.Dumps"/>
  <testcase name="login" time="0.001" classname="com.externalApi.Dumps"/>
  <testcase name="login" time="0.001" classname="com.externalApi.Dumps"/>
  <testcase name="login" time="0.001" classname="com.externalApi.Dumps"/>
  <testcase name="login" time="0.002" classname="com.externalApi.Dumps"/>
  <testcase name="login" time="0.000" classname="com.externalApi.Dumps"/>
  <testcase name="login" time="0.000" classname="com.externalApi.Dumps"/>
  <testcase name="login" time="0.001" classname="com.externalApi.Dumps"/>
  <testcase name="login" time="0.000" classname="com.externalApi.Dumps"/>
  <testcase name="login" time="0.002" classname="com.externalApi.Dumps"/>
  <testcase name="login" time="0.000" classname="com.externalApi.Dumps"/>
  <testcase name="login" time="0.001" classname="com.externalApi.Dumps"/>
  <testcase name="login" time="0.001" classname="com.externalApi.Dumps"/>
  <testcase name="login" time="0.001" classname="com.externalApi.Dumps"/>
  <testcase name="login" time="0.001" classname="com.externalApi.Dumps"/>
  <testcase name="login" time="0.000" classname="com.externalApi.Dumps"/>
  <testcase name="login" time="0.000" classname="com.externalApi.Dumps"/>
  <testcase name="login" time="0.001" classname="com.externalApi.Dumps"/>
  <testcase name="login" time="0.000" classname="com.externalApi.Dumps"/>
  <testcase name="login" time="0.000" classname="com.externalApi.Dumps"/>
  <testcase name="login" time="0.000" classname="com.externalApi.Dumps"/>
  <testcase name="login" time="0.002" classname="com.externalApi.Dumps"/>
  <testcase name="login" time="0.001" classname="com.externalApi.Dumps"/>
  <testcase name="login" time="0.001" classname="com.externalApi.Dumps"/>
  <testcase name="login" time="0.000" classname="com.externalApi.Dumps"/>
  <testcase name="login" time="0.001" classname="com.externalApi.Dumps"/>
  <testcase name="login" time="0.000" classname="com.externalApi.Dumps"/>
  <testcase name="login" time="0.003" classname="com.externalApi.Dumps"/>
  <testcase name="login" time="0.001" classname="com.externalApi.Dumps"/>
  <testcase name="login" time="0.001" classname="com.externalApi.Dumps"/>
  <testcase name="login" time="0.001" classname="com.externalApi.Dumps"/>
  <testcase name="login" time="0.000" classname="com.externalApi.Dumps"/>
  <testcase name="login" time="0.000" classname="com.externalApi.Dumps"/>
  <testcase name="login" time="0.000" classname="com.externalApi.Dumps"/>
  <testcase name="login" time="0.001" classname="com.externalApi.Dumps"/>
  <testcase name="login" time="0.000" classname="com.externalApi.Dumps"/>
  <testcase name="login" time="0.001" classname="com.externalApi.Dumps"/>
  <testcase name="login" time="0.001" classname="com.externalApi.Dumps"/>
  <testcase name="login" time="0.000" classname="com.externalApi.Dumps"/>
  <testcase name="login" time="0.002" classname="com.externalApi.Dumps"/>
  <testcase name="login" time="0.001" classname="com.externalApi.Dumps"/>
  <testcase name="login" time="0.001" classname="com.externalApi.Dumps"/>
  <testcase name="login" time="0.000" classname="com.externalApi.Dumps"/>
  <testcase name="login" time="0.000" classname="com.externalApi.Dumps"/>
  <testcase name="login" time="0.000" classname="com.externalApi.Dumps"/>
  <testcase name="login" time="0.000" classname="com.externalApi.Dumps"/>
  <testcase name="login" time="0.000" classname="com.externalApi.Dumps"/>
  <testcase name="login" time="0.000" classname="com.externalApi.Dumps"/>
  <testcase name="login" time="0.000" classname="com.externalApi.Dumps"/>
  <testcase name="login" time="0.000" classname="com.externalApi.Dumps"/>
  <testcase name="login" time="0.000" classname="com.externalApi.Dumps"/>
  <testcase name="login" time="0.000" classname="com.externalApi.Dumps"/>
  <testcase name="login" time="0.000" classname="com.externalApi.Dumps"/>
  <testcase name="login" time="0.000" classname="com.externalApi.Dumps"/>
  <testcase name="login" time="0.001" classname="com.externalApi.Dumps"/>
  <testcase name="login" time="0.001" classname="com.externalApi.Dumps"/>
  <testcase name="login" time="0.001" classname="com.externalApi.Dumps"/>
  <testcase name="login" time="0.001" classname="com.externalApi.Dumps"/>
  <testcase name="login" time="0.000" classname="com.externalApi.Dumps"/>
  <testcase name="login" time="0.000" classname="com.externalApi.Dumps"/>
  <testcase name="login" time="0.000" classname="com.externalApi.Dumps"/>
  <testcase name="login" time="0.000" classname="com.externalApi.Dumps"/>
  <testcase name="login" time="0.001" classname="com.externalApi.Dumps"/>
  <testcase name="login" time="0.003" classname="com.externalApi.Dumps"/>
  <testcase name="login" time="0.002" classname="com.externalApi.Dumps"/>
  <testcase name="login" time="0.000" classname="com.externalApi.Dumps"/>
  <testcase name="login" time="0.000" classname="com.externalApi.Dumps"/>
  <testcase name="login" time="0.001" classname="com.externalApi.Dumps"/>
  <testcase name="login" time="0.000" classname="com.externalApi.Dumps"/>
  <testcase name="login" time="0.000" classname="com.externalApi.Dumps"/>
  <testcase name="login" time="0.001" classname="com.externalApi.Dumps"/>
  <testcase name="login" time="0.001" classname="com.externalApi.Dumps"/>
  <testcase name="login" time="0.002" classname="com.externalApi.Dumps"/>
  <testcase name="login" time="0.001" classname="com.externalApi.Dumps"/>
  <testcase name="login" time="0.000" classname="com.externalApi.Dumps"/>
  <testcase name="login" time="0.002" classname="com.externalApi.Dumps"/>
  <testcase name="login" time="0.001" classname="com.externalApi.Dumps"/>
  <testcase name="login" time="0.000" classname="com.externalApi.Dumps"/>
  <testcase name="login" time="0.000" classname="com.externalApi.Dumps"/>
  <testcase name="login" time="0.000" classname="com.externalApi.Dumps"/>
  <testcase name="login" time="0.001" classname="com.externalApi.Dumps"/>
  <testcase name="login" time="0.000" classname="com.externalApi.Dumps"/>
  <testcase name="login" time="0.000" classname="com.externalApi.Dumps"/>
  <testcase name="login" time="0.000" classname="com.externalApi.Dumps"/>
  <testcase name="login" time="0.001" classname="com.externalApi.Dumps"/>
  <testcase name="login" time="0.000" classname="com.externalApi.Dumps"/>
  <testcase name="login" time="0.000" classname="com.externalApi.Dumps"/>
  <testcase name="login" time="0.001" classname="com.externalApi.Dumps"/>
  <testcase name="login" time="0.001" classname="com.externalApi.Dumps"/>
  <testcase name="login" time="0.000" classname="com.externalApi.Dumps"/>
  <testcase name="login" time="0.000" classname="com.externalApi.Dumps"/>
  <testcase name="login" time="0.001" classname="com.externalApi.Dumps"/>
  <testcase name="login" time="0.000" classname="com.externalApi.Dumps"/>
  <testcase name="login" time="0.000" classname="com.externalApi.Dumps"/>
  <testcase name="login" time="0.000" classname="com.externalApi.Dumps"/>
  <testcase name="login" time="0.000" classname="com.externalApi.Dumps"/>
  <testcase name="login" time="0.000" classname="com.externalApi.Dumps"/>
  <testcase name="login" time="0.001" classname="com.externalApi.Dumps"/>
  <testcase name="login" time="0.001" classname="com.externalApi.Dumps"/>
  <testcase name="login" time="0.000" classname="com.externalApi.Dumps"/>
  <testcase name="login" time="0.001" classname="com.externalApi.Dumps"/>
  <testcase name="login" time="0.000" classname="com.externalApi.Dumps"/>
  <testcase name="login" time="0.001" classname="com.externalApi.Dumps"/>
  <testcase name="login" time="0.000" classname="com.externalApi.Dumps"/>
  <testcase name="login" time="0.000" classname="com.externalApi.Dumps"/>
  <testcase name="login" time="0.000" classname="com.externalApi.Dumps"/>
  <testcase name="login" time="0.000" classname="com.externalApi.Dumps"/>
  <testcase name="login" time="0.002" classname="com.externalApi.Dumps"/>
  <testcase name="login" time="0.001" classname="com.externalApi.Dumps"/>
  <testcase name="login" time="0.000" classname="com.externalApi.Dumps"/>
  <testcase name="login" time="0.001" classname="com.externalApi.Dumps"/>
  <testcase name="login" time="0.001" classname="com.externalApi.Dumps"/>
  <testcase name="login" time="0.000" classname="com.externalApi.Dumps"/>
  <testcase name="login" time="0.000" classname="com.externalApi.Dumps"/>
  <testcase name="login" time="0.001" classname="com.externalApi.Dumps"/>
  <testcase name="login" time="0.000" classname="com.externalApi.Dumps"/>
  <testcase name="login" time="0.000" classname="com.externalApi.Dumps"/>
  <testcase name="login" time="0.000" classname="com.externalApi.Dumps"/>
  <testcase name="login" time="0.000" classname="com.externalApi.Dumps"/>
  <testcase name="login" time="0.001" classname="com.externalApi.Dumps"/>
  <testcase name="login" time="0.000" classname="com.externalApi.Dumps"/>
  <testcase name="login" time="0.000" classname="com.externalApi.Dumps"/>
  <testcase name="login" time="0.000" classname="com.externalApi.Dumps"/>
  <testcase name="login" time="0.000" classname="com.externalApi.Dumps"/>
  <testcase name="login" time="0.001" classname="com.externalApi.Dumps"/>
  <testcase name="login" time="0.001" classname="com.externalApi.Dumps"/>
  <testcase name="login" time="0.001" classname="com.externalApi.Dumps"/>
  <testcase name="login" time="0.000" classname="com.externalApi.Dumps"/>
  <testcase name="login" time="0.000" classname="com.externalApi.Dumps"/>
  <testcase name="login" time="0.000" classname="com.externalApi.Dumps"/>
  <testcase name="login" time="0.001" classname="com.externalApi.Dumps"/>
  <testcase name="login" time="0.000" classname="com.externalApi.Dumps"/>
  <testcase name="login" time="0.001" classname="com.externalApi.Dumps"/>
  <testcase name="login" time="0.000" classname="com.externalApi.Dumps"/>
  <testcase name="login" time="0.003" classname="com.externalApi.Dumps"/>
  <testcase name="login" time="0.001" classname="com.externalApi.Dumps"/>
  <testcase name="login" time="0.008" classname="com.externalApi.Dumps"/>
  <testcase name="login" time="0.001" classname="com.externalApi.Dumps"/>
  <testcase name="login" time="0.000" classname="com.externalApi.Dumps"/>
  <testcase name="login" time="0.000" classname="com.externalApi.Dumps"/>
  <testcase name="login" time="0.002" classname="com.externalApi.Dumps"/>
  <testcase name="login" time="0.000" classname="com.externalApi.Dumps"/>
  <testcase name="login" time="0.001" classname="com.externalApi.Dumps"/>
  <testcase name="login" time="0.000" classname="com.externalApi.Dumps"/>
  <testcase name="login" time="0.000" classname="com.externalApi.Dumps"/>
  <testcase name="login" time="0.001" classname="com.externalApi.Dumps"/>
  <testcase name="login" time="0.000" classname="com.externalApi.Dumps"/>
  <testcase name="login" time="0.001" classname="com.externalApi.Dumps"/>
  <testcase name="login" time="0.001" classname="com.externalApi.Dumps"/>
  <testcase name="login" time="0.000" classname="com.externalApi.Dumps"/>
  <testcase name="login" time="0.000" classname="com.externalApi.Dumps"/>
  <testcase name="login" time="0.001" classname="com.externalApi.Dumps"/>
  <testcase name="login" time="0.001" classname="com.externalApi.Dumps"/>
  <testcase name="login" time="0.004" classname="com.externalApi.Dumps"/>
  <testcase name="login" time="0.000" classname="com.externalApi.Dumps"/>
  <testcase name="login" time="0.000" classname="com.externalApi.Dumps"/>
  <testcase name="login" time="0.000" classname="com.externalApi.Dumps"/>
  <testcase name="login" time="0.002" classname="com.externalApi.Dumps"/>
  <testcase name="login" time="0.001" classname="com.externalApi.Dumps"/>
  <testcase name="login" time="0.004" classname="com.externalApi.Dumps"/>
  <testcase name="login" time="0.001" classname="com.externalApi.Dumps"/>
  <testcase name="login" time="0.001" classname="com.externalApi.Dumps"/>
  <testcase name="login" time="0.000" classname="com.externalApi.Dumps"/>
  <testcase name="login" time="0.001" classname="com.externalApi.Dumps"/>
  <testcase name="login" time="0.000" classname="com.externalApi.Dumps"/>
  <testcase name="login" time="0.001" classname="com.externalApi.Dumps"/>
  <testcase name="login" time="0.000" classname="com.externalApi.Dumps"/>
  <testcase name="login" time="0.000" classname="com.externalApi.Dumps"/>
  <testcase name="login" time="0.000" classname="com.externalApi.Dumps"/>
  <testcase name="login" time="0.000" classname="com.externalApi.Dumps"/>
  <testcase name="login" time="0.000" classname="com.externalApi.Dumps"/>
  <testcase name="login" time="0.000" classname="com.externalApi.Dumps"/>
  <testcase name="login" time="0.001" classname="com.externalApi.Dumps"/>
  <testcase name="login" time="0.001" classname="com.externalApi.Dumps"/>
  <testcase name="login" time="0.001" classname="com.externalApi.Dumps"/>
  <testcase name="login" time="0.000" classname="com.externalApi.Dumps"/>
  <testcase name="login" time="0.001" classname="com.externalApi.Dumps"/>
  <testcase name="login" time="0.000" classname="com.externalApi.Dumps"/>
  <testcase name="login" time="0.000" classname="com.externalApi.Dumps"/>
  <testcase name="login" time="0.001" classname="com.externalApi.Dumps"/>
  <testcase name="login" time="0.001" classname="com.externalApi.Dumps"/>
  <testcase name="login" time="0.002" classname="com.externalApi.Dumps"/>
  <testcase name="login" time="0.001" classname="com.externalApi.Dumps"/>
  <testcase name="login" time="0.001" classname="com.externalApi.Dumps"/>
  <testcase name="login" time="0.001" classname="com.externalApi.Dumps"/>
  <testcase name="login" time="0.001" classname="com.externalApi.Dumps"/>
  <testcase name="login" time="0.000" classname="com.externalApi.Dumps"/>
  <testcase name="login" time="0.000" classname="com.externalApi.Dumps"/>
  <testcase name="login" time="0.000" classname="com.externalApi.Dumps"/>
  <testcase name="login" time="0.001" classname="com.externalApi.Dumps"/>
  <testcase name="login" time="0.002" classname="com.externalApi.Dumps"/>
  <testcase name="login" time="0.001" classname="com.externalApi.Dumps"/>
  <testcase name="login" time="0.001" classname="com.externalApi.Dumps"/>
  <testcase name="login" time="0.030" classname="com.externalApi.Dumps"/>
  <testcase name="login" time="0.000" classname="com.externalApi.Dumps"/>
  <testcase name="login" time="0.000" classname="com.externalApi.Dumps"/>
  <testcase name="login" time="0.000" classname="com.externalApi.Dumps"/>
  <testcase name="login" time="0.001" classname="com.externalApi.Dumps"/>
  <testcase name="login" time="0.177" classname="com.externalApi.Dumps"/>
  <testcase name="login" time="0.000" classname="com.externalApi.Dumps"/>
  <testcase name="login" time="0.001" classname="com.externalApi.Dumps"/>
  <testcase name="login" time="0.001" classname="com.externalApi.Dumps"/>
  <testcase name="login" time="0.056" classname="com.externalApi.Dumps"/>
  <testcase name="login" time="0.000" classname="com.externalApi.Dumps"/>
  <testcase name="login" time="0.000" classname="com.externalApi.Dumps"/>
  <testcase name="login" time="0.001" classname="com.externalApi.Dumps"/>
  <testcase name="login" time="0.000" classname="com.externalApi.Dumps"/>
  <testcase name="login" time="0.000" classname="com.externalApi.Dumps"/>
  <testcase name="login" time="0.000" classname="com.externalApi.Dumps"/>
  <testcase name="login" time="0.001" classname="com.externalApi.Dumps"/>
  <testcase name="login" time="0.000" classname="com.externalApi.Dumps"/>
  <testcase name="login" time="0.001" classname="com.externalApi.Dumps"/>
  <testcase name="login" time="0.001" classname="com.externalApi.Dumps"/>
  <testcase name="login" time="0.001" classname="com.externalApi.Dumps"/>
  <testcase name="login" time="0.000" classname="com.externalApi.Dumps"/>
  <testcase name="login" time="0.001" classname="com.externalApi.Dumps"/>
  <testcase name="login" time="0.001" classname="com.externalApi.Dumps"/>
  <testcase name="login" time="0.000" classname="com.externalApi.Dumps"/>
  <testcase name="login" time="0.001" classname="com.externalApi.Dumps"/>
  <testcase name="login" time="0.000" classname="com.externalApi.Dumps"/>
  <testcase name="login" time="0.000" classname="com.externalApi.Dumps"/>
  <testcase name="login" time="0.000" classname="com.externalApi.Dumps"/>
  <testcase name="login" time="0.001" classname="com.externalApi.Dumps"/>
  <testcase name="login" time="0.001" classname="com.externalApi.Dumps"/>
  <testcase name="login" time="0.000" classname="com.externalApi.Dumps"/>
  <testcase name="login" time="0.001" classname="com.externalApi.Dumps"/>
  <testcase name="login" time="0.001" classname="com.externalApi.Dumps"/>
  <testcase name="login" time="0.000" classname="com.externalApi.Dumps"/>
  <testcase name="login" time="0.000" classname="com.externalApi.Dumps"/>
  <testcase name="login" time="0.013" classname="com.externalApi.Dumps"/>
  <testcase name="login" time="0.001" classname="com.externalApi.Dumps"/>
  <testcase name="login" time="0.001" classname="com.externalApi.Dumps"/>
  <testcase name="login" time="0.000" classname="com.externalApi.Dumps"/>
  <testcase name="login" time="0.001" classname="com.externalApi.Dumps"/>
  <testcase name="login" time="0.000" classname="com.externalApi.Dumps"/>
  <testcase name="login" time="0.000" classname="com.externalApi.Dumps"/>
  <testcase name="login" time="0.001" classname="com.externalApi.Dumps"/>
  <testcase name="login" time="0.001" classname="com.externalApi.Dumps"/>
  <testcase name="login" time="0.001" classname="com.externalApi.Dumps"/>
  <testcase name="login" time="0.001" classname="com.externalApi.Dumps"/>
  <testcase name="login" time="0.001" classname="com.externalApi.Dumps"/>
  <testcase name="login" time="0.000" classname="com.externalApi.Dumps"/>
  <testcase name="login" time="0.001" classname="com.externalApi.Dumps"/>
  <testcase name="login" time="0.001" classname="com.externalApi.Dumps"/>
  <testcase name="login" time="0.001" classname="com.externalApi.Dumps"/>
  <testcase name="login" time="0.000" classname="com.externalApi.Dumps"/>
  <testcase name="login" time="0.002" classname="com.externalApi.Dumps"/>
  <testcase name="login" time="0.001" classname="com.externalApi.Dumps"/>
  <testcase name="login" time="0.000" classname="com.externalApi.Dumps"/>
  <testcase name="login" time="0.000" classname="com.externalApi.Dumps"/>
  <testcase name="login" time="0.001" classname="com.externalApi.Dumps"/>
  <testcase name="login" time="0.000" classname="com.externalApi.Dumps"/>
  <testcase name="login" time="0.000" classname="com.externalApi.Dumps"/>
  <testcase name="login" time="0.000" classname="com.externalApi.Dumps"/>
  <testcase name="login" time="0.001" classname="com.externalApi.Dumps"/>
  <testcase name="login" time="0.001" classname="com.externalApi.Dumps"/>
  <testcase name="login" time="0.000" classname="com.externalApi.Dumps"/>
  <testcase name="login" time="0.000" classname="com.externalApi.Dumps"/>
  <testcase name="login" time="0.001" classname="com.externalApi.Dumps"/>
  <testcase name="login" time="0.000" classname="com.externalApi.Dumps"/>
  <testcase name="login" time="0.001" classname="com.externalApi.Dumps"/>
  <testcase name="login" time="0.001" classname="com.externalApi.Dumps"/>
  <testcase name="login" time="0.000" classname="com.externalApi.Dumps"/>
  <testcase name="login" time="0.000" classname="com.externalApi.Dumps"/>
  <testcase name="login" time="0.001" classname="com.externalApi.Dumps"/>
  <testcase name="login" time="0.001" classname="com.externalApi.Dumps"/>
  <testcase name="login" time="0.001" classname="com.externalApi.Dumps"/>
  <testcase name="login" time="0.001" classname="com.externalApi.Dumps"/>
  <testcase name="login" time="0.000" classname="com.externalApi.Dumps"/>
  <testcase name="login" time="0.000" classname="com.externalApi.Dumps"/>
  <testcase name="login" time="0.000" classname="com.externalApi.Dumps"/>
  <testcase name="login" time="0.000" classname="com.externalApi.Dumps"/>
  <testcase name="login" time="0.001" classname="com.externalApi.Dumps"/>
  <testcase name="login" time="0.000" classname="com.externalApi.Dumps"/>
  <testcase name="login" time="0.000" classname="com.externalApi.Dumps"/>
  <testcase name="login" time="0.000" classname="com.externalApi.Dumps"/>
  <testcase name="login" time="0.001" classname="com.externalApi.Dumps"/>
  <testcase name="login" time="0.000" classname="com.externalApi.Dumps"/>
  <testcase name="login" time="0.001" classname="com.externalApi.Dumps"/>
  <testcase name="login" time="0.000" classname="com.externalApi.Dumps"/>
  <testcase name="login" time="0.001" classname="com.externalApi.Dumps"/>
  <testcase name="login" time="0.000" classname="com.externalApi.Dumps"/>
  <testcase name="login" time="0.000" classname="com.externalApi.Dumps"/>
  <testcase name="login" time="0.001" classname="com.externalApi.Dumps"/>
  <testcase name="login" time="0.000" classname="com.externalApi.Dumps"/>
  <testcase name="login" time="0.001" classname="com.externalApi.Dumps"/>
  <testcase name="login" time="0.001" classname="com.externalApi.Dumps"/>
  <testcase name="login" time="0.001" classname="com.externalApi.Dumps"/>
  <testcase name="login" time="0.001" classname="com.externalApi.Dumps"/>
  <testcase name="login" time="0.000" classname="com.externalApi.Dumps"/>
  <testcase name="login" time="0.000" classname="com.externalApi.Dumps"/>
  <testcase name="login" time="0.001" classname="com.externalApi.Dumps"/>
  <testcase name="login" time="0.001" classname="com.externalApi.Dumps"/>
  <testcase name="login" time="0.004" classname="com.externalApi.Dumps"/>
  <testcase name="login" time="0.006" classname="com.externalApi.Dumps"/>
  <testcase name="login" time="0.001" classname="com.externalApi.Dumps"/>
  <testcase name="login" time="0.001" classname="com.externalApi.Dumps"/>
  <testcase name="login" time="0.000" classname="com.externalApi.Dumps"/>
  <testcase name="login" time="0.000" classname="com.externalApi.Dumps"/>
  <testcase name="login" time="0.001" classname="com.externalApi.Dumps"/>
  <testcase name="login" time="0.001" classname="com.externalApi.Dumps"/>
  <testcase name="login" time="0.000" classname="com.externalApi.Dumps"/>
  <testcase name="login" time="0.000" classname="com.externalApi.Dumps"/>
  <testcase name="login" time="0.000" classname="com.externalApi.Dumps"/>
  <testcase name="login" time="0.000" classname="com.externalApi.Dumps"/>
  <testcase name="login" time="0.000" classname="com.externalApi.Dumps"/>
  <testcase name="login" time="0.000" classname="com.externalApi.Dumps"/>
  <testcase name="login" time="0.002" classname="com.externalApi.Dumps"/>
  <testcase name="login" time="0.000" classname="com.externalApi.Dumps"/>
  <testcase name="login" time="0.002" classname="com.externalApi.Dumps"/>
  <testcase name="login" time="0.002" classname="com.externalApi.Dumps"/>
  <testcase name="login" time="0.000" classname="com.externalApi.Dumps"/>
  <testcase name="login" time="0.000" classname="com.externalApi.Dumps"/>
  <testcase name="login" time="0.000" classname="com.externalApi.Dumps"/>
  <testcase name="login" time="0.001" classname="com.externalApi.Dumps"/>
  <testcase name="login" time="0.000" classname="com.externalApi.Dumps"/>
  <testcase name="login" time="0.001" classname="com.externalApi.Dumps"/>
  <testcase name="login" time="0.001" classname="com.externalApi.Dumps"/>
  <testcase name="login" time="0.001" classname="com.externalApi.Dumps"/>
  <testcase name="login" time="0.001" classname="com.externalApi.Dumps"/>
  <testcase name="login" time="0.000" classname="com.externalApi.Dumps"/>
  <testcase name="login" time="0.000" classname="com.externalApi.Dumps"/>
  <testcase name="login" time="0.000" classname="com.externalApi.Dumps"/>
  <testcase name="login" time="0.001" classname="com.externalApi.Dumps"/>
  <testcase name="login" time="0.000" classname="com.externalApi.Dumps"/>
  <testcase name="login" time="0.000" classname="com.externalApi.Dumps"/>
  <testcase name="login" time="0.001" classname="com.externalApi.Dumps"/>
  <testcase name="login" time="0.001" classname="com.externalApi.Dumps"/>
  <testcase name="login" time="0.000" classname="com.externalApi.Dumps"/>
  <testcase name="login" time="0.001" classname="com.externalApi.Dumps"/>
  <testcase name="login" time="0.001" classname="com.externalApi.Dumps"/>
  <testcase name="login" time="0.001" classname="com.externalApi.Dumps"/>
  <testcase name="login" time="0.000" classname="com.externalApi.Dumps"/>
  <testcase name="login" time="0.000" classname="com.externalApi.Dumps"/>
  <testcase name="login" time="0.003" classname="com.externalApi.Dumps"/>
  <testcase name="login" time="0.002" classname="com.externalApi.Dumps"/>
  <testcase name="login" time="0.000" classname="com.externalApi.Dumps"/>
  <testcase name="login" time="0.000" classname="com.externalApi.Dumps"/>
  <testcase name="login" time="0.000" classname="com.externalApi.Dumps"/>
  <testcase name="login" time="0.000" classname="com.externalApi.Dumps"/>
  <testcase name="login" time="0.001" classname="com.externalApi.Dumps"/>
  <testcase name="login" time="0.001" classname="com.externalApi.Dumps"/>
  <testcase name="login" time="0.001" classname="com.externalApi.Dumps"/>
  <testcase name="login" time="0.000" classname="com.externalApi.Dumps"/>
  <testcase name="login" time="0.000" classname="com.externalApi.Dumps"/>
  <testcase name="login" time="0.001" classname="com.externalApi.Dumps"/>
  <testcase name="login" time="0.000" classname="com.externalApi.Dumps"/>
  <testcase name="login" time="0.001" classname="com.externalApi.Dumps"/>
  <testcase name="login" time="0.000" classname="com.externalApi.Dumps"/>
  <testcase name="login" time="0.000" classname="com.externalApi.Dumps"/>
  <testcase name="login" time="0.004" classname="com.externalApi.Dumps"/>
  <testcase name="login" time="0.000" classname="com.externalApi.Dumps"/>
  <testcase name="login" time="0.001" classname="com.externalApi.Dumps"/>
  <testcase name="login" time="0.000" classname="com.externalApi.Dumps"/>
  <testcase name="login" time="0.000" classname="com.externalApi.Dumps"/>
  <testcase name="login" time="0.000" classname="com.externalApi.Dumps"/>
  <testcase name="login" time="0.002" classname="com.externalApi.Dumps"/>
  <testcase name="login" time="0.000" classname="com.externalApi.Dumps"/>
  <testcase name="login" time="0.001" classname="com.externalApi.Dumps"/>
  <testcase name="login" time="0.000" classname="com.externalApi.Dumps"/>
  <testcase name="login" time="0.000" classname="com.externalApi.Dumps"/>
  <testcase name="login" time="0.000" classname="com.externalApi.Dumps"/>
  <testcase name="login" time="0.000" classname="com.externalApi.Dumps"/>
  <testcase name="login" time="0.000" classname="com.externalApi.Dumps"/>
  <testcase name="login" time="0.000" classname="com.externalApi.Dumps"/>
  <testcase name="login" time="0.002" classname="com.externalApi.Dumps"/>
  <testcase name="login" time="0.000" classname="com.externalApi.Dumps"/>
  <testcase name="login" time="0.000" classname="com.externalApi.Dumps"/>
  <testcase name="login" time="0.001" classname="com.externalApi.Dumps"/>
  <testcase name="login" time="0.000" classname="com.externalApi.Dumps"/>
  <testcase name="login" time="0.001" classname="com.externalApi.Dumps"/>
  <testcase name="login" time="0.001" classname="com.externalApi.Dumps"/>
  <testcase name="login" time="0.000" classname="com.externalApi.Dumps"/>
  <testcase name="login" time="0.000" classname="com.externalApi.Dumps"/>
  <testcase name="login" time="0.001" classname="com.externalApi.Dumps"/>
  <testcase name="login" time="0.001" classname="com.externalApi.Dumps"/>
  <testcase name="login" time="0.000" classname="com.externalApi.Dumps"/>
  <testcase name="login" time="0.005" classname="com.externalApi.Dumps"/>
  <testcase name="login" time="0.000" classname="com.externalApi.Dumps"/>
  <testcase name="login" time="0.001" classname="com.externalApi.Dumps"/>
  <testcase name="login" time="0.000" classname="com.externalApi.Dumps"/>
  <testcase name="login" time="0.001" classname="com.externalApi.Dumps"/>
  <testcase name="login" time="0.001" classname="com.externalApi.Dumps"/>
  <testcase name="login" time="0.001" classname="com.externalApi.Dumps"/>
  <testcase name="login" time="0.000" classname="com.externalApi.Dumps"/>
  <testcase name="login" time="0.000" classname="com.externalApi.Dumps"/>
  <testcase name="login" time="0.000" classname="com.externalApi.Dumps"/>
  <testcase name="login" time="0.001" classname="com.externalApi.Dumps"/>
  <testcase name="login" time="0.001" classname="com.externalApi.Dumps"/>
  <testcase name="login" time="0.000" classname="com.externalApi.Dumps"/>
  <testcase name="login" time="0.000" classname="com.externalApi.Dumps"/>
  <testcase name="login" time="0.000" classname="com.externalApi.Dumps"/>
  <testcase name="login" time="0.000" classname="com.externalApi.Dumps"/>
  <testcase name="login" time="0.000" classname="com.externalApi.Dumps"/>
  <testcase name="login" time="0.000" classname="com.externalApi.Dumps"/>
  <testcase name="login" time="0.000" classname="com.externalApi.Dumps"/>
  <testcase name="login" time="0.000" classname="com.externalApi.Dumps"/>
  <testcase name="login" time="0.001" classname="com.externalApi.Dumps"/>
  <testcase name="login" time="0.000" classname="com.externalApi.Dumps"/>
  <testcase name="login" time="0.000" classname="com.externalApi.Dumps"/>
  <testcase name="login" time="0.000" classname="com.externalApi.Dumps"/>
  <testcase name="login" time="0.001" classname="com.externalApi.Dumps"/>
  <testcase name="login" time="0.002" classname="com.externalApi.Dumps"/>
  <testcase name="login" time="0.001" classname="com.externalApi.Dumps"/>
  <testcase name="login" time="0.000" classname="com.externalApi.Dumps"/>
  <testcase name="login" time="0.000" classname="com.externalApi.Dumps"/>
  <testcase name="login" time="0.000" classname="com.externalApi.Dumps"/>
  <testcase name="login" time="0.000" classname="com.externalApi.Dumps"/>
  <testcase name="login" time="0.000" classname="com.externalApi.Dumps"/>
  <testcase name="login" time="0.000" classname="com.externalApi.Dumps"/>
  <testcase name="login" time="0.000" classname="com.externalApi.Dumps"/>
  <testcase name="login" time="0.000" classname="com.externalApi.Dumps"/>
  <testcase name="login" time="0.003" classname="com.externalApi.Dumps"/>
  <testcase name="login" time="0.000" classname="com.externalApi.Dumps"/>
  <testcase name="login" time="0.000" classname="com.externalApi.Dumps"/>
  <testcase name="login" time="0.000" classname="com.externalApi.Dumps"/>
  <testcase name="login" time="0.000" classname="com.externalApi.Dumps"/>
  <testcase name="login" time="0.001" classname="com.externalApi.Dumps"/>
  <testcase name="login" time="0.000" classname="com.externalApi.Dumps"/>
  <testcase name="login" time="0.001" classname="com.externalApi.Dumps"/>
  <testcase name="login" time="0.001" classname="com.externalApi.Dumps"/>
  <testcase name="login" time="0.000" classname="com.externalApi.Dumps"/>
  <testcase name="login" time="0.001" classname="com.externalApi.Dumps"/>
  <testcase name="login" time="0.001" classname="com.externalApi.Dumps"/>
  <testcase name="login" time="0.000" classname="com.externalApi.Dumps"/>
  <testcase name="login" time="0.002" classname="com.externalApi.Dumps"/>
  <testcase name="login" time="0.000" classname="com.externalApi.Dumps"/>
  <testcase name="login" time="0.001" classname="com.externalApi.Dumps"/>
  <testcase name="login" time="0.002" classname="com.externalApi.Dumps"/>
  <testcase name="login" time="0.000" classname="com.externalApi.Dumps"/>
  <testcase name="login" time="0.000" classname="com.externalApi.Dumps"/>
  <testcase name="login" time="0.001" classname="com.externalApi.Dumps"/>
  <testcase name="login" time="0.000" classname="com.externalApi.Dumps"/>
  <testcase name="login" time="0.001" classname="com.externalApi.Dumps"/>
  <testcase name="login" time="0.000" classname="com.externalApi.Dumps"/>
  <testcase name="login" time="0.000" classname="com.externalApi.Dumps"/>
  <testcase name="login" time="0.001" classname="com.externalApi.Dumps"/>
  <testcase name="login" time="0.000" classname="com.externalApi.Dumps"/>
  <testcase name="login" time="0.002" classname="com.externalApi.Dumps"/>
  <testcase name="login" time="0.000" classname="com.externalApi.Dumps"/>
  <testcase name="login" time="0.001" classname="com.externalApi.Dumps"/>
  <testcase name="login" time="0.000" classname="com.externalApi.Dumps"/>
  <testcase name="login" time="0.000" classname="com.externalApi.Dumps"/>
  <testcase name="login" time="0.000" classname="com.externalApi.Dumps"/>
  <testcase name="login" time="0.000" classname="com.externalApi.Dumps"/>
  <testcase name="login" time="0.001" classname="com.externalApi.Dumps"/>
  <testcase name="login" time="0.001" classname="com.externalApi.Dumps"/>
  <testcase name="login" time="0.001" classname="com.externalApi.Dumps"/>
  <testcase name="login" time="0.000" classname="com.externalApi.Dumps"/>
  <testcase name="login" time="0.001" classname="com.externalApi.Dumps"/>
  <testcase name="login" time="0.000" classname="com.externalApi.Dumps"/>
  <testcase name="login" time="0.000" classname="com.externalApi.Dumps"/>
  <testcase name="login" time="0.000" classname="com.externalApi.Dumps"/>
  <testcase name="login" time="0.001" classname="com.externalApi.Dumps"/>
  <testcase name="login" time="0.001" classname="com.externalApi.Dumps"/>
  <testcase name="login" time="0.000" classname="com.externalApi.Dumps"/>
  <testcase name="login" time="0.000" classname="com.externalApi.Dumps"/>
  <testcase name="login" time="0.001" classname="com.externalApi.Dumps"/>
  <testcase name="login" time="0.001" classname="com.externalApi.Dumps"/>
  <testcase name="login" time="0.000" classname="com.externalApi.Dumps"/>
  <testcase name="login" time="0.001" classname="com.externalApi.Dumps"/>
  <testcase name="login" time="0.000" classname="com.externalApi.Dumps"/>
  <testcase name="login" time="0.001" classname="com.externalApi.Dumps"/>
  <testcase name="login" time="0.001" classname="com.externalApi.Dumps"/>
  <testcase name="login" time="0.000" classname="com.externalApi.Dumps"/>
  <testcase name="login" time="0.000" classname="com.externalApi.Dumps"/>
  <testcase name="login" time="0.001" classname="com.externalApi.Dumps"/>
  <testcase name="login" time="0.001" classname="com.externalApi.Dumps"/>
  <testcase name="login" time="0.001" classname="com.externalApi.Dumps"/>
  <testcase name="login" time="0.000" classname="com.externalApi.Dumps"/>
  <testcase name="login" time="0.001" classname="com.externalApi.Dumps"/>
  <testcase name="login" time="0.000" classname="com.externalApi.Dumps"/>
  <testcase name="login" time="0.000" classname="com.externalApi.Dumps"/>
  <testcase name="login" time="0.000" classname="com.externalApi.Dumps"/>
  <testcase name="login" time="0.001" classname="com.externalApi.Dumps"/>
  <testcase name="login" time="0.001" classname="com.externalApi.Dumps"/>
  <testcase name="login" time="0.001" classname="com.externalApi.Dumps"/>
  <testcase name="login" time="0.001" classname="com.externalApi.Dumps"/>
  <testcase name="login" time="0.001" classname="com.externalApi.Dumps"/>
  <testcase name="login" time="0.001" classname="com.externalApi.Dumps"/>
  <testcase name="login" time="0.000" classname="com.externalApi.Dumps"/>
  <testcase name="login" time="0.001" classname="com.externalApi.Dumps"/>
  <testcase name="login" time="0.000" classname="com.externalApi.Dumps"/>
  <testcase name="login" time="0.000" classname="com.externalApi.Dumps"/>
  <testcase name="login" time="0.001" classname="com.externalApi.Dumps"/>
  <testcase name="login" time="0.000" classname="com.externalApi.Dumps"/>
  <testcase name="login" time="0.001" classname="com.externalApi.Dumps"/>
  <testcase name="login" time="0.001" classname="com.externalApi.Dumps"/>
  <testcase name="login" time="0.000" classname="com.externalApi.Dumps"/>
  <testcase name="login" time="0.001" classname="com.externalApi.Dumps"/>
  <testcase name="login" time="0.001" classname="com.externalApi.Dumps"/>
  <testcase name="login" time="0.001" classname="com.externalApi.Dumps"/>
  <testcase name="login" time="0.001" classname="com.externalApi.Dumps"/>
  <testcase name="login" time="0.001" classname="com.externalApi.Dumps"/>
  <testcase name="login" time="0.000" classname="com.externalApi.Dumps"/>
  <testcase name="login" time="0.000" classname="com.externalApi.Dumps"/>
  <testcase name="login" time="0.001" classname="com.externalApi.Dumps"/>
  <testcase name="login" time="0.000" classname="com.externalApi.Dumps"/>
  <testcase name="login" time="0.000" classname="com.externalApi.Dumps"/>
  <testcase name="login" time="0.001" classname="com.externalApi.Dumps"/>
  <testcase name="login" time="0.002" classname="com.externalApi.Dumps"/>
  <testcase name="login" time="0.000" classname="com.externalApi.Dumps"/>
  <testcase name="login" time="0.000" classname="com.externalApi.Dumps"/>
  <testcase name="login" time="0.001" classname="com.externalApi.Dumps"/>
  <testcase name="login" time="0.000" classname="com.externalApi.Dumps"/>
  <testcase name="login" time="0.001" classname="com.externalApi.Dumps"/>
  <testcase name="login" time="0.000" classname="com.externalApi.Dumps"/>
  <testcase name="login" time="0.000" classname="com.externalApi.Dumps"/>
  <testcase name="login" time="0.001" classname="com.externalApi.Dumps"/>
  <testcase name="login" time="0.001" classname="com.externalApi.Dumps"/>
  <testcase name="login" time="0.001" classname="com.externalApi.Dumps"/>
  <testcase name="login" time="0.000" classname="com.externalApi.Dumps"/>
  <testcase name="login" time="0.000" classname="com.externalApi.Dumps"/>
  <testcase name="login" time="0.001" classname="com.externalApi.Dumps"/>
  <testcase name="login" time="0.000" classname="com.externalApi.Dumps"/>
  <testcase name="login" time="0.001" classname="com.externalApi.Dumps"/>
  <testcase name="login" time="0.001" classname="com.externalApi.Dumps"/>
  <testcase name="login" time="0.000" classname="com.externalApi.Dumps"/>
  <testcase name="login" time="0.001" classname="com.externalApi.Dumps"/>
  <testcase name="login" time="0.000" classname="com.externalApi.Dumps"/>
  <testcase name="login" time="0.001" classname="com.externalApi.Dumps"/>
  <testcase name="login" time="0.000" classname="com.externalApi.Dumps"/>
  <testcase name="login" time="0.000" classname="com.externalApi.Dumps"/>
  <testcase name="login" time="0.000" classname="com.externalApi.Dumps"/>
  <testcase name="login" time="0.000" classname="com.externalApi.Dumps"/>
  <testcase name="login" time="0.002" classname="com.externalApi.Dumps"/>
  <testcase name="login" time="0.002" classname="com.externalApi.Dumps"/>
  <testcase name="login" time="0.000" classname="com.externalApi.Dumps"/>
  <testcase name="login" time="0.001" classname="com.externalApi.Dumps"/>
  <testcase name="login" time="0.001" classname="com.externalApi.Dumps"/>
  <testcase name="login" time="0.000" classname="com.externalApi.Dumps"/>
  <testcase name="login" time="0.001" classname="com.externalApi.Dumps"/>
  <testcase name="login" time="0.001" classname="com.externalApi.Dumps"/>
  <testcase name="login" time="0.001" classname="com.externalApi.Dumps"/>
  <testcase name="login" time="0.001" classname="com.externalApi.Dumps"/>
  <testcase name="login" time="0.000" classname="com.externalApi.Dumps"/>
  <testcase name="login" time="0.000" classname="com.externalApi.Dumps"/>
  <testcase name="login" time="0.000" classname="com.externalApi.Dumps"/>
  <testcase name="login" time="0.001" classname="com.externalApi.Dumps"/>
  <testcase name="login" time="0.000" classname="com.externalApi.Dumps"/>
  <testcase name="login" time="0.001" classname="com.externalApi.Dumps"/>
  <testcase name="login" time="0.000" classname="com.externalApi.Dumps"/>
  <testcase name="login" time="0.000" classname="com.externalApi.Dumps"/>
  <testcase name="login" time="0.001" classname="com.externalApi.Dumps"/>
  <testcase name="login" time="0.001" classname="com.externalApi.Dumps"/>
  <testcase name="login" time="0.001" classname="com.externalApi.Dumps"/>
  <testcase name="login" time="0.001" classname="com.externalApi.Dumps"/>
  <testcase name="login" time="0.000" classname="com.externalApi.Dumps"/>
  <testcase name="login" time="0.001" classname="com.externalApi.Dumps"/>
  <testcase name="login" time="0.001" classname="com.externalApi.Dumps"/>
  <testcase name="login" time="0.000" classname="com.externalApi.Dumps"/>
  <testcase name="login" time="0.000" classname="com.externalApi.Dumps"/>
  <testcase name="login" time="0.000" classname="com.externalApi.Dumps"/>
  <testcase name="login" time="0.000" classname="com.externalApi.Dumps"/>
  <testcase name="login" time="0.000" classname="com.externalApi.Dumps"/>
  <testcase name="login" time="0.000" classname="com.externalApi.Dumps"/>
  <testcase name="login" time="0.001" classname="com.externalApi.Dumps"/>
  <testcase name="login" time="0.000" classname="com.externalApi.Dumps"/>
  <testcase name="login" time="0.001" classname="com.externalApi.Dumps"/>
  <testcase name="login" time="0.002" classname="com.externalApi.Dumps"/>
  <testcase name="login" time="0.001" classname="com.externalApi.Dumps"/>
  <testcase name="login" time="0.001" classname="com.externalApi.Dumps"/>
  <testcase name="login" time="0.695" classname="com.externalApi.Dumps"/>
  <testcase name="login" time="0.000" classname="com.externalApi.Dumps"/>
  <testcase name="login" time="0.001" classname="com.externalApi.Dumps"/>
  <testcase name="login" time="0.000" classname="com.externalApi.Dumps"/>
  <testcase name="login" time="0.000" classname="com.externalApi.Dumps"/>
  <testcase name="login" time="0.001" classname="com.externalApi.Dumps"/>
  <testcase name="login" time="0.000" classname="com.externalApi.Dumps"/>
  <testcase name="login" time="0.000" classname="com.externalApi.Dumps"/>
  <testcase name="login" time="0.001" classname="com.externalApi.Dumps"/>
  <testcase name="login" time="0.000" classname="com.externalApi.Dumps"/>
  <testcase name="login" time="0.001" classname="com.externalApi.Dumps"/>
  <testcase name="login" time="0.000" classname="com.externalApi.Dumps"/>
  <testcase name="login" time="0.000" classname="com.externalApi.Dumps"/>
  <testcase name="login" time="0.000" classname="com.externalApi.Dumps"/>
  <testcase name="login" time="0.001" classname="com.externalApi.Dumps"/>
  <testcase name="login" time="0.001" classname="com.externalApi.Dumps"/>
  <testcase name="login" time="0.000" classname="com.externalApi.Dumps"/>
  <testcase name="login" time="0.000" classname="com.externalApi.Dumps"/>
  <testcase name="login" time="0.001" classname="com.externalApi.Dumps"/>
  <testcase name="login" time="0.000" classname="com.externalApi.Dumps"/>
  <testcase name="login" time="0.000" classname="com.externalApi.Dumps"/>
  <testcase name="login" time="0.000" classname="com.externalApi.Dumps"/>
  <testcase name="login" time="0.001" classname="com.externalApi.Dumps"/>
  <testcase name="login" time="0.000" classname="com.externalApi.Dumps"/>
  <testcase name="login" time="0.000" classname="com.externalApi.Dumps"/>
  <testcase name="login" time="0.000" classname="com.externalApi.Dumps"/>
  <testcase name="login" time="0.001" classname="com.externalApi.Dumps"/>
  <testcase name="login" time="0.000" classname="com.externalApi.Dumps"/>
  <testcase name="login" time="0.001" classname="com.externalApi.Dumps"/>
  <testcase name="login" time="0.001" classname="com.externalApi.Dumps"/>
  <testcase name="login" time="0.000" classname="com.externalApi.Dumps"/>
  <testcase name="login" time="0.000" classname="com.externalApi.Dumps"/>
  <testcase name="login" time="0.002" classname="com.externalApi.Dumps"/>
  <testcase name="login" time="0.001" classname="com.externalApi.Dumps"/>
  <testcase name="login" time="0.000" classname="com.externalApi.Dumps"/>
  <testcase name="login" time="0.001" classname="com.externalApi.Dumps"/>
  <testcase name="login" time="0.000" classname="com.externalApi.Dumps"/>
  <testcase name="login" time="0.000" classname="com.externalApi.Dumps"/>
  <testcase name="login" time="0.001" classname="com.externalApi.Dumps"/>
  <testcase name="login" time="0.002" classname="com.externalApi.Dumps"/>
  <testcase name="login" time="0.001" classname="com.externalApi.Dumps"/>
  <testcase name="login" time="0.000" classname="com.externalApi.Dumps"/>
  <testcase name="login" time="0.000" classname="com.externalApi.Dumps"/>
  <testcase name="login" time="0.000" classname="com.externalApi.Dumps"/>
  <testcase name="login" time="0.000" classname="com.externalApi.Dumps"/>
  <testcase name="login" time="0.000" classname="com.externalApi.Dumps"/>
  <testcase name="login" time="0.000" classname="com.externalApi.Dumps"/>
  <testcase name="login" time="0.000" classname="com.externalApi.Dumps"/>
  <testcase name="login" time="0.082" classname="com.externalApi.Dumps"/>
  <testcase name="login" time="0.001" classname="com.externalApi.Dumps"/>
  <testcase name="login" time="0.050" classname="com.externalApi.Dumps"/>
  <testcase name="login" time="0.000" classname="com.externalApi.Dumps"/>
  <testcase name="login" time="0.000" classname="com.externalApi.Dumps"/>
  <testcase name="login" time="0.000" classname="com.externalApi.Dumps"/>
  <testcase name="login" time="0.001" classname="com.externalApi.Dumps"/>
  <testcase name="login" time="0.000" classname="com.externalApi.Dumps"/>
  <testcase name="login" time="0.001" classname="com.externalApi.Dumps"/>
  <testcase name="login" time="0.000" classname="com.externalApi.Dumps"/>
  <testcase name="login" time="0.000" classname="com.externalApi.Dumps"/>
  <testcase name="login" time="0.001" classname="com.externalApi.Dumps"/>
  <testcase name="login" time="0.001" classname="com.externalApi.Dumps"/>
  <testcase name="login" time="0.001" classname="com.externalApi.Dumps"/>
  <testcase name="login" time="0.002" classname="com.externalApi.Dumps"/>
  <testcase name="login" time="0.001" classname="com.externalApi.Dumps"/>
  <testcase name="login" time="0.002" classname="com.externalApi.Dumps"/>
  <testcase name="login" time="0.001" classname="com.externalApi.Dumps"/>
  <testcase name="login" time="0.000" classname="com.externalApi.Dumps"/>
  <testcase name="login" time="0.000" classname="com.externalApi.Dumps"/>
  <testcase name="login" time="0.000" classname="com.externalApi.Dumps"/>
  <testcase name="login" time="0.000" classname="com.externalApi.Dumps"/>
  <testcase name="login" time="0.000" classname="com.externalApi.Dumps"/>
  <testcase name="login" time="0.001" classname="com.externalApi.Dumps"/>
  <testcase name="login" time="0.348" classname="com.externalApi.Dumps"/>
  <testcase name="login" time="0.000" classname="com.externalApi.Dumps"/>
  <testcase name="login" time="0.001" classname="com.externalApi.Dumps"/>
  <testcase name="login" time="0.001" classname="com.externalApi.Dumps"/>
  <testcase name="login" time="0.001" classname="com.externalApi.Dumps"/>
  <testcase name="login" time="0.000" classname="com.externalApi.Dumps"/>
  <testcase name="login" time="0.001" classname="com.externalApi.Dumps"/>
  <testcase name="login" time="0.000" classname="com.externalApi.Dumps"/>
  <testcase name="login" time="0.001" classname="com.externalApi.Dumps"/>
  <testcase name="login" time="0.000" classname="com.externalApi.Dumps"/>
  <testcase name="login" time="0.001" classname="com.externalApi.Dumps"/>
  <testcase name="login" time="0.001" classname="com.externalApi.Dumps"/>
  <testcase name="login" time="0.000" classname="com.externalApi.Dumps"/>
  <testcase name="login" time="0.001" classname="com.externalApi.Dumps"/>
  <testcase name="login" time="0.000" classname="com.externalApi.Dumps"/>
  <testcase name="login" time="0.001" classname="com.externalApi.Dumps"/>
  <testcase name="login" time="0.001" classname="com.externalApi.Dumps"/>
  <testcase name="login" time="0.000" classname="com.externalApi.Dumps"/>
  <testcase name="login" time="0.000" classname="com.externalApi.Dumps"/>
  <testcase name="login" time="0.001" classname="com.externalApi.Dumps"/>
  <testcase name="login" time="0.001" classname="com.externalApi.Dumps"/>
  <testcase name="login" time="0.001" classname="com.externalApi.Dumps"/>
  <testcase name="login" time="0.001" classname="com.externalApi.Dumps"/>
  <testcase name="login" time="0.000" classname="com.externalApi.Dumps"/>
  <testcase name="login" time="0.001" classname="com.externalApi.Dumps"/>
  <testcase name="login" time="0.000" classname="com.externalApi.Dumps"/>
  <testcase name="login" time="0.000" classname="com.externalApi.Dumps"/>
  <testcase name="login" time="0.000" classname="com.externalApi.Dumps"/>
  <testcase name="login" time="0.000" classname="com.externalApi.Dumps"/>
  <testcase name="login" time="0.000" classname="com.externalApi.Dumps"/>
  <testcase name="login" time="0.001" classname="com.externalApi.Dumps"/>
  <testcase name="login" time="0.001" classname="com.externalApi.Dumps"/>
  <testcase name="login" time="0.000" classname="com.externalApi.Dumps"/>
  <testcase name="login" time="0.001" classname="com.externalApi.Dumps"/>
  <testcase name="login" time="0.001" classname="com.externalApi.Dumps"/>
  <testcase name="login" time="0.000" classname="com.externalApi.Dumps"/>
  <testcase name="login" time="0.001" classname="com.externalApi.Dumps"/>
  <testcase name="login" time="0.001" classname="com.externalApi.Dumps"/>
  <testcase name="login" time="0.001" classname="com.externalApi.Dumps"/>
  <testcase name="login" time="0.001" classname="com.externalApi.Dumps"/>
  <testcase name="login" time="0.000" classname="com.externalApi.Dumps"/>
  <testcase name="login" time="0.000" classname="com.externalApi.Dumps"/>
  <testcase name="login" time="0.001" classname="com.externalApi.Dumps"/>
  <testcase name="login" time="0.001" classname="com.externalApi.Dumps"/>
  <testcase name="login" time="0.001" classname="com.externalApi.Dumps"/>
  <testcase name="login" time="0.001" classname="com.externalApi.Dumps"/>
  <testcase name="login" time="0.000" classname="com.externalApi.Dumps"/>
  <testcase name="login" time="0.000" classname="com.externalApi.Dumps"/>
  <testcase name="login" time="0.000" classname="com.externalApi.Dumps"/>
  <testcase name="login" time="0.001" classname="com.externalApi.Dumps"/>
  <testcase name="login" time="0.000" classname="com.externalApi.Dumps"/>
  <testcase name="login" time="0.000" classname="com.externalApi.Dumps"/>
  <testcase name="login" time="0.000" classname="com.externalApi.Dumps"/>
  <testcase name="login" time="0.001" classname="com.externalApi.Dumps"/>
  <testcase name="login" time="0.001" classname="com.externalApi.Dumps"/>
  <testcase name="login" time="0.001" classname="com.externalApi.Dumps"/>
  <testcase name="login" time="0.001" classname="com.externalApi.Dumps"/>
  <testcase name="login" time="0.000" classname="com.externalApi.Dumps"/>
  <testcase name="login" time="0.001" classname="com.externalApi.Dumps"/>
  <testcase name="login" time="0.006" classname="com.externalApi.Dumps"/>
  <testcase name="login" time="0.000" classname="com.externalApi.Dumps"/>
  <testcase name="login" time="0.001" classname="com.externalApi.Dumps"/>
  <testcase name="login" time="0.000" classname="com.externalApi.Dumps"/>
  <testcase name="login" time="0.013" classname="com.externalApi.Dumps"/>
  <testcase name="login" time="0.001" classname="com.externalApi.Dumps"/>
  <testcase name="login" time="0.000" classname="com.externalApi.Dumps"/>
  <testcase name="login" time="0.000" classname="com.externalApi.Dumps"/>
  <testcase name="login" time="0.001" classname="com.externalApi.Dumps"/>
  <testcase name="login" time="0.000" classname="com.externalApi.Dumps"/>
  <testcase name="login" time="0.000" classname="com.externalApi.Dumps"/>
  <testcase name="login" time="0.001" classname="com.externalApi.Dumps"/>
  <testcase name="login" time="0.001" classname="com.externalApi.Dumps"/>
  <testcase name="login" time="0.000" classname="com.externalApi.Dumps"/>
  <testcase name="login" time="0.001" classname="com.externalApi.Dumps"/>
  <testcase name="login" time="0.000" classname="com.externalApi.Dumps"/>
  <testcase name="login" time="0.000" classname="com.externalApi.Dumps"/>
  <testcase name="login" time="0.000" classname="com.externalApi.Dumps"/>
  <testcase name="login" time="0.000" classname="com.externalApi.Dumps"/>
  <testcase name="login" time="0.000" classname="com.externalApi.Dumps"/>
  <testcase name="login" time="0.000" classname="com.externalApi.Dumps"/>
  <testcase name="login" time="0.001" classname="com.externalApi.Dumps"/>
  <testcase name="login" time="0.001" classname="com.externalApi.Dumps"/>
  <testcase name="login" time="0.001" classname="com.externalApi.Dumps"/>
  <testcase name="login" time="0.002" classname="com.externalApi.Dumps"/>
  <testcase name="login" time="0.001" classname="com.externalApi.Dumps"/>
  <testcase name="login" time="0.000" classname="com.externalApi.Dumps"/>
  <testcase name="login" time="0.001" classname="com.externalApi.Dumps"/>
  <testcase name="login" time="0.001" classname="com.externalApi.Dumps"/>
  <testcase name="login" time="0.001" classname="com.externalApi.Dumps"/>
  <testcase name="login" time="0.000" classname="com.externalApi.Dumps"/>
  <testcase name="login" time="0.001" classname="com.externalApi.Dumps"/>
  <testcase name="login" time="0.001" classname="com.externalApi.Dumps"/>
  <testcase name="login" time="0.000" classname="com.externalApi.Dumps"/>
  <testcase name="login" time="0.000" classname="com.externalApi.Dumps"/>
  <testcase name="login" time="0.001" classname="com.externalApi.Dumps"/>
  <testcase name="login" time="0.001" classname="com.externalApi.Dumps"/>
  <testcase name="login" time="0.000" classname="com.externalApi.Dumps"/>
  <testcase name="login" time="0.000" classname="com.externalApi.Dumps"/>
  <testcase name="login" time="0.000" classname="com.externalApi.Dumps"/>
  <testcase name="login" time="0.001" classname="com.externalApi.Dumps"/>
  <testcase name="login" time="0.001" classname="com.externalApi.Dumps"/>
  <testcase name="login" time="0.001" classname="com.externalApi.Dumps"/>
  <testcase name="login" time="0.000" classname="com.externalApi.Dumps"/>
  <testcase name="login" time="0.021" classname="com.externalApi.Dumps"/>
  <testcase name="login" time="0.000" classname="com.externalApi.Dumps"/>
  <testcase name="login" time="0.001" classname="com.externalApi.Dumps"/>
  <testcase name="login" time="0.001" classname="com.externalApi.Dumps"/>
  <testcase name="login" time="0.001" classname="com.externalApi.Dumps"/>
  <testcase name="login" time="0.001" classname="com.externalApi.Dumps"/>
  <testcase name="login" time="0.000" classname="com.externalApi.Dumps"/>
  <testcase name="login" time="0.000" classname="com.externalApi.Dumps"/>
  <testcase name="login" time="0.000" classname="com.externalApi.Dumps"/>
  <testcase name="login" time="0.000" classname="com.externalApi.Dumps"/>
  <testcase name="login" time="0.001" classname="com.externalApi.Dumps"/>
  <testcase name="login" time="0.001" classname="com.externalApi.Dumps"/>
  <testcase name="login" time="0.001" classname="com.externalApi.Dumps"/>
  <testcase name="login" time="0.000" classname="com.externalApi.Dumps"/>
  <testcase name="login" time="0.000" classname="com.externalApi.Dumps"/>
  <testcase name="login" time="0.000" classname="com.externalApi.Dumps"/>
  <testcase name="login" time="0.000" classname="com.externalApi.Dumps"/>
  <testcase name="login" time="0.001" classname="com.externalApi.Dumps"/>
  <testcase name="login" time="0.001" classname="com.externalApi.Dumps"/>
  <testcase name="login" time="0.000" classname="com.externalApi.Dumps"/>
  <testcase name="login" time="0.000" classname="com.externalApi.Dumps"/>
  <testcase name="login" time="0.001" classname="com.externalApi.Dumps"/>
  <testcase name="login" time="0.105" classname="com.externalApi.Dumps"/>
  <testcase name="login" time="0.000" classname="com.externalApi.Dumps"/>
  <testcase name="login" time="0.002" classname="com.externalApi.Dumps"/>
  <testcase name="login" time="0.000" classname="com.externalApi.Dumps"/>
  <testcase name="login" time="0.001" classname="com.externalApi.Dumps"/>
  <testcase name="login" time="0.000" classname="com.externalApi.Dumps"/>
  <testcase name="login" time="0.001" classname="com.externalApi.Dumps"/>
  <testcase name="login" time="0.001" classname="com.externalApi.Dumps"/>
  <testcase name="login" time="0.000" classname="com.externalApi.Dumps"/>
  <testcase name="login" time="0.002" classname="com.externalApi.Dumps"/>
  <testcase name="login" time="0.000" classname="com.externalApi.Dumps"/>
  <testcase name="login" time="0.001" classname="com.externalApi.Dumps"/>
  <testcase name="login" time="0.000" classname="com.externalApi.Dumps"/>
  <testcase name="login" time="0.000" classname="com.externalApi.Dumps"/>
  <testcase name="login" time="0.000" classname="com.externalApi.Dumps"/>
  <testcase name="login" time="0.000" classname="com.externalApi.Dumps"/>
  <testcase name="login" time="0.001" classname="com.externalApi.Dumps"/>
  <testcase name="login" time="0.000" classname="com.externalApi.Dumps"/>
  <testcase name="login" time="0.000" classname="com.externalApi.Dumps"/>
  <testcase name="login" time="0.000" classname="com.externalApi.Dumps"/>
  <testcase name="login" time="0.001" classname="com.externalApi.Dumps"/>
  <testcase name="login" time="0.000" classname="com.externalApi.Dumps"/>
  <testcase name="login" time="0.000" classname="com.externalApi.Dumps"/>
  <testcase name="login" time="0.121" classname="com.externalApi.Dumps"/>
  <testcase name="login" time="0.001" classname="com.externalApi.Dumps"/>
  <testcase name="login" time="0.000" classname="com.externalApi.Dumps"/>
  <testcase name="login" time="0.000" classname="com.externalApi.Dumps"/>
  <testcase name="login" time="0.001" classname="com.externalApi.Dumps"/>
  <testcase name="login" time="0.001" classname="com.externalApi.Dumps"/>
  <testcase name="login" time="0.002" classname="com.externalApi.Dumps"/>
  <testcase name="login" time="0.001" classname="com.externalApi.Dumps"/>
  <testcase name="login" time="0.004" classname="com.externalApi.Dumps"/>
  <testcase name="login" time="0.001" classname="com.externalApi.Dumps"/>
  <testcase name="login" time="0.000" classname="com.externalApi.Dumps"/>
  <testcase name="login" time="0.000" classname="com.externalApi.Dumps"/>
  <testcase name="login" time="0.001" classname="com.externalApi.Dumps"/>
  <testcase name="login" time="0.000" classname="com.externalApi.Dumps"/>
  <testcase name="login" time="0.000" classname="com.externalApi.Dumps"/>
  <testcase name="login" time="0.001" classname="com.externalApi.Dumps"/>
  <testcase name="login" time="0.001" classname="com.externalApi.Dumps"/>
  <testcase name="login" time="0.000" classname="com.externalApi.Dumps"/>
  <testcase name="login" time="0.000" classname="com.externalApi.Dumps"/>
  <testcase name="login" time="0.001" classname="com.externalApi.Dumps"/>
  <testcase name="login" time="0.000" classname="com.externalApi.Dumps"/>
  <testcase name="login" time="0.000" classname="com.externalApi.Dumps"/>
  <testcase name="login" time="0.000" classname="com.externalApi.Dumps"/>
  <testcase name="login" time="0.000" classname="com.externalApi.Dumps"/>
  <testcase name="login" time="0.000" classname="com.externalApi.Dumps"/>
  <testcase name="login" time="0.002" classname="com.externalApi.Dumps"/>
  <testcase name="login" time="0.000" classname="com.externalApi.Dumps"/>
  <testcase name="login" time="0.000" classname="com.externalApi.Dumps"/>
  <testcase name="login" time="0.000" classname="com.externalApi.Dumps"/>
  <testcase name="login" time="0.001" classname="com.externalApi.Dumps"/>
  <testcase name="login" time="0.000" classname="com.externalApi.Dumps"/>
  <testcase name="login" time="0.000" classname="com.externalApi.Dumps"/>
  <testcase name="login" time="0.000" classname="com.externalApi.Dumps"/>
  <testcase name="login" time="0.000" classname="com.externalApi.Dumps"/>
  <testcase name="login" time="0.002" classname="com.externalApi.Dumps"/>
  <testcase name="login" time="0.001" classname="com.externalApi.Dumps"/>
  <testcase name="login" time="0.003" classname="com.externalApi.Dumps"/>
  <testcase name="login" time="0.001" classname="com.externalApi.Dumps"/>
  <testcase name="login" time="0.002" classname="com.externalApi.Dumps"/>
  <testcase name="login" time="0.001" classname="com.externalApi.Dumps"/>
  <testcase name="login" time="0.000" classname="com.externalApi.Dumps"/>
  <testcase name="login" time="0.001" classname="com.externalApi.Dumps"/>
  <testcase name="login" time="0.003" classname="com.externalApi.Dumps"/>
  <testcase name="login" time="0.001" classname="com.externalApi.Dumps"/>
  <testcase name="login" time="0.000" classname="com.externalApi.Dumps"/>
  <testcase name="login" time="0.000" classname="com.externalApi.Dumps"/>
  <testcase name="login" time="0.001" classname="com.externalApi.Dumps"/>
  <testcase name="login" time="0.001" classname="com.externalApi.Dumps"/>
  <testcase name="login" time="0.001" classname="com.externalApi.Dumps"/>
  <testcase name="login" time="0.000" classname="com.externalApi.Dumps"/>
  <testcase name="login" time="0.000" classname="com.externalApi.Dumps"/>
  <testcase name="login" time="0.000" classname="com.externalApi.Dumps"/>
  <testcase name="login" time="0.000" classname="com.externalApi.Dumps"/>
  <testcase name="login" time="0.001" classname="com.externalApi.Dumps"/>
  <testcase name="login" time="0.000" classname="com.externalApi.Dumps"/>
  <testcase name="login" time="0.000" classname="com.externalApi.Dumps"/>
  <testcase name="login" time="0.000" classname="com.externalApi.Dumps"/>
  <testcase name="login" time="0.000" classname="com.externalApi.Dumps"/>
  <testcase name="login" time="0.003" classname="com.externalApi.Dumps"/>
  <testcase name="login" time="0.001" classname="com.externalApi.Dumps"/>
  <testcase name="login" time="0.001" classname="com.externalApi.Dumps"/>
  <testcase name="login" time="0.000" classname="com.externalApi.Dumps"/>
  <testcase name="login" time="0.001" classname="com.externalApi.Dumps"/>
  <testcase name="login" time="0.001" classname="com.externalApi.Dumps"/>
  <testcase name="login" time="0.000" classname="com.externalApi.Dumps"/>
  <testcase name="login" time="0.001" classname="com.externalApi.Dumps"/>
  <testcase name="login" time="0.000" classname="com.externalApi.Dumps"/>
  <testcase name="login" time="0.001" classname="com.externalApi.Dumps"/>
  <testcase name="login" time="0.000" classname="com.externalApi.Dumps"/>
  <testcase name="login" time="0.001" classname="com.externalApi.Dumps"/>
  <testcase name="login" time="0.000" classname="com.externalApi.Dumps"/>
  <testcase name="login" time="0.000" classname="com.externalApi.Dumps"/>
  <testcase name="login" time="0.078" classname="com.externalApi.Dumps"/>
  <testcase name="login" time="0.001" classname="com.externalApi.Dumps"/>
  <testcase name="login" time="0.003" classname="com.externalApi.Dumps"/>
  <testcase name="login" time="0.000" classname="com.externalApi.Dumps"/>
  <testcase name="login" time="0.002" classname="com.externalApi.Dumps"/>
  <testcase name="login" time="0.002" classname="com.externalApi.Dumps"/>
  <testcase name="login" time="0.000" classname="com.externalApi.Dumps"/>
  <testcase name="login" time="0.204" classname="com.externalApi.Dumps"/>
  <testcase name="login" time="0.000" classname="com.externalApi.Dumps"/>
  <testcase name="login" time="0.001" classname="com.externalApi.Dumps"/>
  <testcase name="login" time="0.001" classname="com.externalApi.Dumps"/>
  <testcase name="login" time="0.000" classname="com.externalApi.Dumps"/>
  <testcase name="login" time="0.001" classname="com.externalApi.Dumps"/>
  <testcase name="login" time="0.000" classname="com.externalApi.Dumps"/>
  <testcase name="login" time="0.000" classname="com.externalApi.Dumps"/>
  <testcase name="login" time="0.000" classname="com.externalApi.Dumps"/>
  <testcase name="login" time="0.000" classname="com.externalApi.Dumps"/>
  <testcase name="login" time="0.000" classname="com.externalApi.Dumps"/>
  <testcase name="login" time="0.000" classname="com.externalApi.Dumps"/>
  <testcase name="login" time="0.000" classname="com.externalApi.Dumps"/>
  <testcase name="login" time="0.000" classname="com.externalApi.Dumps"/>
  <testcase name="login" time="0.000" classname="com.externalApi.Dumps"/>
  <testcase name="login" time="0.001" classname="com.externalApi.Dumps"/>
  <testcase name="login" time="0.000" classname="com.externalApi.Dumps"/>
  <testcase name="login" time="0.001" classname="com.externalApi.Dumps"/>
  <testcase name="login" time="0.000" classname="com.externalApi.Dumps"/>
  <testcase name="login" time="0.000" classname="com.externalApi.Dumps"/>
  <testcase name="login" time="0.001" classname="com.externalApi.Dumps"/>
  <testcase name="login" time="0.000" classname="com.externalApi.Dumps"/>
  <testcase name="login" time="0.001" classname="com.externalApi.Dumps"/>
  <testcase name="login" time="0.001" classname="com.externalApi.Dumps"/>
  <testcase name="login" time="0.000" classname="com.externalApi.Dumps"/>
  <testcase name="login" time="0.000" classname="com.externalApi.Dumps"/>
  <testcase name="login" time="0.002" classname="com.externalApi.Dumps"/>
  <testcase name="login" time="0.000" classname="com.externalApi.Dumps"/>
  <testcase name="login" time="0.001" classname="com.externalApi.Dumps"/>
  <testcase name="login" time="0.002" classname="com.externalApi.Dumps"/>
  <testcase name="login" time="0.001" classname="com.externalApi.Dumps"/>
  <testcase name="login" time="0.001" classname="com.externalApi.Dumps"/>
  <testcase name="login" time="0.001" classname="com.externalApi.Dumps"/>
  <testcase name="login" time="0.000" classname="com.externalApi.Dumps"/>
  <testcase name="login" time="0.002" classname="com.externalApi.Dumps"/>
  <testcase name="login" time="0.001" classname="com.externalApi.Dumps"/>
  <testcase name="login" time="0.001" classname="com.externalApi.Dumps"/>
  <testcase name="login" time="0.002" classname="com.externalApi.Dumps"/>
  <testcase name="login" time="0.001" classname="com.externalApi.Dumps"/>
  <testcase name="login" time="0.000" classname="com.externalApi.Dumps"/>
  <testcase name="login" time="0.001" classname="com.externalApi.Dumps"/>
  <testcase name="login" time="0.000" classname="com.externalApi.Dumps"/>
  <testcase name="login" time="0.001" classname="com.externalApi.Dumps"/>
  <testcase name="login" time="0.000" classname="com.externalApi.Dumps"/>
  <testcase name="login" time="0.000" classname="com.externalApi.Dumps"/>
  <testcase name="login" time="0.000" classname="com.externalApi.Dumps"/>
  <testcase name="login" time="0.001" classname="com.externalApi.Dumps"/>
  <testcase name="login" time="0.001" classname="com.externalApi.Dumps"/>
  <testcase name="login" time="0.001" classname="com.externalApi.Dumps"/>
  <testcase name="login" time="0.000" classname="com.externalApi.Dumps"/>
  <testcase name="login" time="0.001" classname="com.externalApi.Dumps"/>
  <testcase name="login" time="0.000" classname="com.externalApi.Dumps"/>
  <testcase name="login" time="0.001" classname="com.externalApi.Dumps"/>
  <testcase name="login" time="0.001" classname="com.externalApi.Dumps"/>
  <testcase name="login" time="0.001" classname="com.externalApi.Dumps"/>
  <testcase name="login" time="0.000" classname="com.externalApi.Dumps"/>
  <testcase name="login" time="0.000" classname="com.externalApi.Dumps"/>
  <testcase name="login" time="0.000" classname="com.externalApi.Dumps"/>
  <testcase name="login" time="0.001" classname="com.externalApi.Dumps"/>
  <testcase name="login" time="0.001" classname="com.externalApi.Dumps"/>
  <testcase name="login" time="0.001" classname="com.externalApi.Dumps"/>
  <testcase name="login" time="0.001" classname="com.externalApi.Dumps"/>
  <testcase name="login" time="0.000" classname="com.externalApi.Dumps"/>
  <testcase name="login" time="0.001" classname="com.externalApi.Dumps"/>
  <testcase name="login" time="0.002" classname="com.externalApi.Dumps"/>
  <testcase name="login" time="0.001" classname="com.externalApi.Dumps"/>
  <testcase name="login" time="0.001" classname="com.externalApi.Dumps"/>
  <testcase name="login" time="0.001" classname="com.externalApi.Dumps"/>
  <testcase name="login" time="0.001" classname="com.externalApi.Dumps"/>
  <testcase name="login" time="0.004" classname="com.externalApi.Dumps"/>
  <testcase name="login" time="0.002" classname="com.externalApi.Dumps"/>
  <testcase name="login" time="0.001" classname="com.externalApi.Dumps"/>
  <testcase name="login" time="0.001" classname="com.externalApi.Dumps"/>
  <testcase name="login" time="0.000" classname="com.externalApi.Dumps"/>
  <testcase name="login" time="0.000" classname="com.externalApi.Dumps"/>
  <testcase name="login" time="0.001" classname="com.externalApi.Dumps"/>
  <testcase name="login" time="0.000" classname="com.externalApi.Dumps"/>
  <testcase name="login" time="0.001" classname="com.externalApi.Dumps"/>
  <testcase name="login" time="0.001" classname="com.externalApi.Dumps"/>
  <testcase name="login" time="0.000" classname="com.externalApi.Dumps"/>
  <testcase name="login" time="0.000" classname="com.externalApi.Dumps"/>
  <testcase name="login" time="0.001" classname="com.externalApi.Dumps"/>
  <testcase name="login" time="0.001" classname="com.externalApi.Dumps"/>
  <testcase name="login" time="0.000" classname="com.externalApi.Dumps"/>
  <testcase name="login" time="0.000" classname="com.externalApi.Dumps"/>
  <testcase name="login" time="0.002" classname="com.externalApi.Dumps"/>
  <testcase name="login" time="0.001" classname="com.externalApi.Dumps"/>
  <testcase name="login" time="0.001" classname="com.externalApi.Dumps"/>
  <testcase name="login" time="0.001" classname="com.externalApi.Dumps"/>
  <testcase name="login" time="0.002" classname="com.externalApi.Dumps"/>
  <testcase name="login" time="0.000" classname="com.externalApi.Dumps"/>
  <testcase name="login" time="0.001" classname="com.externalApi.Dumps"/>
  <testcase name="login" time="0.001" classname="com.externalApi.Dumps"/>
  <testcase name="login" time="0.001" classname="com.externalApi.Dumps"/>
  <testcase name="login" time="0.000" classname="com.externalApi.Dumps"/>
  <testcase name="login" time="0.001" classname="com.externalApi.Dumps"/>
  <testcase name="login" time="0.001" classname="com.externalApi.Dumps"/>
  <testcase name="login" time="0.000" classname="com.externalApi.Dumps"/>
  <testcase name="login" time="0.000" classname="com.externalApi.Dumps"/>
  <testcase name="login" time="0.001" classname="com.externalApi.Dumps"/>
  <testcase name="login" time="0.000" classname="com.externalApi.Dumps"/>
  <testcase name="login" time="0.002" classname="com.externalApi.Dumps"/>
  <testcase name="login" time="0.001" classname="com.externalApi.Dumps"/>
  <testcase name="login" time="0.001" classname="com.externalApi.Dumps"/>
  <testcase name="login" time="0.000" classname="com.externalApi.Dumps"/>
  <testcase name="login" time="0.000" classname="com.externalApi.Dumps"/>
  <testcase name="login" time="0.000" classname="com.externalApi.Dumps"/>
  <testcase name="login" time="0.000" classname="com.externalApi.Dumps"/>
  <testcase name="login" time="0.000" classname="com.externalApi.Dumps"/>
  <testcase name="login" time="0.001" classname="com.externalApi.Dumps"/>
  <testcase name="login" time="0.002" classname="com.externalApi.Dumps"/>
  <testcase name="login" time="0.001" classname="com.externalApi.Dumps"/>
  <testcase name="login" time="0.001" classname="com.externalApi.Dumps"/>
  <testcase name="login" time="0.000" classname="com.externalApi.Dumps"/>
  <testcase name="login" time="0.000" classname="com.externalApi.Dumps"/>
  <testcase name="login" time="0.000" classname="com.externalApi.Dumps"/>
  <testcase name="login" time="0.001" classname="com.externalApi.Dumps"/>
  <testcase name="login" time="0.001" classname="com.externalApi.Dumps"/>
  <testcase name="login" time="0.000" classname="com.externalApi.Dumps"/>
  <testcase name="login" time="0.001" classname="com.externalApi.Dumps"/>
  <testcase name="login" time="0.000" classname="com.externalApi.Dumps"/>
  <testcase name="login" time="0.000" classname="com.externalApi.Dumps"/>
  <testcase name="login" time="0.000" classname="com.externalApi.Dumps"/>
  <testcase name="login" time="0.001" classname="com.externalApi.Dumps"/>
  <testcase name="login" time="0.001" classname="com.externalApi.Dumps"/>
  <testcase name="login" time="0.000" classname="com.externalApi.Dumps"/>
  <testcase name="login" time="0.000" classname="com.externalApi.Dumps"/>
  <testcase name="login" time="0.001" classname="com.externalApi.Dumps"/>
  <testcase name="login" time="0.002" classname="com.externalApi.Dumps"/>
  <testcase name="login" time="0.000" classname="com.externalApi.Dumps"/>
  <testcase name="login" time="0.000" classname="com.externalApi.Dumps"/>
  <testcase name="login" time="0.001" classname="com.externalApi.Dumps"/>
  <testcase name="login" time="0.000" classname="com.externalApi.Dumps"/>
  <testcase name="login" time="0.001" classname="com.externalApi.Dumps"/>
  <testcase name="login" time="0.000" classname="com.externalApi.Dumps"/>
  <testcase name="login" time="0.000" classname="com.externalApi.Dumps"/>
  <testcase name="login" time="0.001" classname="com.externalApi.Dumps"/>
  <testcase name="login" time="0.001" classname="com.externalApi.Dumps"/>
  <testcase name="login" time="0.000" classname="com.externalApi.Dumps"/>
  <testcase name="login" time="0.001" classname="com.externalApi.Dumps"/>
  <testcase name="login" time="0.000" classname="com.externalApi.Dumps"/>
  <testcase name="login" time="0.000" classname="com.externalApi.Dumps"/>
  <testcase name="login" time="0.001" classname="com.externalApi.Dumps"/>
  <testcase name="login" time="0.000" classname="com.externalApi.Dumps"/>
  <testcase name="login" time="0.000" classname="com.externalApi.Dumps"/>
  <testcase name="login" time="0.001" classname="com.externalApi.Dumps"/>
  <testcase name="login" time="0.000" classname="com.externalApi.Dumps"/>
  <testcase name="login" time="0.001" classname="com.externalApi.Dumps"/>
  <testcase name="login" time="0.000" classname="com.externalApi.Dumps"/>
  <testcase name="login" time="0.000" classname="com.externalApi.Dumps"/>
  <testcase name="login" time="0.001" classname="com.externalApi.Dumps"/>
  <testcase name="login" time="0.002" classname="com.externalApi.Dumps"/>
  <testcase name="login" time="0.001" classname="com.externalApi.Dumps"/>
  <testcase name="login" time="0.003" classname="com.externalApi.Dumps"/>
  <testcase name="login" time="0.001" classname="com.externalApi.Dumps"/>
  <testcase name="login" time="0.000" classname="com.externalApi.Dumps"/>
  <testcase name="login" time="0.000" classname="com.externalApi.Dumps"/>
  <testcase name="login" time="0.000" classname="com.externalApi.Dumps"/>
  <testcase name="login" time="0.002" classname="com.externalApi.Dumps"/>
  <testcase name="login" time="0.000" classname="com.externalApi.Dumps"/>
  <testcase name="login" time="0.001" classname="com.externalApi.Dumps"/>
  <testcase name="login" time="0.000" classname="com.externalApi.Dumps"/>
  <testcase name="login" time="0.001" classname="com.externalApi.Dumps"/>
  <testcase name="login" time="0.000" classname="com.externalApi.Dumps"/>
  <testcase name="login" time="0.000" classname="com.externalApi.Dumps"/>
  <testcase name="login" time="0.000" classname="com.externalApi.Dumps"/>
  <testcase name="login" time="0.000" classname="com.externalApi.Dumps"/>
  <testcase name="login" time="0.000" classname="com.externalApi.Dumps"/>
  <testcase name="login" time="0.002" classname="com.externalApi.Dumps"/>
  <testcase name="login" time="0.001" classname="com.externalApi.Dumps"/>
  <testcase name="login" time="0.000" classname="com.externalApi.Dumps"/>
  <testcase name="login" time="0.000" classname="com.externalApi.Dumps"/>
  <testcase name="login" time="0.000" classname="com.externalApi.Dumps"/>
  <testcase name="login" time="0.000" classname="com.externalApi.Dumps"/>
  <testcase name="login" time="0.000" classname="com.externalApi.Dumps"/>
  <testcase name="login" time="0.001" classname="com.externalApi.Dumps"/>
  <testcase name="login" time="0.001" classname="com.externalApi.Dumps"/>
  <testcase name="login" time="0.000" classname="com.externalApi.Dumps"/>
  <testcase name="login" time="0.000" classname="com.externalApi.Dumps"/>
  <testcase name="login" time="0.000" classname="com.externalApi.Dumps"/>
  <testcase name="login" time="0.001" classname="com.externalApi.Dumps"/>
  <testcase name="login" time="0.001" classname="com.externalApi.Dumps"/>
  <testcase name="login" time="0.000" classname="com.externalApi.Dumps"/>
  <testcase name="login" time="0.000" classname="com.externalApi.Dumps"/>
  <testcase name="login" time="0.001" classname="com.externalApi.Dumps"/>
  <testcase name="login" time="0.000" classname="com.externalApi.Dumps"/>
  <testcase name="login" time="0.000" classname="com.externalApi.Dumps"/>
  <testcase name="login" time="0.000" classname="com.externalApi.Dumps"/>
  <testcase name="login" time="0.001" classname="com.externalApi.Dumps"/>
  <testcase name="login" time="0.000" classname="com.externalApi.Dumps"/>
  <testcase name="login" time="0.000" classname="com.externalApi.Dumps"/>
  <testcase name="login" time="0.000" classname="com.externalApi.Dumps"/>
  <testcase name="login" time="0.001" classname="com.externalApi.Dumps"/>
  <testcase name="login" time="0.001" classname="com.externalApi.Dumps"/>
  <testcase name="login" time="0.002" classname="com.externalApi.Dumps"/>
  <testcase name="login" time="0.000" classname="com.externalApi.Dumps"/>
  <testcase name="login" time="0.001" classname="com.externalApi.Dumps"/>
  <testcase name="login" time="0.001" classname="com.externalApi.Dumps"/>
  <testcase name="login" time="0.001" classname="com.externalApi.Dumps"/>
  <testcase name="login" time="0.001" classname="com.externalApi.Dumps"/>
  <testcase name="login" time="0.001" classname="com.externalApi.Dumps"/>
  <testcase name="login" time="0.002" classname="com.externalApi.Dumps"/>
  <testcase name="login" time="0.000" classname="com.externalApi.Dumps"/>
  <testcase name="login" time="0.000" classname="com.externalApi.Dumps"/>
  <testcase name="login" time="0.000" classname="com.externalApi.Dumps"/>
  <testcase name="login" time="0.001" classname="com.externalApi.Dumps"/>
  <testcase name="login" time="0.001" classname="com.externalApi.Dumps"/>
  <testcase name="login" time="0.000" classname="com.externalApi.Dumps"/>
  <testcase name="login" time="0.000" classname="com.externalApi.Dumps"/>
  <testcase name="login" time="0.000" classname="com.externalApi.Dumps"/>
  <testcase name="login" time="0.001" classname="com.externalApi.Dumps"/>
  <testcase name="login" time="0.001" classname="com.externalApi.Dumps"/>
  <testcase name="login" time="0.001" classname="com.externalApi.Dumps"/>
  <testcase name="login" time="0.000" classname="com.externalApi.Dumps"/>
  <testcase name="login" time="0.001" classname="com.externalApi.Dumps"/>
  <testcase name="login" time="0.001" classname="com.externalApi.Dumps"/>
  <testcase name="login" time="0.001" classname="com.externalApi.Dumps"/>
  <testcase name="login" time="0.001" classname="com.externalApi.Dumps"/>
  <testcase name="login" time="0.001" classname="com.externalApi.Dumps"/>
  <testcase name="login" time="0.000" classname="com.externalApi.Dumps"/>
  <testcase name="login" time="0.000" classname="com.externalApi.Dumps"/>
  <testcase name="login" time="0.001" classname="com.externalApi.Dumps"/>
  <testcase name="login" time="0.000" classname="com.externalApi.Dumps"/>
  <testcase name="login" time="0.005" classname="com.externalApi.Dumps"/>
  <testcase name="login" time="0.000" classname="com.externalApi.Dumps"/>
  <testcase name="login" time="0.001" classname="com.externalApi.Dumps"/>
  <testcase name="login" time="0.000" classname="com.externalApi.Dumps"/>
  <testcase name="login" time="0.002" classname="com.externalApi.Dumps"/>
  <testcase name="login" time="0.000" classname="com.externalApi.Dumps"/>
  <testcase name="login" time="0.022" classname="com.externalApi.Dumps"/>
  <testcase name="login" time="0.001" classname="com.externalApi.Dumps"/>
  <testcase name="login" time="0.000" classname="com.externalApi.Dumps"/>
  <testcase name="login" time="0.000" classname="com.externalApi.Dumps"/>
  <testcase name="login" time="0.000" classname="com.externalApi.Dumps"/>
  <testcase name="login" time="0.000" classname="com.externalApi.Dumps"/>
  <testcase name="login" time="0.138" classname="com.externalApi.Dumps"/>
  <testcase name="login" time="0.001" classname="com.externalApi.Dumps"/>
  <testcase name="login" time="0.001" classname="com.externalApi.Dumps"/>
  <testcase name="login" time="0.000" classname="com.externalApi.Dumps"/>
  <testcase name="login" time="0.001" classname="com.externalApi.Dumps"/>
  <testcase name="login" time="0.001" classname="com.externalApi.Dumps"/>
  <testcase name="login" time="0.000" classname="com.externalApi.Dumps"/>
  <testcase name="login" time="0.001" classname="com.externalApi.Dumps"/>
  <testcase name="login" time="0.002" classname="com.externalApi.Dumps"/>
  <testcase name="login" time="0.001" classname="com.externalApi.Dumps"/>
  <testcase name="login" time="0.000" classname="com.externalApi.Dumps"/>
  <testcase name="login" time="0.001" classname="com.externalApi.Dumps"/>
  <testcase name="login" time="0.000" classname="com.externalApi.Dumps"/>
  <testcase name="login" time="0.001" classname="com.externalApi.Dumps"/>
  <testcase name="login" time="0.001" classname="com.externalApi.Dumps"/>
  <testcase name="login" time="0.000" classname="com.externalApi.Dumps"/>
  <testcase name="login" time="0.000" classname="com.externalApi.Dumps"/>
  <testcase name="login" time="0.000" classname="com.externalApi.Dumps"/>
  <testcase name="login" time="0.015" classname="com.externalApi.Dumps"/>
  <testcase name="login" time="0.000" classname="com.externalApi.Dumps"/>
  <testcase name="login" time="0.001" classname="com.externalApi.Dumps"/>
  <testcase name="login" time="0.001" classname="com.externalApi.Dumps"/>
  <testcase name="login" time="0.001" classname="com.externalApi.Dumps"/>
  <testcase name="login" time="0.001" classname="com.externalApi.Dumps"/>
  <testcase name="login" time="0.001" classname="com.externalApi.Dumps"/>
  <testcase name="login" time="0.001" classname="com.externalApi.Dumps"/>
  <testcase name="login" time="0.002" classname="com.externalApi.Dumps"/>
  <testcase name="login" time="0.000" classname="com.externalApi.Dumps"/>
  <testcase name="login" time="0.000" classname="com.externalApi.Dumps"/>
  <testcase name="login" time="0.000" classname="com.externalApi.Dumps"/>
  <testcase name="login" time="0.000" classname="com.externalApi.Dumps"/>
  <testcase name="login" time="0.001" classname="com.externalApi.Dumps"/>
  <testcase name="login" time="0.001" classname="com.externalApi.Dumps"/>
  <testcase name="login" time="0.001" classname="com.externalApi.Dumps"/>
  <testcase name="login" time="0.001" classname="com.externalApi.Dumps"/>
  <testcase name="login" time="0.000" classname="com.externalApi.Dumps"/>
  <testcase name="login" time="0.001" classname="com.externalApi.Dumps"/>
  <testcase name="login" time="0.001" classname="com.externalApi.Dumps"/>
  <testcase name="login" time="0.001" classname="com.externalApi.Dumps"/>
  <testcase name="login" time="0.001" classname="com.externalApi.Dumps"/>
  <testcase name="login" time="0.000" classname="com.externalApi.Dumps"/>
  <testcase name="login" time="0.000" classname="com.externalApi.Dumps"/>
  <testcase name="login" time="0.001" classname="com.externalApi.Dumps"/>
  <testcase name="login" time="0.000" classname="com.externalApi.Dumps"/>
  <testcase name="login" time="0.002" classname="com.externalApi.Dumps"/>
  <testcase name="login" time="0.000" classname="com.externalApi.Dumps"/>
  <testcase name="login" time="0.000" classname="com.externalApi.Dumps"/>
  <testcase name="login" time="0.002" classname="com.externalApi.Dumps"/>
  <testcase name="login" time="0.001" classname="com.externalApi.Dumps"/>
  <testcase name="login" time="0.001" classname="com.externalApi.Dumps"/>
  <testcase name="login" time="0.001" classname="com.externalApi.Dumps"/>
  <testcase name="login" time="0.001" classname="com.externalApi.Dumps"/>
  <testcase name="login" time="0.000" classname="com.externalApi.Dumps"/>
  <testcase name="login" time="0.001" classname="com.externalApi.Dumps"/>
  <testcase name="login" time="0.000" classname="com.externalApi.Dumps"/>
  <testcase name="login" time="0.000" classname="com.externalApi.Dumps"/>
  <testcase name="login" time="0.000" classname="com.externalApi.Dumps"/>
  <testcase name="login" time="0.000" classname="com.externalApi.Dumps"/>
  <testcase name="login" time="0.001" classname="com.externalApi.Dumps"/>
  <testcase name="login" time="0.000" classname="com.externalApi.Dumps"/>
  <testcase name="login" time="0.000" classname="com.externalApi.Dumps"/>
  <testcase name="login" time="0.000" classname="com.externalApi.Dumps"/>
  <testcase name="login" time="0.002" classname="com.externalApi.Dumps"/>
  <testcase name="login" time="0.001" classname="com.externalApi.Dumps"/>
  <testcase name="login" time="0.000" classname="com.externalApi.Dumps"/>
  <testcase name="login" time="0.001" classname="com.externalApi.Dumps"/>
  <testcase name="login" time="0.000" classname="com.externalApi.Dumps"/>
  <testcase name="login" time="0.001" classname="com.externalApi.Dumps"/>
  <testcase name="login" time="0.001" classname="com.externalApi.Dumps"/>
  <testcase name="login" time="0.000" classname="com.externalApi.Dumps"/>
  <testcase name="login" time="0.001" classname="com.externalApi.Dumps"/>
  <testcase name="login" time="0.001" classname="com.externalApi.Dumps"/>
  <testcase name="login" time="0.000" classname="com.externalApi.Dumps"/>
  <testcase name="login" time="0.000" classname="com.externalApi.Dumps"/>
  <testcase name="login" time="0.000" classname="com.externalApi.Dumps"/>
  <testcase name="login" time="0.001" classname="com.externalApi.Dumps"/>
  <testcase name="login" time="0.001" classname="com.externalApi.Dumps"/>
  <testcase name="login" time="0.001" classname="com.externalApi.Dumps"/>
  <testcase name="login" time="0.001" classname="com.externalApi.Dumps"/>
  <testcase name="login" time="0.001" classname="com.externalApi.Dumps"/>
  <testcase name="login" time="0.000" classname="com.externalApi.Dumps"/>
  <testcase name="login" time="0.000" classname="com.externalApi.Dumps"/>
  <testcase name="login" time="0.001" classname="com.externalApi.Dumps"/>
  <testcase name="login" time="0.002" classname="com.externalApi.Dumps"/>
  <testcase name="login" time="0.000" classname="com.externalApi.Dumps"/>
  <testcase name="login" time="0.001" classname="com.externalApi.Dumps"/>
  <testcase name="login" time="0.001" classname="com.externalApi.Dumps"/>
  <testcase name="login" time="0.001" classname="com.externalApi.Dumps"/>
  <testcase name="login" time="0.000" classname="com.externalApi.Dumps"/>
  <testcase name="login" time="0.000" classname="com.externalApi.Dumps"/>
  <testcase name="login" time="0.000" classname="com.externalApi.Dumps"/>
  <testcase name="login" time="0.001" classname="com.externalApi.Dumps"/>
  <testcase name="login" time="0.000" classname="com.externalApi.Dumps"/>
  <testcase name="login" time="0.001" classname="com.externalApi.Dumps"/>
  <testcase name="login" time="0.000" classname="com.externalApi.Dumps"/>
  <testcase name="login" time="0.001" classname="com.externalApi.Dumps"/>
  <testcase name="login" time="0.001" classname="com.externalApi.Dumps"/>
  <testcase name="login" time="0.001" classname="com.externalApi.Dumps"/>
  <testcase name="login" time="0.000" classname="com.externalApi.Dumps"/>
  <testcase name="login" time="0.002" classname="com.externalApi.Dumps"/>
  <testcase name="login" time="0.001" classname="com.externalApi.Dumps"/>
  <testcase name="login" time="0.000" classname="com.externalApi.Dumps"/>
  <testcase name="login" time="0.001" classname="com.externalApi.Dumps"/>
  <testcase name="login" time="0.000" classname="com.externalApi.Dumps"/>
  <testcase name="login" time="0.000" classname="com.externalApi.Dumps"/>
  <testcase name="login" time="0.001" classname="com.externalApi.Dumps"/>
  <testcase name="login" time="0.000" classname="com.externalApi.Dumps"/>
  <testcase name="login" time="0.001" classname="com.externalApi.Dumps"/>
  <testcase name="login" time="0.001" classname="com.externalApi.Dumps"/>
  <testcase name="login" time="0.000" classname="com.externalApi.Dumps"/>
  <testcase name="login" time="0.000" classname="com.externalApi.Dumps"/>
  <testcase name="login" time="0.000" classname="com.externalApi.Dumps"/>
  <testcase name="login" time="0.000" classname="com.externalApi.Dumps"/>
  <testcase name="login" time="0.001" classname="com.externalApi.Dumps"/>
  <testcase name="login" time="0.001" classname="com.externalApi.Dumps"/>
  <testcase name="login" time="0.000" classname="com.externalApi.Dumps"/>
  <testcase name="login" time="0.000" classname="com.externalApi.Dumps"/>
  <testcase name="login" time="0.000" classname="com.externalApi.Dumps"/>
  <testcase name="login" time="0.054" classname="com.externalApi.Dumps"/>
  <testcase name="login" time="0.001" classname="com.externalApi.Dumps"/>
  <testcase name="login" time="0.001" classname="com.externalApi.Dumps"/>
  <testcase name="login" time="0.001" classname="com.externalApi.Dumps"/>
  <testcase name="login" time="0.001" classname="com.externalApi.Dumps"/>
  <testcase name="login" time="0.118" classname="com.externalApi.Dumps"/>
  <testcase name="login" time="0.001" classname="com.externalApi.Dumps"/>
  <testcase name="login" time="0.000" classname="com.externalApi.Dumps"/>
  <testcase name="login" time="0.000" classname="com.externalApi.Dumps"/>
  <testcase name="login" time="0.000" classname="com.externalApi.Dumps"/>
  <testcase name="login" time="0.000" classname="com.externalApi.Dumps"/>
  <testcase name="login" time="0.001" classname="com.externalApi.Dumps"/>
  <testcase name="login" time="0.001" classname="com.externalApi.Dumps"/>
  <testcase name="login" time="0.001" classname="com.externalApi.Dumps"/>
  <testcase name="login" time="0.000" classname="com.externalApi.Dumps"/>
  <testcase name="login" time="0.002" classname="com.externalApi.Dumps"/>
  <testcase name="login" time="0.000" classname="com.externalApi.Dumps"/>
  <testcase name="login" time="0.001" classname="com.externalApi.Dumps"/>
  <testcase name="login" time="0.000" classname="com.externalApi.Dumps"/>
  <testcase name="login" time="0.001" classname="com.externalApi.Dumps"/>
  <testcase name="login" time="0.001" classname="com.externalApi.Dumps"/>
  <testcase name="login" time="0.001" classname="com.externalApi.Dumps"/>
  <testcase name="login" time="0.000" classname="com.externalApi.Dumps"/>
  <testcase name="login" time="0.001" classname="com.externalApi.Dumps"/>
  <testcase name="login" time="0.000" classname="com.externalApi.Dumps"/>
  <testcase name="login" time="0.001" classname="com.externalApi.Dumps"/>
  <testcase name="login" time="0.001" classname="com.externalApi.Dumps"/>
  <testcase name="login" time="0.000" classname="com.externalApi.Dumps"/>
  <testcase name="login" time="0.000" classname="com.externalApi.Dumps"/>
  <testcase name="login" time="0.000" classname="com.externalApi.Dumps"/>
  <testcase name="login" time="0.000" classname="com.externalApi.Dumps"/>
  <testcase name="login" time="0.000" classname="com.externalApi.Dumps"/>
  <testcase name="login" time="0.000" classname="com.externalApi.Dumps"/>
  <testcase name="login" time="0.000" classname="com.externalApi.Dumps"/>
  <testcase name="login" time="0.000" classname="com.externalApi.Dumps"/>
  <testcase name="login" time="0.000" classname="com.externalApi.Dumps"/>
  <testcase name="login" time="0.000" classname="com.externalApi.Dumps"/>
  <testcase name="login" time="0.001" classname="com.externalApi.Dumps"/>
  <testcase name="login" time="0.002" classname="com.externalApi.Dumps"/>
  <testcase name="login" time="0.001" classname="com.externalApi.Dumps"/>
  <testcase name="login" time="0.001" classname="com.externalApi.Dumps"/>
  <testcase name="login" time="0.001" classname="com.externalApi.Dumps"/>
  <testcase name="login" time="0.001" classname="com.externalApi.Dumps"/>
  <testcase name="login" time="0.001" classname="com.externalApi.Dumps"/>
  <testcase name="login" time="0.002" classname="com.externalApi.Dumps"/>
  <testcase name="login" time="0.001" classname="com.externalApi.Dumps"/>
  <testcase name="login" time="0.000" classname="com.externalApi.Dumps"/>
  <testcase name="login" time="0.000" classname="com.externalApi.Dumps"/>
  <testcase name="login" time="0.003" classname="com.externalApi.Dumps"/>
  <testcase name="login" time="0.001" classname="com.externalApi.Dumps"/>
  <testcase name="login" time="0.001" classname="com.externalApi.Dumps"/>
  <testcase name="login" time="0.006" classname="com.externalApi.Dumps"/>
  <testcase name="login" time="0.002" classname="com.externalApi.Dumps"/>
  <testcase name="login" time="0.002" classname="com.externalApi.Dumps"/>
  <testcase name="login" time="0.001" classname="com.externalApi.Dumps"/>
  <testcase name="login" time="0.000" classname="com.externalApi.Dumps"/>
  <testcase name="login" time="0.001" classname="com.externalApi.Dumps"/>
  <testcase name="login" time="0.000" classname="com.externalApi.Dumps"/>
  <testcase name="login" time="0.001" classname="com.externalApi.Dumps"/>
  <testcase name="login" time="0.000" classname="com.externalApi.Dumps"/>
  <testcase name="login" time="0.002" classname="com.externalApi.Dumps"/>
  <testcase name="login" time="0.001" classname="com.externalApi.Dumps"/>
  <testcase name="login" time="0.000" classname="com.externalApi.Dumps"/>
  <testcase name="login" time="0.001" classname="com.externalApi.Dumps"/>
  <testcase name="login" time="0.000" classname="com.externalApi.Dumps"/>
  <testcase name="login" time="0.000" classname="com.externalApi.Dumps"/>
  <testcase name="login" time="0.001" classname="com.externalApi.Dumps"/>
  <testcase name="login" time="0.000" classname="com.externalApi.Dumps"/>
  <testcase name="login" time="0.001" classname="com.externalApi.Dumps"/>
  <testcase name="login" time="0.000" classname="com.externalApi.Dumps"/>
  <testcase name="login" time="0.000" classname="com.externalApi.Dumps"/>
  <testcase name="login" time="0.000" classname="com.externalApi.Dumps"/>
  <testcase name="login" time="0.000" classname="com.externalApi.Dumps"/>
  <testcase name="login" time="0.001" classname="com.externalApi.Dumps"/>
  <testcase name="login" time="0.001" classname="com.externalApi.Dumps"/>
  <testcase name="login" time="0.000" classname="com.externalApi.Dumps"/>
  <testcase name="login" time="0.002" classname="com.externalApi.Dumps"/>
  <testcase name="login" time="0.000" classname="com.externalApi.Dumps"/>
  <testcase name="login" time="0.000" classname="com.externalApi.Dumps"/>
  <testcase name="login" time="0.000" classname="com.externalApi.Dumps"/>
  <testcase name="login" time="0.001" classname="com.externalApi.Dumps"/>
  <testcase name="login" time="0.000" classname="com.externalApi.Dumps"/>
  <testcase name="login" time="0.001" classname="com.externalApi.Dumps"/>
  <testcase name="login" time="0.001" classname="com.externalApi.Dumps"/>
  <testcase name="login" time="0.000" classname="com.externalApi.Dumps"/>
  <testcase name="login" time="0.002" classname="com.externalApi.Dumps"/>
  <testcase name="login" time="0.000" classname="com.externalApi.Dumps"/>
  <testcase name="login" time="0.001" classname="com.externalApi.Dumps"/>
  <testcase name="login" time="0.000" classname="com.externalApi.Dumps"/>
  <testcase name="login" time="0.002" classname="com.externalApi.Dumps"/>
  <testcase name="login" time="0.001" classname="com.externalApi.Dumps"/>
  <testcase name="login" time="0.001" classname="com.externalApi.Dumps"/>
  <testcase name="login" time="0.000" classname="com.externalApi.Dumps"/>
  <testcase name="login" time="0.001" classname="com.externalApi.Dumps"/>
  <testcase name="login" time="0.001" classname="com.externalApi.Dumps"/>
  <testcase name="login" time="0.001" classname="com.externalApi.Dumps"/>
  <testcase name="login" time="0.000" classname="com.externalApi.Dumps"/>
  <testcase name="login" time="0.000" classname="com.externalApi.Dumps"/>
  <testcase name="login" time="0.000" classname="com.externalApi.Dumps"/>
  <testcase name="login" time="0.000" classname="com.externalApi.Dumps"/>
  <testcase name="login" time="0.000" classname="com.externalApi.Dumps"/>
  <testcase name="login" time="0.001" classname="com.externalApi.Dumps"/>
  <testcase name="login" time="0.001" classname="com.externalApi.Dumps"/>
  <testcase name="login" time="0.000" classname="com.externalApi.Dumps"/>
  <testcase name="login" time="0.000" classname="com.externalApi.Dumps"/>
  <testcase name="login" time="0.065" classname="com.externalApi.Dumps"/>
  <testcase name="login" time="0.002" classname="com.externalApi.Dumps"/>
  <testcase name="login" time="0.001" classname="com.externalApi.Dumps"/>
  <testcase name="login" time="0.000" classname="com.externalApi.Dumps"/>
  <testcase name="login" time="0.001" classname="com.externalApi.Dumps"/>
  <testcase name="login" time="0.001" classname="com.externalApi.Dumps"/>
  <testcase name="login" time="0.000" classname="com.externalApi.Dumps"/>
  <testcase name="login" time="0.001" classname="com.externalApi.Dumps"/>
  <testcase name="login" time="0.000" classname="com.externalApi.Dumps"/>
  <testcase name="login" time="0.000" classname="com.externalApi.Dumps"/>
  <testcase name="login" time="0.001" classname="com.externalApi.Dumps"/>
  <testcase name="login" time="0.001" classname="com.externalApi.Dumps"/>
  <testcase name="login" time="0.001" classname="com.externalApi.Dumps"/>
  <testcase name="login" time="0.000" classname="com.externalApi.Dumps"/>
  <testcase name="login" time="0.000" classname="com.externalApi.Dumps"/>
  <testcase name="login" time="0.000" classname="com.externalApi.Dumps"/>
  <testcase name="login" time="0.001" classname="com.externalApi.Dumps"/>
  <testcase name="login" time="0.000" classname="com.externalApi.Dumps"/>
  <testcase name="login" time="0.001" classname="com.externalApi.Dumps"/>
  <testcase name="login" time="0.000" classname="com.externalApi.Dumps"/>
  <testcase name="login" time="0.001" classname="com.externalApi.Dumps"/>
  <testcase name="login" time="0.000" classname="com.externalApi.Dumps"/>
  <testcase name="login" time="0.002" classname="com.externalApi.Dumps"/>
  <testcase name="login" time="0.001" classname="com.externalApi.Dumps"/>
  <testcase name="login" time="0.001" classname="com.externalApi.Dumps"/>
  <testcase name="login" time="0.000" classname="com.externalApi.Dumps"/>
  <testcase name="login" time="0.001" classname="com.externalApi.Dumps"/>
  <testcase name="login" time="0.000" classname="com.externalApi.Dumps"/>
  <testcase name="login" time="0.001" classname="com.externalApi.Dumps"/>
  <testcase name="login" time="0.001" classname="com.externalApi.Dumps"/>
  <testcase name="login" time="0.001" classname="com.externalApi.Dumps"/>
  <testcase name="login" time="0.010" classname="com.externalApi.Dumps"/>
  <testcase name="login" time="0.000" classname="com.externalApi.Dumps"/>
  <testcase name="login" time="0.000" classname="com.externalApi.Dumps"/>
  <testcase name="login" time="0.001" classname="com.externalApi.Dumps"/>
  <testcase name="login" time="0.001" classname="com.externalApi.Dumps"/>
  <testcase name="login" time="0.001" classname="com.externalApi.Dumps"/>
  <testcase name="login" time="0.000" classname="com.externalApi.Dumps"/>
  <testcase name="login" time="0.000" classname="com.externalApi.Dumps"/>
  <testcase name="login" time="0.001" classname="com.externalApi.Dumps"/>
  <testcase name="login" time="0.000" classname="com.externalApi.Dumps"/>
  <testcase name="login" time="0.000" classname="com.externalApi.Dumps"/>
  <testcase name="login" time="0.164" classname="com.externalApi.Dumps"/>
  <testcase name="login" time="0.117" classname="com.externalApi.Dumps"/>
  <testcase name="login" time="0.000" classname="com.externalApi.Dumps"/>
  <testcase name="login" time="0.000" classname="com.externalApi.Dumps"/>
  <testcase name="login" time="0.000" classname="com.externalApi.Dumps"/>
  <testcase name="login" time="0.001" classname="com.externalApi.Dumps"/>
  <testcase name="login" time="0.000" classname="com.externalApi.Dumps"/>
  <testcase name="login" time="0.001" classname="com.externalApi.Dumps"/>
  <testcase name="login" time="0.001" classname="com.externalApi.Dumps"/>
  <testcase name="login" time="0.001" classname="com.externalApi.Dumps"/>
  <testcase name="login" time="0.002" classname="com.externalApi.Dumps"/>
  <testcase name="login" time="0.000" classname="com.externalApi.Dumps"/>
  <testcase name="login" time="0.001" classname="com.externalApi.Dumps"/>
  <testcase name="login" time="0.001" classname="com.externalApi.Dumps"/>
  <testcase name="login" time="0.001" classname="com.externalApi.Dumps"/>
  <testcase name="login" time="0.000" classname="com.externalApi.Dumps"/>
  <testcase name="login" time="0.000" classname="com.externalApi.Dumps"/>
  <testcase name="login" time="0.001" classname="com.externalApi.Dumps"/>
  <testcase name="login" time="0.001" classname="com.externalApi.Dumps"/>
  <testcase name="login" time="0.001" classname="com.externalApi.Dumps"/>
  <testcase name="login" time="0.001" classname="com.externalApi.Dumps"/>
  <testcase name="login" time="0.000" classname="com.externalApi.Dumps"/>
  <testcase name="login" time="0.001" classname="com.externalApi.Dumps"/>
  <testcase name="login" time="0.000" classname="com.externalApi.Dumps"/>
  <testcase name="login" time="0.000" classname="com.externalApi.Dumps"/>
  <testcase name="login" time="0.000" classname="com.externalApi.Dumps"/>
  <testcase name="login" time="0.000" classname="com.externalApi.Dumps"/>
  <testcase name="login" time="0.001" classname="com.externalApi.Dumps"/>
  <testcase name="login" time="0.000" classname="com.externalApi.Dumps"/>
  <testcase name="login" time="0.001" classname="com.externalApi.Dumps"/>
  <testcase name="login" time="0.001" classname="com.externalApi.Dumps"/>
  <testcase name="login" time="0.002" classname="com.externalApi.Dumps"/>
  <testcase name="login" time="0.000" classname="com.externalApi.Dumps"/>
  <testcase name="login" time="0.000" classname="com.externalApi.Dumps"/>
  <testcase name="login" time="0.001" classname="com.externalApi.Dumps"/>
  <testcase name="login" time="0.001" classname="com.externalApi.Dumps"/>
  <testcase name="login" time="0.001" classname="com.externalApi.Dumps"/>
  <testcase name="login" time="0.001" classname="com.externalApi.Dumps"/>
  <testcase name="login" time="0.000" classname="com.externalApi.Dumps"/>
  <testcase name="login" time="0.001" classname="com.externalApi.Dumps"/>
  <testcase name="login" time="0.000" classname="com.externalApi.Dumps"/>
  <testcase name="login" time="0.001" classname="com.externalApi.Dumps"/>
  <testcase name="login" time="0.000" classname="com.externalApi.Dumps"/>
  <testcase name="login" time="0.000" classname="com.externalApi.Dumps"/>
  <testcase name="login" time="0.001" classname="com.externalApi.Dumps"/>
  <testcase name="login" time="0.001" classname="com.externalApi.Dumps"/>
  <testcase name="login" time="0.000" classname="com.externalApi.Dumps"/>
  <testcase name="login" time="0.001" classname="com.externalApi.Dumps"/>
  <testcase name="login" time="0.000" classname="com.externalApi.Dumps"/>
  <testcase name="login" time="0.001" classname="com.externalApi.Dumps"/>
  <testcase name="login" time="0.001" classname="com.externalApi.Dumps"/>
  <testcase name="login" time="0.000" classname="com.externalApi.Dumps"/>
  <testcase name="login" time="0.001" classname="com.externalApi.Dumps"/>
  <testcase name="login" time="0.002" classname="com.externalApi.Dumps"/>
  <testcase name="login" time="0.000" classname="com.externalApi.Dumps"/>
  <testcase name="login" time="0.002" classname="com.externalApi.Dumps"/>
  <testcase name="login" time="0.000" classname="com.externalApi.Dumps"/>
  <testcase name="login" time="0.001" classname="com.externalApi.Dumps"/>
  <testcase name="login" time="0.000" classname="com.externalApi.Dumps"/>
  <testcase name="login" time="0.001" classname="com.externalApi.Dumps"/>
  <testcase name="login" time="0.001" classname="com.externalApi.Dumps"/>
  <testcase name="login" time="0.000" classname="com.externalApi.Dumps"/>
  <testcase name="login" time="0.001" classname="com.externalApi.Dumps"/>
  <testcase name="login" time="0.000" classname="com.externalApi.Dumps"/>
  <testcase name="login" time="0.001" classname="com.externalApi.Dumps"/>
  <testcase name="login" time="0.001" classname="com.externalApi.Dumps"/>
  <testcase name="login" time="0.001" classname="com.externalApi.Dumps"/>
  <testcase name="login" time="0.000" classname="com.externalApi.Dumps"/>
  <testcase name="login" time="0.000" classname="com.externalApi.Dumps"/>
  <testcase name="login" time="0.001" classname="com.externalApi.Dumps"/>
  <testcase name="login" time="0.000" classname="com.externalApi.Dumps"/>
  <testcase name="login" time="0.000" classname="com.externalApi.Dumps"/>
  <testcase name="login" time="0.000" classname="com.externalApi.Dumps"/>
  <testcase name="login" time="0.000" classname="com.externalApi.Dumps"/>
  <testcase name="login" time="0.000" classname="com.externalApi.Dumps"/>
  <testcase name="login" time="0.000" classname="com.externalApi.Dumps"/>
  <testcase name="login" time="0.000" classname="com.externalApi.Dumps"/>
  <testcase name="login" time="0.001" classname="com.externalApi.Dumps"/>
  <testcase name="login" time="0.002" classname="com.externalApi.Dumps"/>
  <testcase name="login" time="0.001" classname="com.externalApi.Dumps"/>
  <testcase name="login" time="0.002" classname="com.externalApi.Dumps"/>
  <testcase name="login" time="0.001" classname="com.externalApi.Dumps"/>
  <testcase name="login" time="0.001" classname="com.externalApi.Dumps"/>
  <testcase name="login" time="0.002" classname="com.externalApi.Dumps"/>
  <testcase name="login" time="0.001" classname="com.externalApi.Dumps"/>
  <testcase name="login" time="0.001" classname="com.externalApi.Dumps"/>
  <testcase name="login" time="0.001" classname="com.externalApi.Dumps"/>
  <testcase name="login" time="0.001" classname="com.externalApi.Dumps"/>
  <testcase name="login" time="0.000" classname="com.externalApi.Dumps"/>
  <testcase name="login" time="0.001" classname="com.externalApi.Dumps"/>
  <testcase name="login" time="0.000" classname="com.externalApi.Dumps"/>
  <testcase name="login" time="0.002" classname="com.externalApi.Dumps"/>
  <testcase name="login" time="0.000" classname="com.externalApi.Dumps"/>
  <testcase name="login" time="0.000" classname="com.externalApi.Dumps"/>
  <testcase name="login" time="0.001" classname="com.externalApi.Dumps"/>
  <testcase name="login" time="0.001" classname="com.externalApi.Dumps"/>
  <testcase name="login" time="0.001" classname="com.externalApi.Dumps"/>
  <testcase name="login" time="0.000" classname="com.externalApi.Dumps"/>
  <testcase name="login" time="0.000" classname="com.externalApi.Dumps"/>
  <testcase name="login" time="0.114" classname="com.externalApi.Dumps"/>
  <testcase name="login" time="0.001" classname="com.externalApi.Dumps"/>
  <testcase name="login" time="0.002" classname="com.externalApi.Dumps"/>
  <testcase name="login" time="0.001" classname="com.externalApi.Dumps"/>
  <testcase name="login" time="0.000" classname="com.externalApi.Dumps"/>
  <testcase name="login" time="0.000" classname="com.externalApi.Dumps"/>
  <testcase name="login" time="0.001" classname="com.externalApi.Dumps"/>
  <testcase name="login" time="0.000" classname="com.externalApi.Dumps"/>
  <testcase name="login" time="0.001" classname="com.externalApi.Dumps"/>
  <testcase name="login" time="0.001" classname="com.externalApi.Dumps"/>
  <testcase name="login" time="0.001" classname="com.externalApi.Dumps"/>
  <testcase name="login" time="0.000" classname="com.externalApi.Dumps"/>
  <testcase name="login" time="0.000" classname="com.externalApi.Dumps"/>
  <testcase name="login" time="0.000" classname="com.externalApi.Dumps"/>
  <testcase name="login" time="0.001" classname="com.externalApi.Dumps"/>
  <testcase name="login" time="0.001" classname="com.externalApi.Dumps"/>
  <testcase name="login" time="0.001" classname="com.externalApi.Dumps"/>
  <testcase name="login" time="0.000" classname="com.externalApi.Dumps"/>
  <testcase name="login" time="0.001" classname="com.externalApi.Dumps"/>
  <testcase name="login" time="0.001" classname="com.externalApi.Dumps"/>
  <testcase name="login" time="0.001" classname="com.externalApi.Dumps"/>
  <testcase name="login" time="0.000" classname="com.externalApi.Dumps"/>
  <testcase name="login" time="0.000" classname="com.externalApi.Dumps"/>
  <testcase name="login" time="0.001" classname="com.externalApi.Dumps"/>
  <testcase name="login" time="0.001" classname="com.externalApi.Dumps"/>
  <testcase name="login" time="0.001" classname="com.externalApi.Dumps"/>
  <testcase name="login" time="0.000" classname="com.externalApi.Dumps"/>
  <testcase name="login" time="0.000" classname="com.externalApi.Dumps"/>
  <testcase name="login" time="0.000" classname="com.externalApi.Dumps"/>
  <testcase name="login" time="0.000" classname="com.externalApi.Dumps"/>
  <testcase name="login" time="0.000" classname="com.externalApi.Dumps"/>
  <testcase name="login" time="0.000" classname="com.externalApi.Dumps"/>
  <testcase name="login" time="0.001" classname="com.externalApi.Dumps"/>
  <testcase name="login" time="0.000" classname="com.externalApi.Dumps"/>
  <testcase name="login" time="0.000" classname="com.externalApi.Dumps"/>
  <testcase name="login" time="0.002" classname="com.externalApi.Dumps"/>
  <testcase name="login" time="0.001" classname="com.externalApi.Dumps"/>
  <testcase name="login" time="0.000" classname="com.externalApi.Dumps"/>
  <testcase name="login" time="0.001" classname="com.externalApi.Dumps"/>
  <testcase name="login" time="0.003" classname="com.externalApi.Dumps"/>
  <testcase name="login" time="0.000" classname="com.externalApi.Dumps"/>
  <testcase name="login" time="0.001" classname="com.externalApi.Dumps"/>
  <testcase name="login" time="0.000" classname="com.externalApi.Dumps"/>
  <testcase name="login" time="0.000" classname="com.externalApi.Dumps"/>
  <testcase name="login" time="0.001" classname="com.externalApi.Dumps"/>
  <testcase name="login" time="0.000" classname="com.externalApi.Dumps"/>
  <testcase name="login" time="0.001" classname="com.externalApi.Dumps"/>
  <testcase name="login" time="0.003" classname="com.externalApi.Dumps"/>
  <testcase name="login" time="0.000" classname="com.externalApi.Dumps"/>
  <testcase name="login" time="0.000" classname="com.externalApi.Dumps"/>
  <testcase name="login" time="0.000" classname="com.externalApi.Dumps"/>
  <testcase name="login" time="0.002" classname="com.externalApi.Dumps"/>
  <testcase name="login" time="0.000" classname="com.externalApi.Dumps"/>
  <testcase name="login" time="0.001" classname="com.externalApi.Dumps"/>
  <testcase name="login" time="0.000" classname="com.externalApi.Dumps"/>
  <testcase name="login" time="0.001" classname="com.externalApi.Dumps"/>
  <testcase name="login" time="0.000" classname="com.externalApi.Dumps"/>
  <testcase name="login" time="0.000" classname="com.externalApi.Dumps"/>
  <testcase name="login" time="0.000" classname="com.externalApi.Dumps"/>
  <testcase name="login" time="0.001" classname="com.externalApi.Dumps"/>
  <testcase name="login" time="0.001" classname="com.externalApi.Dumps"/>
  <testcase name="login" time="0.000" classname="com.externalApi.Dumps"/>
  <testcase name="login" time="0.013" classname="com.externalApi.Dumps"/>
  <testcase name="login" time="0.001" classname="com.externalApi.Dumps"/>
  <testcase name="login" time="0.000" classname="com.externalApi.Dumps"/>
  <testcase name="login" time="0.000" classname="com.externalApi.Dumps"/>
  <testcase name="login" time="0.001" classname="com.externalApi.Dumps"/>
  <testcase name="login" time="0.001" classname="com.externalApi.Dumps"/>
  <testcase name="login" time="0.001" classname="com.externalApi.Dumps"/>
  <testcase name="login" time="0.001" classname="com.externalApi.Dumps"/>
  <testcase name="login" time="0.001" classname="com.externalApi.Dumps"/>
  <testcase name="login" time="0.000" classname="com.externalApi.Dumps"/>
  <testcase name="login" time="0.000" classname="com.externalApi.Dumps"/>
  <testcase name="login" time="0.001" classname="com.externalApi.Dumps"/>
  <testcase name="login" time="0.000" classname="com.externalApi.Dumps"/>
  <testcase name="login" time="0.001" classname="com.externalApi.Dumps"/>
  <testcase name="login" time="0.000" classname="com.externalApi.Dumps"/>
  <testcase name="login" time="0.000" classname="com.externalApi.Dumps"/>
  <testcase name="login" time="0.001" classname="com.externalApi.Dumps"/>
  <testcase name="login" time="0.000" classname="com.externalApi.Dumps"/>
  <testcase name="login" time="0.001" classname="com.externalApi.Dumps"/>
  <testcase name="login" time="0.000" classname="com.externalApi.Dumps"/>
  <testcase name="login" time="0.001" classname="com.externalApi.Dumps"/>
  <testcase name="login" time="0.001" classname="com.externalApi.Dumps"/>
  <testcase name="login" time="0.000" classname="com.externalApi.Dumps"/>
  <testcase name="login" time="0.002" classname="com.externalApi.Dumps"/>
  <testcase name="login" time="0.000" classname="com.externalApi.Dumps"/>
  <testcase name="login" time="0.001" classname="com.externalApi.Dumps"/>
  <testcase name="login" time="0.000" classname="com.externalApi.Dumps"/>
  <testcase name="login" time="0.000" classname="com.externalApi.Dumps"/>
  <testcase name="login" time="0.000" classname="com.externalApi.Dumps"/>
  <testcase name="login" time="0.001" classname="com.externalApi.Dumps"/>
  <testcase name="login" time="0.001" classname="com.externalApi.Dumps"/>
  <testcase name="login" time="0.000" classname="com.externalApi.Dumps"/>
  <testcase name="login" time="0.001" classname="com.externalApi.Dumps"/>
  <testcase name="login" time="0.001" classname="com.externalApi.Dumps"/>
  <testcase name="login" time="0.001" classname="com.externalApi.Dumps"/>
  <testcase name="login" time="0.000" classname="com.externalApi.Dumps"/>
  <testcase name="login" time="0.001" classname="com.externalApi.Dumps"/>
  <testcase name="login" time="0.001" classname="com.externalApi.Dumps"/>
  <testcase name="login" time="0.000" classname="com.externalApi.Dumps"/>
  <testcase name="login" time="0.001" classname="com.externalApi.Dumps"/>
  <testcase name="login" time="0.000" classname="com.externalApi.Dumps"/>
  <testcase name="login" time="0.001" classname="com.externalApi.Dumps"/>
  <testcase name="login" time="0.000" classname="com.externalApi.Dumps"/>
  <testcase name="login" time="0.000" classname="com.externalApi.Dumps"/>
  <testcase name="login" time="0.001" classname="com.externalApi.Dumps"/>
  <testcase name="login" time="0.001" classname="com.externalApi.Dumps"/>
  <testcase name="login" time="0.001" classname="com.externalApi.Dumps"/>
  <testcase name="login" time="0.001" classname="com.externalApi.Dumps"/>
  <testcase name="login" time="0.000" classname="com.externalApi.Dumps"/>
  <testcase name="login" time="0.000" classname="com.externalApi.Dumps"/>
  <testcase name="login" time="0.000" classname="com.externalApi.Dumps"/>
  <testcase name="login" time="0.000" classname="com.externalApi.Dumps"/>
  <testcase name="login" time="0.001" classname="com.externalApi.Dumps"/>
  <testcase name="login" time="0.001" classname="com.externalApi.Dumps"/>
  <testcase name="login" time="0.005" classname="com.externalApi.Dumps"/>
  <testcase name="login" time="0.001" classname="com.externalApi.Dumps"/>
  <testcase name="login" time="0.001" classname="com.externalApi.Dumps"/>
  <testcase name="login" time="0.000" classname="com.externalApi.Dumps"/>
  <testcase name="login" time="0.001" classname="com.externalApi.Dumps"/>
  <testcase name="login" time="0.001" classname="com.externalApi.Dumps"/>
  <testcase name="login" time="0.001" classname="com.externalApi.Dumps"/>
  <testcase name="login" time="0.001" classname="com.externalApi.Dumps"/>
  <testcase name="login" time="0.000" classname="com.externalApi.Dumps"/>
  <testcase name="login" time="0.001" classname="com.externalApi.Dumps"/>
  <testcase name="login" time="0.000" classname="com.externalApi.Dumps"/>
  <testcase name="login" time="0.000" classname="com.externalApi.Dumps"/>
  <testcase name="login" time="0.001" classname="com.externalApi.Dumps"/>
  <testcase name="login" time="0.000" classname="com.externalApi.Dumps"/>
  <testcase name="login" time="0.000" classname="com.externalApi.Dumps"/>
  <testcase name="login" time="0.001" classname="com.externalApi.Dumps"/>
  <testcase name="login" time="0.013" classname="com.externalApi.Dumps"/>
  <testcase name="login" time="0.000" classname="com.externalApi.Dumps"/>
  <testcase name="login" time="0.000" classname="com.externalApi.Dumps"/>
  <testcase name="login" time="0.000" classname="com.externalApi.Dumps"/>
  <testcase name="login" time="0.001" classname="com.externalApi.Dumps"/>
  <testcase name="login" time="0.001" classname="com.externalApi.Dumps"/>
  <testcase name="login" time="0.000" classname="com.externalApi.Dumps"/>
  <testcase name="login" time="0.001" classname="com.externalApi.Dumps"/>
  <testcase name="login" time="0.000" classname="com.externalApi.Dumps"/>
  <testcase name="login" time="0.001" classname="com.externalApi.Dumps"/>
  <testcase name="login" time="0.000" classname="com.externalApi.Dumps"/>
  <testcase name="login" time="0.001" classname="com.externalApi.Dumps"/>
  <testcase name="login" time="0.000" classname="com.externalApi.Dumps"/>
  <testcase name="login" time="0.000" classname="com.externalApi.Dumps"/>
  <testcase name="login" time="0.001" classname="com.externalApi.Dumps"/>
  <testcase name="login" time="0.000" classname="com.externalApi.Dumps"/>
  <testcase name="login" time="0.001" classname="com.externalApi.Dumps"/>
  <testcase name="login" time="0.000" classname="com.externalApi.Dumps"/>
  <testcase name="login" time="0.001" classname="com.externalApi.Dumps"/>
  <testcase name="login" time="0.000" classname="com.externalApi.Dumps"/>
  <testcase name="login" time="0.000" classname="com.externalApi.Dumps"/>
  <testcase name="login" time="0.001" classname="com.externalApi.Dumps"/>
  <testcase name="login" time="0.000" classname="com.externalApi.Dumps"/>
  <testcase name="login" time="0.063" classname="com.externalApi.Dumps"/>
  <testcase name="login" time="0.009" classname="com.externalApi.Dumps"/>
  <testcase name="login" time="0.001" classname="com.externalApi.Dumps"/>
  <testcase name="login" time="0.001" classname="com.externalApi.Dumps"/>
  <testcase name="login" time="0.000" classname="com.externalApi.Dumps"/>
  <testcase name="login" time="0.000" classname="com.externalApi.Dumps"/>
  <testcase name="login" time="0.001" classname="com.externalApi.Dumps"/>
  <testcase name="login" time="0.001" classname="com.externalApi.Dumps"/>
  <testcase name="login" time="0.001" classname="com.externalApi.Dumps"/>
  <testcase name="login" time="0.000" classname="com.externalApi.Dumps"/>
  <testcase name="login" time="0.001" classname="com.externalApi.Dumps"/>
  <testcase name="login" time="0.001" classname="com.externalApi.Dumps"/>
  <testcase name="login" time="0.000" classname="com.externalApi.Dumps"/>
  <testcase name="login" time="0.001" classname="com.externalApi.Dumps"/>
  <testcase name="login" time="0.000" classname="com.externalApi.Dumps"/>
  <testcase name="login" time="0.004" classname="com.externalApi.Dumps"/>
  <testcase name="login" time="0.002" classname="com.externalApi.Dumps"/>
  <testcase name="login" time="0.001" classname="com.externalApi.Dumps"/>
  <testcase name="login" time="0.001" classname="com.externalApi.Dumps"/>
  <testcase name="login" time="0.000" classname="com.externalApi.Dumps"/>
  <testcase name="login" time="0.001" classname="com.externalApi.Dumps"/>
  <testcase name="login" time="0.001" classname="com.externalApi.Dumps"/>
  <testcase name="login" time="0.001" classname="com.externalApi.Dumps"/>
  <testcase name="login" time="0.115" classname="com.externalApi.Dumps"/>
  <testcase name="login" time="0.000" classname="com.externalApi.Dumps"/>
  <testcase name="login" time="0.000" classname="com.externalApi.Dumps"/>
  <testcase name="login" time="0.001" classname="com.externalApi.Dumps"/>
  <testcase name="login" time="0.000" classname="com.externalApi.Dumps"/>
  <testcase name="login" time="0.001" classname="com.externalApi.Dumps"/>
  <testcase name="login" time="0.002" classname="com.externalApi.Dumps"/>
  <testcase name="login" time="0.001" classname="com.externalApi.Dumps"/>
  <testcase name="login" time="0.001" classname="com.externalApi.Dumps"/>
  <testcase name="login" time="0.000" classname="com.externalApi.Dumps"/>
  <testcase name="login" time="0.003" classname="com.externalApi.Dumps"/>
  <testcase name="login" time="0.000" classname="com.externalApi.Dumps"/>
  <testcase name="login" time="0.000" classname="com.externalApi.Dumps"/>
  <testcase name="login" time="0.000" classname="com.externalApi.Dumps"/>
  <testcase name="login" time="0.001" classname="com.externalApi.Dumps"/>
  <testcase name="login" time="0.000" classname="com.externalApi.Dumps"/>
  <testcase name="login" time="0.002" classname="com.externalApi.Dumps"/>
  <testcase name="login" time="0.000" classname="com.externalApi.Dumps"/>
  <testcase name="login" time="0.001" classname="com.externalApi.Dumps"/>
  <testcase name="login" time="0.000" classname="com.externalApi.Dumps"/>
  <testcase name="login" time="0.000" classname="com.externalApi.Dumps"/>
  <testcase name="login" time="0.002" classname="com.externalApi.Dumps"/>
  <testcase name="login" time="0.000" classname="com.externalApi.Dumps"/>
  <testcase name="login" time="0.001" classname="com.externalApi.Dumps"/>
  <testcase name="login" time="0.000" classname="com.externalApi.Dumps"/>
  <testcase name="login" time="0.000" classname="com.externalApi.Dumps"/>
  <testcase name="login" time="0.000" classname="com.externalApi.Dumps"/>
  <testcase name="login" time="0.001" classname="com.externalApi.Dumps"/>
  <testcase name="login" time="0.001" classname="com.externalApi.Dumps"/>
  <testcase name="login" time="0.000" classname="com.externalApi.Dumps"/>
  <testcase name="login" time="0.001" classname="com.externalApi.Dumps"/>
  <testcase name="login" time="0.002" classname="com.externalApi.Dumps"/>
  <testcase name="login" time="0.001" classname="com.externalApi.Dumps"/>
  <testcase name="login" time="0.000" classname="com.externalApi.Dumps"/>
  <testcase name="login" time="0.002" classname="com.externalApi.Dumps"/>
  <testcase name="login" time="0.001" classname="com.externalApi.Dumps"/>
  <testcase name="login" time="0.001" classname="com.externalApi.Dumps"/>
  <testcase name="login" time="0.000" classname="com.externalApi.Dumps"/>
  <testcase name="login" time="0.000" classname="com.externalApi.Dumps"/>
  <testcase name="login" time="0.001" classname="com.externalApi.Dumps"/>
  <testcase name="login" time="0.000" classname="com.externalApi.Dumps"/>
  <testcase name="login" time="0.119" classname="com.externalApi.Dumps"/>
  <testcase name="login" time="0.000" classname="com.externalApi.Dumps"/>
  <testcase name="login" time="0.001" classname="com.externalApi.Dumps"/>
  <testcase name="login" time="0.000" classname="com.externalApi.Dumps"/>
  <testcase name="login" time="0.002" classname="com.externalApi.Dumps"/>
  <testcase name="login" time="0.001" classname="com.externalApi.Dumps"/>
  <testcase name="login" time="0.001" classname="com.externalApi.Dumps"/>
  <testcase name="login" time="0.001" classname="com.externalApi.Dumps"/>
  <testcase name="login" time="0.001" classname="com.externalApi.Dumps"/>
  <testcase name="login" time="0.000" classname="com.externalApi.Dumps"/>
  <testcase name="login" time="0.001" classname="com.externalApi.Dumps"/>
  <testcase name="login" time="0.000" classname="com.externalApi.Dumps"/>
  <testcase name="login" time="0.001" classname="com.externalApi.Dumps"/>
  <testcase name="login" time="0.000" classname="com.externalApi.Dumps"/>
  <testcase name="login" time="0.000" classname="com.externalApi.Dumps"/>
  <testcase name="login" time="0.001" classname="com.externalApi.Dumps"/>
  <testcase name="login" time="0.002" classname="com.externalApi.Dumps"/>
  <testcase name="login" time="0.001" classname="com.externalApi.Dumps"/>
  <testcase name="login" time="0.001" classname="com.externalApi.Dumps"/>
  <testcase name="login" time="0.000" classname="com.externalApi.Dumps"/>
  <testcase name="login" time="0.001" classname="com.externalApi.Dumps"/>
  <testcase name="login" time="0.000" classname="com.externalApi.Dumps"/>
  <testcase name="login" time="0.001" classname="com.externalApi.Dumps"/>
  <testcase name="login" time="0.001" classname="com.externalApi.Dumps"/>
  <testcase name="login" time="0.000" classname="com.externalApi.Dumps"/>
  <testcase name="login" time="0.000" classname="com.externalApi.Dumps"/>
  <testcase name="login" time="0.001" classname="com.externalApi.Dumps"/>
  <testcase name="login" time="0.001" classname="com.externalApi.Dumps"/>
  <testcase name="login" time="0.000" classname="com.externalApi.Dumps"/>
  <testcase name="login" time="0.002" classname="com.externalApi.Dumps"/>
  <testcase name="login" time="0.000" classname="com.externalApi.Dumps"/>
  <testcase name="login" time="0.001" classname="com.externalApi.Dumps"/>
  <testcase name="login" time="0.001" classname="com.externalApi.Dumps"/>
  <testcase name="login" time="0.001" classname="com.externalApi.Dumps"/>
  <testcase name="login" time="0.000" classname="com.externalApi.Dumps"/>
  <testcase name="login" time="0.000" classname="com.externalApi.Dumps"/>
  <testcase name="login" time="0.001" classname="com.externalApi.Dumps"/>
  <testcase name="login" time="0.001" classname="com.externalApi.Dumps"/>
  <testcase name="login" time="0.000" classname="com.externalApi.Dumps"/>
  <testcase name="login" time="0.001" classname="com.externalApi.Dumps"/>
  <testcase name="login" time="0.000" classname="com.externalApi.Dumps"/>
  <testcase name="login" time="0.001" classname="com.externalApi.Dumps"/>
  <testcase name="login" time="0.000" classname="com.externalApi.Dumps"/>
  <testcase name="login" time="0.001" classname="com.externalApi.Dumps"/>
  <testcase name="login" time="0.000" classname="com.externalApi.Dumps"/>
  <testcase name="login" time="0.001" classname="com.externalApi.Dumps"/>
  <testcase name="login" time="0.000" classname="com.externalApi.Dumps"/>
  <testcase name="login" time="0.001" classname="com.externalApi.Dumps"/>
  <testcase name="login" time="0.000" classname="com.externalApi.Dumps"/>
  <testcase name="login" time="0.000" classname="com.externalApi.Dumps"/>
  <testcase name="login" time="0.001" classname="com.externalApi.Dumps"/>
  <testcase name="login" time="0.000" classname="com.externalApi.Dumps"/>
  <testcase name="login" time="0.001" classname="com.externalApi.Dumps"/>
  <testcase name="login" time="0.000" classname="com.externalApi.Dumps"/>
  <testcase name="login" time="0.000" classname="com.externalApi.Dumps"/>
  <testcase name="login" time="0.001" classname="com.externalApi.Dumps"/>
  <testcase name="login" time="0.000" classname="com.externalApi.Dumps"/>
  <testcase name="login" time="0.000" classname="com.externalApi.Dumps"/>
  <testcase name="login" time="0.001" classname="com.externalApi.Dumps"/>
  <testcase name="login" time="0.001" classname="com.externalApi.Dumps"/>
  <testcase name="login" time="0.001" classname="com.externalApi.Dumps"/>
  <testcase name="login" time="0.001" classname="com.externalApi.Dumps"/>
  <testcase name="login" time="0.001" classname="com.externalApi.Dumps"/>
  <testcase name="login" time="0.002" classname="com.externalApi.Dumps"/>
  <testcase name="login" time="0.001" classname="com.externalApi.Dumps"/>
  <testcase name="login" time="0.001" classname="com.externalApi.Dumps"/>
  <testcase name="login" time="0.000" classname="com.externalApi.Dumps"/>
  <testcase name="login" time="0.000" classname="com.externalApi.Dumps"/>
  <testcase name="login" time="0.001" classname="com.externalApi.Dumps"/>
  <testcase name="login" time="0.001" classname="com.externalApi.Dumps"/>
  <testcase name="login" time="0.003" classname="com.externalApi.Dumps"/>
  <testcase name="login" time="0.000" classname="com.externalApi.Dumps"/>
  <testcase name="login" time="0.000" classname="com.externalApi.Dumps"/>
  <testcase name="login" time="0.000" classname="com.externalApi.Dumps"/>
  <testcase name="login" time="0.001" classname="com.externalApi.Dumps"/>
  <testcase name="login" time="0.000" classname="com.externalApi.Dumps"/>
  <testcase name="login" time="0.001" classname="com.externalApi.Dumps"/>
  <testcase name="login" time="0.000" classname="com.externalApi.Dumps"/>
  <testcase name="login" time="0.000" classname="com.externalApi.Dumps"/>
  <testcase name="login" time="0.000" classname="com.externalApi.Dumps"/>
  <testcase name="login" time="0.001" classname="com.externalApi.Dumps"/>
  <testcase name="login" time="0.000" classname="com.externalApi.Dumps"/>
  <testcase name="login" time="0.000" classname="com.externalApi.Dumps"/>
  <testcase name="login" time="0.001" classname="com.externalApi.Dumps"/>
  <testcase name="login" time="0.001" classname="com.externalApi.Dumps"/>
  <testcase name="login" time="0.000" classname="com.externalApi.Dumps"/>
  <testcase name="login" time="0.001" classname="com.externalApi.Dumps"/>
  <testcase name="login" time="0.000" classname="com.externalApi.Dumps"/>
  <testcase name="login" time="0.001" classname="com.externalApi.Dumps"/>
  <testcase name="login" time="0.000" classname="com.externalApi.Dumps"/>
  <testcase name="login" time="0.000" classname="com.externalApi.Dumps"/>
  <testcase name="login" time="0.000" classname="com.externalApi.Dumps"/>
  <testcase name="login" time="0.000" classname="com.externalApi.Dumps"/>
  <testcase name="login" time="0.000" classname="com.externalApi.Dumps"/>
  <testcase name="login" time="0.001" classname="com.externalApi.Dumps"/>
  <testcase name="login" time="0.005" classname="com.externalApi.Dumps"/>
  <testcase name="login" time="0.001" classname="com.externalApi.Dumps"/>
  <testcase name="login" time="0.000" classname="com.externalApi.Dumps"/>
  <testcase name="login" time="0.002" classname="com.externalApi.Dumps"/>
  <testcase name="login" time="0.000" classname="com.externalApi.Dumps"/>
  <testcase name="login" time="0.001" classname="com.externalApi.Dumps"/>
  <testcase name="login" time="0.000" classname="com.externalApi.Dumps"/>
  <testcase name="login" time="0.000" classname="com.externalApi.Dumps"/>
  <testcase name="login" time="0.001" classname="com.externalApi.Dumps"/>
  <testcase name="login" time="0.000" classname="com.externalApi.Dumps"/>
  <testcase name="login" time="0.149" classname="com.externalApi.Dumps"/>
  <testcase name="login" time="0.000" classname="com.externalApi.Dumps"/>
  <testcase name="login" time="0.001" classname="com.externalApi.Dumps"/>
  <testcase name="login" time="0.002" classname="com.externalApi.Dumps"/>
  <testcase name="login" time="0.001" classname="com.externalApi.Dumps"/>
  <testcase name="login" time="0.001" classname="com.externalApi.Dumps"/>
  <testcase name="login" time="0.223" classname="com.externalApi.Dumps"/>
  <testcase name="login" time="0.001" classname="com.externalApi.Dumps"/>
  <testcase name="login" time="0.001" classname="com.externalApi.Dumps"/>
  <testcase name="login" time="0.001" classname="com.externalApi.Dumps"/>
  <testcase name="login" time="0.001" classname="com.externalApi.Dumps"/>
  <testcase name="login" time="0.001" classname="com.externalApi.Dumps"/>
  <testcase name="login" time="0.001" classname="com.externalApi.Dumps"/>
  <testcase name="login" time="0.001" classname="com.externalApi.Dumps"/>
  <testcase name="login" time="0.001" classname="com.externalApi.Dumps"/>
  <testcase name="login" time="0.000" classname="com.externalApi.Dumps"/>
  <testcase name="login" time="0.000" classname="com.externalApi.Dumps"/>
  <testcase name="login" time="0.000" classname="com.externalApi.Dumps"/>
  <testcase name="login" time="0.000" classname="com.externalApi.Dumps"/>
  <testcase name="login" time="0.000" classname="com.externalApi.Dumps"/>
  <testcase name="login" time="0.010" classname="com.externalApi.Dumps"/>
  <testcase name="login" time="0.000" classname="com.externalApi.Dumps"/>
  <testcase name="login" time="0.002" classname="com.externalApi.Dumps"/>
  <testcase name="login" time="0.001" classname="com.externalApi.Dumps"/>
  <testcase name="login" time="0.001" classname="com.externalApi.Dumps"/>
  <testcase name="login" time="0.000" classname="com.externalApi.Dumps"/>
  <testcase name="login" time="0.002" classname="com.externalApi.Dumps"/>
  <testcase name="login" time="0.001" classname="com.externalApi.Dumps"/>
  <testcase name="login" time="0.000" classname="com.externalApi.Dumps"/>
  <testcase name="login" time="0.000" classname="com.externalApi.Dumps"/>
  <testcase name="login" time="0.001" classname="com.externalApi.Dumps"/>
  <testcase name="login" time="0.000" classname="com.externalApi.Dumps"/>
  <testcase name="login" time="0.000" classname="com.externalApi.Dumps"/>
  <testcase name="login" time="0.000" classname="com.externalApi.Dumps"/>
  <testcase name="login" time="0.000" classname="com.externalApi.Dumps"/>
  <testcase name="login" time="0.000" classname="com.externalApi.Dumps"/>
  <testcase name="login" time="0.002" classname="com.externalApi.Dumps"/>
  <testcase name="login" time="0.002" classname="com.externalApi.Dumps"/>
  <testcase name="login" time="0.000" classname="com.externalApi.Dumps"/>
  <testcase name="login" time="0.000" classname="com.externalApi.Dumps"/>
  <testcase name="login" time="0.000" classname="com.externalApi.Dumps"/>
  <testcase name="login" time="0.001" classname="com.externalApi.Dumps"/>
  <testcase name="login" time="0.001" classname="com.externalApi.Dumps"/>
  <testcase name="login" time="0.001" classname="com.externalApi.Dumps"/>
  <testcase name="login" time="0.000" classname="com.externalApi.Dumps"/>
  <testcase name="login" time="0.000" classname="com.externalApi.Dumps"/>
  <testcase name="login" time="0.001" classname="com.externalApi.Dumps"/>
  <testcase name="login" time="0.000" classname="com.externalApi.Dumps"/>
  <testcase name="login" time="0.000" classname="com.externalApi.Dumps"/>
  <testcase name="login" time="0.001" classname="com.externalApi.Dumps"/>
  <testcase name="login" time="0.001" classname="com.externalApi.Dumps"/>
  <testcase name="login" time="0.000" classname="com.externalApi.Dumps"/>
  <testcase name="login" time="0.001" classname="com.externalApi.Dumps"/>
  <testcase name="login" time="0.000" classname="com.externalApi.Dumps"/>
  <testcase name="login" time="0.000" classname="com.externalApi.Dumps"/>
  <testcase name="login" time="0.000" classname="com.externalApi.Dumps"/>
  <testcase name="login" time="0.000" classname="com.externalApi.Dumps"/>
  <testcase name="login" time="0.001" classname="com.externalApi.Dumps"/>
  <testcase name="login" time="0.001" classname="com.externalApi.Dumps"/>
  <testcase name="login" time="0.001" classname="com.externalApi.Dumps"/>
  <testcase name="login" time="0.001" classname="com.externalApi.Dumps"/>
  <testcase name="login" time="0.000" classname="com.externalApi.Dumps"/>
  <testcase name="login" time="0.001" classname="com.externalApi.Dumps"/>
  <testcase name="login" time="0.001" classname="com.externalApi.Dumps"/>
  <testcase name="login" time="0.000" classname="com.externalApi.Dumps"/>
  <testcase name="login" time="0.001" classname="com.externalApi.Dumps"/>
  <testcase name="login" time="0.000" classname="com.externalApi.Dumps"/>
  <testcase name="login" time="0.001" classname="com.externalApi.Dumps"/>
  <testcase name="login" time="0.001" classname="com.externalApi.Dumps"/>
  <testcase name="login" time="0.000" classname="com.externalApi.Dumps"/>
  <testcase name="login" time="0.000" classname="com.externalApi.Dumps"/>
  <testcase name="login" time="0.000" classname="com.externalApi.Dumps"/>
  <testcase name="login" time="0.001" classname="com.externalApi.Dumps"/>
  <testcase name="login" time="0.001" classname="com.externalApi.Dumps"/>
  <testcase name="login" time="0.001" classname="com.externalApi.Dumps"/>
  <testcase name="login" time="0.003" classname="com.externalApi.Dumps"/>
  <testcase name="login" time="0.000" classname="com.externalApi.Dumps"/>
  <testcase name="login" time="0.001" classname="com.externalApi.Dumps"/>
  <testcase name="login" time="0.000" classname="com.externalApi.Dumps"/>
  <testcase name="login" time="0.001" classname="com.externalApi.Dumps"/>
  <testcase name="login" time="0.000" classname="com.externalApi.Dumps"/>
  <testcase name="login" time="0.000" classname="com.externalApi.Dumps"/>
  <testcase name="login" time="0.000" classname="com.externalApi.Dumps"/>
  <testcase name="login" time="0.001" classname="com.externalApi.Dumps"/>
  <testcase name="login" time="0.001" classname="com.externalApi.Dumps"/>
  <testcase name="login" time="0.000" classname="com.externalApi.Dumps"/>
  <testcase name="login" time="0.001" classname="com.externalApi.Dumps"/>
  <testcase name="login" time="0.001" classname="com.externalApi.Dumps"/>
  <testcase name="login" time="0.001" classname="com.externalApi.Dumps"/>
  <testcase name="login" time="0.000" classname="com.externalApi.Dumps"/>
  <testcase name="login" time="0.001" classname="com.externalApi.Dumps"/>
  <testcase name="login" time="0.001" classname="com.externalApi.Dumps"/>
  <testcase name="login" time="0.001" classname="com.externalApi.Dumps"/>
  <testcase name="login" time="0.000" classname="com.externalApi.Dumps"/>
  <testcase name="login" time="0.000" classname="com.externalApi.Dumps"/>
  <testcase name="login" time="0.000" classname="com.externalApi.Dumps"/>
  <testcase name="login" time="0.001" classname="com.externalApi.Dumps"/>
  <testcase name="login" time="0.000" classname="com.externalApi.Dumps"/>
  <testcase name="login" time="0.001" classname="com.externalApi.Dumps"/>
  <testcase name="login" time="0.000" classname="com.externalApi.Dumps"/>
  <testcase name="login" time="0.001" classname="com.externalApi.Dumps"/>
  <testcase name="login" time="0.001" classname="com.externalApi.Dumps"/>
  <testcase name="login" time="0.000" classname="com.externalApi.Dumps"/>
  <testcase name="login" time="0.001" classname="com.externalApi.Dumps"/>
  <testcase name="login" time="0.001" classname="com.externalApi.Dumps"/>
  <testcase name="login" time="0.000" classname="com.externalApi.Dumps"/>
  <testcase name="login" time="0.000" classname="com.externalApi.Dumps"/>
  <testcase name="login" time="0.001" classname="com.externalApi.Dumps"/>
  <testcase name="login" time="0.001" classname="com.externalApi.Dumps"/>
  <testcase name="login" time="0.001" classname="com.externalApi.Dumps"/>
  <testcase name="login" time="0.000" classname="com.externalApi.Dumps"/>
  <testcase name="login" time="0.002" classname="com.externalApi.Dumps"/>
  <testcase name="login" time="0.002" classname="com.externalApi.Dumps"/>
  <testcase name="login" time="0.000" classname="com.externalApi.Dumps"/>
  <testcase name="login" time="0.001" classname="com.externalApi.Dumps"/>
  <testcase name="login" time="0.001" classname="com.externalApi.Dumps"/>
  <testcase name="login" time="0.001" classname="com.externalApi.Dumps"/>
  <testcase name="login" time="0.005" classname="com.externalApi.Dumps"/>
  <testcase name="login" time="0.001" classname="com.externalApi.Dumps"/>
  <testcase name="login" time="0.001" classname="com.externalApi.Dumps"/>
  <testcase name="login" time="0.000" classname="com.externalApi.Dumps"/>
  <testcase name="login" time="0.001" classname="com.externalApi.Dumps"/>
  <testcase name="login" time="0.001" classname="com.externalApi.Dumps"/>
  <testcase name="login" time="0.000" classname="com.externalApi.Dumps"/>
  <testcase name="login" time="0.000" classname="com.externalApi.Dumps"/>
  <testcase name="login" time="0.001" classname="com.externalApi.Dumps"/>
  <testcase name="login" time="0.000" classname="com.externalApi.Dumps"/>
  <testcase name="login" time="0.000" classname="com.externalApi.Dumps"/>
  <testcase name="login" time="0.001" classname="com.externalApi.Dumps"/>
  <testcase name="login" time="0.000" classname="com.externalApi.Dumps"/>
  <testcase name="login" time="0.000" classname="com.externalApi.Dumps"/>
  <testcase name="login" time="0.000" classname="com.externalApi.Dumps"/>
  <testcase name="login" time="0.001" classname="com.externalApi.Dumps"/>
  <testcase name="login" time="0.000" classname="com.externalApi.Dumps"/>
  <testcase name="login" time="0.000" classname="com.externalApi.Dumps"/>
  <testcase name="login" time="0.000" classname="com.externalApi.Dumps"/>
  <testcase name="login" time="0.001" classname="com.externalApi.Dumps"/>
  <testcase name="login" time="0.001" classname="com.externalApi.Dumps"/>
  <testcase name="login" time="0.000" classname="com.externalApi.Dumps"/>
  <testcase name="login" time="0.000" classname="com.externalApi.Dumps"/>
  <testcase name="login" time="0.000" classname="com.externalApi.Dumps"/>
  <testcase name="login" time="0.001" classname="com.externalApi.Dumps"/>
  <testcase name="login" time="0.000" classname="com.externalApi.Dumps"/>
  <testcase name="login" time="0.000" classname="com.externalApi.Dumps"/>
  <testcase name="login" time="0.000" classname="com.externalApi.Dumps"/>
  <testcase name="login" time="0.000" classname="com.externalApi.Dumps"/>
  <testcase name="login" time="0.001" classname="com.externalApi.Dumps"/>
  <testcase name="login" time="0.001" classname="com.externalApi.Dumps"/>
  <testcase name="login" time="0.001" classname="com.externalApi.Dumps"/>
  <testcase name="login" time="0.001" classname="com.externalApi.Dumps"/>
  <testcase name="login" time="0.000" classname="com.externalApi.Dumps"/>
  <testcase name="login" time="0.000" classname="com.externalApi.Dumps"/>
  <testcase name="login" time="0.000" classname="com.externalApi.Dumps"/>
  <testcase name="login" time="0.000" classname="com.externalApi.Dumps"/>
  <testcase name="login" time="0.001" classname="com.externalApi.Dumps"/>
  <testcase name="login" time="0.000" classname="com.externalApi.Dumps"/>
  <testcase name="login" time="0.000" classname="com.externalApi.Dumps"/>
  <testcase name="login" time="0.000" classname="com.externalApi.Dumps"/>
  <testcase name="login" time="0.002" classname="com.externalApi.Dumps"/>
  <testcase name="login" time="0.000" classname="com.externalApi.Dumps"/>
  <testcase name="login" time="0.001" classname="com.externalApi.Dumps"/>
  <testcase name="login" time="0.003" classname="com.externalApi.Dumps"/>
  <testcase name="login" time="0.000" classname="com.externalApi.Dumps"/>
  <testcase name="login" time="0.001" classname="com.externalApi.Dumps"/>
  <testcase name="login" time="0.001" classname="com.externalApi.Dumps"/>
  <testcase name="login" time="0.000" classname="com.externalApi.Dumps"/>
  <testcase name="login" time="0.000" classname="com.externalApi.Dumps"/>
  <testcase name="login" time="0.001" classname="com.externalApi.Dumps"/>
  <testcase name="login" time="0.008" classname="com.externalApi.Dumps"/>
  <testcase name="login" time="0.000" classname="com.externalApi.Dumps"/>
  <testcase name="login" time="0.000" classname="com.externalApi.Dumps"/>
  <testcase name="login" time="0.009" classname="com.externalApi.Dumps"/>
  <testcase name="login" time="0.001" classname="com.externalApi.Dumps"/>
  <testcase name="login" time="0.000" classname="com.externalApi.Dumps"/>
  <testcase name="login" time="0.001" classname="com.externalApi.Dumps"/>
  <testcase name="login" time="0.001" classname="com.externalApi.Dumps"/>
  <testcase name="login" time="0.001" classname="com.externalApi.Dumps"/>
  <testcase name="login" time="0.002" classname="com.externalApi.Dumps"/>
  <testcase name="login" time="0.001" classname="com.externalApi.Dumps"/>
  <testcase name="login" time="0.000" classname="com.externalApi.Dumps"/>
  <testcase name="login" time="0.001" classname="com.externalApi.Dumps"/>
  <testcase name="login" time="0.001" classname="com.externalApi.Dumps"/>
  <testcase name="login" time="0.000" classname="com.externalApi.Dumps"/>
  <testcase name="login" time="0.001" classname="com.externalApi.Dumps"/>
  <testcase name="login" time="0.000" classname="com.externalApi.Dumps"/>
  <testcase name="login" time="0.000" classname="com.externalApi.Dumps"/>
  <testcase name="login" time="0.000" classname="com.externalApi.Dumps"/>
  <testcase name="login" time="0.002" classname="com.externalApi.Dumps"/>
  <testcase name="login" time="0.000" classname="com.externalApi.Dumps"/>
  <testcase name="login" time="0.001" classname="com.externalApi.Dumps"/>
  <testcase name="login" time="0.000" classname="com.externalApi.Dumps"/>
  <testcase name="login" time="0.000" classname="com.externalApi.Dumps"/>
  <testcase name="login" time="0.001" classname="com.externalApi.Dumps"/>
  <testcase name="login" time="0.001" classname="com.externalApi.Dumps"/>
  <testcase name="login" time="0.002" classname="com.externalApi.Dumps"/>
  <testcase name="login" time="0.021" classname="com.externalApi.Dumps"/>
  <testcase name="login" time="0.056" classname="com.externalApi.Dumps"/>
  <testcase name="login" time="0.001" classname="com.externalApi.Dumps"/>
  <testcase name="login" time="0.001" classname="com.externalApi.Dumps"/>
  <testcase name="login" time="0.000" classname="com.externalApi.Dumps"/>
  <testcase name="login" time="0.000" classname="com.externalApi.Dumps"/>
  <testcase name="login" time="0.001" classname="com.externalApi.Dumps"/>
  <testcase name="login" time="0.001" classname="com.externalApi.Dumps"/>
  <testcase name="login" time="0.000" classname="com.externalApi.Dumps"/>
  <testcase name="login" time="0.001" classname="com.externalApi.Dumps"/>
  <testcase name="login" time="0.001" classname="com.externalApi.Dumps"/>
  <testcase name="login" time="0.001" classname="com.externalApi.Dumps"/>
  <testcase name="login" time="0.002" classname="com.externalApi.Dumps"/>
  <testcase name="login" time="0.001" classname="com.externalApi.Dumps"/>
  <testcase name="login" time="0.000" classname="com.externalApi.Dumps"/>
  <testcase name="login" time="0.000" classname="com.externalApi.Dumps"/>
  <testcase name="login" time="0.001" classname="com.externalApi.Dumps"/>
  <testcase name="login" time="0.000" classname="com.externalApi.Dumps"/>
  <testcase name="login" time="0.001" classname="com.externalApi.Dumps"/>
  <testcase name="login" time="0.000" classname="com.externalApi.Dumps"/>
  <testcase name="login" time="0.001" classname="com.externalApi.Dumps"/>
  <testcase name="login" time="0.000" classname="com.externalApi.Dumps"/>
  <testcase name="login" time="0.000" classname="com.externalApi.Dumps"/>
  <testcase name="login" time="0.001" classname="com.externalApi.Dumps"/>
  <testcase name="login" time="0.001" classname="com.externalApi.Dumps"/>
  <testcase name="login" time="0.000" classname="com.externalApi.Dumps"/>
  <testcase name="login" time="0.000" classname="com.externalApi.Dumps"/>
  <testcase name="login" time="0.128" classname="com.externalApi.Dumps"/>
  <testcase name="login" time="0.000" classname="com.externalApi.Dumps"/>
  <testcase name="login" time="0.001" classname="com.externalApi.Dumps"/>
  <testcase name="login" time="0.000" classname="com.externalApi.Dumps"/>
  <testcase name="login" time="0.001" classname="com.externalApi.Dumps"/>
  <testcase name="login" time="0.002" classname="com.externalApi.Dumps"/>
  <testcase name="login" time="0.002" classname="com.externalApi.Dumps"/>
  <testcase name="login" time="0.000" classname="com.externalApi.Dumps"/>
  <testcase name="login" time="0.000" classname="com.externalApi.Dumps"/>
  <testcase name="login" time="0.000" classname="com.externalApi.Dumps"/>
  <testcase name="login" time="0.000" classname="com.externalApi.Dumps"/>
  <testcase name="login" time="0.000" classname="com.externalApi.Dumps"/>
  <testcase name="login" time="0.001" classname="com.externalApi.Dumps"/>
  <testcase name="login" time="0.001" classname="com.externalApi.Dumps"/>
  <testcase name="login" time="0.001" classname="com.externalApi.Dumps"/>
  <testcase name="login" time="0.000" classname="com.externalApi.Dumps"/>
  <testcase name="login" time="0.001" classname="com.externalApi.Dumps"/>
  <testcase name="login" time="0.000" classname="com.externalApi.Dumps"/>
  <testcase name="login" time="0.001" classname="com.externalApi.Dumps"/>
  <testcase name="login" time="0.000" classname="com.externalApi.Dumps"/>
  <testcase name="login" time="0.000" classname="com.externalApi.Dumps"/>
  <testcase name="login" time="0.000" classname="com.externalApi.Dumps"/>
  <testcase name="login" time="0.001" classname="com.externalApi.Dumps"/>
  <testcase name="login" time="0.000" classname="com.externalApi.Dumps"/>
  <testcase name="login" time="0.001" classname="com.externalApi.Dumps"/>
  <testcase name="login" time="0.001" classname="com.externalApi.Dumps"/>
  <testcase name="login" time="0.000" classname="com.externalApi.Dumps"/>
  <testcase name="login" time="0.001" classname="com.externalApi.Dumps"/>
  <testcase name="login" time="0.001" classname="com.externalApi.Dumps"/>
  <testcase name="login" time="0.000" classname="com.externalApi.Dumps"/>
  <testcase name="login" time="0.001" classname="com.externalApi.Dumps"/>
  <testcase name="login" time="0.001" classname="com.externalApi.Dumps"/>
  <testcase name="login" time="0.000" classname="com.externalApi.Dumps"/>
  <testcase name="login" time="0.001" classname="com.externalApi.Dumps"/>
  <testcase name="login" time="0.002" classname="com.externalApi.Dumps"/>
  <testcase name="login" time="0.001" classname="com.externalApi.Dumps"/>
  <testcase name="login" time="0.000" classname="com.externalApi.Dumps"/>
  <testcase name="login" time="0.001" classname="com.externalApi.Dumps"/>
  <testcase name="login" time="0.003" classname="com.externalApi.Dumps"/>
  <testcase name="login" time="0.000" classname="com.externalApi.Dumps"/>
  <testcase name="login" time="0.002" classname="com.externalApi.Dumps"/>
  <testcase name="login" time="0.000" classname="com.externalApi.Dumps"/>
  <testcase name="login" time="0.000" classname="com.externalApi.Dumps"/>
  <testcase name="login" time="0.000" classname="com.externalApi.Dumps"/>
  <testcase name="login" time="0.001" classname="com.externalApi.Dumps"/>
  <testcase name="login" time="0.000" classname="com.externalApi.Dumps"/>
  <testcase name="login" time="0.000" classname="com.externalApi.Dumps"/>
  <testcase name="login" time="0.000" classname="com.externalApi.Dumps"/>
  <testcase name="login" time="0.000" classname="com.externalApi.Dumps"/>
  <testcase name="login" time="0.001" classname="com.externalApi.Dumps"/>
  <testcase name="login" time="0.000" classname="com.externalApi.Dumps"/>
  <testcase name="login" time="0.000" classname="com.externalApi.Dumps"/>
  <testcase name="login" time="0.000" classname="com.externalApi.Dumps"/>
  <testcase name="login" time="0.000" classname="com.externalApi.Dumps"/>
  <testcase name="login" time="0.002" classname="com.externalApi.Dumps"/>
  <testcase name="login" time="0.000" classname="com.externalApi.Dumps"/>
  <testcase name="login" time="0.000" classname="com.externalApi.Dumps"/>
  <testcase name="login" time="0.001" classname="com.externalApi.Dumps"/>
  <testcase name="login" time="0.000" classname="com.externalApi.Dumps"/>
  <testcase name="login" time="0.002" classname="com.externalApi.Dumps"/>
  <testcase name="login" time="0.000" classname="com.externalApi.Dumps"/>
  <testcase name="login" time="0.000" classname="com.externalApi.Dumps"/>
  <testcase name="login" time="0.001" classname="com.externalApi.Dumps"/>
  <testcase name="login" time="0.000" classname="com.externalApi.Dumps"/>
  <testcase name="login" time="0.001" classname="com.externalApi.Dumps"/>
  <testcase name="login" time="0.000" classname="com.externalApi.Dumps"/>
  <testcase name="login" time="0.000" classname="com.externalApi.Dumps"/>
  <testcase name="login" time="0.001" classname="com.externalApi.Dumps"/>
  <testcase name="login" time="0.000" classname="com.externalApi.Dumps"/>
  <testcase name="login" time="0.001" classname="com.externalApi.Dumps"/>
  <testcase name="login" time="0.000" classname="com.externalApi.Dumps"/>
  <testcase name="login" time="0.001" classname="com.externalApi.Dumps"/>
  <testcase name="login" time="0.001" classname="com.externalApi.Dumps"/>
  <testcase name="login" time="0.000" classname="com.externalApi.Dumps"/>
  <testcase name="login" time="0.000" classname="com.externalApi.Dumps"/>
  <testcase name="login" time="0.000" classname="com.externalApi.Dumps"/>
  <testcase name="login" time="0.000" classname="com.externalApi.Dumps"/>
  <testcase name="login" time="0.000" classname="com.externalApi.Dumps"/>
  <testcase name="login" time="0.001" classname="com.externalApi.Dumps"/>
  <testcase name="login" time="0.000" classname="com.externalApi.Dumps"/>
  <testcase name="login" time="0.000" classname="com.externalApi.Dumps"/>
  <testcase name="login" time="0.000" classname="com.externalApi.Dumps"/>
  <testcase name="login" time="0.001" classname="com.externalApi.Dumps"/>
  <testcase name="login" time="0.001" classname="com.externalApi.Dumps"/>
  <testcase name="login" time="0.000" classname="com.externalApi.Dumps"/>
  <testcase name="login" time="0.003" classname="com.externalApi.Dumps"/>
  <testcase name="login" time="0.000" classname="com.externalApi.Dumps"/>
  <testcase name="login" time="0.000" classname="com.externalApi.Dumps"/>
  <testcase name="login" time="0.001" classname="com.externalApi.Dumps"/>
  <testcase name="login" time="0.001" classname="com.externalApi.Dumps"/>
  <testcase name="login" time="0.000" classname="com.externalApi.Dumps"/>
  <testcase name="login" time="0.001" classname="com.externalApi.Dumps"/>
  <testcase name="login" time="0.001" classname="com.externalApi.Dumps"/>
  <testcase name="login" time="0.001" classname="com.externalApi.Dumps"/>
  <testcase name="login" time="0.000" classname="com.externalApi.Dumps"/>
  <testcase name="login" time="0.001" classname="com.externalApi.Dumps"/>
  <testcase name="login" time="0.001" classname="com.externalApi.Dumps"/>
  <testcase name="login" time="0.000" classname="com.externalApi.Dumps"/>
  <testcase name="login" time="0.000" classname="com.externalApi.Dumps"/>
  <testcase name="login" time="0.000" classname="com.externalApi.Dumps"/>
  <testcase name="login" time="0.000" classname="com.externalApi.Dumps"/>
  <testcase name="login" time="0.001" classname="com.externalApi.Dumps"/>
  <testcase name="login" time="0.000" classname="com.externalApi.Dumps"/>
  <testcase name="login" time="0.001" classname="com.externalApi.Dumps"/>
  <testcase name="login" time="0.001" classname="com.externalApi.Dumps"/>
  <testcase name="login" time="0.002" classname="com.externalApi.Dumps"/>
  <testcase name="login" time="0.000" classname="com.externalApi.Dumps"/>
  <testcase name="login" time="0.001" classname="com.externalApi.Dumps"/>
  <testcase name="login" time="0.000" classname="com.externalApi.Dumps"/>
  <testcase name="login" time="0.143" classname="com.externalApi.Dumps"/>
  <testcase name="login" time="0.000" classname="com.externalApi.Dumps"/>
  <testcase name="login" time="0.000" classname="com.externalApi.Dumps"/>
  <testcase name="login" time="0.000" classname="com.externalApi.Dumps"/>
  <testcase name="login" time="0.000" classname="com.externalApi.Dumps"/>
  <testcase name="login" time="0.001" classname="com.externalApi.Dumps"/>
  <testcase name="login" time="0.001" classname="com.externalApi.Dumps"/>
  <testcase name="login" time="0.001" classname="com.externalApi.Dumps"/>
  <testcase name="login" time="0.001" classname="com.externalApi.Dumps"/>
  <testcase name="login" time="0.000" classname="com.externalApi.Dumps"/>
  <testcase name="login" time="0.000" classname="com.externalApi.Dumps"/>
  <testcase name="login" time="0.000" classname="com.externalApi.Dumps"/>
  <testcase name="login" time="0.000" classname="com.externalApi.Dumps"/>
  <testcase name="login" time="0.000" classname="com.externalApi.Dumps"/>
  <testcase name="login" time="0.000" classname="com.externalApi.Dumps"/>
  <testcase name="login" time="0.001" classname="com.externalApi.Dumps"/>
  <testcase name="login" time="0.001" classname="com.externalApi.Dumps"/>
  <testcase name="login" time="0.001" classname="com.externalApi.Dumps"/>
  <testcase name="login" time="0.000" classname="com.externalApi.Dumps"/>
  <testcase name="login" time="0.125" classname="com.externalApi.Dumps"/>
  <testcase name="login" time="0.003" classname="com.externalApi.Dumps"/>
  <testcase name="login" time="0.000" classname="com.externalApi.Dumps"/>
  <testcase name="login" time="0.001" classname="com.externalApi.Dumps"/>
  <testcase name="login" time="0.001" classname="com.externalApi.Dumps"/>
  <testcase name="login" time="0.001" classname="com.externalApi.Dumps"/>
  <testcase name="login" time="0.000" classname="com.externalApi.Dumps"/>
  <testcase name="login" time="0.000" classname="com.externalApi.Dumps"/>
  <testcase name="login" time="0.000" classname="com.externalApi.Dumps"/>
  <testcase name="login" time="0.000" classname="com.externalApi.Dumps"/>
  <testcase name="login" time="0.001" classname="com.externalApi.Dumps"/>
  <testcase name="login" time="0.001" classname="com.externalApi.Dumps"/>
  <testcase name="login" time="0.001" classname="com.externalApi.Dumps"/>
  <testcase name="login" time="0.001" classname="com.externalApi.Dumps"/>
  <testcase name="login" time="0.001" classname="com.externalApi.Dumps"/>
  <testcase name="login" time="0.001" classname="com.externalApi.Dumps"/>
  <testcase name="login" time="0.002" classname="com.externalApi.Dumps"/>
  <testcase name="login" time="0.000" classname="com.externalApi.Dumps"/>
  <testcase name="login" time="0.000" classname="com.externalApi.Dumps"/>
  <testcase name="login" time="0.001" classname="com.externalApi.Dumps"/>
  <testcase name="login" time="0.001" classname="com.externalApi.Dumps"/>
  <testcase name="login" time="0.001" classname="com.externalApi.Dumps"/>
  <testcase name="login" time="0.000" classname="com.externalApi.Dumps"/>
  <testcase name="login" time="0.001" classname="com.externalApi.Dumps"/>
  <testcase name="login" time="0.001" classname="com.externalApi.Dumps"/>
  <testcase name="login" time="0.003" classname="com.externalApi.Dumps"/>
  <testcase name="login" time="0.033" classname="com.externalApi.Dumps"/>
  <testcase name="login" time="0.000" classname="com.externalApi.Dumps"/>
  <testcase name="login" time="0.001" classname="com.externalApi.Dumps"/>
  <testcase name="login" time="0.001" classname="com.externalApi.Dumps"/>
  <testcase name="login" time="0.001" classname="com.externalApi.Dumps"/>
  <testcase name="login" time="0.001" classname="com.externalApi.Dumps"/>
  <testcase name="login" time="0.001" classname="com.externalApi.Dumps"/>
  <testcase name="login" time="0.000" classname="com.externalApi.Dumps"/>
  <testcase name="login" time="0.000" classname="com.externalApi.Dumps"/>
  <testcase name="login" time="0.121" classname="com.externalApi.Dumps"/>
  <testcase name="login" time="0.000" classname="com.externalApi.Dumps"/>
  <testcase name="login" time="0.000" classname="com.externalApi.Dumps"/>
  <testcase name="login" time="0.000" classname="com.externalApi.Dumps"/>
  <testcase name="login" time="0.000" classname="com.externalApi.Dumps"/>
  <testcase name="login" time="0.000" classname="com.externalApi.Dumps"/>
  <testcase name="login" time="0.001" classname="com.externalApi.Dumps"/>
  <testcase name="login" time="0.001" classname="com.externalApi.Dumps"/>
  <testcase name="login" time="0.001" classname="com.externalApi.Dumps"/>
  <testcase name="login" time="0.000" classname="com.externalApi.Dumps"/>
  <testcase name="login" time="0.000" classname="com.externalApi.Dumps"/>
  <testcase name="login" time="0.001" classname="com.externalApi.Dumps"/>
  <testcase name="login" time="0.001" classname="com.externalApi.Dumps"/>
  <testcase name="login" time="0.000" classname="com.externalApi.Dumps"/>
  <testcase name="login" time="0.001" classname="com.externalApi.Dumps"/>
  <testcase name="login" time="0.000" classname="com.externalApi.Dumps"/>
  <testcase name="login" time="0.001" classname="com.externalApi.Dumps"/>
  <testcase name="login" time="0.000" classname="com.externalApi.Dumps"/>
  <testcase name="login" time="0.000" classname="com.externalApi.Dumps"/>
  <testcase name="login" time="0.000" classname="com.externalApi.Dumps"/>
  <testcase name="login" time="0.000" classname="com.externalApi.Dumps"/>
  <testcase name="login" time="0.001" classname="com.externalApi.Dumps"/>
  <testcase name="login" time="0.001" classname="com.externalApi.Dumps"/>
  <testcase name="login" time="0.000" classname="com.externalApi.Dumps"/>
  <testcase name="login" time="0.001" classname="com.externalApi.Dumps"/>
  <testcase name="login" time="0.000" classname="com.externalApi.Dumps"/>
  <testcase name="login" time="0.001" classname="com.externalApi.Dumps"/>
  <testcase name="login" time="0.001" classname="com.externalApi.Dumps"/>
  <testcase name="login" time="0.000" classname="com.externalApi.Dumps"/>
  <testcase name="login" time="0.001" classname="com.externalApi.Dumps"/>
  <testcase name="login" time="0.001" classname="com.externalApi.Dumps"/>
  <testcase name="login" time="0.002" classname="com.externalApi.Dumps"/>
  <testcase name="login" time="0.000" classname="com.externalApi.Dumps"/>
  <testcase name="login" time="0.001" classname="com.externalApi.Dumps"/>
  <testcase name="login" time="0.000" classname="com.externalApi.Dumps"/>
  <testcase name="login" time="0.000" classname="com.externalApi.Dumps"/>
  <testcase name="login" time="0.001" classname="com.externalApi.Dumps"/>
  <testcase name="login" time="0.000" classname="com.externalApi.Dumps"/>
  <testcase name="login" time="0.000" classname="com.externalApi.Dumps"/>
  <testcase name="login" time="0.000" classname="com.externalApi.Dumps"/>
  <testcase name="login" time="0.115" classname="com.externalApi.Dumps"/>
  <testcase name="login" time="0.001" classname="com.externalApi.Dumps"/>
  <testcase name="login" time="0.001" classname="com.externalApi.Dumps"/>
  <testcase name="login" time="0.001" classname="com.externalApi.Dumps"/>
  <testcase name="login" time="0.000" classname="com.externalApi.Dumps"/>
  <testcase name="login" time="0.001" classname="com.externalApi.Dumps"/>
  <testcase name="login" time="0.001" classname="com.externalApi.Dumps"/>
  <testcase name="login" time="0.000" classname="com.externalApi.Dumps"/>
  <testcase name="login" time="0.000" classname="com.externalApi.Dumps"/>
  <testcase name="login" time="0.001" classname="com.externalApi.Dumps"/>
  <testcase name="login" time="0.000" classname="com.externalApi.Dumps"/>
  <testcase name="login" time="0.000" classname="com.externalApi.Dumps"/>
  <testcase name="login" time="0.001" classname="com.externalApi.Dumps"/>
  <testcase name="login" time="0.000" classname="com.externalApi.Dumps"/>
  <testcase name="login" time="0.000" classname="com.externalApi.Dumps"/>
  <testcase name="login" time="0.001" classname="com.externalApi.Dumps"/>
  <testcase name="login" time="0.000" classname="com.externalApi.Dumps"/>
  <testcase name="login" time="0.001" classname="com.externalApi.Dumps"/>
  <testcase name="login" time="0.000" classname="com.externalApi.Dumps"/>
  <testcase name="login" time="0.002" classname="com.externalApi.Dumps"/>
  <testcase name="login" time="0.001" classname="com.externalApi.Dumps"/>
  <testcase name="login" time="0.001" classname="com.externalApi.Dumps"/>
  <testcase name="login" time="0.001" classname="com.externalApi.Dumps"/>
  <testcase name="login" time="0.001" classname="com.externalApi.Dumps"/>
  <testcase name="login" time="0.001" classname="com.externalApi.Dumps"/>
  <testcase name="login" time="0.001" classname="com.externalApi.Dumps"/>
  <testcase name="login" time="0.000" classname="com.externalApi.Dumps"/>
  <testcase name="login" time="0.001" classname="com.externalApi.Dumps"/>
  <testcase name="login" time="0.001" classname="com.externalApi.Dumps"/>
  <testcase name="login" time="0.000" classname="com.externalApi.Dumps"/>
  <testcase name="login" time="0.000" classname="com.externalApi.Dumps"/>
  <testcase name="login" time="0.000" classname="com.externalApi.Dumps"/>
  <testcase name="login" time="0.002" classname="com.externalApi.Dumps"/>
  <testcase name="login" time="0.001" classname="com.externalApi.Dumps"/>
  <testcase name="login" time="0.001" classname="com.externalApi.Dumps"/>
  <testcase name="login" time="0.000" classname="com.externalApi.Dumps"/>
  <testcase name="login" time="0.000" classname="com.externalApi.Dumps"/>
  <testcase name="login" time="0.001" classname="com.externalApi.Dumps"/>
  <testcase name="login" time="0.003" classname="com.externalApi.Dumps"/>
  <testcase name="login" time="0.001" classname="com.externalApi.Dumps"/>
  <testcase name="login" time="0.000" classname="com.externalApi.Dumps"/>
  <testcase name="login" time="0.001" classname="com.externalApi.Dumps"/>
  <testcase name="login" time="0.000" classname="com.externalApi.Dumps"/>
  <testcase name="login" time="0.001" classname="com.externalApi.Dumps"/>
  <testcase name="login" time="0.001" classname="com.externalApi.Dumps"/>
  <testcase name="login" time="0.000" classname="com.externalApi.Dumps"/>
  <testcase name="login" time="0.000" classname="com.externalApi.Dumps"/>
  <testcase name="login" time="0.001" classname="com.externalApi.Dumps"/>
  <testcase name="login" time="0.000" classname="com.externalApi.Dumps"/>
  <testcase name="login" time="0.000" classname="com.externalApi.Dumps"/>
  <testcase name="login" time="0.002" classname="com.externalApi.Dumps"/>
  <testcase name="login" time="0.002" classname="com.externalApi.Dumps"/>
  <testcase name="login" time="0.001" classname="com.externalApi.Dumps"/>
  <testcase name="login" time="0.001" classname="com.externalApi.Dumps"/>
  <testcase name="login" time="0.000" classname="com.externalApi.Dumps"/>
  <testcase name="login" time="0.000" classname="com.externalApi.Dumps"/>
  <testcase name="login" time="0.001" classname="com.externalApi.Dumps"/>
  <testcase name="login" time="0.000" classname="com.externalApi.Dumps"/>
  <testcase name="login" time="0.000" classname="com.externalApi.Dumps"/>
  <testcase name="login" time="0.000" classname="com.externalApi.Dumps"/>
  <testcase name="login" time="0.001" classname="com.externalApi.Dumps"/>
  <testcase name="login" time="0.001" classname="com.externalApi.Dumps"/>
  <testcase name="login" time="0.000" classname="com.externalApi.Dumps"/>
  <testcase name="login" time="0.000" classname="com.externalApi.Dumps"/>
  <testcase name="login" time="0.000" classname="com.externalApi.Dumps"/>
  <testcase name="login" time="0.001" classname="com.externalApi.Dumps"/>
  <testcase name="login" time="0.001" classname="com.externalApi.Dumps"/>
  <testcase name="login" time="0.001" classname="com.externalApi.Dumps"/>
  <testcase name="login" time="0.000" classname="com.externalApi.Dumps"/>
  <testcase name="login" time="0.001" classname="com.externalApi.Dumps"/>
  <testcase name="login" time="0.001" classname="com.externalApi.Dumps"/>
  <testcase name="login" time="0.001" classname="com.externalApi.Dumps"/>
  <testcase name="login" time="0.000" classname="com.externalApi.Dumps"/>
  <testcase name="login" time="0.001" classname="com.externalApi.Dumps"/>
  <testcase name="login" time="0.000" classname="com.externalApi.Dumps"/>
  <testcase name="login" time="0.135" classname="com.externalApi.Dumps"/>
  <testcase name="login" time="0.000" classname="com.externalApi.Dumps"/>
  <testcase name="login" time="0.001" classname="com.externalApi.Dumps"/>
  <testcase name="login" time="0.002" classname="com.externalApi.Dumps"/>
  <testcase name="login" time="0.001" classname="com.externalApi.Dumps"/>
  <testcase name="login" time="0.002" classname="com.externalApi.Dumps"/>
  <testcase name="login" time="0.001" classname="com.externalApi.Dumps"/>
  <testcase name="login" time="0.001" classname="com.externalApi.Dumps"/>
  <testcase name="login" time="0.000" classname="com.externalApi.Dumps"/>
  <testcase name="login" time="0.000" classname="com.externalApi.Dumps"/>
  <testcase name="login" time="0.001" classname="com.externalApi.Dumps"/>
  <testcase name="login" time="0.001" classname="com.externalApi.Dumps"/>
  <testcase name="login" time="0.001" classname="com.externalApi.Dumps"/>
  <testcase name="login" time="0.000" classname="com.externalApi.Dumps"/>
  <testcase name="login" time="0.001" classname="com.externalApi.Dumps"/>
  <testcase name="login" time="0.001" classname="com.externalApi.Dumps"/>
  <testcase name="login" time="0.001" classname="com.externalApi.Dumps"/>
  <testcase name="login" time="0.000" classname="com.externalApi.Dumps"/>
  <testcase name="login" time="0.000" classname="com.externalApi.Dumps"/>
  <testcase name="login" time="0.000" classname="com.externalApi.Dumps"/>
  <testcase name="login" time="0.000" classname="com.externalApi.Dumps"/>
  <testcase name="login" time="0.001" classname="com.externalApi.Dumps"/>
  <testcase name="login" time="0.001" classname="com.externalApi.Dumps"/>
  <testcase name="login" time="0.002" classname="com.externalApi.Dumps"/>
  <testcase name="login" time="0.001" classname="com.externalApi.Dumps"/>
  <testcase name="login" time="0.001" classname="com.externalApi.Dumps"/>
  <testcase name="login" time="0.000" classname="com.externalApi.Dumps"/>
  <testcase name="login" time="0.001" classname="com.externalApi.Dumps"/>
  <testcase name="login" time="0.000" classname="com.externalApi.Dumps"/>
  <testcase name="login" time="0.001" classname="com.externalApi.Dumps"/>
  <testcase name="login" time="0.000" classname="com.externalApi.Dumps"/>
  <testcase name="login" time="0.000" classname="com.externalApi.Dumps"/>
  <testcase name="login" time="0.000" classname="com.externalApi.Dumps"/>
  <testcase name="login" time="0.000" classname="com.externalApi.Dumps"/>
  <testcase name="login" time="0.000" classname="com.externalApi.Dumps"/>
  <testcase name="login" time="0.001" classname="com.externalApi.Dumps"/>
  <testcase name="login" time="0.000" classname="com.externalApi.Dumps"/>
  <testcase name="login" time="0.000" classname="com.externalApi.Dumps"/>
  <testcase name="login" time="0.001" classname="com.externalApi.Dumps"/>
  <testcase name="login" time="0.001" classname="com.externalApi.Dumps"/>
  <testcase name="login" time="0.001" classname="com.externalApi.Dumps"/>
  <testcase name="login" time="0.000" classname="com.externalApi.Dumps"/>
  <testcase name="login" time="0.000" classname="com.externalApi.Dumps"/>
  <testcase name="login" time="0.001" classname="com.externalApi.Dumps"/>
  <testcase name="login" time="0.001" classname="com.externalApi.Dumps"/>
  <testcase name="login" time="0.000" classname="com.externalApi.Dumps"/>
  <testcase name="login" time="0.001" classname="com.externalApi.Dumps"/>
  <testcase name="login" time="0.000" classname="com.externalApi.Dumps"/>
  <testcase name="login" time="0.001" classname="com.externalApi.Dumps"/>
  <testcase name="login" time="0.000" classname="com.externalApi.Dumps"/>
  <testcase name="login" time="0.001" classname="com.externalApi.Dumps"/>
  <testcase name="login" time="0.001" classname="com.externalApi.Dumps"/>
  <testcase name="login" time="0.000" classname="com.externalApi.Dumps"/>
  <testcase name="login" time="0.000" classname="com.externalApi.Dumps"/>
  <testcase name="login" time="0.000" classname="com.externalApi.Dumps"/>
  <testcase name="login" time="0.001" classname="com.externalApi.Dumps"/>
  <testcase name="login" time="0.000" classname="com.externalApi.Dumps"/>
  <testcase name="login" time="0.000" classname="com.externalApi.Dumps"/>
  <testcase name="login" time="0.001" classname="com.externalApi.Dumps"/>
  <testcase name="login" time="0.000" classname="com.externalApi.Dumps"/>
  <testcase name="login" time="0.001" classname="com.externalApi.Dumps"/>
  <testcase name="login" time="0.001" classname="com.externalApi.Dumps"/>
  <testcase name="login" time="0.000" classname="com.externalApi.Dumps"/>
  <testcase name="login" time="0.000" classname="com.externalApi.Dumps"/>
  <testcase name="login" time="0.000" classname="com.externalApi.Dumps"/>
  <testcase name="login" time="0.000" classname="com.externalApi.Dumps"/>
  <testcase name="login" time="0.001" classname="com.externalApi.Dumps"/>
  <testcase name="login" time="0.000" classname="com.externalApi.Dumps"/>
  <testcase name="login" time="0.002" classname="com.externalApi.Dumps"/>
  <testcase name="login" time="0.000" classname="com.externalApi.Dumps"/>
  <testcase name="login" time="0.000" classname="com.externalApi.Dumps"/>
  <testcase name="login" time="0.001" classname="com.externalApi.Dumps"/>
  <testcase name="login" time="0.001" classname="com.externalApi.Dumps"/>
  <testcase name="login" time="0.001" classname="com.externalApi.Dumps"/>
  <testcase name="login" time="0.001" classname="com.externalApi.Dumps"/>
  <testcase name="login" time="0.000" classname="com.externalApi.Dumps"/>
  <testcase name="login" time="0.002" classname="com.externalApi.Dumps"/>
  <testcase name="login" time="0.000" classname="com.externalApi.Dumps"/>
  <testcase name="login" time="0.000" classname="com.externalApi.Dumps"/>
  <testcase name="login" time="0.000" classname="com.externalApi.Dumps"/>
  <testcase name="login" time="0.000" classname="com.externalApi.Dumps"/>
  <testcase name="login" time="0.000" classname="com.externalApi.Dumps"/>
  <testcase name="login" time="0.000" classname="com.externalApi.Dumps"/>
  <testcase name="login" time="0.001" classname="com.externalApi.Dumps"/>
  <testcase name="login" time="0.000" classname="com.externalApi.Dumps"/>
  <testcase name="login" time="0.001" classname="com.externalApi.Dumps"/>
  <testcase name="login" time="0.000" classname="com.externalApi.Dumps"/>
  <testcase name="login" time="0.001" classname="com.externalApi.Dumps"/>
  <testcase name="login" time="0.002" classname="com.externalApi.Dumps"/>
  <testcase name="login" time="0.000" classname="com.externalApi.Dumps"/>
  <testcase name="login" time="0.001" classname="com.externalApi.Dumps"/>
  <testcase name="login" time="0.000" classname="com.externalApi.Dumps"/>
  <testcase name="login" time="0.000" classname="com.externalApi.Dumps"/>
  <testcase name="login" time="0.000" classname="com.externalApi.Dumps"/>
  <testcase name="login" time="0.000" classname="com.externalApi.Dumps"/>
  <testcase name="login" time="0.001" classname="com.externalApi.Dumps"/>
  <testcase name="login" time="0.000" classname="com.externalApi.Dumps"/>
  <testcase name="login" time="0.001" classname="com.externalApi.Dumps"/>
  <testcase name="login" time="0.006" classname="com.externalApi.Dumps"/>
  <testcase name="login" time="0.001" classname="com.externalApi.Dumps"/>
  <testcase name="login" time="0.066" classname="com.externalApi.Dumps"/>
  <testcase name="login" time="0.001" classname="com.externalApi.Dumps"/>
  <testcase name="login" time="0.001" classname="com.externalApi.Dumps"/>
  <testcase name="login" time="0.001" classname="com.externalApi.Dumps"/>
  <testcase name="login" time="0.000" classname="com.externalApi.Dumps"/>
  <testcase name="login" time="0.001" classname="com.externalApi.Dumps"/>
  <testcase name="login" time="0.001" classname="com.externalApi.Dumps"/>
  <testcase name="login" time="0.001" classname="com.externalApi.Dumps"/>
  <testcase name="login" time="0.001" classname="com.externalApi.Dumps"/>
  <testcase name="login" time="0.000" classname="com.externalApi.Dumps"/>
  <testcase name="login" time="0.000" classname="com.externalApi.Dumps"/>
  <testcase name="login" time="0.001" classname="com.externalApi.Dumps"/>
  <testcase name="login" time="0.000" classname="com.externalApi.Dumps"/>
  <testcase name="login" time="0.002" classname="com.externalApi.Dumps"/>
  <testcase name="login" time="0.000" classname="com.externalApi.Dumps"/>
  <testcase name="login" time="0.001" classname="com.externalApi.Dumps"/>
  <testcase name="login" time="0.000" classname="com.externalApi.Dumps"/>
  <testcase name="login" time="0.001" classname="com.externalApi.Dumps"/>
  <testcase name="login" time="0.001" classname="com.externalApi.Dumps"/>
  <testcase name="login" time="0.000" classname="com.externalApi.Dumps"/>
  <testcase name="login" time="0.000" classname="com.externalApi.Dumps"/>
  <testcase name="login" time="0.001" classname="com.externalApi.Dumps"/>
  <testcase name="login" time="0.001" classname="com.externalApi.Dumps"/>
  <testcase name="login" time="0.000" classname="com.externalApi.Dumps"/>
  <testcase name="login" time="0.001" classname="com.externalApi.Dumps"/>
  <testcase name="login" time="0.001" classname="com.externalApi.Dumps"/>
  <testcase name="login" time="0.000" classname="com.externalApi.Dumps"/>
  <testcase name="login" time="0.000" classname="com.externalApi.Dumps"/>
  <testcase name="login" time="0.001" classname="com.externalApi.Dumps"/>
  <testcase name="login" time="0.000" classname="com.externalApi.Dumps"/>
  <testcase name="login" time="0.001" classname="com.externalApi.Dumps"/>
  <testcase name="login" time="0.001" classname="com.externalApi.Dumps"/>
  <testcase name="login" time="0.000" classname="com.externalApi.Dumps"/>
  <testcase name="login" time="0.002" classname="com.externalApi.Dumps"/>
  <testcase name="login" time="0.000" classname="com.externalApi.Dumps"/>
  <testcase name="login" time="0.001" classname="com.externalApi.Dumps"/>
  <testcase name="login" time="0.000" classname="com.externalApi.Dumps"/>
  <testcase name="login" time="0.001" classname="com.externalApi.Dumps"/>
  <testcase name="login" time="0.000" classname="com.externalApi.Dumps"/>
  <testcase name="login" time="0.000" classname="com.externalApi.Dumps"/>
  <testcase name="login" time="0.001" classname="com.externalApi.Dumps"/>
  <testcase name="login" time="0.001" classname="com.externalApi.Dumps"/>
  <testcase name="login" time="0.001" classname="com.externalApi.Dumps"/>
  <testcase name="login" time="0.001" classname="com.externalApi.Dumps"/>
  <testcase name="login" time="0.112" classname="com.externalApi.Dumps"/>
  <testcase name="login" time="0.000" classname="com.externalApi.Dumps"/>
  <testcase name="login" time="0.002" classname="com.externalApi.Dumps"/>
  <testcase name="login" time="0.001" classname="com.externalApi.Dumps"/>
  <testcase name="login" time="0.000" classname="com.externalApi.Dumps"/>
  <testcase name="login" time="0.001" classname="com.externalApi.Dumps"/>
  <testcase name="login" time="0.000" classname="com.externalApi.Dumps"/>
  <testcase name="login" time="0.000" classname="com.externalApi.Dumps"/>
  <testcase name="login" time="0.001" classname="com.externalApi.Dumps"/>
  <testcase name="login" time="0.041" classname="com.externalApi.Dumps"/>
  <testcase name="login" time="0.000" classname="com.externalApi.Dumps"/>
  <testcase name="login" time="0.000" classname="com.externalApi.Dumps"/>
  <testcase name="login" time="0.001" classname="com.externalApi.Dumps"/>
  <testcase name="login" time="0.000" classname="com.externalApi.Dumps"/>
  <testcase name="login" time="0.001" classname="com.externalApi.Dumps"/>
  <testcase name="login" time="0.000" classname="com.externalApi.Dumps"/>
  <testcase name="login" time="0.001" classname="com.externalApi.Dumps"/>
  <testcase name="login" time="0.001" classname="com.externalApi.Dumps"/>
  <testcase name="login" time="0.000" classname="com.externalApi.Dumps"/>
  <testcase name="login" time="0.001" classname="com.externalApi.Dumps"/>
  <testcase name="login" time="0.001" classname="com.externalApi.Dumps"/>
  <testcase name="login" time="0.001" classname="com.externalApi.Dumps"/>
  <testcase name="login" time="0.001" classname="com.externalApi.Dumps"/>
  <testcase name="login" time="0.001" classname="com.externalApi.Dumps"/>
  <testcase name="login" time="0.000" classname="com.externalApi.Dumps"/>
  <testcase name="login" time="0.000" classname="com.externalApi.Dumps"/>
  <testcase name="login" time="0.000" classname="com.externalApi.Dumps"/>
  <testcase name="login" time="0.001" classname="com.externalApi.Dumps"/>
  <testcase name="login" time="0.000" classname="com.externalApi.Dumps"/>
  <testcase name="login" time="0.001" classname="com.externalApi.Dumps"/>
  <testcase name="login" time="0.000" classname="com.externalApi.Dumps"/>
  <testcase name="login" time="0.000" classname="com.externalApi.Dumps"/>
  <testcase name="login" time="0.001" classname="com.externalApi.Dumps"/>
  <testcase name="login" time="0.000" classname="com.externalApi.Dumps"/>
  <testcase name="login" time="0.000" classname="com.externalApi.Dumps"/>
  <testcase name="login" time="0.000" classname="com.externalApi.Dumps"/>
  <testcase name="login" time="0.001" classname="com.externalApi.Dumps"/>
  <testcase name="login" time="0.001" classname="com.externalApi.Dumps"/>
  <testcase name="login" time="0.001" classname="com.externalApi.Dumps"/>
  <testcase name="login" time="0.000" classname="com.externalApi.Dumps"/>
  <testcase name="login" time="0.001" classname="com.externalApi.Dumps"/>
  <testcase name="login" time="0.001" classname="com.externalApi.Dumps"/>
  <testcase name="login" time="0.001" classname="com.externalApi.Dumps"/>
  <testcase name="login" time="0.000" classname="com.externalApi.Dumps"/>
  <testcase name="login" time="0.001" classname="com.externalApi.Dumps"/>
  <testcase name="login" time="0.000" classname="com.externalApi.Dumps"/>
  <testcase name="login" time="0.000" classname="com.externalApi.Dumps"/>
  <testcase name="login" time="0.000" classname="com.externalApi.Dumps"/>
  <testcase name="login" time="0.001" classname="com.externalApi.Dumps"/>
  <testcase name="login" time="0.001" classname="com.externalApi.Dumps"/>
  <testcase name="login" time="0.002" classname="com.externalApi.Dumps"/>
  <testcase name="login" time="0.002" classname="com.externalApi.Dumps"/>
  <testcase name="login" time="0.000" classname="com.externalApi.Dumps"/>
  <testcase name="login" time="0.000" classname="com.externalApi.Dumps"/>
  <testcase name="login" time="0.000" classname="com.externalApi.Dumps"/>
  <testcase name="login" time="0.000" classname="com.externalApi.Dumps"/>
  <testcase name="login" time="0.000" classname="com.externalApi.Dumps"/>
  <testcase name="login" time="0.001" classname="com.externalApi.Dumps"/>
  <testcase name="login" time="0.001" classname="com.externalApi.Dumps"/>
  <testcase name="login" time="0.001" classname="com.externalApi.Dumps"/>
  <testcase name="login" time="0.000" classname="com.externalApi.Dumps"/>
  <testcase name="login" time="0.001" classname="com.externalApi.Dumps"/>
  <testcase name="login" time="0.001" classname="com.externalApi.Dumps"/>
  <testcase name="login" time="0.000" classname="com.externalApi.Dumps"/>
  <testcase name="login" time="0.001" classname="com.externalApi.Dumps"/>
  <testcase name="login" time="0.000" classname="com.externalApi.Dumps"/>
  <testcase name="login" time="0.001" classname="com.externalApi.Dumps"/>
  <testcase name="login" time="0.001" classname="com.externalApi.Dumps"/>
  <testcase name="login" time="0.000" classname="com.externalApi.Dumps"/>
  <testcase name="login" time="0.001" classname="com.externalApi.Dumps"/>
  <testcase name="login" time="0.001" classname="com.externalApi.Dumps"/>
  <testcase name="login" time="0.001" classname="com.externalApi.Dumps"/>
  <testcase name="login" time="0.000" classname="com.externalApi.Dumps"/>
  <testcase name="login" time="0.001" classname="com.externalApi.Dumps"/>
  <testcase name="login" time="0.001" classname="com.externalApi.Dumps"/>
  <testcase name="login" time="0.000" classname="com.externalApi.Dumps"/>
  <testcase name="login" time="0.001" classname="com.externalApi.Dumps"/>
  <testcase name="login" time="0.001" classname="com.externalApi.Dumps"/>
  <testcase name="login" time="0.000" classname="com.externalApi.Dumps"/>
  <testcase name="login" time="0.001" classname="com.externalApi.Dumps"/>
  <testcase name="login" time="0.002" classname="com.externalApi.Dumps"/>
  <testcase name="login" time="0.001" classname="com.externalApi.Dumps"/>
  <testcase name="login" time="0.001" classname="com.externalApi.Dumps"/>
  <testcase name="login" time="0.000" classname="com.externalApi.Dumps"/>
  <testcase name="login" time="0.000" classname="com.externalApi.Dumps"/>
  <testcase name="login" time="0.001" classname="com.externalApi.Dumps"/>
  <testcase name="login" time="0.001" classname="com.externalApi.Dumps"/>
  <testcase name="login" time="0.000" classname="com.externalApi.Dumps"/>
  <testcase name="login" time="0.000" classname="com.externalApi.Dumps"/>
  <testcase name="login" time="0.001" classname="com.externalApi.Dumps"/>
  <testcase name="login" time="0.000" classname="com.externalApi.Dumps"/>
  <testcase name="login" time="0.000" classname="com.externalApi.Dumps"/>
  <testcase name="login" time="0.000" classname="com.externalApi.Dumps"/>
  <testcase name="login" time="0.000" classname="com.externalApi.Dumps"/>
  <testcase name="login" time="0.000" classname="com.externalApi.Dumps"/>
  <testcase name="login" time="0.001" classname="com.externalApi.Dumps"/>
  <testcase name="login" time="0.001" classname="com.externalApi.Dumps"/>
  <testcase name="login" time="0.001" classname="com.externalApi.Dumps"/>
  <testcase name="login" time="0.000" classname="com.externalApi.Dumps"/>
  <testcase name="login" time="0.001" classname="com.externalApi.Dumps"/>
  <testcase name="login" time="0.001" classname="com.externalApi.Dumps"/>
  <testcase name="login" time="0.001" classname="com.externalApi.Dumps"/>
  <testcase name="login" time="0.000" classname="com.externalApi.Dumps"/>
  <testcase name="login" time="0.000" classname="com.externalApi.Dumps"/>
  <testcase name="login" time="0.000" classname="com.externalApi.Dumps"/>
  <testcase name="login" time="0.001" classname="com.externalApi.Dumps"/>
  <testcase name="login" time="0.001" classname="com.externalApi.Dumps"/>
  <testcase name="login" time="0.001" classname="com.externalApi.Dumps"/>
  <testcase name="login" time="0.001" classname="com.externalApi.Dumps"/>
  <testcase name="login" time="0.000" classname="com.externalApi.Dumps"/>
  <testcase name="login" time="0.001" classname="com.externalApi.Dumps"/>
  <testcase name="login" time="0.002" classname="com.externalApi.Dumps"/>
  <testcase name="login" time="0.001" classname="com.externalApi.Dumps"/>
  <testcase name="login" time="0.002" classname="com.externalApi.Dumps"/>
  <testcase name="login" time="0.001" classname="com.externalApi.Dumps"/>
  <testcase name="login" time="0.000" classname="com.externalApi.Dumps"/>
  <testcase name="login" time="0.000" classname="com.externalApi.Dumps"/>
  <testcase name="login" time="0.001" classname="com.externalApi.Dumps"/>
  <testcase name="login" time="0.000" classname="com.externalApi.Dumps"/>
  <testcase name="login" time="0.001" classname="com.externalApi.Dumps"/>
  <testcase name="login" time="0.000" classname="com.externalApi.Dumps"/>
  <testcase name="login" time="0.000" classname="com.externalApi.Dumps"/>
  <testcase name="login" time="0.001" classname="com.externalApi.Dumps"/>
  <testcase name="login" time="0.001" classname="com.externalApi.Dumps"/>
  <testcase name="login" time="0.000" classname="com.externalApi.Dumps"/>
  <testcase name="login" time="0.001" classname="com.externalApi.Dumps"/>
  <testcase name="login" time="0.000" classname="com.externalApi.Dumps"/>
  <testcase name="login" time="0.000" classname="com.externalApi.Dumps"/>
  <testcase name="login" time="0.001" classname="com.externalApi.Dumps"/>
  <testcase name="login" time="0.001" classname="com.externalApi.Dumps"/>
  <testcase name="login" time="0.000" classname="com.externalApi.Dumps"/>
  <testcase name="login" time="0.001" classname="com.externalApi.Dumps"/>
  <testcase name="login" time="0.000" classname="com.externalApi.Dumps"/>
  <testcase name="login" time="0.000" classname="com.externalApi.Dumps"/>
  <testcase name="login" time="0.000" classname="com.externalApi.Dumps"/>
  <testcase name="login" time="0.001" classname="com.externalApi.Dumps"/>
  <testcase name="login" time="0.002" classname="com.externalApi.Dumps"/>
  <testcase name="login" time="0.000" classname="com.externalApi.Dumps"/>
  <testcase name="login" time="0.000" classname="com.externalApi.Dumps"/>
  <testcase name="login" time="0.001" classname="com.externalApi.Dumps"/>
  <testcase name="login" time="0.000" classname="com.externalApi.Dumps"/>
  <testcase name="login" time="0.001" classname="com.externalApi.Dumps"/>
  <testcase name="login" time="0.001" classname="com.externalApi.Dumps"/>
  <testcase name="login" time="0.001" classname="com.externalApi.Dumps"/>
  <testcase name="login" time="0.001" classname="com.externalApi.Dumps"/>
  <testcase name="login" time="0.001" classname="com.externalApi.Dumps"/>
  <testcase name="login" time="0.002" classname="com.externalApi.Dumps"/>
  <testcase name="login" time="0.000" classname="com.externalApi.Dumps"/>
  <testcase name="login" time="0.001" classname="com.externalApi.Dumps"/>
  <testcase name="login" time="0.000" classname="com.externalApi.Dumps"/>
  <testcase name="login" time="0.163" classname="com.externalApi.Dumps"/>
  <testcase name="login" time="0.000" classname="com.externalApi.Dumps"/>
  <testcase name="login" time="0.000" classname="com.externalApi.Dumps"/>
  <testcase name="login" time="0.001" classname="com.externalApi.Dumps"/>
  <testcase name="login" time="0.000" classname="com.externalApi.Dumps"/>
  <testcase name="login" time="0.000" classname="com.externalApi.Dumps"/>
  <testcase name="login" time="0.000" classname="com.externalApi.Dumps"/>
  <testcase name="login" time="0.001" classname="com.externalApi.Dumps"/>
  <testcase name="login" time="0.000" classname="com.externalApi.Dumps"/>
  <testcase name="login" time="0.001" classname="com.externalApi.Dumps"/>
  <testcase name="login" time="0.001" classname="com.externalApi.Dumps"/>
  <testcase name="login" time="0.000" classname="com.externalApi.Dumps"/>
  <testcase name="login" time="0.001" classname="com.externalApi.Dumps"/>
  <testcase name="login" time="0.000" classname="com.externalApi.Dumps"/>
  <testcase name="login" time="0.001" classname="com.externalApi.Dumps"/>
  <testcase name="login" time="0.002" classname="com.externalApi.Dumps"/>
  <testcase name="login" time="0.000" classname="com.externalApi.Dumps"/>
  <testcase name="login" time="0.000" classname="com.externalApi.Dumps"/>
  <testcase name="login" time="0.001" classname="com.externalApi.Dumps"/>
  <testcase name="login" time="0.000" classname="com.externalApi.Dumps"/>
  <testcase name="login" time="0.002" classname="com.externalApi.Dumps"/>
  <testcase name="login" time="0.000" classname="com.externalApi.Dumps"/>
  <testcase name="login" time="0.000" classname="com.externalApi.Dumps"/>
  <testcase name="login" time="0.001" classname="com.externalApi.Dumps"/>
  <testcase name="login" time="0.001" classname="com.externalApi.Dumps"/>
  <testcase name="login" time="0.000" classname="com.externalApi.Dumps"/>
  <testcase name="login" time="0.001" classname="com.externalApi.Dumps"/>
  <testcase name="login" time="0.000" classname="com.externalApi.Dumps"/>
  <testcase name="login" time="0.000" classname="com.externalApi.Dumps"/>
  <testcase name="login" time="0.001" classname="com.externalApi.Dumps"/>
  <testcase name="login" time="0.001" classname="com.externalApi.Dumps"/>
  <testcase name="login" time="0.000" classname="com.externalApi.Dumps"/>
  <testcase name="login" time="0.000" classname="com.externalApi.Dumps"/>
  <testcase name="login" time="0.001" classname="com.externalApi.Dumps"/>
  <testcase name="login" time="0.001" classname="com.externalApi.Dumps"/>
  <testcase name="login" time="0.000" classname="com.externalApi.Dumps"/>
  <testcase name="login" time="0.002" classname="com.externalApi.Dumps"/>
  <testcase name="login" time="0.000" classname="com.externalApi.Dumps"/>
  <testcase name="login" time="0.301" classname="com.externalApi.Dumps"/>
  <testcase name="login" time="0.001" classname="com.externalApi.Dumps"/>
  <testcase name="login" time="0.001" classname="com.externalApi.Dumps"/>
  <testcase name="login" time="0.000" classname="com.externalApi.Dumps"/>
  <testcase name="login" time="0.000" classname="com.externalApi.Dumps"/>
  <testcase name="login" time="0.003" classname="com.externalApi.Dumps"/>
  <testcase name="login" time="0.000" classname="com.externalApi.Dumps"/>
  <testcase name="login" time="0.001" classname="com.externalApi.Dumps"/>
  <testcase name="login" time="0.001" classname="com.externalApi.Dumps"/>
  <testcase name="login" time="0.000" classname="com.externalApi.Dumps"/>
  <testcase name="login" time="0.001" classname="com.externalApi.Dumps"/>
  <testcase name="login" time="0.000" classname="com.externalApi.Dumps"/>
  <testcase name="login" time="0.000" classname="com.externalApi.Dumps"/>
  <testcase name="login" time="0.000" classname="com.externalApi.Dumps"/>
  <testcase name="login" time="0.001" classname="com.externalApi.Dumps"/>
  <testcase name="login" time="0.001" classname="com.externalApi.Dumps"/>
  <testcase name="login" time="0.000" classname="com.externalApi.Dumps"/>
  <testcase name="login" time="0.001" classname="com.externalApi.Dumps"/>
  <testcase name="login" time="0.029" classname="com.externalApi.Dumps"/>
  <testcase name="login" time="0.000" classname="com.externalApi.Dumps"/>
  <testcase name="login" time="0.001" classname="com.externalApi.Dumps"/>
  <testcase name="login" time="0.000" classname="com.externalApi.Dumps"/>
  <testcase name="login" time="0.001" classname="com.externalApi.Dumps"/>
  <testcase name="login" time="0.000" classname="com.externalApi.Dumps"/>
  <testcase name="login" time="0.001" classname="com.externalApi.Dumps"/>
  <testcase name="login" time="0.001" classname="com.externalApi.Dumps"/>
  <testcase name="login" time="0.000" classname="com.externalApi.Dumps"/>
  <testcase name="login" time="0.001" classname="com.externalApi.Dumps"/>
  <testcase name="login" time="0.001" classname="com.externalApi.Dumps"/>
  <testcase name="login" time="0.001" classname="com.externalApi.Dumps"/>
  <testcase name="login" time="0.001" classname="com.externalApi.Dumps"/>
  <testcase name="login" time="0.002" classname="com.externalApi.Dumps"/>
  <testcase name="login" time="0.000" classname="com.externalApi.Dumps"/>
  <testcase name="login" time="0.001" classname="com.externalApi.Dumps"/>
  <testcase name="login" time="0.001" classname="com.externalApi.Dumps"/>
  <testcase name="login" time="0.009" classname="com.externalApi.Dumps"/>
  <testcase name="login" time="0.001" classname="com.externalApi.Dumps"/>
  <testcase name="login" time="0.001" classname="com.externalApi.Dumps"/>
  <testcase name="login" time="0.000" classname="com.externalApi.Dumps"/>
  <testcase name="login" time="0.000" classname="com.externalApi.Dumps"/>
  <testcase name="login" time="0.001" classname="com.externalApi.Dumps"/>
  <testcase name="login" time="0.001" classname="com.externalApi.Dumps"/>
  <testcase name="login" time="0.001" classname="com.externalApi.Dumps"/>
  <testcase name="login" time="0.001" classname="com.externalApi.Dumps"/>
  <testcase name="login" time="0.001" classname="com.externalApi.Dumps"/>
  <testcase name="login" time="0.001" classname="com.externalApi.Dumps"/>
  <testcase name="login" time="0.000" classname="com.externalApi.Dumps"/>
  <testcase name="login" time="0.000" classname="com.externalApi.Dumps"/>
  <testcase name="login" time="0.000" classname="com.externalApi.Dumps"/>
  <testcase name="login" time="0.001" classname="com.externalApi.Dumps"/>
  <testcase name="login" time="0.001" classname="com.externalApi.Dumps"/>
  <testcase name="login" time="0.001" classname="com.externalApi.Dumps"/>
  <testcase name="login" time="0.000" classname="com.externalApi.Dumps"/>
  <testcase name="login" time="0.007" classname="com.externalApi.Dumps"/>
  <testcase name="login" time="0.000" classname="com.externalApi.Dumps"/>
  <testcase name="login" time="0.001" classname="com.externalApi.Dumps"/>
  <testcase name="login" time="0.000" classname="com.externalApi.Dumps"/>
  <testcase name="login" time="0.001" classname="com.externalApi.Dumps"/>
  <testcase name="login" time="0.001" classname="com.externalApi.Dumps"/>
  <testcase name="login" time="0.000" classname="com.externalApi.Dumps"/>
  <testcase name="login" time="0.000" classname="com.externalApi.Dumps"/>
  <testcase name="login" time="0.001" classname="com.externalApi.Dumps"/>
  <testcase name="login" time="0.000" classname="com.externalApi.Dumps"/>
  <testcase name="login" time="0.001" classname="com.externalApi.Dumps"/>
  <testcase name="login" time="0.000" classname="com.externalApi.Dumps"/>
  <testcase name="login" time="0.001" classname="com.externalApi.Dumps"/>
  <testcase name="login" time="0.000" classname="com.externalApi.Dumps"/>
  <testcase name="login" time="0.001" classname="com.externalApi.Dumps"/>
  <testcase name="login" time="0.001" classname="com.externalApi.Dumps"/>
  <testcase name="login" time="0.001" classname="com.externalApi.Dumps"/>
  <testcase name="login" time="0.000" classname="com.externalApi.Dumps"/>
  <testcase name="login" time="0.002" classname="com.externalApi.Dumps"/>
  <testcase name="login" time="0.000" classname="com.externalApi.Dumps"/>
  <testcase name="login" time="0.001" classname="com.externalApi.Dumps"/>
  <testcase name="login" time="0.000" classname="com.externalApi.Dumps"/>
  <testcase name="login" time="0.002" classname="com.externalApi.Dumps"/>
  <testcase name="login" time="0.000" classname="com.externalApi.Dumps"/>
  <testcase name="login" time="0.001" classname="com.externalApi.Dumps"/>
  <testcase name="login" time="0.002" classname="com.externalApi.Dumps"/>
  <testcase name="login" time="0.001" classname="com.externalApi.Dumps"/>
  <testcase name="login" time="0.001" classname="com.externalApi.Dumps"/>
  <testcase name="login" time="0.003" classname="com.externalApi.Dumps"/>
  <testcase name="login" time="0.000" classname="com.externalApi.Dumps"/>
  <testcase name="login" time="0.000" classname="com.externalApi.Dumps"/>
  <testcase name="login" time="0.001" classname="com.externalApi.Dumps"/>
  <testcase name="login" time="0.001" classname="com.externalApi.Dumps"/>
  <testcase name="login" time="0.001" classname="com.externalApi.Dumps"/>
  <testcase name="login" time="0.000" classname="com.externalApi.Dumps"/>
  <testcase name="login" time="0.001" classname="com.externalApi.Dumps"/>
  <testcase name="login" time="0.001" classname="com.externalApi.Dumps"/>
  <testcase name="login" time="0.001" classname="com.externalApi.Dumps"/>
  <testcase name="login" time="0.000" classname="com.externalApi.Dumps"/>
  <testcase name="login" time="0.000" classname="com.externalApi.Dumps"/>
  <testcase name="login" time="0.000" classname="com.externalApi.Dumps"/>
  <testcase name="login" time="0.000" classname="com.externalApi.Dumps"/>
  <testcase name="login" time="0.001" classname="com.externalApi.Dumps"/>
  <testcase name="login" time="0.001" classname="com.externalApi.Dumps"/>
  <testcase name="login" time="0.001" classname="com.externalApi.Dumps"/>
  <testcase name="login" time="0.001" classname="com.externalApi.Dumps"/>
  <testcase name="login" time="0.001" classname="com.externalApi.Dumps"/>
  <testcase name="login" time="0.000" classname="com.externalApi.Dumps"/>
  <testcase name="login" time="0.000" classname="com.externalApi.Dumps"/>
  <testcase name="login" time="0.000" classname="com.externalApi.Dumps"/>
  <testcase name="login" time="0.000" classname="com.externalApi.Dumps"/>
  <testcase name="login" time="0.000" classname="com.externalApi.Dumps"/>
  <testcase name="login" time="0.000" classname="com.externalApi.Dumps"/>
  <testcase name="login" time="0.000" classname="com.externalApi.Dumps"/>
  <testcase name="login" time="0.000" classname="com.externalApi.Dumps"/>
  <testcase name="login" time="0.001" classname="com.externalApi.Dumps"/>
  <testcase name="login" time="0.000" classname="com.externalApi.Dumps"/>
  <testcase name="login" time="0.000" classname="com.externalApi.Dumps"/>
  <testcase name="login" time="0.002" classname="com.externalApi.Dumps"/>
  <testcase name="login" time="0.001" classname="com.externalApi.Dumps"/>
  <testcase name="login" time="0.000" classname="com.externalApi.Dumps"/>
  <testcase name="login" time="0.000" classname="com.externalApi.Dumps"/>
  <testcase name="login" time="0.001" classname="com.externalApi.Dumps"/>
  <testcase name="login" time="0.003" classname="com.externalApi.Dumps"/>
  <testcase name="login" time="0.000" classname="com.externalApi.Dumps"/>
  <testcase name="login" time="0.001" classname="com.externalApi.Dumps"/>
  <testcase name="login" time="0.000" classname="com.externalApi.Dumps"/>
  <testcase name="login" time="0.000" classname="com.externalApi.Dumps"/>
  <testcase name="login" time="0.000" classname="com.externalApi.Dumps"/>
  <testcase name="login" time="0.000" classname="com.externalApi.Dumps"/>
  <testcase name="login" time="0.001" classname="com.externalApi.Dumps"/>
  <testcase name="login" time="0.001" classname="com.externalApi.Dumps"/>
  <testcase name="login" time="0.000" classname="com.externalApi.Dumps"/>
  <testcase name="login" time="0.002" classname="com.externalApi.Dumps"/>
  <testcase name="login" time="0.000" classname="com.externalApi.Dumps"/>
  <testcase name="login" time="0.000" classname="com.externalApi.Dumps"/>
  <testcase name="login" time="0.001" classname="com.externalApi.Dumps"/>
  <testcase name="login" time="0.001" classname="com.externalApi.Dumps"/>
  <testcase name="login" time="0.001" classname="com.externalApi.Dumps"/>
  <testcase name="login" time="0.001" classname="com.externalApi.Dumps"/>
  <testcase name="login" time="0.000" classname="com.externalApi.Dumps"/>
  <testcase name="login" time="0.000" classname="com.externalApi.Dumps"/>
  <testcase name="login" time="0.001" classname="com.externalApi.Dumps"/>
  <testcase name="login" time="0.000" classname="com.externalApi.Dumps"/>
  <testcase name="login" time="0.000" classname="com.externalApi.Dumps"/>
  <testcase name="login" time="0.001" classname="com.externalApi.Dumps"/>
  <testcase name="login" time="0.001" classname="com.externalApi.Dumps"/>
  <testcase name="login" time="0.001" classname="com.externalApi.Dumps"/>
  <testcase name="login" time="0.001" classname="com.externalApi.Dumps"/>
  <testcase name="login" time="0.001" classname="com.externalApi.Dumps"/>
  <testcase name="login" time="0.000" classname="com.externalApi.Dumps"/>
  <testcase name="login" time="0.000" classname="com.externalApi.Dumps"/>
  <testcase name="login" time="0.001" classname="com.externalApi.Dumps"/>
  <testcase name="login" time="0.001" classname="com.externalApi.Dumps"/>
  <testcase name="login" time="0.001" classname="com.externalApi.Dumps"/>
  <testcase name="login" time="0.000" classname="com.externalApi.Dumps"/>
  <testcase name="login" time="0.000" classname="com.externalApi.Dumps"/>
  <testcase name="login" time="0.001" classname="com.externalApi.Dumps"/>
  <testcase name="login" time="0.002" classname="com.externalApi.Dumps"/>
  <testcase name="login" time="0.002" classname="com.externalApi.Dumps"/>
  <testcase name="login" time="0.002" classname="com.externalApi.Dumps"/>
  <testcase name="login" time="0.001" classname="com.externalApi.Dumps"/>
  <testcase name="login" time="0.000" classname="com.externalApi.Dumps"/>
  <testcase name="login" time="0.000" classname="com.externalApi.Dumps"/>
  <testcase name="login" time="0.000" classname="com.externalApi.Dumps"/>
  <testcase name="login" time="0.001" classname="com.externalApi.Dumps"/>
  <testcase name="login" time="0.001" classname="com.externalApi.Dumps"/>
  <testcase name="login" time="0.001" classname="com.externalApi.Dumps"/>
  <testcase name="login" time="0.000" classname="com.externalApi.Dumps"/>
  <testcase name="login" time="0.000" classname="com.externalApi.Dumps"/>
  <testcase name="login" time="0.000" classname="com.externalApi.Dumps"/>
  <testcase name="login" time="0.001" classname="com.externalApi.Dumps"/>
  <testcase name="login" time="0.000" classname="com.externalApi.Dumps"/>
  <testcase name="login" time="0.000" classname="com.externalApi.Dumps"/>
  <testcase name="login" time="0.000" classname="com.externalApi.Dumps"/>
  <testcase name="login" time="0.001" classname="com.externalApi.Dumps"/>
  <testcase name="login" time="0.000" classname="com.externalApi.Dumps"/>
  <testcase name="login" time="0.001" classname="com.externalApi.Dumps"/>
  <testcase name="login" time="0.001" classname="com.externalApi.Dumps"/>
  <testcase name="login" time="0.001" classname="com.externalApi.Dumps"/>
  <testcase name="login" time="0.040" classname="com.externalApi.Dumps"/>
  <testcase name="login" time="0.001" classname="com.externalApi.Dumps"/>
  <testcase name="login" time="0.001" classname="com.externalApi.Dumps"/>
  <testcase name="login" time="0.001" classname="com.externalApi.Dumps"/>
  <testcase name="login" time="0.001" classname="com.externalApi.Dumps"/>
  <testcase name="login" time="0.001" classname="com.externalApi.Dumps"/>
  <testcase name="login" time="0.001" classname="com.externalApi.Dumps"/>
  <testcase name="login" time="0.001" classname="com.externalApi.Dumps"/>
  <testcase name="login" time="0.000" classname="com.externalApi.Dumps"/>
  <testcase name="login" time="0.000" classname="com.externalApi.Dumps"/>
  <testcase name="login" time="0.000" classname="com.externalApi.Dumps"/>
  <testcase name="login" time="0.000" classname="com.externalApi.Dumps"/>
  <testcase name="login" time="0.001" classname="com.externalApi.Dumps"/>
  <testcase name="login" time="0.000" classname="com.externalApi.Dumps"/>
  <testcase name="login" time="0.000" classname="com.externalApi.Dumps"/>
  <testcase name="login" time="0.000" classname="com.externalApi.Dumps"/>
  <testcase name="login" time="0.001" classname="com.externalApi.Dumps"/>
  <testcase name="login" time="0.001" classname="com.externalApi.Dumps"/>
  <testcase name="login" time="0.854" classname="com.externalApi.Dumps"/>
  <testcase name="login" time="0.000" classname="com.externalApi.Dumps"/>
  <testcase name="login" time="0.000" classname="com.externalApi.Dumps"/>
  <testcase name="login" time="0.001" classname="com.externalApi.Dumps"/>
  <testcase name="login" time="0.000" classname="com.externalApi.Dumps"/>
  <testcase name="login" time="0.000" classname="com.externalApi.Dumps"/>
  <testcase name="login" time="0.000" classname="com.externalApi.Dumps"/>
  <testcase name="login" time="0.001" classname="com.externalApi.Dumps"/>
  <testcase name="login" time="0.001" classname="com.externalApi.Dumps"/>
  <testcase name="login" time="0.000" classname="com.externalApi.Dumps"/>
  <testcase name="login" time="0.001" classname="com.externalApi.Dumps"/>
  <testcase name="login" time="0.004" classname="com.externalApi.Dumps"/>
  <testcase name="login" time="0.001" classname="com.externalApi.Dumps"/>
  <testcase name="login" time="0.000" classname="com.externalApi.Dumps"/>
  <testcase name="login" time="0.000" classname="com.externalApi.Dumps"/>
  <testcase name="login" time="0.000" classname="com.externalApi.Dumps"/>
  <testcase name="login" time="0.120" classname="com.externalApi.Dumps"/>
  <testcase name="login" time="0.001" classname="com.externalApi.Dumps"/>
  <testcase name="login" time="0.001" classname="com.externalApi.Dumps"/>
  <testcase name="login" time="0.000" classname="com.externalApi.Dumps"/>
  <testcase name="login" time="0.002" classname="com.externalApi.Dumps"/>
  <testcase name="login" time="0.001" classname="com.externalApi.Dumps"/>
  <testcase name="login" time="0.001" classname="com.externalApi.Dumps"/>
  <testcase name="login" time="0.001" classname="com.externalApi.Dumps"/>
  <testcase name="login" time="0.001" classname="com.externalApi.Dumps"/>
  <testcase name="login" time="0.000" classname="com.externalApi.Dumps"/>
  <testcase name="login" time="0.000" classname="com.externalApi.Dumps"/>
  <testcase name="login" time="0.001" classname="com.externalApi.Dumps"/>
  <testcase name="login" time="0.002" classname="com.externalApi.Dumps"/>
  <testcase name="login" time="0.001" classname="com.externalApi.Dumps"/>
  <testcase name="login" time="0.001" classname="com.externalApi.Dumps"/>
  <testcase name="login" time="0.001" classname="com.externalApi.Dumps"/>
  <testcase name="login" time="0.000" classname="com.externalApi.Dumps"/>
  <testcase name="login" time="0.001" classname="com.externalApi.Dumps"/>
  <testcase name="login" time="0.001" classname="com.externalApi.Dumps"/>
  <testcase name="login" time="0.001" classname="com.externalApi.Dumps"/>
  <testcase name="login" time="0.000" classname="com.externalApi.Dumps"/>
  <testcase name="login" time="0.000" classname="com.externalApi.Dumps"/>
  <testcase name="login" time="0.000" classname="com.externalApi.Dumps"/>
  <testcase name="login" time="0.000" classname="com.externalApi.Dumps"/>
  <testcase name="login" time="0.000" classname="com.externalApi.Dumps"/>
  <testcase name="login" time="0.000" classname="com.externalApi.Dumps"/>
  <testcase name="login" time="0.000" classname="com.externalApi.Dumps"/>
  <testcase name="login" time="0.001" classname="com.externalApi.Dumps"/>
  <testcase name="login" time="0.001" classname="com.externalApi.Dumps"/>
  <testcase name="login" time="0.000" classname="com.externalApi.Dumps"/>
  <testcase name="login" time="0.001" classname="com.externalApi.Dumps"/>
  <testcase name="login" time="0.001" classname="com.externalApi.Dumps"/>
  <testcase name="login" time="0.001" classname="com.externalApi.Dumps"/>
  <testcase name="login" time="0.000" classname="com.externalApi.Dumps"/>
  <testcase name="login" time="0.000" classname="com.externalApi.Dumps"/>
  <testcase name="login" time="0.001" classname="com.externalApi.Dumps"/>
  <testcase name="login" time="0.001" classname="com.externalApi.Dumps"/>
  <testcase name="login" time="0.001" classname="com.externalApi.Dumps"/>
  <testcase name="login" time="0.000" classname="com.externalApi.Dumps"/>
  <testcase name="login" time="0.001" classname="com.externalApi.Dumps"/>
  <testcase name="login" time="0.001" classname="com.externalApi.Dumps"/>
  <testcase name="login" time="0.000" classname="com.externalApi.Dumps"/>
  <testcase name="login" time="0.002" classname="com.externalApi.Dumps"/>
  <testcase name="login" time="0.001" classname="com.externalApi.Dumps"/>
  <testcase name="login" time="0.001" classname="com.externalApi.Dumps"/>
  <testcase name="login" time="0.001" classname="com.externalApi.Dumps"/>
  <testcase name="login" time="0.001" classname="com.externalApi.Dumps"/>
  <testcase name="login" time="0.000" classname="com.externalApi.Dumps"/>
  <testcase name="login" time="0.000" classname="com.externalApi.Dumps"/>
  <testcase name="login" time="0.000" classname="com.externalApi.Dumps"/>
  <testcase name="login" time="0.001" classname="com.externalApi.Dumps"/>
  <testcase name="login" time="0.000" classname="com.externalApi.Dumps"/>
  <testcase name="login" time="0.002" classname="com.externalApi.Dumps"/>
  <testcase name="login" time="0.001" classname="com.externalApi.Dumps"/>
  <testcase name="login" time="0.001" classname="com.externalApi.Dumps"/>
  <testcase name="login" time="0.002" classname="com.externalApi.Dumps"/>
  <testcase name="login" time="0.001" classname="com.externalApi.Dumps"/>
  <testcase name="login" time="0.000" classname="com.externalApi.Dumps"/>
  <testcase name="login" time="0.001" classname="com.externalApi.Dumps"/>
  <testcase name="login" time="0.000" classname="com.externalApi.Dumps"/>
  <testcase name="login" time="0.001" classname="com.externalApi.Dumps"/>
  <testcase name="login" time="0.001" classname="com.externalApi.Dumps"/>
  <testcase name="login" time="0.001" classname="com.externalApi.Dumps"/>
  <testcase name="login" time="0.002" classname="com.externalApi.Dumps"/>
  <testcase name="login" time="0.000" classname="com.externalApi.Dumps"/>
  <testcase name="login" time="0.000" classname="com.externalApi.Dumps"/>
  <testcase name="login" time="0.000" classname="com.externalApi.Dumps"/>
  <testcase name="login" time="0.000" classname="com.externalApi.Dumps"/>
  <testcase name="login" time="0.001" classname="com.externalApi.Dumps"/>
  <testcase name="login" time="0.000" classname="com.externalApi.Dumps"/>
  <testcase name="login" time="0.000" classname="com.externalApi.Dumps"/>
  <testcase name="login" time="0.001" classname="com.externalApi.Dumps"/>
  <testcase name="login" time="0.000" classname="com.externalApi.Dumps"/>
  <testcase name="login" time="0.000" classname="com.externalApi.Dumps"/>
  <testcase name="login" time="0.000" classname="com.externalApi.Dumps"/>
  <testcase name="login" time="0.001" classname="com.externalApi.Dumps"/>
  <testcase name="login" time="0.000" classname="com.externalApi.Dumps"/>
  <testcase name="login" time="0.000" classname="com.externalApi.Dumps"/>
  <testcase name="login" time="0.000" classname="com.externalApi.Dumps"/>
  <testcase name="login" time="0.000" classname="com.externalApi.Dumps"/>
  <testcase name="login" time="0.000" classname="com.externalApi.Dumps"/>
  <testcase name="login" time="0.000" classname="com.externalApi.Dumps"/>
  <testcase name="login" time="0.117" classname="com.externalApi.Dumps"/>
  <testcase name="login" time="0.001" classname="com.externalApi.Dumps"/>
  <testcase name="login" time="0.000" classname="com.externalApi.Dumps"/>
  <testcase name="login" time="0.000" classname="com.externalApi.Dumps"/>
  <testcase name="login" time="0.001" classname="com.externalApi.Dumps"/>
  <testcase name="login" time="0.000" classname="com.externalApi.Dumps"/>
  <testcase name="login" time="0.000" classname="com.externalApi.Dumps"/>
  <testcase name="login" time="0.000" classname="com.externalApi.Dumps"/>
  <testcase name="login" time="0.001" classname="com.externalApi.Dumps"/>
  <testcase name="login" time="0.000" classname="com.externalApi.Dumps"/>
  <testcase name="login" time="0.000" classname="com.externalApi.Dumps"/>
  <testcase name="login" time="0.001" classname="com.externalApi.Dumps"/>
  <testcase name="login" time="0.000" classname="com.externalApi.Dumps"/>
  <testcase name="login" time="0.000" classname="com.externalApi.Dumps"/>
  <testcase name="login" time="0.002" classname="com.externalApi.Dumps"/>
  <testcase name="login" time="0.000" classname="com.externalApi.Dumps"/>
  <testcase name="login" time="0.002" classname="com.externalApi.Dumps"/>
  <testcase name="login" time="0.000" classname="com.externalApi.Dumps"/>
  <testcase name="login" time="0.000" classname="com.externalApi.Dumps"/>
  <testcase name="login" time="0.001" classname="com.externalApi.Dumps"/>
  <testcase name="login" time="0.001" classname="com.externalApi.Dumps"/>
  <testcase name="login" time="0.001" classname="com.externalApi.Dumps"/>
  <testcase name="login" time="0.001" classname="com.externalApi.Dumps"/>
  <testcase name="login" time="0.001" classname="com.externalApi.Dumps"/>
  <testcase name="login" time="0.001" classname="com.externalApi.Dumps"/>
  <testcase name="login" time="0.000" classname="com.externalApi.Dumps"/>
  <testcase name="login" time="0.001" classname="com.externalApi.Dumps"/>
  <testcase name="login" time="0.001" classname="com.externalApi.Dumps"/>
  <testcase name="login" time="0.001" classname="com.externalApi.Dumps"/>
  <testcase name="login" time="0.001" classname="com.externalApi.Dumps"/>
  <testcase name="login" time="0.000" classname="com.externalApi.Dumps"/>
  <testcase name="login" time="0.000" classname="com.externalApi.Dumps"/>
  <testcase name="login" time="0.001" classname="com.externalApi.Dumps"/>
  <testcase name="login" time="0.000" classname="com.externalApi.Dumps"/>
  <testcase name="login" time="0.000" classname="com.externalApi.Dumps"/>
  <testcase name="login" time="0.000" classname="com.externalApi.Dumps"/>
  <testcase name="login" time="0.000" classname="com.externalApi.Dumps"/>
  <testcase name="login" time="0.000" classname="com.externalApi.Dumps"/>
  <testcase name="login" time="0.001" classname="com.externalApi.Dumps"/>
  <testcase name="login" time="0.000" classname="com.externalApi.Dumps"/>
  <testcase name="login" time="0.000" classname="com.externalApi.Dumps"/>
  <testcase name="login" time="0.001" classname="com.externalApi.Dumps"/>
  <testcase name="login" time="0.002" classname="com.externalApi.Dumps"/>
  <testcase name="login" time="0.000" classname="com.externalApi.Dumps"/>
  <testcase name="login" time="0.000" classname="com.externalApi.Dumps"/>
  <testcase name="login" time="0.000" classname="com.externalApi.Dumps"/>
  <testcase name="login" time="0.001" classname="com.externalApi.Dumps"/>
  <testcase name="login" time="0.001" classname="com.externalApi.Dumps"/>
  <testcase name="login" time="0.000" classname="com.externalApi.Dumps"/>
  <testcase name="login" time="0.001" classname="com.externalApi.Dumps"/>
  <testcase name="login" time="0.000" classname="com.externalApi.Dumps"/>
  <testcase name="login" time="0.001" classname="com.externalApi.Dumps"/>
  <testcase name="login" time="0.001" classname="com.externalApi.Dumps"/>
  <testcase name="login" time="0.000" classname="com.externalApi.Dumps"/>
  <testcase name="login" time="0.000" classname="com.externalApi.Dumps"/>
  <testcase name="login" time="0.000" classname="com.externalApi.Dumps"/>
  <testcase name="login" time="0.001" classname="com.externalApi.Dumps"/>
  <testcase name="login" time="0.001" classname="com.externalApi.Dumps"/>
  <testcase name="login" time="0.005" classname="com.externalApi.Dumps"/>
  <testcase name="login" time="0.000" classname="com.externalApi.Dumps"/>
  <testcase name="login" time="0.000" classname="com.externalApi.Dumps"/>
  <testcase name="login" time="0.001" classname="com.externalApi.Dumps"/>
  <testcase name="login" time="0.000" classname="com.externalApi.Dumps"/>
  <testcase name="login" time="0.000" classname="com.externalApi.Dumps"/>
  <testcase name="login" time="0.000" classname="com.externalApi.Dumps"/>
  <testcase name="login" time="0.000" classname="com.externalApi.Dumps"/>
  <testcase name="login" time="0.000" classname="com.externalApi.Dumps"/>
  <testcase name="login" time="0.000" classname="com.externalApi.Dumps"/>
  <testcase name="login" time="0.001" classname="com.externalApi.Dumps"/>
  <testcase name="login" time="0.001" classname="com.externalApi.Dumps"/>
  <testcase name="login" time="0.001" classname="com.externalApi.Dumps"/>
  <testcase name="login" time="0.000" classname="com.externalApi.Dumps"/>
  <testcase name="login" time="0.000" classname="com.externalApi.Dumps"/>
  <testcase name="login" time="0.000" classname="com.externalApi.Dumps"/>
  <testcase name="login" time="0.000" classname="com.externalApi.Dumps"/>
  <testcase name="login" time="0.000" classname="com.externalApi.Dumps"/>
  <testcase name="login" time="0.001" classname="com.externalApi.Dumps"/>
  <testcase name="login" time="0.003" classname="com.externalApi.Dumps"/>
  <testcase name="login" time="0.000" classname="com.externalApi.Dumps"/>
  <testcase name="login" time="0.000" classname="com.externalApi.Dumps"/>
  <testcase name="login" time="0.000" classname="com.externalApi.Dumps"/>
  <testcase name="login" time="0.000" classname="com.externalApi.Dumps"/>
  <testcase name="login" time="0.000" classname="com.externalApi.Dumps"/>
  <testcase name="login" time="0.002" classname="com.externalApi.Dumps"/>
  <testcase name="login" time="0.001" classname="com.externalApi.Dumps"/>
  <testcase name="login" time="0.000" classname="com.externalApi.Dumps"/>
  <testcase name="login" time="0.001" classname="com.externalApi.Dumps"/>
  <testcase name="login" time="0.001" classname="com.externalApi.Dumps"/>
  <testcase name="login" time="0.001" classname="com.externalApi.Dumps"/>
  <testcase name="login" time="0.001" classname="com.externalApi.Dumps"/>
  <testcase name="login" time="0.001" classname="com.externalApi.Dumps"/>
  <testcase name="login" time="0.001" classname="com.externalApi.Dumps"/>
  <testcase name="login" time="0.000" classname="com.externalApi.Dumps"/>
  <testcase name="login" time="0.000" classname="com.externalApi.Dumps"/>
  <testcase name="login" time="0.000" classname="com.externalApi.Dumps"/>
  <testcase name="login" time="0.000" classname="com.externalApi.Dumps"/>
  <testcase name="login" time="0.001" classname="com.externalApi.Dumps"/>
  <testcase name="login" time="0.000" classname="com.externalApi.Dumps"/>
  <testcase name="login" time="0.000" classname="com.externalApi.Dumps"/>
  <testcase name="login" time="0.001" classname="com.externalApi.Dumps"/>
  <testcase name="login" time="0.000" classname="com.externalApi.Dumps"/>
  <testcase name="login" time="0.000" classname="com.externalApi.Dumps"/>
  <testcase name="login" time="0.000" classname="com.externalApi.Dumps"/>
  <testcase name="login" time="0.000" classname="com.externalApi.Dumps"/>
  <testcase name="login" time="0.123" classname="com.externalApi.Dumps"/>
  <testcase name="login" time="0.001" classname="com.externalApi.Dumps"/>
  <testcase name="login" time="0.000" classname="com.externalApi.Dumps"/>
  <testcase name="login" time="0.000" classname="com.externalApi.Dumps"/>
  <testcase name="login" time="0.002" classname="com.externalApi.Dumps"/>
  <testcase name="login" time="0.001" classname="com.externalApi.Dumps"/>
  <testcase name="login" time="0.001" classname="com.externalApi.Dumps"/>
  <testcase name="login" time="0.001" classname="com.externalApi.Dumps"/>
  <testcase name="login" time="0.001" classname="com.externalApi.Dumps"/>
  <testcase name="login" time="0.001" classname="com.externalApi.Dumps"/>
  <testcase name="login" time="0.001" classname="com.externalApi.Dumps"/>
  <testcase name="login" time="0.002" classname="com.externalApi.Dumps"/>
  <testcase name="login" time="0.001" classname="com.externalApi.Dumps"/>
  <testcase name="login" time="0.001" classname="com.externalApi.Dumps"/>
  <testcase name="login" time="0.000" classname="com.externalApi.Dumps"/>
  <testcase name="login" time="0.001" classname="com.externalApi.Dumps"/>
  <testcase name="login" time="0.001" classname="com.externalApi.Dumps"/>
  <testcase name="login" time="0.001" classname="com.externalApi.Dumps"/>
  <testcase name="login" time="0.001" classname="com.externalApi.Dumps"/>
  <testcase name="login" time="0.000" classname="com.externalApi.Dumps"/>
  <testcase name="login" time="0.000" classname="com.externalApi.Dumps"/>
  <testcase name="login" time="0.001" classname="com.externalApi.Dumps"/>
  <testcase name="login" time="0.001" classname="com.externalApi.Dumps"/>
  <testcase name="login" time="0.000" classname="com.externalApi.Dumps"/>
  <testcase name="login" time="0.001" classname="com.externalApi.Dumps"/>
  <testcase name="login" time="0.000" classname="com.externalApi.Dumps"/>
  <testcase name="login" time="0.001" classname="com.externalApi.Dumps"/>
  <testcase name="login" time="0.001" classname="com.externalApi.Dumps"/>
  <testcase name="login" time="0.000" classname="com.externalApi.Dumps"/>
  <testcase name="login" time="0.001" classname="com.externalApi.Dumps"/>
  <testcase name="login" time="0.001" classname="com.externalApi.Dumps"/>
  <testcase name="login" time="0.001" classname="com.externalApi.Dumps"/>
  <testcase name="login" time="0.000" classname="com.externalApi.Dumps"/>
  <testcase name="login" time="0.001" classname="com.externalApi.Dumps"/>
  <testcase name="login" time="0.001" classname="com.externalApi.Dumps"/>
  <testcase name="login" time="0.001" classname="com.externalApi.Dumps"/>
  <testcase name="login" time="0.001" classname="com.externalApi.Dumps"/>
  <testcase name="login" time="0.002" classname="com.externalApi.Dumps"/>
  <testcase name="login" time="0.000" classname="com.externalApi.Dumps"/>
  <testcase name="login" time="0.000" classname="com.externalApi.Dumps"/>
  <testcase name="login" time="0.001" classname="com.externalApi.Dumps"/>
  <testcase name="login" time="0.000" classname="com.externalApi.Dumps"/>
  <testcase name="login" time="0.001" classname="com.externalApi.Dumps"/>
  <testcase name="login" time="0.000" classname="com.externalApi.Dumps"/>
  <testcase name="login" time="0.000" classname="com.externalApi.Dumps"/>
  <testcase name="login" time="0.000" classname="com.externalApi.Dumps"/>
  <testcase name="login" time="0.000" classname="com.externalApi.Dumps"/>
  <testcase name="login" time="0.001" classname="com.externalApi.Dumps"/>
  <testcase name="login" time="0.001" classname="com.externalApi.Dumps"/>
  <testcase name="login" time="0.001" classname="com.externalApi.Dumps"/>
  <testcase name="login" time="0.002" classname="com.externalApi.Dumps"/>
  <testcase name="login" time="0.001" classname="com.externalApi.Dumps"/>
  <testcase name="login" time="0.001" classname="com.externalApi.Dumps"/>
  <testcase name="login" time="0.000" classname="com.externalApi.Dumps"/>
  <testcase name="login" time="0.000" classname="com.externalApi.Dumps"/>
  <testcase name="login" time="0.001" classname="com.externalApi.Dumps"/>
  <testcase name="login" time="0.000" classname="com.externalApi.Dumps"/>
  <testcase name="login" time="0.001" classname="com.externalApi.Dumps"/>
  <testcase name="login" time="0.000" classname="com.externalApi.Dumps"/>
  <testcase name="login" time="0.000" classname="com.externalApi.Dumps"/>
  <testcase name="login" time="0.001" classname="com.externalApi.Dumps"/>
  <testcase name="login" time="0.000" classname="com.externalApi.Dumps"/>
  <testcase name="login" time="0.000" classname="com.externalApi.Dumps"/>
  <testcase name="login" time="0.001" classname="com.externalApi.Dumps"/>
  <testcase name="login" time="0.001" classname="com.externalApi.Dumps"/>
  <testcase name="login" time="0.001" classname="com.externalApi.Dumps"/>
  <testcase name="login" time="0.001" classname="com.externalApi.Dumps"/>
  <testcase name="login" time="0.001" classname="com.externalApi.Dumps"/>
  <testcase name="login" time="0.000" classname="com.externalApi.Dumps"/>
  <testcase name="login" time="0.000" classname="com.externalApi.Dumps"/>
  <testcase name="login" time="0.000" classname="com.externalApi.Dumps"/>
  <testcase name="login" time="0.001" classname="com.externalApi.Dumps"/>
  <testcase name="login" time="0.000" classname="com.externalApi.Dumps"/>
  <testcase name="login" time="0.002" classname="com.externalApi.Dumps"/>
  <testcase name="login" time="0.000" classname="com.externalApi.Dumps"/>
  <testcase name="login" time="0.000" classname="com.externalApi.Dumps"/>
  <testcase name="login" time="0.002" classname="com.externalApi.Dumps"/>
  <testcase name="login" time="0.001" classname="com.externalApi.Dumps"/>
  <testcase name="login" time="0.001" classname="com.externalApi.Dumps"/>
  <testcase name="login" time="0.001" classname="com.externalApi.Dumps"/>
  <testcase name="login" time="0.000" classname="com.externalApi.Dumps"/>
  <testcase name="login" time="0.000" classname="com.externalApi.Dumps"/>
  <testcase name="login" time="0.000" classname="com.externalApi.Dumps"/>
  <testcase name="login" time="0.000" classname="com.externalApi.Dumps"/>
  <testcase name="login" time="0.000" classname="com.externalApi.Dumps"/>
  <testcase name="login" time="0.000" classname="com.externalApi.Dumps"/>
  <testcase name="login" time="0.000" classname="com.externalApi.Dumps"/>
  <testcase name="login" time="0.001" classname="com.externalApi.Dumps"/>
  <testcase name="login" time="0.000" classname="com.externalApi.Dumps"/>
  <testcase name="login" time="0.000" classname="com.externalApi.Dumps"/>
  <testcase name="login" time="0.000" classname="com.externalApi.Dumps"/>
  <testcase name="login" time="0.000" classname="com.externalApi.Dumps"/>
  <testcase name="login" time="0.001" classname="com.externalApi.Dumps"/>
  <testcase name="login" time="0.002" classname="com.externalApi.Dumps"/>
  <testcase name="login" time="0.000" classname="com.externalApi.Dumps"/>
  <testcase name="login" time="0.001" classname="com.externalApi.Dumps"/>
  <testcase name="login" time="0.000" classname="com.externalApi.Dumps"/>
  <testcase name="login" time="0.000" classname="com.externalApi.Dumps"/>
  <testcase name="login" time="0.000" classname="com.externalApi.Dumps"/>
  <testcase name="login" time="0.001" classname="com.externalApi.Dumps"/>
  <testcase name="login" time="0.000" classname="com.externalApi.Dumps"/>
  <testcase name="login" time="0.000" classname="com.externalApi.Dumps"/>
  <testcase name="login" time="0.000" classname="com.externalApi.Dumps"/>
  <testcase name="login" time="0.001" classname="com.externalApi.Dumps"/>
  <testcase name="login" time="0.001" classname="com.externalApi.Dumps"/>
  <testcase name="login" time="0.001" classname="com.externalApi.Dumps"/>
  <testcase name="login" time="0.002" classname="com.externalApi.Dumps"/>
  <testcase name="login" time="0.001" classname="com.externalApi.Dumps"/>
  <testcase name="login" time="0.001" classname="com.externalApi.Dumps"/>
  <testcase name="login" time="0.001" classname="com.externalApi.Dumps"/>
  <testcase name="login" time="0.001" classname="com.externalApi.Dumps"/>
  <testcase name="login" time="0.000" classname="com.externalApi.Dumps"/>
  <testcase name="login" time="0.001" classname="com.externalApi.Dumps"/>
  <testcase name="login" time="0.003" classname="com.externalApi.Dumps"/>
  <testcase name="login" time="0.001" classname="com.externalApi.Dumps"/>
  <testcase name="login" time="0.002" classname="com.externalApi.Dumps"/>
  <testcase name="login" time="0.000" classname="com.externalApi.Dumps"/>
  <testcase name="login" time="0.000" classname="com.externalApi.Dumps"/>
  <testcase name="login" time="0.000" classname="com.externalApi.Dumps"/>
  <testcase name="login" time="0.001" classname="com.externalApi.Dumps"/>
  <testcase name="login" time="0.001" classname="com.externalApi.Dumps"/>
  <testcase name="login" time="0.000" classname="com.externalApi.Dumps"/>
  <testcase name="login" time="0.001" classname="com.externalApi.Dumps"/>
  <testcase name="login" time="0.001" classname="com.externalApi.Dumps"/>
  <testcase name="login" time="0.000" classname="com.externalApi.Dumps"/>
  <testcase name="login" time="0.001" classname="com.externalApi.Dumps"/>
  <testcase name="login" time="0.000" classname="com.externalApi.Dumps"/>
  <testcase name="login" time="0.001" classname="com.externalApi.Dumps"/>
  <testcase name="login" time="0.000" classname="com.externalApi.Dumps"/>
  <testcase name="login" time="0.002" classname="com.externalApi.Dumps"/>
  <testcase name="login" time="0.000" classname="com.externalApi.Dumps"/>
  <testcase name="login" time="0.001" classname="com.externalApi.Dumps"/>
  <testcase name="login" time="0.000" classname="com.externalApi.Dumps"/>
  <testcase name="login" time="0.000" classname="com.externalApi.Dumps"/>
  <testcase name="login" time="0.001" classname="com.externalApi.Dumps"/>
  <testcase name="login" time="0.000" classname="com.externalApi.Dumps"/>
  <testcase name="login" time="0.000" classname="com.externalApi.Dumps"/>
  <testcase name="login" time="0.001" classname="com.externalApi.Dumps"/>
  <testcase name="login" time="0.001" classname="com.externalApi.Dumps"/>
  <testcase name="login" time="0.001" classname="com.externalApi.Dumps"/>
  <testcase name="login" time="0.000" classname="com.externalApi.Dumps"/>
  <testcase name="login" time="0.000" classname="com.externalApi.Dumps"/>
  <testcase name="login" time="0.000" classname="com.externalApi.Dumps"/>
  <testcase name="login" time="0.000" classname="com.externalApi.Dumps"/>
  <testcase name="login" time="0.001" classname="com.externalApi.Dumps"/>
  <testcase name="login" time="0.001" classname="com.externalApi.Dumps"/>
  <testcase name="login" time="0.001" classname="com.externalApi.Dumps"/>
  <testcase name="login" time="0.000" classname="com.externalApi.Dumps"/>
  <testcase name="login" time="0.001" classname="com.externalApi.Dumps"/>
  <testcase name="login" time="0.000" classname="com.externalApi.Dumps"/>
  <testcase name="login" time="0.000" classname="com.externalApi.Dumps"/>
  <testcase name="login" time="0.001" classname="com.externalApi.Dumps"/>
  <testcase name="login" time="0.000" classname="com.externalApi.Dumps"/>
  <testcase name="login" time="0.000" classname="com.externalApi.Dumps"/>
  <testcase name="login" time="0.001" classname="com.externalApi.Dumps"/>
  <testcase name="login" time="0.000" classname="com.externalApi.Dumps"/>
  <testcase name="login" time="0.001" classname="com.externalApi.Dumps"/>
  <testcase name="login" time="0.001" classname="com.externalApi.Dumps"/>
  <testcase name="login" time="0.001" classname="com.externalApi.Dumps"/>
  <testcase name="login" time="0.001" classname="com.externalApi.Dumps"/>
  <testcase name="login" time="0.001" classname="com.externalApi.Dumps"/>
  <testcase name="login" time="0.278" classname="com.externalApi.Dumps"/>
  <testcase name="login" time="0.000" classname="com.externalApi.Dumps"/>
  <testcase name="login" time="0.001" classname="com.externalApi.Dumps"/>
  <testcase name="login" time="0.000" classname="com.externalApi.Dumps"/>
  <testcase name="login" time="0.000" classname="com.externalApi.Dumps"/>
  <testcase name="login" time="0.000" classname="com.externalApi.Dumps"/>
  <testcase name="login" time="0.001" classname="com.externalApi.Dumps"/>
  <testcase name="login" time="0.000" classname="com.externalApi.Dumps"/>
  <testcase name="login" time="0.001" classname="com.externalApi.Dumps"/>
  <testcase name="login" time="0.001" classname="com.externalApi.Dumps"/>
  <testcase name="login" time="0.000" classname="com.externalApi.Dumps"/>
  <testcase name="login" time="0.000" classname="com.externalApi.Dumps"/>
  <testcase name="login" time="0.001" classname="com.externalApi.Dumps"/>
  <testcase name="login" time="0.000" classname="com.externalApi.Dumps"/>
  <testcase name="login" time="0.000" classname="com.externalApi.Dumps"/>
  <testcase name="login" time="0.001" classname="com.externalApi.Dumps"/>
  <testcase name="login" time="0.001" classname="com.externalApi.Dumps"/>
  <testcase name="login" time="0.001" classname="com.externalApi.Dumps"/>
  <testcase name="login" time="0.000" classname="com.externalApi.Dumps"/>
  <testcase name="login" time="0.001" classname="com.externalApi.Dumps"/>
  <testcase name="login" time="0.001" classname="com.externalApi.Dumps"/>
  <testcase name="login" time="0.002" classname="com.externalApi.Dumps"/>
  <testcase name="login" time="0.000" classname="com.externalApi.Dumps"/>
  <testcase name="login" time="0.001" classname="com.externalApi.Dumps"/>
  <testcase name="login" time="0.000" classname="com.externalApi.Dumps"/>
  <testcase name="login" time="0.000" classname="com.externalApi.Dumps"/>
  <testcase name="login" time="0.001" classname="com.externalApi.Dumps"/>
  <testcase name="login" time="0.042" classname="com.externalApi.Dumps"/>
  <testcase name="login" time="0.001" classname="com.externalApi.Dumps"/>
  <testcase name="login" time="0.000" classname="com.externalApi.Dumps"/>
  <testcase name="login" time="0.001" classname="com.externalApi.Dumps"/>
  <testcase name="login" time="0.008" classname="com.externalApi.Dumps"/>
  <testcase name="login" time="0.001" classname="com.externalApi.Dumps"/>
  <testcase name="login" time="0.000" classname="com.externalApi.Dumps"/>
  <testcase name="login" time="0.001" classname="com.externalApi.Dumps"/>
  <testcase name="login" time="0.000" classname="com.externalApi.Dumps"/>
  <testcase name="login" time="0.001" classname="com.externalApi.Dumps"/>
  <testcase name="login" time="0.000" classname="com.externalApi.Dumps"/>
  <testcase name="login" time="0.002" classname="com.externalApi.Dumps"/>
  <testcase name="login" time="0.000" classname="com.externalApi.Dumps"/>
  <testcase name="login" time="0.000" classname="com.externalApi.Dumps"/>
  <testcase name="login" time="0.000" classname="com.externalApi.Dumps"/>
  <testcase name="login" time="0.003" classname="com.externalApi.Dumps"/>
  <testcase name="login" time="0.000" classname="com.externalApi.Dumps"/>
  <testcase name="login" time="0.001" classname="com.externalApi.Dumps"/>
  <testcase name="login" time="0.000" classname="com.externalApi.Dumps"/>
  <testcase name="login" time="0.000" classname="com.externalApi.Dumps"/>
  <testcase name="login" time="0.000" classname="com.externalApi.Dumps"/>
  <testcase name="login" time="0.001" classname="com.externalApi.Dumps"/>
  <testcase name="login" time="0.000" classname="com.externalApi.Dumps"/>
  <testcase name="login" time="0.000" classname="com.externalApi.Dumps"/>
  <testcase name="login" time="0.001" classname="com.externalApi.Dumps"/>
  <testcase name="login" time="0.001" classname="com.externalApi.Dumps"/>
  <testcase name="login" time="0.000" classname="com.externalApi.Dumps"/>
  <testcase name="login" time="0.001" classname="com.externalApi.Dumps"/>
  <testcase name="login" time="0.000" classname="com.externalApi.Dumps"/>
  <testcase name="login" time="0.001" classname="com.externalApi.Dumps"/>
  <testcase name="login" time="0.000" classname="com.externalApi.Dumps"/>
  <testcase name="login" time="0.001" classname="com.externalApi.Dumps"/>
  <testcase name="login" time="0.000" classname="com.externalApi.Dumps"/>
  <testcase name="login" time="0.001" classname="com.externalApi.Dumps"/>
  <testcase name="login" time="0.000" classname="com.externalApi.Dumps"/>
  <testcase name="login" time="0.001" classname="com.externalApi.Dumps"/>
  <testcase name="login" time="0.002" classname="com.externalApi.Dumps"/>
  <testcase name="login" time="0.000" classname="com.externalApi.Dumps"/>
  <testcase name="login" time="0.001" classname="com.externalApi.Dumps"/>
  <testcase name="login" time="0.000" classname="com.externalApi.Dumps"/>
  <testcase name="login" time="0.001" classname="com.externalApi.Dumps"/>
  <testcase name="login" time="0.000" classname="com.externalApi.Dumps"/>
  <testcase name="login" time="0.000" classname="com.externalApi.Dumps"/>
  <testcase name="login" time="0.000" classname="com.externalApi.Dumps"/>
  <testcase name="login" time="0.000" classname="com.externalApi.Dumps"/>
  <testcase name="login" time="0.000" classname="com.externalApi.Dumps"/>
  <testcase name="login" time="0.000" classname="com.externalApi.Dumps"/>
  <testcase name="login" time="0.001" classname="com.externalApi.Dumps"/>
  <testcase name="login" time="0.001" classname="com.externalApi.Dumps"/>
  <testcase name="login" time="0.000" classname="com.externalApi.Dumps"/>
  <testcase name="login" time="0.000" classname="com.externalApi.Dumps"/>
  <testcase name="login" time="0.001" classname="com.externalApi.Dumps"/>
  <testcase name="login" time="0.000" classname="com.externalApi.Dumps"/>
  <testcase name="login" time="0.001" classname="com.externalApi.Dumps"/>
  <testcase name="login" time="0.001" classname="com.externalApi.Dumps"/>
  <testcase name="login" time="0.000" classname="com.externalApi.Dumps"/>
  <testcase name="login" time="0.000" classname="com.externalApi.Dumps"/>
  <testcase name="login" time="0.000" classname="com.externalApi.Dumps"/>
  <testcase name="login" time="0.001" classname="com.externalApi.Dumps"/>
  <testcase name="login" time="0.001" classname="com.externalApi.Dumps"/>
  <testcase name="login" time="0.000" classname="com.externalApi.Dumps"/>
  <testcase name="login" time="0.001" classname="com.externalApi.Dumps"/>
  <testcase name="login" time="0.001" classname="com.externalApi.Dumps"/>
  <testcase name="login" time="0.002" classname="com.externalApi.Dumps"/>
  <testcase name="login" time="0.001" classname="com.externalApi.Dumps"/>
  <testcase name="login" time="0.001" classname="com.externalApi.Dumps"/>
  <testcase name="login" time="0.001" classname="com.externalApi.Dumps"/>
  <testcase name="login" time="0.001" classname="com.externalApi.Dumps"/>
  <testcase name="login" time="0.001" classname="com.externalApi.Dumps"/>
  <testcase name="login" time="0.000" classname="com.externalApi.Dumps"/>
  <testcase name="login" time="0.001" classname="com.externalApi.Dumps"/>
  <testcase name="login" time="0.000" classname="com.externalApi.Dumps"/>
  <testcase name="login" time="0.000" classname="com.externalApi.Dumps"/>
  <testcase name="login" time="0.001" classname="com.externalApi.Dumps"/>
  <testcase name="login" time="0.000" classname="com.externalApi.Dumps"/>
  <testcase name="login" time="0.000" classname="com.externalApi.Dumps"/>
  <testcase name="login" time="0.000" classname="com.externalApi.Dumps"/>
  <testcase name="login" time="0.000" classname="com.externalApi.Dumps"/>
  <testcase name="login" time="0.000" classname="com.externalApi.Dumps"/>
  <testcase name="login" time="0.007" classname="com.externalApi.Dumps"/>
  <testcase name="login" time="0.001" classname="com.externalApi.Dumps"/>
  <testcase name="login" time="0.001" classname="com.externalApi.Dumps"/>
  <testcase name="login" time="0.000" classname="com.externalApi.Dumps"/>
  <testcase name="login" time="0.000" classname="com.externalApi.Dumps"/>
  <testcase name="login" time="0.000" classname="com.externalApi.Dumps"/>
  <testcase name="login" time="0.000" classname="com.externalApi.Dumps"/>
  <testcase name="login" time="0.000" classname="com.externalApi.Dumps"/>
  <testcase name="login" time="0.000" classname="com.externalApi.Dumps"/>
  <testcase name="login" time="0.000" classname="com.externalApi.Dumps"/>
  <testcase name="login" time="0.001" classname="com.externalApi.Dumps"/>
  <testcase name="login" time="0.001" classname="com.externalApi.Dumps"/>
  <testcase name="login" time="0.000" classname="com.externalApi.Dumps"/>
  <testcase name="login" time="0.001" classname="com.externalApi.Dumps"/>
  <testcase name="login" time="0.000" classname="com.externalApi.Dumps"/>
  <testcase name="login" time="0.001" classname="com.externalApi.Dumps"/>
  <testcase name="login" time="0.001" classname="com.externalApi.Dumps"/>
  <testcase name="login" time="0.001" classname="com.externalApi.Dumps"/>
  <testcase name="login" time="0.001" classname="com.externalApi.Dumps"/>
  <testcase name="login" time="0.000" classname="com.externalApi.Dumps"/>
  <testcase name="login" time="0.001" classname="com.externalApi.Dumps"/>
  <testcase name="login" time="0.000" classname="com.externalApi.Dumps"/>
  <testcase name="login" time="0.000" classname="com.externalApi.Dumps"/>
  <testcase name="login" time="0.000" classname="com.externalApi.Dumps"/>
  <testcase name="login" time="0.001" classname="com.externalApi.Dumps"/>
  <testcase name="login" time="0.000" classname="com.externalApi.Dumps"/>
  <testcase name="login" time="0.001" classname="com.externalApi.Dumps"/>
  <testcase name="login" time="0.001" classname="com.externalApi.Dumps"/>
  <testcase name="login" time="0.001" classname="com.externalApi.Dumps"/>
  <testcase name="login" time="0.001" classname="com.externalApi.Dumps"/>
  <testcase name="login" time="0.000" classname="com.externalApi.Dumps"/>
  <testcase name="login" time="0.000" classname="com.externalApi.Dumps"/>
  <testcase name="login" time="0.001" classname="com.externalApi.Dumps"/>
  <testcase name="login" time="0.001" classname="com.externalApi.Dumps"/>
  <testcase name="login" time="0.001" classname="com.externalApi.Dumps"/>
  <testcase name="login" time="0.000" classname="com.externalApi.Dumps"/>
  <testcase name="login" time="0.000" classname="com.externalApi.Dumps"/>
  <testcase name="login" time="0.001" classname="com.externalApi.Dumps"/>
  <testcase name="login" time="0.000" classname="com.externalApi.Dumps"/>
  <testcase name="login" time="0.002" classname="com.externalApi.Dumps"/>
  <testcase name="login" time="0.000" classname="com.externalApi.Dumps"/>
  <testcase name="login" time="0.000" classname="com.externalApi.Dumps"/>
  <testcase name="login" time="0.002" classname="com.externalApi.Dumps"/>
  <testcase name="login" time="0.001" classname="com.externalApi.Dumps"/>
  <testcase name="login" time="0.000" classname="com.externalApi.Dumps"/>
  <testcase name="login" time="0.000" classname="com.externalApi.Dumps"/>
  <testcase name="login" time="0.001" classname="com.externalApi.Dumps"/>
  <testcase name="login" time="0.001" classname="com.externalApi.Dumps"/>
  <testcase name="login" time="0.114" classname="com.externalApi.Dumps"/>
  <testcase name="login" time="0.002" classname="com.externalApi.Dumps"/>
  <testcase name="login" time="0.001" classname="com.externalApi.Dumps"/>
  <testcase name="login" time="0.000" classname="com.externalApi.Dumps"/>
  <testcase name="login" time="0.000" classname="com.externalApi.Dumps"/>
  <testcase name="login" time="0.000" classname="com.externalApi.Dumps"/>
  <testcase name="login" time="0.001" classname="com.externalApi.Dumps"/>
  <testcase name="login" time="0.001" classname="com.externalApi.Dumps"/>
  <testcase name="login" time="0.000" classname="com.externalApi.Dumps"/>
  <testcase name="login" time="0.000" classname="com.externalApi.Dumps"/>
  <testcase name="login" time="0.001" classname="com.externalApi.Dumps"/>
  <testcase name="login" time="0.001" classname="com.externalApi.Dumps"/>
  <testcase name="login" time="0.000" classname="com.externalApi.Dumps"/>
  <testcase name="login" time="0.001" classname="com.externalApi.Dumps"/>
  <testcase name="login" time="0.000" classname="com.externalApi.Dumps"/>
  <testcase name="login" time="0.000" classname="com.externalApi.Dumps"/>
  <testcase name="login" time="0.000" classname="com.externalApi.Dumps"/>
  <testcase name="login" time="0.001" classname="com.externalApi.Dumps"/>
  <testcase name="login" time="0.001" classname="com.externalApi.Dumps"/>
  <testcase name="login" time="0.001" classname="com.externalApi.Dumps"/>
  <testcase name="login" time="0.001" classname="com.externalApi.Dumps"/>
  <testcase name="login" time="0.001" classname="com.externalApi.Dumps"/>
  <testcase name="login" time="0.000" classname="com.externalApi.Dumps"/>
  <testcase name="login" time="0.001" classname="com.externalApi.Dumps"/>
  <testcase name="login" time="0.001" classname="com.externalApi.Dumps"/>
  <testcase name="login" time="0.000" classname="com.externalApi.Dumps"/>
  <testcase name="login" time="0.001" classname="com.externalApi.Dumps"/>
  <testcase name="login" time="0.000" classname="com.externalApi.Dumps"/>
  <testcase name="login" time="0.000" classname="com.externalApi.Dumps"/>
  <testcase name="login" time="0.000" classname="com.externalApi.Dumps"/>
  <testcase name="login" time="0.000" classname="com.externalApi.Dumps"/>
  <testcase name="login" time="0.000" classname="com.externalApi.Dumps"/>
  <testcase name="login" time="0.000" classname="com.externalApi.Dumps"/>
  <testcase name="login" time="0.000" classname="com.externalApi.Dumps"/>
  <testcase name="login" time="0.000" classname="com.externalApi.Dumps"/>
  <testcase name="login" time="0.000" classname="com.externalApi.Dumps"/>
  <testcase name="login" time="0.000" classname="com.externalApi.Dumps"/>
  <testcase name="login" time="0.000" classname="com.externalApi.Dumps"/>
  <testcase name="login" time="0.000" classname="com.externalApi.Dumps"/>
  <testcase name="login" time="0.001" classname="com.externalApi.Dumps"/>
  <testcase name="login" time="0.000" classname="com.externalApi.Dumps"/>
  <testcase name="login" time="0.000" classname="com.externalApi.Dumps"/>
  <testcase name="login" time="0.001" classname="com.externalApi.Dumps"/>
  <testcase name="login" time="0.000" classname="com.externalApi.Dumps"/>
  <testcase name="login" time="0.000" classname="com.externalApi.Dumps"/>
  <testcase name="login" time="0.000" classname="com.externalApi.Dumps"/>
  <testcase name="login" time="0.000" classname="com.externalApi.Dumps"/>
  <testcase name="login" time="0.001" classname="com.externalApi.Dumps"/>
  <testcase name="login" time="0.000" classname="com.externalApi.Dumps"/>
  <testcase name="login" time="0.001" classname="com.externalApi.Dumps"/>
  <testcase name="login" time="0.001" classname="com.externalApi.Dumps"/>
  <testcase name="login" time="0.000" classname="com.externalApi.Dumps"/>
  <testcase name="login" time="0.001" classname="com.externalApi.Dumps"/>
  <testcase name="login" time="0.001" classname="com.externalApi.Dumps"/>
  <testcase name="login" time="0.001" classname="com.externalApi.Dumps"/>
  <testcase name="login" time="0.000" classname="com.externalApi.Dumps"/>
  <testcase name="login" time="0.001" classname="com.externalApi.Dumps"/>
  <testcase name="login" time="0.084" classname="com.externalApi.Dumps"/>
  <testcase name="login" time="0.000" classname="com.externalApi.Dumps"/>
  <testcase name="login" time="0.000" classname="com.externalApi.Dumps"/>
  <testcase name="login" time="0.000" classname="com.externalApi.Dumps"/>
  <testcase name="login" time="0.001" classname="com.externalApi.Dumps"/>
  <testcase name="login" time="0.001" classname="com.externalApi.Dumps"/>
  <testcase name="login" time="0.002" classname="com.externalApi.Dumps"/>
  <testcase name="login" time="0.001" classname="com.externalApi.Dumps"/>
  <testcase name="login" time="0.000" classname="com.externalApi.Dumps"/>
  <testcase name="login" time="0.000" classname="com.externalApi.Dumps"/>
  <testcase name="login" time="0.000" classname="com.externalApi.Dumps"/>
  <testcase name="login" time="0.000" classname="com.externalApi.Dumps"/>
  <testcase name="login" time="0.000" classname="com.externalApi.Dumps"/>
  <testcase name="login" time="0.000" classname="com.externalApi.Dumps"/>
  <testcase name="login" time="0.000" classname="com.externalApi.Dumps"/>
  <testcase name="login" time="0.000" classname="com.externalApi.Dumps"/>
  <testcase name="login" time="0.001" classname="com.externalApi.Dumps"/>
  <testcase name="login" time="0.001" classname="com.externalApi.Dumps"/>
  <testcase name="login" time="0.000" classname="com.externalApi.Dumps"/>
  <testcase name="login" time="0.000" classname="com.externalApi.Dumps"/>
  <testcase name="login" time="0.000" classname="com.externalApi.Dumps"/>
  <testcase name="login" time="0.001" classname="com.externalApi.Dumps"/>
  <testcase name="login" time="0.001" classname="com.externalApi.Dumps"/>
  <testcase name="login" time="0.001" classname="com.externalApi.Dumps"/>
  <testcase name="login" time="0.001" classname="com.externalApi.Dumps"/>
  <testcase name="login" time="0.000" classname="com.externalApi.Dumps"/>
  <testcase name="login" time="0.000" classname="com.externalApi.Dumps"/>
  <testcase name="login" time="0.003" classname="com.externalApi.Dumps"/>
  <testcase name="login" time="0.001" classname="com.externalApi.Dumps"/>
  <testcase name="login" time="0.000" classname="com.externalApi.Dumps"/>
  <testcase name="login" time="0.001" classname="com.externalApi.Dumps"/>
  <testcase name="login" time="0.001" classname="com.externalApi.Dumps"/>
  <testcase name="login" time="0.000" classname="com.externalApi.Dumps"/>
  <testcase name="login" time="0.000" classname="com.externalApi.Dumps"/>
  <testcase name="login" time="0.000" classname="com.externalApi.Dumps"/>
  <testcase name="login" time="0.001" classname="com.externalApi.Dumps"/>
  <testcase name="login" time="0.001" classname="com.externalApi.Dumps"/>
  <testcase name="login" time="0.001" classname="com.externalApi.Dumps"/>
  <testcase name="login" time="0.001" classname="com.externalApi.Dumps"/>
  <testcase name="login" time="0.000" classname="com.externalApi.Dumps"/>
  <testcase name="login" time="0.057" classname="com.externalApi.Dumps"/>
  <testcase name="login" time="0.002" classname="com.externalApi.Dumps"/>
  <testcase name="login" time="0.000" classname="com.externalApi.Dumps"/>
  <testcase name="login" time="0.000" classname="com.externalApi.Dumps"/>
  <testcase name="login" time="0.002" classname="com.externalApi.Dumps"/>
  <testcase name="login" time="0.000" classname="com.externalApi.Dumps"/>
  <testcase name="login" time="0.001" classname="com.externalApi.Dumps"/>
  <testcase name="login" time="0.001" classname="com.externalApi.Dumps"/>
  <testcase name="login" time="0.001" classname="com.externalApi.Dumps"/>
  <testcase name="login" time="0.000" classname="com.externalApi.Dumps"/>
  <testcase name="login" time="0.000" classname="com.externalApi.Dumps"/>
  <testcase name="login" time="0.000" classname="com.externalApi.Dumps"/>
  <testcase name="login" time="0.001" classname="com.externalApi.Dumps"/>
  <testcase name="login" time="0.002" classname="com.externalApi.Dumps"/>
  <testcase name="login" time="0.001" classname="com.externalApi.Dumps"/>
  <testcase name="login" time="0.001" classname="com.externalApi.Dumps"/>
  <testcase name="login" time="0.001" classname="com.externalApi.Dumps"/>
  <testcase name="login" time="0.000" classname="com.externalApi.Dumps"/>
  <testcase name="login" time="0.000" classname="com.externalApi.Dumps"/>
  <testcase name="login" time="0.002" classname="com.externalApi.Dumps"/>
  <testcase name="login" time="0.001" classname="com.externalApi.Dumps"/>
  <testcase name="login" time="0.000" classname="com.externalApi.Dumps"/>
  <testcase name="login" time="0.001" classname="com.externalApi.Dumps"/>
  <testcase name="login" time="0.000" classname="com.externalApi.Dumps"/>
  <testcase name="login" time="0.001" classname="com.externalApi.Dumps"/>
  <testcase name="login" time="0.001" classname="com.externalApi.Dumps"/>
  <testcase name="login" time="0.000" classname="com.externalApi.Dumps"/>
  <testcase name="login" time="0.000" classname="com.externalApi.Dumps"/>
  <testcase name="login" time="0.000" classname="com.externalApi.Dumps"/>
  <testcase name="login" time="0.000" classname="com.externalApi.Dumps"/>
  <testcase name="login" time="0.001" classname="com.externalApi.Dumps"/>
  <testcase name="login" time="0.000" classname="com.externalApi.Dumps"/>
  <testcase name="login" time="0.001" classname="com.externalApi.Dumps"/>
  <testcase name="login" time="0.117" classname="com.externalApi.Dumps"/>
  <testcase name="login" time="0.000" classname="com.externalApi.Dumps"/>
  <testcase name="login" time="0.001" classname="com.externalApi.Dumps"/>
  <testcase name="login" time="0.001" classname="com.externalApi.Dumps"/>
  <testcase name="login" time="0.000" classname="com.externalApi.Dumps"/>
  <testcase name="login" time="0.000" classname="com.externalApi.Dumps"/>
  <testcase name="login" time="0.001" classname="com.externalApi.Dumps"/>
  <testcase name="login" time="0.001" classname="com.externalApi.Dumps"/>
  <testcase name="login" time="0.000" classname="com.externalApi.Dumps"/>
  <testcase name="login" time="0.000" classname="com.externalApi.Dumps"/>
  <testcase name="login" time="0.000" classname="com.externalApi.Dumps"/>
  <testcase name="login" time="0.001" classname="com.externalApi.Dumps"/>
  <testcase name="login" time="0.002" classname="com.externalApi.Dumps"/>
  <testcase name="login" time="0.001" classname="com.externalApi.Dumps"/>
  <testcase name="login" time="0.001" classname="com.externalApi.Dumps"/>
  <testcase name="login" time="0.000" classname="com.externalApi.Dumps"/>
  <testcase name="login" time="0.001" classname="com.externalApi.Dumps"/>
  <testcase name="login" time="0.001" classname="com.externalApi.Dumps"/>
  <testcase name="login" time="0.000" classname="com.externalApi.Dumps"/>
  <testcase name="login" time="0.001" classname="com.externalApi.Dumps"/>
  <testcase name="login" time="0.000" classname="com.externalApi.Dumps"/>
  <testcase name="login" time="0.001" classname="com.externalApi.Dumps"/>
  <testcase name="login" time="0.000" classname="com.externalApi.Dumps"/>
  <testcase name="login" time="0.000" classname="com.externalApi.Dumps"/>
  <testcase name="login" time="0.000" classname="com.externalApi.Dumps"/>
  <testcase name="login" time="0.001" classname="com.externalApi.Dumps"/>
  <testcase name="login" time="0.001" classname="com.externalApi.Dumps"/>
  <testcase name="login" time="0.001" classname="com.externalApi.Dumps"/>
  <testcase name="login" time="0.001" classname="com.externalApi.Dumps"/>
  <testcase name="login" time="0.000" classname="com.externalApi.Dumps"/>
  <testcase name="login" time="0.001" classname="com.externalApi.Dumps"/>
  <testcase name="login" time="0.001" classname="com.externalApi.Dumps"/>
  <testcase name="login" time="0.000" classname="com.externalApi.Dumps"/>
  <testcase name="login" time="0.000" classname="com.externalApi.Dumps"/>
  <testcase name="login" time="0.000" classname="com.externalApi.Dumps"/>
  <testcase name="login" time="0.000" classname="com.externalApi.Dumps"/>
  <testcase name="login" time="0.000" classname="com.externalApi.Dumps"/>
  <testcase name="login" time="0.001" classname="com.externalApi.Dumps"/>
  <testcase name="login" time="0.000" classname="com.externalApi.Dumps"/>
  <testcase name="login" time="0.001" classname="com.externalApi.Dumps"/>
  <testcase name="login" time="0.064" classname="com.externalApi.Dumps"/>
  <testcase name="login" time="0.000" classname="com.externalApi.Dumps"/>
  <testcase name="login" time="0.001" classname="com.externalApi.Dumps"/>
  <testcase name="login" time="0.001" classname="com.externalApi.Dumps"/>
  <testcase name="login" time="0.000" classname="com.externalApi.Dumps"/>
  <testcase name="login" time="0.001" classname="com.externalApi.Dumps"/>
  <testcase name="login" time="0.000" classname="com.externalApi.Dumps"/>
  <testcase name="login" time="0.000" classname="com.externalApi.Dumps"/>
  <testcase name="login" time="0.000" classname="com.externalApi.Dumps"/>
  <testcase name="login" time="0.008" classname="com.externalApi.Dumps"/>
  <testcase name="login" time="0.000" classname="com.externalApi.Dumps"/>
  <testcase name="login" time="0.001" classname="com.externalApi.Dumps"/>
  <testcase name="login" time="0.001" classname="com.externalApi.Dumps"/>
  <testcase name="login" time="0.000" classname="com.externalApi.Dumps"/>
  <testcase name="login" time="0.000" classname="com.externalApi.Dumps"/>
  <testcase name="login" time="0.001" classname="com.externalApi.Dumps"/>
  <testcase name="login" time="0.000" classname="com.externalApi.Dumps"/>
  <testcase name="login" time="0.001" classname="com.externalApi.Dumps"/>
  <testcase name="login" time="0.000" classname="com.externalApi.Dumps"/>
  <testcase name="login" time="0.001" classname="com.externalApi.Dumps"/>
  <testcase name="login" time="0.010" classname="com.externalApi.Dumps"/>
  <testcase name="login" time="0.001" classname="com.externalApi.Dumps"/>
  <testcase name="login" time="0.000" classname="com.externalApi.Dumps"/>
  <testcase name="login" time="0.000" classname="com.externalApi.Dumps"/>
  <testcase name="login" time="0.000" classname="com.externalApi.Dumps"/>
  <testcase name="login" time="0.001" classname="com.externalApi.Dumps"/>
  <testcase name="login" time="0.001" classname="com.externalApi.Dumps"/>
  <testcase name="login" time="0.003" classname="com.externalApi.Dumps"/>
  <testcase name="login" time="0.001" classname="com.externalApi.Dumps"/>
  <testcase name="login" time="0.001" classname="com.externalApi.Dumps"/>
  <testcase name="login" time="0.002" classname="com.externalApi.Dumps"/>
  <testcase name="login" time="0.000" classname="com.externalApi.Dumps"/>
  <testcase name="login" time="0.000" classname="com.externalApi.Dumps"/>
  <testcase name="login" time="0.001" classname="com.externalApi.Dumps"/>
  <testcase name="login" time="0.001" classname="com.externalApi.Dumps"/>
  <testcase name="login" time="0.000" classname="com.externalApi.Dumps"/>
  <testcase name="login" time="0.001" classname="com.externalApi.Dumps"/>
  <testcase name="login" time="0.001" classname="com.externalApi.Dumps"/>
  <testcase name="login" time="0.000" classname="com.externalApi.Dumps"/>
  <testcase name="login" time="0.001" classname="com.externalApi.Dumps"/>
  <testcase name="login" time="0.000" classname="com.externalApi.Dumps"/>
  <testcase name="login" time="0.001" classname="com.externalApi.Dumps"/>
  <testcase name="login" time="0.001" classname="com.externalApi.Dumps"/>
  <testcase name="login" time="0.000" classname="com.externalApi.Dumps"/>
  <testcase name="login" time="0.001" classname="com.externalApi.Dumps"/>
  <testcase name="login" time="0.001" classname="com.externalApi.Dumps"/>
  <testcase name="login" time="0.001" classname="com.externalApi.Dumps"/>
  <testcase name="login" time="0.001" classname="com.externalApi.Dumps"/>
  <testcase name="login" time="0.001" classname="com.externalApi.Dumps"/>
  <testcase name="login" time="0.000" classname="com.externalApi.Dumps"/>
  <testcase name="login" time="0.000" classname="com.externalApi.Dumps"/>
  <testcase name="login" time="0.000" classname="com.externalApi.Dumps"/>
  <testcase name="login" time="0.001" classname="com.externalApi.Dumps"/>
  <testcase name="login" time="0.001" classname="com.externalApi.Dumps"/>
  <testcase name="login" time="0.000" classname="com.externalApi.Dumps"/>
  <testcase name="login" time="0.001" classname="com.externalApi.Dumps"/>
  <testcase name="login" time="0.000" classname="com.externalApi.Dumps"/>
  <testcase name="login" time="0.001" classname="com.externalApi.Dumps"/>
  <testcase name="login" time="0.000" classname="com.externalApi.Dumps"/>
  <testcase name="login" time="0.001" classname="com.externalApi.Dumps"/>
  <testcase name="login" time="0.000" classname="com.externalApi.Dumps"/>
  <testcase name="login" time="0.001" classname="com.externalApi.Dumps"/>
  <testcase name="login" time="0.001" classname="com.externalApi.Dumps"/>
  <testcase name="login" time="0.005" classname="com.externalApi.Dumps"/>
  <testcase name="login" time="0.001" classname="com.externalApi.Dumps"/>
  <testcase name="login" time="0.001" classname="com.externalApi.Dumps"/>
  <testcase name="login" time="0.001" classname="com.externalApi.Dumps"/>
  <testcase name="login" time="0.000" classname="com.externalApi.Dumps"/>
  <testcase name="login" time="0.001" classname="com.externalApi.Dumps"/>
  <testcase name="login" time="0.000" classname="com.externalApi.Dumps"/>
  <testcase name="login" time="0.001" classname="com.externalApi.Dumps"/>
  <testcase name="login" time="0.001" classname="com.externalApi.Dumps"/>
  <testcase name="login" time="0.000" classname="com.externalApi.Dumps"/>
  <testcase name="login" time="0.002" classname="com.externalApi.Dumps"/>
  <testcase name="login" time="0.001" classname="com.externalApi.Dumps"/>
  <testcase name="login" time="0.001" classname="com.externalApi.Dumps"/>
  <testcase name="login" time="0.002" classname="com.externalApi.Dumps"/>
  <testcase name="login" time="0.001" classname="com.externalApi.Dumps"/>
  <testcase name="login" time="0.000" classname="com.externalApi.Dumps"/>
  <testcase name="login" time="0.001" classname="com.externalApi.Dumps"/>
  <testcase name="login" time="0.000" classname="com.externalApi.Dumps"/>
  <testcase name="login" time="0.000" classname="com.externalApi.Dumps"/>
  <testcase name="login" time="0.034" classname="com.externalApi.Dumps"/>
  <testcase name="login" time="0.000" classname="com.externalApi.Dumps"/>
  <testcase name="login" time="0.001" classname="com.externalApi.Dumps"/>
  <testcase name="login" time="0.001" classname="com.externalApi.Dumps"/>
  <testcase name="login" time="0.001" classname="com.externalApi.Dumps"/>
  <testcase name="login" time="0.001" classname="com.externalApi.Dumps"/>
  <testcase name="login" time="0.000" classname="com.externalApi.Dumps"/>
  <testcase name="login" time="0.002" classname="com.externalApi.Dumps"/>
  <testcase name="login" time="0.001" classname="com.externalApi.Dumps"/>
  <testcase name="login" time="0.001" classname="com.externalApi.Dumps"/>
  <testcase name="login" time="0.002" classname="com.externalApi.Dumps"/>
  <testcase name="login" time="0.000" classname="com.externalApi.Dumps"/>
  <testcase name="login" time="0.001" classname="com.externalApi.Dumps"/>
  <testcase name="login" time="0.001" classname="com.externalApi.Dumps"/>
  <testcase name="login" time="0.001" classname="com.externalApi.Dumps"/>
  <testcase name="login" time="0.002" classname="com.externalApi.Dumps"/>
  <testcase name="login" time="0.041" classname="com.externalApi.Dumps"/>
  <testcase name="login" time="0.001" classname="com.externalApi.Dumps"/>
  <testcase name="login" time="0.000" classname="com.externalApi.Dumps"/>
  <testcase name="login" time="0.001" classname="com.externalApi.Dumps"/>
  <testcase name="login" time="0.002" classname="com.externalApi.Dumps"/>
  <testcase name="login" time="0.001" classname="com.externalApi.Dumps"/>
  <testcase name="login" time="0.001" classname="com.externalApi.Dumps"/>
  <testcase name="login" time="0.001" classname="com.externalApi.Dumps"/>
  <testcase name="login" time="0.001" classname="com.externalApi.Dumps"/>
  <testcase name="login" time="0.000" classname="com.externalApi.Dumps"/>
  <testcase name="login" time="0.000" classname="com.externalApi.Dumps"/>
  <testcase name="login" time="0.000" classname="com.externalApi.Dumps"/>
  <testcase name="login" time="0.002" classname="com.externalApi.Dumps"/>
  <testcase name="login" time="0.000" classname="com.externalApi.Dumps"/>
  <testcase name="login" time="0.001" classname="com.externalApi.Dumps"/>
  <testcase name="login" time="0.001" classname="com.externalApi.Dumps"/>
  <testcase name="login" time="0.000" classname="com.externalApi.Dumps"/>
  <testcase name="login" time="0.001" classname="com.externalApi.Dumps"/>
  <testcase name="login" time="0.000" classname="com.externalApi.Dumps"/>
  <testcase name="login" time="0.000" classname="com.externalApi.Dumps"/>
  <testcase name="login" time="0.002" classname="com.externalApi.Dumps"/>
  <testcase name="login" time="0.000" classname="com.externalApi.Dumps"/>
  <testcase name="login" time="0.008" classname="com.externalApi.Dumps"/>
  <testcase name="login" time="0.000" classname="com.externalApi.Dumps"/>
  <testcase name="login" time="0.001" classname="com.externalApi.Dumps"/>
  <testcase name="login" time="0.000" classname="com.externalApi.Dumps"/>
  <testcase name="login" time="0.000" classname="com.externalApi.Dumps"/>
  <testcase name="login" time="0.000" classname="com.externalApi.Dumps"/>
  <testcase name="login" time="0.001" classname="com.externalApi.Dumps"/>
  <testcase name="login" time="0.000" classname="com.externalApi.Dumps"/>
  <testcase name="login" time="0.002" classname="com.externalApi.Dumps"/>
  <testcase name="login" time="0.000" classname="com.externalApi.Dumps"/>
  <testcase name="login" time="0.001" classname="com.externalApi.Dumps"/>
  <testcase name="login" time="0.001" classname="com.externalApi.Dumps"/>
  <testcase name="login" time="0.001" classname="com.externalApi.Dumps"/>
  <testcase name="login" time="0.001" classname="com.externalApi.Dumps"/>
  <testcase name="login" time="0.000" classname="com.externalApi.Dumps"/>
  <testcase name="login" time="0.001" classname="com.externalApi.Dumps"/>
  <testcase name="login" time="0.000" classname="com.externalApi.Dumps"/>
  <testcase name="login" time="0.001" classname="com.externalApi.Dumps"/>
  <testcase name="login" time="0.001" classname="com.externalApi.Dumps"/>
  <testcase name="login" time="0.000" classname="com.externalApi.Dumps"/>
  <testcase name="login" time="0.001" classname="com.externalApi.Dumps"/>
  <testcase name="login" time="0.000" classname="com.externalApi.Dumps"/>
  <testcase name="login" time="0.001" classname="com.externalApi.Dumps"/>
  <testcase name="login" time="0.001" classname="com.externalApi.Dumps"/>
  <testcase name="login" time="0.001" classname="com.externalApi.Dumps"/>
  <testcase name="login" time="0.001" classname="com.externalApi.Dumps"/>
  <testcase name="login" time="0.001" classname="com.externalApi.Dumps"/>
  <testcase name="login" time="0.001" classname="com.externalApi.Dumps"/>
  <testcase name="login" time="0.000" classname="com.externalApi.Dumps"/>
  <testcase name="login" time="0.001" classname="com.externalApi.Dumps"/>
  <testcase name="login" time="0.001" classname="com.externalApi.Dumps"/>
  <testcase name="login" time="0.000" classname="com.externalApi.Dumps"/>
  <testcase name="login" time="0.001" classname="com.externalApi.Dumps"/>
  <testcase name="login" time="0.000" classname="com.externalApi.Dumps"/>
  <testcase name="login" time="0.000" classname="com.externalApi.Dumps"/>
  <testcase name="login" time="0.001" classname="com.externalApi.Dumps"/>
  <testcase name="login" time="0.001" classname="com.externalApi.Dumps"/>
  <testcase name="login" time="0.001" classname="com.externalApi.Dumps"/>
  <testcase name="login" time="0.000" classname="com.externalApi.Dumps"/>
  <testcase name="login" time="0.001" classname="com.externalApi.Dumps"/>
  <testcase name="login" time="0.000" classname="com.externalApi.Dumps"/>
  <testcase name="login" time="0.001" classname="com.externalApi.Dumps"/>
  <testcase name="login" time="0.000" classname="com.externalApi.Dumps"/>
  <testcase name="login" time="0.000" classname="com.externalApi.Dumps"/>
  <testcase name="login" time="0.000" classname="com.externalApi.Dumps"/>
  <testcase name="login" time="0.001" classname="com.externalApi.Dumps"/>
  <testcase name="login" time="0.000" classname="com.externalApi.Dumps"/>
  <testcase name="login" time="0.000" classname="com.externalApi.Dumps"/>
  <testcase name="login" time="0.000" classname="com.externalApi.Dumps"/>
  <testcase name="login" time="0.000" classname="com.externalApi.Dumps"/>
  <testcase name="login" time="0.000" classname="com.externalApi.Dumps"/>
  <testcase name="login" time="0.000" classname="com.externalApi.Dumps"/>
  <testcase name="login" time="0.000" classname="com.externalApi.Dumps"/>
  <testcase name="login" time="0.000" classname="com.externalApi.Dumps"/>
  <testcase name="login" time="0.000" classname="com.externalApi.Dumps"/>
  <testcase name="login" time="0.001" classname="com.externalApi.Dumps"/>
  <testcase name="login" time="0.000" classname="com.externalApi.Dumps"/>
  <testcase name="login" time="0.001" classname="com.externalApi.Dumps"/>
  <testcase name="login" time="0.000" classname="com.externalApi.Dumps"/>
  <testcase name="login" time="0.000" classname="com.externalApi.Dumps"/>
  <testcase name="login" time="0.002" classname="com.externalApi.Dumps"/>
  <testcase name="login" time="0.000" classname="com.externalApi.Dumps"/>
  <testcase name="login" time="0.002" classname="com.externalApi.Dumps"/>
  <testcase name="login" time="0.001" classname="com.externalApi.Dumps"/>
  <testcase name="login" time="0.000" classname="com.externalApi.Dumps"/>
  <testcase name="login" time="0.001" classname="com.externalApi.Dumps"/>
  <testcase name="login" time="0.001" classname="com.externalApi.Dumps"/>
  <testcase name="login" time="0.001" classname="com.externalApi.Dumps"/>
  <testcase name="login" time="0.001" classname="com.externalApi.Dumps"/>
  <testcase name="login" time="0.000" classname="com.externalApi.Dumps"/>
  <testcase name="login" time="0.001" classname="com.externalApi.Dumps"/>
  <testcase name="login" time="0.000" classname="com.externalApi.Dumps"/>
  <testcase name="login" time="0.000" classname="com.externalApi.Dumps"/>
  <testcase name="login" time="0.001" classname="com.externalApi.Dumps"/>
  <testcase name="login" time="0.000" classname="com.externalApi.Dumps"/>
  <testcase name="login" time="0.000" classname="com.externalApi.Dumps"/>
  <testcase name="login" time="0.000" classname="com.externalApi.Dumps"/>
  <testcase name="login" time="0.000" classname="com.externalApi.Dumps"/>
  <testcase name="login" time="0.002" classname="com.externalApi.Dumps"/>
  <testcase name="login" time="0.001" classname="com.externalApi.Dumps"/>
  <testcase name="login" time="0.000" classname="com.externalApi.Dumps"/>
  <testcase name="login" time="0.002" classname="com.externalApi.Dumps"/>
  <testcase name="login" time="0.001" classname="com.externalApi.Dumps"/>
  <testcase name="login" time="0.001" classname="com.externalApi.Dumps"/>
  <testcase name="login" time="0.000" classname="com.externalApi.Dumps"/>
  <testcase name="login" time="0.000" classname="com.externalApi.Dumps"/>
  <testcase name="login" time="0.001" classname="com.externalApi.Dumps"/>
  <testcase name="login" time="0.001" classname="com.externalApi.Dumps"/>
  <testcase name="login" time="0.001" classname="com.externalApi.Dumps"/>
  <testcase name="login" time="0.000" classname="com.externalApi.Dumps"/>
  <testcase name="login" time="0.000" classname="com.externalApi.Dumps"/>
  <testcase name="login" time="0.001" classname="com.externalApi.Dumps"/>
  <testcase name="login" time="0.000" classname="com.externalApi.Dumps"/>
  <testcase name="login" time="0.001" classname="com.externalApi.Dumps"/>
  <testcase name="login" time="0.000" classname="com.externalApi.Dumps"/>
  <testcase name="login" time="0.000" classname="com.externalApi.Dumps"/>
  <testcase name="login" time="0.001" classname="com.externalApi.Dumps"/>
  <testcase name="login" time="0.000" classname="com.externalApi.Dumps"/>
  <testcase name="login" time="0.000" classname="com.externalApi.Dumps"/>
  <testcase name="login" time="0.001" classname="com.externalApi.Dumps"/>
  <testcase name="login" time="0.001" classname="com.externalApi.Dumps"/>
  <testcase name="login" time="0.000" classname="com.externalApi.Dumps"/>
  <testcase name="login" time="0.001" classname="com.externalApi.Dumps"/>
  <testcase name="login" time="0.000" classname="com.externalApi.Dumps"/>
  <testcase name="login" time="0.000" classname="com.externalApi.Dumps"/>
  <testcase name="login" time="0.000" classname="com.externalApi.Dumps"/>
  <testcase name="login" time="0.001" classname="com.externalApi.Dumps"/>
  <testcase name="login" time="0.001" classname="com.externalApi.Dumps"/>
  <testcase name="login" time="0.001" classname="com.externalApi.Dumps"/>
  <testcase name="login" time="0.002" classname="com.externalApi.Dumps"/>
  <testcase name="login" time="0.001" classname="com.externalApi.Dumps"/>
  <testcase name="login" time="0.001" classname="com.externalApi.Dumps"/>
  <testcase name="login" time="0.001" classname="com.externalApi.Dumps"/>
  <testcase name="login" time="0.000" classname="com.externalApi.Dumps"/>
  <testcase name="login" time="0.000" classname="com.externalApi.Dumps"/>
  <testcase name="login" time="0.001" classname="com.externalApi.Dumps"/>
  <testcase name="login" time="0.000" classname="com.externalApi.Dumps"/>
  <testcase name="login" time="0.000" classname="com.externalApi.Dumps"/>
  <testcase name="login" time="0.001" classname="com.externalApi.Dumps"/>
  <testcase name="login" time="0.000" classname="com.externalApi.Dumps"/>
  <testcase name="login" time="0.001" classname="com.externalApi.Dumps"/>
  <testcase name="login" time="0.004" classname="com.externalApi.Dumps"/>
  <testcase name="login" time="0.001" classname="com.externalApi.Dumps"/>
  <testcase name="login" time="0.001" classname="com.externalApi.Dumps"/>
  <testcase name="login" time="0.001" classname="com.externalApi.Dumps"/>
  <testcase name="login" time="0.002" classname="com.externalApi.Dumps"/>
  <testcase name="login" time="0.000" classname="com.externalApi.Dumps"/>
  <testcase name="login" time="0.000" classname="com.externalApi.Dumps"/>
  <testcase name="login" time="0.002" classname="com.externalApi.Dumps"/>
  <testcase name="login" time="0.001" classname="com.externalApi.Dumps"/>
  <testcase name="login" time="0.001" classname="com.externalApi.Dumps"/>
  <testcase name="login" time="0.000" classname="com.externalApi.Dumps"/>
  <testcase name="login" time="0.001" classname="com.externalApi.Dumps"/>
  <testcase name="login" time="0.001" classname="com.externalApi.Dumps"/>
  <testcase name="login" time="0.000" classname="com.externalApi.Dumps"/>
  <testcase name="login" time="0.001" classname="com.externalApi.Dumps"/>
  <testcase name="login" time="0.001" classname="com.externalApi.Dumps"/>
  <testcase name="login" time="0.000" classname="com.externalApi.Dumps"/>
  <testcase name="login" time="0.001" classname="com.externalApi.Dumps"/>
  <testcase name="login" time="0.000" classname="com.externalApi.Dumps"/>
  <testcase name="login" time="0.000" classname="com.externalApi.Dumps"/>
  <testcase name="login" time="0.001" classname="com.externalApi.Dumps"/>
  <testcase name="login" time="0.000" classname="com.externalApi.Dumps"/>
  <testcase name="login" time="0.000" classname="com.externalApi.Dumps"/>
  <testcase name="login" time="0.001" classname="com.externalApi.Dumps"/>
  <testcase name="login" time="0.001" classname="com.externalApi.Dumps"/>
  <testcase name="login" time="0.001" classname="com.externalApi.Dumps"/>
  <testcase name="login" time="0.000" classname="com.externalApi.Dumps"/>
  <testcase name="login" time="0.000" classname="com.externalApi.Dumps"/>
  <testcase name="login" time="0.027" classname="com.externalApi.Dumps"/>
  <testcase name="login" time="0.001" classname="com.externalApi.Dumps"/>
  <testcase name="login" time="0.000" classname="com.externalApi.Dumps"/>
  <testcase name="login" time="0.001" classname="com.externalApi.Dumps"/>
  <testcase name="login" time="0.001" classname="com.externalApi.Dumps"/>
  <testcase name="login" time="0.001" classname="com.externalApi.Dumps"/>
  <testcase name="login" time="0.001" classname="com.externalApi.Dumps"/>
  <testcase name="login" time="0.001" classname="com.externalApi.Dumps"/>
  <testcase name="login" time="0.000" classname="com.externalApi.Dumps"/>
  <testcase name="login" time="0.000" classname="com.externalApi.Dumps"/>
  <testcase name="login" time="0.000" classname="com.externalApi.Dumps"/>
  <testcase name="login" time="0.001" classname="com.externalApi.Dumps"/>
  <testcase name="login" time="0.001" classname="com.externalApi.Dumps"/>
  <testcase name="login" time="0.001" classname="com.externalApi.Dumps"/>
  <testcase name="login" time="0.000" classname="com.externalApi.Dumps"/>
  <testcase name="login" time="0.000" classname="com.externalApi.Dumps"/>
  <testcase name="login" time="0.000" classname="com.externalApi.Dumps"/>
  <testcase name="login" time="0.000" classname="com.externalApi.Dumps"/>
  <testcase name="login" time="0.001" classname="com.externalApi.Dumps"/>
  <testcase name="login" time="0.001" classname="com.externalApi.Dumps"/>
  <testcase name="login" time="0.000" classname="com.externalApi.Dumps"/>
  <testcase name="login" time="0.000" classname="com.externalApi.Dumps"/>
  <testcase name="login" time="0.001" classname="com.externalApi.Dumps"/>
  <testcase name="login" time="0.001" classname="com.externalApi.Dumps"/>
  <testcase name="login" time="0.000" classname="com.externalApi.Dumps"/>
  <testcase name="login" time="0.000" classname="com.externalApi.Dumps"/>
  <testcase name="login" time="0.000" classname="com.externalApi.Dumps"/>
  <testcase name="login" time="0.002" classname="com.externalApi.Dumps"/>
  <testcase name="login" time="0.001" classname="com.externalApi.Dumps"/>
  <testcase name="login" time="0.000" classname="com.externalApi.Dumps"/>
  <testcase name="login" time="0.001" classname="com.externalApi.Dumps"/>
  <testcase name="login" time="0.001" classname="com.externalApi.Dumps"/>
  <testcase name="login" time="0.000" classname="com.externalApi.Dumps"/>
  <testcase name="login" time="0.001" classname="com.externalApi.Dumps"/>
  <testcase name="login" time="0.001" classname="com.externalApi.Dumps"/>
  <testcase name="login" time="0.001" classname="com.externalApi.Dumps"/>
  <testcase name="login" time="0.002" classname="com.externalApi.Dumps"/>
  <testcase name="login" time="0.001" classname="com.externalApi.Dumps"/>
  <testcase name="login" time="0.000" classname="com.externalApi.Dumps"/>
  <testcase name="login" time="0.001" classname="com.externalApi.Dumps"/>
  <testcase name="login" time="0.001" classname="com.externalApi.Dumps"/>
  <testcase name="login" time="0.001" classname="com.externalApi.Dumps"/>
  <testcase name="login" time="0.000" classname="com.externalApi.Dumps"/>
  <testcase name="login" time="0.000" classname="com.externalApi.Dumps"/>
  <testcase name="login" time="0.001" classname="com.externalApi.Dumps"/>
  <testcase name="login" time="0.000" classname="com.externalApi.Dumps"/>
  <testcase name="login" time="0.000" classname="com.externalApi.Dumps"/>
  <testcase name="login" time="0.000" classname="com.externalApi.Dumps"/>
  <testcase name="login" time="0.000" classname="com.externalApi.Dumps"/>
  <testcase name="login" time="0.001" classname="com.externalApi.Dumps"/>
  <testcase name="login" time="0.000" classname="com.externalApi.Dumps"/>
  <testcase name="login" time="0.000" classname="com.externalApi.Dumps"/>
  <testcase name="login" time="0.000" classname="com.externalApi.Dumps"/>
  <testcase name="login" time="0.000" classname="com.externalApi.Dumps"/>
  <testcase name="login" time="0.000" classname="com.externalApi.Dumps"/>
  <testcase name="login" time="0.001" classname="com.externalApi.Dumps"/>
  <testcase name="login" time="0.001" classname="com.externalApi.Dumps"/>
  <testcase name="login" time="0.001" classname="com.externalApi.Dumps"/>
  <testcase name="login" time="0.001" classname="com.externalApi.Dumps"/>
  <testcase name="login" time="0.000" classname="com.externalApi.Dumps"/>
  <testcase name="login" time="0.000" classname="com.externalApi.Dumps"/>
  <testcase name="login" time="0.001" classname="com.externalApi.Dumps"/>
  <testcase name="login" time="0.001" classname="com.externalApi.Dumps"/>
  <testcase name="login" time="0.000" classname="com.externalApi.Dumps"/>
  <testcase name="login" time="0.002" classname="com.externalApi.Dumps"/>
  <testcase name="login" time="0.001" classname="com.externalApi.Dumps"/>
  <testcase name="login" time="0.001" classname="com.externalApi.Dumps"/>
  <testcase name="login" time="0.000" classname="com.externalApi.Dumps"/>
  <testcase name="login" time="0.000" classname="com.externalApi.Dumps"/>
  <testcase name="login" time="0.000" classname="com.externalApi.Dumps"/>
  <testcase name="login" time="0.424" classname="com.externalApi.Dumps"/>
  <testcase name="login" time="0.001" classname="com.externalApi.Dumps"/>
  <testcase name="login" time="0.001" classname="com.externalApi.Dumps"/>
  <testcase name="login" time="0.000" classname="com.externalApi.Dumps"/>
  <testcase name="login" time="0.000" classname="com.externalApi.Dumps"/>
  <testcase name="login" time="0.000" classname="com.externalApi.Dumps"/>
  <testcase name="login" time="0.000" classname="com.externalApi.Dumps"/>
  <testcase name="login" time="0.001" classname="com.externalApi.Dumps"/>
  <testcase name="login" time="0.001" classname="com.externalApi.Dumps"/>
  <testcase name="login" time="0.000" classname="com.externalApi.Dumps"/>
  <testcase name="login" time="0.001" classname="com.externalApi.Dumps"/>
  <testcase name="login" time="0.000" classname="com.externalApi.Dumps"/>
  <testcase name="login" time="0.001" classname="com.externalApi.Dumps"/>
  <testcase name="login" time="0.000" classname="com.externalApi.Dumps"/>
  <testcase name="login" time="0.001" classname="com.externalApi.Dumps"/>
  <testcase name="login" time="0.000" classname="com.externalApi.Dumps"/>
  <testcase name="login" time="0.002" classname="com.externalApi.Dumps"/>
  <testcase name="login" time="0.000" classname="com.externalApi.Dumps"/>
  <testcase name="login" time="0.001" classname="com.externalApi.Dumps"/>
  <testcase name="login" time="0.001" classname="com.externalApi.Dumps"/>
  <testcase name="login" time="0.001" classname="com.externalApi.Dumps"/>
  <testcase name="login" time="0.000" classname="com.externalApi.Dumps"/>
  <testcase name="login" time="0.032" classname="com.externalApi.Dumps"/>
  <testcase name="login" time="0.001" classname="com.externalApi.Dumps"/>
  <testcase name="login" time="0.001" classname="com.externalApi.Dumps"/>
  <testcase name="login" time="0.001" classname="com.externalApi.Dumps"/>
  <testcase name="login" time="0.000" classname="com.externalApi.Dumps"/>
  <testcase name="login" time="0.000" classname="com.externalApi.Dumps"/>
  <testcase name="login" time="0.000" classname="com.externalApi.Dumps"/>
  <testcase name="login" time="0.001" classname="com.externalApi.Dumps"/>
  <testcase name="login" time="0.001" classname="com.externalApi.Dumps"/>
  <testcase name="login" time="0.001" classname="com.externalApi.Dumps"/>
  <testcase name="login" time="0.001" classname="com.externalApi.Dumps"/>
  <testcase name="login" time="0.000" classname="com.externalApi.Dumps"/>
  <testcase name="login" time="0.000" classname="com.externalApi.Dumps"/>
  <testcase name="login" time="0.000" classname="com.externalApi.Dumps"/>
  <testcase name="login" time="0.000" classname="com.externalApi.Dumps"/>
  <testcase name="login" time="0.001" classname="com.externalApi.Dumps"/>
  <testcase name="login" time="0.000" classname="com.externalApi.Dumps"/>
  <testcase name="login" time="0.000" classname="com.externalApi.Dumps"/>
  <testcase name="login" time="0.001" classname="com.externalApi.Dumps"/>
  <testcase name="login" time="0.001" classname="com.externalApi.Dumps"/>
  <testcase name="login" time="0.001" classname="com.externalApi.Dumps"/>
  <testcase name="login" time="0.000" classname="com.externalApi.Dumps"/>
  <testcase name="login" time="0.000" classname="com.externalApi.Dumps"/>
  <testcase name="login" time="0.001" classname="com.externalApi.Dumps"/>
  <testcase name="login" time="0.000" classname="com.externalApi.Dumps"/>
  <testcase name="login" time="0.001" classname="com.externalApi.Dumps"/>
  <testcase name="login" time="0.001" classname="com.externalApi.Dumps"/>
  <testcase name="login" time="0.000" classname="com.externalApi.Dumps"/>
  <testcase name="login" time="0.001" classname="com.externalApi.Dumps"/>
  <testcase name="login" time="0.001" classname="com.externalApi.Dumps"/>
  <testcase name="login" time="0.002" classname="com.externalApi.Dumps"/>
  <testcase name="login" time="0.000" classname="com.externalApi.Dumps"/>
  <testcase name="login" time="0.001" classname="com.externalApi.Dumps"/>
  <testcase name="login" time="0.001" classname="com.externalApi.Dumps"/>
  <testcase name="login" time="0.000" classname="com.externalApi.Dumps"/>
  <testcase name="login" time="0.001" classname="com.externalApi.Dumps"/>
  <testcase name="login" time="0.000" classname="com.externalApi.Dumps"/>
  <testcase name="login" time="0.002" classname="com.externalApi.Dumps"/>
  <testcase name="login" time="0.000" classname="com.externalApi.Dumps"/>
  <testcase name="login" time="0.000" classname="com.externalApi.Dumps"/>
  <testcase name="login" time="0.001" classname="com.externalApi.Dumps"/>
  <testcase name="login" time="0.001" classname="com.externalApi.Dumps"/>
  <testcase name="login" time="0.001" classname="com.externalApi.Dumps"/>
  <testcase name="login" time="0.002" classname="com.externalApi.Dumps"/>
  <testcase name="login" time="0.000" classname="com.externalApi.Dumps"/>
  <testcase name="login" time="0.001" classname="com.externalApi.Dumps"/>
  <testcase name="login" time="0.000" classname="com.externalApi.Dumps"/>
  <testcase name="login" time="0.000" classname="com.externalApi.Dumps"/>
  <testcase name="login" time="0.000" classname="com.externalApi.Dumps"/>
  <testcase name="login" time="0.000" classname="com.externalApi.Dumps"/>
  <testcase name="login" time="0.001" classname="com.externalApi.Dumps"/>
  <testcase name="login" time="0.000" classname="com.externalApi.Dumps"/>
  <testcase name="login" time="0.001" classname="com.externalApi.Dumps"/>
  <testcase name="login" time="0.001" classname="com.externalApi.Dumps"/>
  <testcase name="login" time="0.002" classname="com.externalApi.Dumps"/>
  <testcase name="login" time="0.000" classname="com.externalApi.Dumps"/>
  <testcase name="login" time="0.001" classname="com.externalApi.Dumps"/>
  <testcase name="login" time="0.000" classname="com.externalApi.Dumps"/>
  <testcase name="login" time="0.001" classname="com.externalApi.Dumps"/>
  <testcase name="login" time="0.001" classname="com.externalApi.Dumps"/>
  <testcase name="login" time="0.000" classname="com.externalApi.Dumps"/>
  <testcase name="login" time="0.000" classname="com.externalApi.Dumps"/>
  <testcase name="login" time="0.002" classname="com.externalApi.Dumps"/>
  <testcase name="login" time="0.000" classname="com.externalApi.Dumps"/>
  <testcase name="login" time="0.000" classname="com.externalApi.Dumps"/>
  <testcase name="login" time="0.001" classname="com.externalApi.Dumps"/>
  <testcase name="login" time="0.000" classname="com.externalApi.Dumps"/>
  <testcase name="login" time="0.001" classname="com.externalApi.Dumps"/>
  <testcase name="login" time="0.001" classname="com.externalApi.Dumps"/>
  <testcase name="login" time="0.001" classname="com.externalApi.Dumps"/>
  <testcase name="login" time="0.001" classname="com.externalApi.Dumps"/>
  <testcase name="login" time="0.001" classname="com.externalApi.Dumps"/>
  <testcase name="login" time="0.001" classname="com.externalApi.Dumps"/>
  <testcase name="login" time="0.001" classname="com.externalApi.Dumps"/>
  <testcase name="login" time="0.000" classname="com.externalApi.Dumps"/>
  <testcase name="login" time="0.001" classname="com.externalApi.Dumps"/>
  <testcase name="login" time="0.000" classname="com.externalApi.Dumps"/>
  <testcase name="login" time="0.001" classname="com.externalApi.Dumps"/>
  <testcase name="login" time="0.001" classname="com.externalApi.Dumps"/>
  <testcase name="login" time="0.001" classname="com.externalApi.Dumps"/>
  <testcase name="login" time="0.000" classname="com.externalApi.Dumps"/>
  <testcase name="login" time="0.001" classname="com.externalApi.Dumps"/>
  <testcase name="login" time="0.000" classname="com.externalApi.Dumps"/>
  <testcase name="login" time="0.000" classname="com.externalApi.Dumps"/>
  <testcase name="login" time="0.001" classname="com.externalApi.Dumps"/>
  <testcase name="login" time="0.001" classname="com.externalApi.Dumps"/>
  <testcase name="login" time="0.000" classname="com.externalApi.Dumps"/>
  <testcase name="login" time="0.001" classname="com.externalApi.Dumps"/>
  <testcase name="login" time="0.001" classname="com.externalApi.Dumps"/>
  <testcase name="login" time="0.000" classname="com.externalApi.Dumps"/>
  <testcase name="login" time="0.001" classname="com.externalApi.Dumps"/>
  <testcase name="login" time="0.000" classname="com.externalApi.Dumps"/>
  <testcase name="login" time="0.001" classname="com.externalApi.Dumps"/>
  <testcase name="login" time="0.000" classname="com.externalApi.Dumps"/>
  <testcase name="login" time="0.000" classname="com.externalApi.Dumps"/>
  <testcase name="login" time="0.000" classname="com.externalApi.Dumps"/>
  <testcase name="login" time="0.001" classname="com.externalApi.Dumps"/>
  <testcase name="login" time="0.001" classname="com.externalApi.Dumps"/>
  <testcase name="login" time="0.000" classname="com.externalApi.Dumps"/>
  <testcase name="login" time="0.002" classname="com.externalApi.Dumps"/>
  <testcase name="login" time="0.001" classname="com.externalApi.Dumps"/>
  <testcase name="login" time="0.001" classname="com.externalApi.Dumps"/>
  <testcase name="login" time="0.000" classname="com.externalApi.Dumps"/>
  <testcase name="login" time="0.001" classname="com.externalApi.Dumps"/>
  <testcase name="login" time="0.000" classname="com.externalApi.Dumps"/>
  <testcase name="login" time="0.000" classname="com.externalApi.Dumps"/>
  <testcase name="login" time="0.000" classname="com.externalApi.Dumps"/>
  <testcase name="login" time="0.001" classname="com.externalApi.Dumps"/>
  <testcase name="login" time="0.071" classname="com.externalApi.Dumps"/>
  <testcase name="login" time="0.000" classname="com.externalApi.Dumps"/>
  <testcase name="login" time="0.001" classname="com.externalApi.Dumps"/>
  <testcase name="login" time="0.001" classname="com.externalApi.Dumps"/>
  <testcase name="login" time="0.001" classname="com.externalApi.Dumps"/>
  <testcase name="login" time="0.001" classname="com.externalApi.Dumps"/>
  <testcase name="login" time="0.001" classname="com.externalApi.Dumps"/>
  <testcase name="login" time="0.000" classname="com.externalApi.Dumps"/>
  <testcase name="login" time="0.001" classname="com.externalApi.Dumps"/>
  <testcase name="login" time="0.001" classname="com.externalApi.Dumps"/>
  <testcase name="login" time="0.001" classname="com.externalApi.Dumps"/>
  <testcase name="login" time="0.001" classname="com.externalApi.Dumps"/>
  <testcase name="login" time="0.000" classname="com.externalApi.Dumps"/>
  <testcase name="login" time="0.000" classname="com.externalApi.Dumps"/>
  <testcase name="login" time="0.001" classname="com.externalApi.Dumps"/>
  <testcase name="login" time="0.001" classname="com.externalApi.Dumps"/>
  <testcase name="login" time="0.000" classname="com.externalApi.Dumps"/>
  <testcase name="login" time="0.000" classname="com.externalApi.Dumps"/>
  <testcase name="login" time="0.000" classname="com.externalApi.Dumps"/>
  <testcase name="login" time="0.001" classname="com.externalApi.Dumps"/>
  <testcase name="login" time="0.000" classname="com.externalApi.Dumps"/>
  <testcase name="login" time="0.002" classname="com.externalApi.Dumps"/>
  <testcase name="login" time="0.000" classname="com.externalApi.Dumps"/>
  <testcase name="login" time="0.000" classname="com.externalApi.Dumps"/>
  <testcase name="login" time="0.000" classname="com.externalApi.Dumps"/>
  <testcase name="login" time="0.000" classname="com.externalApi.Dumps"/>
  <testcase name="login" time="0.000" classname="com.externalApi.Dumps"/>
  <testcase name="login" time="0.001" classname="com.externalApi.Dumps"/>
  <testcase name="login" time="0.001" classname="com.externalApi.Dumps"/>
  <testcase name="login" time="0.001" classname="com.externalApi.Dumps"/>
  <testcase name="login" time="0.000" classname="com.externalApi.Dumps"/>
  <testcase name="login" time="0.000" classname="com.externalApi.Dumps"/>
  <testcase name="login" time="0.001" classname="com.externalApi.Dumps"/>
  <testcase name="login" time="0.001" classname="com.externalApi.Dumps"/>
  <testcase name="login" time="0.000" classname="com.externalApi.Dumps"/>
  <testcase name="login" time="0.000" classname="com.externalApi.Dumps"/>
  <testcase name="login" time="0.000" classname="com.externalApi.Dumps"/>
  <testcase name="login" time="0.001" classname="com.externalApi.Dumps"/>
  <testcase name="login" time="0.001" classname="com.externalApi.Dumps"/>
  <testcase name="login" time="0.002" classname="com.externalApi.Dumps"/>
  <testcase name="login" time="0.001" classname="com.externalApi.Dumps"/>
  <testcase name="login" time="0.000" classname="com.externalApi.Dumps"/>
  <testcase name="login" time="0.001" classname="com.externalApi.Dumps"/>
  <testcase name="login" time="0.000" classname="com.externalApi.Dumps"/>
  <testcase name="login" time="0.001" classname="com.externalApi.Dumps"/>
  <testcase name="login" time="0.000" classname="com.externalApi.Dumps"/>
  <testcase name="login" time="0.001" classname="com.externalApi.Dumps"/>
  <testcase name="login" time="0.000" classname="com.externalApi.Dumps"/>
  <testcase name="login" time="0.000" classname="com.externalApi.Dumps"/>
  <testcase name="login" time="0.000" classname="com.externalApi.Dumps"/>
  <testcase name="login" time="0.000" classname="com.externalApi.Dumps"/>
  <testcase name="login" time="0.000" classname="com.externalApi.Dumps"/>
  <testcase name="login" time="0.001" classname="com.externalApi.Dumps"/>
  <testcase name="login" time="0.001" classname="com.externalApi.Dumps"/>
  <testcase name="login" time="0.003" classname="com.externalApi.Dumps"/>
  <testcase name="login" time="0.001" classname="com.externalApi.Dumps"/>
  <testcase name="login" time="0.001" classname="com.externalApi.Dumps"/>
  <testcase name="login" time="0.002" classname="com.externalApi.Dumps"/>
  <testcase name="login" time="0.003" classname="com.externalApi.Dumps"/>
  <testcase name="login" time="0.001" classname="com.externalApi.Dumps"/>
  <testcase name="login" time="0.002" classname="com.externalApi.Dumps"/>
  <testcase name="login" time="0.001" classname="com.externalApi.Dumps"/>
  <testcase name="login" time="0.000" classname="com.externalApi.Dumps"/>
  <testcase name="login" time="0.001" classname="com.externalApi.Dumps"/>
  <testcase name="login" time="0.000" classname="com.externalApi.Dumps"/>
  <testcase name="login" time="0.000" classname="com.externalApi.Dumps"/>
  <testcase name="login" time="0.000" classname="com.externalApi.Dumps"/>
  <testcase name="login" time="0.001" classname="com.externalApi.Dumps"/>
  <testcase name="login" time="0.860" classname="com.externalApi.Dumps"/>
  <testcase name="login" time="0.000" classname="com.externalApi.Dumps"/>
  <testcase name="login" time="0.000" classname="com.externalApi.Dumps"/>
  <testcase name="login" time="0.001" classname="com.externalApi.Dumps"/>
  <testcase name="login" time="0.000" classname="com.externalApi.Dumps"/>
  <testcase name="login" time="0.000" classname="com.externalApi.Dumps"/>
  <testcase name="login" time="0.001" classname="com.externalApi.Dumps"/>
  <testcase name="login" time="0.001" classname="com.externalApi.Dumps"/>
  <testcase name="login" time="0.001" classname="com.externalApi.Dumps"/>
  <testcase name="login" time="0.001" classname="com.externalApi.Dumps"/>
  <testcase name="login" time="0.001" classname="com.externalApi.Dumps"/>
  <testcase name="login" time="0.000" classname="com.externalApi.Dumps"/>
  <testcase name="login" time="0.001" classname="com.externalApi.Dumps"/>
  <testcase name="login" time="0.002" classname="com.externalApi.Dumps"/>
  <testcase name="login" time="0.002" classname="com.externalApi.Dumps"/>
  <testcase name="login" time="0.000" classname="com.externalApi.Dumps"/>
  <testcase name="login" time="0.000" classname="com.externalApi.Dumps"/>
  <testcase name="login" time="0.000" classname="com.externalApi.Dumps"/>
  <testcase name="login" time="0.002" classname="com.externalApi.Dumps"/>
  <testcase name="login" time="0.000" classname="com.externalApi.Dumps"/>
  <testcase name="login" time="0.001" classname="com.externalApi.Dumps"/>
  <testcase name="login" time="0.001" classname="com.externalApi.Dumps"/>
  <testcase name="login" time="0.001" classname="com.externalApi.Dumps"/>
  <testcase name="login" time="0.000" classname="com.externalApi.Dumps"/>
  <testcase name="login" time="0.000" classname="com.externalApi.Dumps"/>
  <testcase name="login" time="0.000" classname="com.externalApi.Dumps"/>
  <testcase name="login" time="0.001" classname="com.externalApi.Dumps"/>
  <testcase name="login" time="0.002" classname="com.externalApi.Dumps"/>
  <testcase name="login" time="0.002" classname="com.externalApi.Dumps"/>
  <testcase name="login" time="0.000" classname="com.externalApi.Dumps"/>
  <testcase name="login" time="0.001" classname="com.externalApi.Dumps"/>
  <testcase name="login" time="0.001" classname="com.externalApi.Dumps"/>
  <testcase name="login" time="0.001" classname="com.externalApi.Dumps"/>
  <testcase name="login" time="0.001" classname="com.externalApi.Dumps"/>
  <testcase name="login" time="0.001" classname="com.externalApi.Dumps"/>
  <testcase name="login" time="0.003" classname="com.externalApi.Dumps"/>
  <testcase name="login" time="0.000" classname="com.externalApi.Dumps"/>
  <testcase name="login" time="0.000" classname="com.externalApi.Dumps"/>
  <testcase name="login" time="0.002" classname="com.externalApi.Dumps"/>
  <testcase name="login" time="0.001" classname="com.externalApi.Dumps"/>
  <testcase name="login" time="0.000" classname="com.externalApi.Dumps"/>
  <testcase name="login" time="0.000" classname="com.externalApi.Dumps"/>
  <testcase name="login" time="0.001" classname="com.externalApi.Dumps"/>
  <testcase name="login" time="0.000" classname="com.externalApi.Dumps"/>
  <testcase name="login" time="0.000" classname="com.externalApi.Dumps"/>
  <testcase name="login" time="0.000" classname="com.externalApi.Dumps"/>
  <testcase name="login" time="0.003" classname="com.externalApi.Dumps"/>
  <testcase name="login" time="0.000" classname="com.externalApi.Dumps"/>
  <testcase name="login" time="0.000" classname="com.externalApi.Dumps"/>
  <testcase name="login" time="0.001" classname="com.externalApi.Dumps"/>
  <testcase name="login" time="0.001" classname="com.externalApi.Dumps"/>
  <testcase name="login" time="0.000" classname="com.externalApi.Dumps"/>
  <testcase name="login" time="0.001" classname="com.externalApi.Dumps"/>
  <testcase name="login" time="0.001" classname="com.externalApi.Dumps"/>
  <testcase name="login" time="0.001" classname="com.externalApi.Dumps"/>
  <testcase name="login" time="0.000" classname="com.externalApi.Dumps"/>
  <testcase name="login" time="0.000" classname="com.externalApi.Dumps"/>
  <testcase name="login" time="0.000" classname="com.externalApi.Dumps"/>
  <testcase name="login" time="0.000" classname="com.externalApi.Dumps"/>
  <testcase name="login" time="0.000" classname="com.externalApi.Dumps"/>
  <testcase name="login" time="0.001" classname="com.externalApi.Dumps"/>
  <testcase name="login" time="0.000" classname="com.externalApi.Dumps"/>
  <testcase name="login" time="0.000" classname="com.externalApi.Dumps"/>
  <testcase name="login" time="0.001" classname="com.externalApi.Dumps"/>
  <testcase name="login" time="0.001" classname="com.externalApi.Dumps"/>
  <testcase name="login" time="0.000" classname="com.externalApi.Dumps"/>
  <testcase name="login" time="0.001" classname="com.externalApi.Dumps"/>
  <testcase name="login" time="0.000" classname="com.externalApi.Dumps"/>
  <testcase name="login" time="0.000" classname="com.externalApi.Dumps"/>
  <testcase name="login" time="0.000" classname="com.externalApi.Dumps"/>
  <testcase name="login" time="0.000" classname="com.externalApi.Dumps"/>
  <testcase name="login" time="0.005" classname="com.externalApi.Dumps"/>
  <testcase name="login" time="0.000" classname="com.externalApi.Dumps"/>
  <testcase name="login" time="0.000" classname="com.externalApi.Dumps"/>
  <testcase name="login" time="0.000" classname="com.externalApi.Dumps"/>
  <testcase name="login" time="0.000" classname="com.externalApi.Dumps"/>
  <testcase name="login" time="0.000" classname="com.externalApi.Dumps"/>
  <testcase name="login" time="0.001" classname="com.externalApi.Dumps"/>
  <testcase name="login" time="0.001" classname="com.externalApi.Dumps"/>
  <testcase name="login" time="0.001" classname="com.externalApi.Dumps"/>
  <testcase name="login" time="0.001" classname="com.externalApi.Dumps"/>
  <testcase name="login" time="0.001" classname="com.externalApi.Dumps"/>
  <testcase name="login" time="0.101" classname="com.externalApi.Dumps"/>
  <testcase name="login" time="0.001" classname="com.externalApi.Dumps"/>
  <testcase name="login" time="0.000" classname="com.externalApi.Dumps"/>
  <testcase name="login" time="0.001" classname="com.externalApi.Dumps"/>
  <testcase name="login" time="0.001" classname="com.externalApi.Dumps"/>
  <testcase name="login" time="0.000" classname="com.externalApi.Dumps"/>
  <testcase name="login" time="0.001" classname="com.externalApi.Dumps"/>
  <testcase name="login" time="0.001" classname="com.externalApi.Dumps"/>
  <testcase name="login" time="0.001" classname="com.externalApi.Dumps"/>
  <testcase name="login" time="0.001" classname="com.externalApi.Dumps"/>
  <testcase name="login" time="0.001" classname="com.externalApi.Dumps"/>
  <testcase name="login" time="0.000" classname="com.externalApi.Dumps"/>
  <testcase name="login" time="0.001" classname="com.externalApi.Dumps"/>
  <testcase name="login" time="0.000" classname="com.externalApi.Dumps"/>
  <testcase name="login" time="0.000" classname="com.externalApi.Dumps"/>
  <testcase name="login" time="0.000" classname="com.externalApi.Dumps"/>
  <testcase name="login" time="0.000" classname="com.externalApi.Dumps"/>
  <testcase name="login" time="0.000" classname="com.externalApi.Dumps"/>
  <testcase name="login" time="0.001" classname="com.externalApi.Dumps"/>
  <testcase name="login" time="0.001" classname="com.externalApi.Dumps"/>
  <testcase name="login" time="0.001" classname="com.externalApi.Dumps"/>
  <testcase name="login" time="0.000" classname="com.externalApi.Dumps"/>
  <testcase name="login" time="0.000" classname="com.externalApi.Dumps"/>
  <testcase name="login" time="0.000" classname="com.externalApi.Dumps"/>
  <testcase name="login" time="0.000" classname="com.externalApi.Dumps"/>
  <testcase name="login" time="0.001" classname="com.externalApi.Dumps"/>
  <testcase name="login" time="0.001" classname="com.externalApi.Dumps"/>
  <testcase name="login" time="0.000" classname="com.externalApi.Dumps"/>
  <testcase name="login" time="0.001" classname="com.externalApi.Dumps"/>
  <testcase name="login" time="0.001" classname="com.externalApi.Dumps"/>
  <testcase name="login" time="0.000" classname="com.externalApi.Dumps"/>
  <testcase name="login" time="0.002" classname="com.externalApi.Dumps"/>
  <testcase name="login" time="0.001" classname="com.externalApi.Dumps"/>
  <testcase name="login" time="0.000" classname="com.externalApi.Dumps"/>
  <testcase name="login" time="0.000" classname="com.externalApi.Dumps"/>
  <testcase name="login" time="0.001" classname="com.externalApi.Dumps"/>
  <testcase name="login" time="0.001" classname="com.externalApi.Dumps"/>
  <testcase name="login" time="0.000" classname="com.externalApi.Dumps"/>
  <testcase name="login" time="0.001" classname="com.externalApi.Dumps"/>
  <testcase name="login" time="0.001" classname="com.externalApi.Dumps"/>
  <testcase name="login" time="0.001" classname="com.externalApi.Dumps"/>
  <testcase name="login" time="0.000" classname="com.externalApi.Dumps"/>
  <testcase name="login" time="0.000" classname="com.externalApi.Dumps"/>
  <testcase name="login" time="0.010" classname="com.externalApi.Dumps"/>
  <testcase name="login" time="0.001" classname="com.externalApi.Dumps"/>
  <testcase name="login" time="0.001" classname="com.externalApi.Dumps"/>
  <testcase name="login" time="0.002" classname="com.externalApi.Dumps"/>
  <testcase name="login" time="0.002" classname="com.externalApi.Dumps"/>
  <testcase name="login" time="0.002" classname="com.externalApi.Dumps"/>
  <testcase name="login" time="0.000" classname="com.externalApi.Dumps"/>
  <testcase name="login" time="0.001" classname="com.externalApi.Dumps"/>
  <testcase name="login" time="0.000" classname="com.externalApi.Dumps"/>
  <testcase name="login" time="0.001" classname="com.externalApi.Dumps"/>
  <testcase name="login" time="0.000" classname="com.externalApi.Dumps"/>
  <testcase name="login" time="0.000" classname="com.externalApi.Dumps"/>
  <testcase name="login" time="0.000" classname="com.externalApi.Dumps"/>
  <testcase name="login" time="0.000" classname="com.externalApi.Dumps"/>
  <testcase name="login" time="0.000" classname="com.externalApi.Dumps"/>
  <testcase name="login" time="0.001" classname="com.externalApi.Dumps"/>
  <testcase name="login" time="0.001" classname="com.externalApi.Dumps"/>
  <testcase name="login" time="0.001" classname="com.externalApi.Dumps"/>
  <testcase name="login" time="0.000" classname="com.externalApi.Dumps"/>
  <testcase name="login" time="0.000" classname="com.externalApi.Dumps"/>
  <testcase name="login" time="0.000" classname="com.externalApi.Dumps"/>
  <testcase name="login" time="0.001" classname="com.externalApi.Dumps"/>
  <testcase name="login" time="0.001" classname="com.externalApi.Dumps"/>
  <testcase name="login" time="0.000" classname="com.externalApi.Dumps"/>
  <testcase name="login" time="0.000" classname="com.externalApi.Dumps"/>
  <testcase name="login" time="0.001" classname="com.externalApi.Dumps"/>
  <testcase name="login" time="0.001" classname="com.externalApi.Dumps"/>
  <testcase name="login" time="0.002" classname="com.externalApi.Dumps"/>
  <testcase name="login" time="0.001" classname="com.externalApi.Dumps"/>
  <testcase name="login" time="0.000" classname="com.externalApi.Dumps"/>
  <testcase name="login" time="0.001" classname="com.externalApi.Dumps"/>
  <testcase name="login" time="0.000" classname="com.externalApi.Dumps"/>
  <testcase name="login" time="0.000" classname="com.externalApi.Dumps"/>
  <testcase name="login" time="0.001" classname="com.externalApi.Dumps"/>
  <testcase name="login" time="0.001" classname="com.externalApi.Dumps"/>
  <testcase name="login" time="0.001" classname="com.externalApi.Dumps"/>
  <testcase name="login" time="0.000" classname="com.externalApi.Dumps"/>
  <testcase name="login" time="0.001" classname="com.externalApi.Dumps"/>
  <testcase name="login" time="0.000" classname="com.externalApi.Dumps"/>
  <testcase name="login" time="0.000" classname="com.externalApi.Dumps"/>
  <testcase name="login" time="0.001" classname="com.externalApi.Dumps"/>
  <testcase name="login" time="0.000" classname="com.externalApi.Dumps"/>
  <testcase name="login" time="0.000" classname="com.externalApi.Dumps"/>
  <testcase name="login" time="0.001" classname="com.externalApi.Dumps"/>
  <testcase name="login" time="0.001" classname="com.externalApi.Dumps"/>
  <testcase name="login" time="0.001" classname="com.externalApi.Dumps"/>
  <testcase name="login" time="0.001" classname="com.externalApi.Dumps"/>
  <testcase name="login" time="0.025" classname="com.externalApi.Dumps"/>
  <testcase name="login" time="0.000" classname="com.externalApi.Dumps"/>
  <testcase name="login" time="0.001" classname="com.externalApi.Dumps"/>
  <testcase name="login" time="0.000" classname="com.externalApi.Dumps"/>
  <testcase name="login" time="0.001" classname="com.externalApi.Dumps"/>
  <testcase name="login" time="0.002" classname="com.externalApi.Dumps"/>
  <testcase name="login" time="0.000" classname="com.externalApi.Dumps"/>
  <testcase name="login" time="0.002" classname="com.externalApi.Dumps"/>
  <testcase name="login" time="0.001" classname="com.externalApi.Dumps"/>
  <testcase name="login" time="0.001" classname="com.externalApi.Dumps"/>
  <testcase name="login" time="0.000" classname="com.externalApi.Dumps"/>
  <testcase name="login" time="0.001" classname="com.externalApi.Dumps"/>
  <testcase name="login" time="0.000" classname="com.externalApi.Dumps"/>
  <testcase name="login" time="0.000" classname="com.externalApi.Dumps"/>
  <testcase name="login" time="0.000" classname="com.externalApi.Dumps"/>
  <testcase name="login" time="0.001" classname="com.externalApi.Dumps"/>
  <testcase name="login" time="0.000" classname="com.externalApi.Dumps"/>
  <testcase name="login" time="0.001" classname="com.externalApi.Dumps"/>
  <testcase name="login" time="0.001" classname="com.externalApi.Dumps"/>
  <testcase name="login" time="0.001" classname="com.externalApi.Dumps"/>
  <testcase name="login" time="0.001" classname="com.externalApi.Dumps"/>
  <testcase name="login" time="0.000" classname="com.externalApi.Dumps"/>
  <testcase name="login" time="0.000" classname="com.externalApi.Dumps"/>
  <testcase name="login" time="0.001" classname="com.externalApi.Dumps"/>
  <testcase name="login" time="0.000" classname="com.externalApi.Dumps"/>
  <testcase name="login" time="0.000" classname="com.externalApi.Dumps"/>
  <testcase name="login" time="0.000" classname="com.externalApi.Dumps"/>
  <testcase name="login" time="0.002" classname="com.externalApi.Dumps"/>
  <testcase name="login" time="0.000" classname="com.externalApi.Dumps"/>
  <testcase name="login" time="0.001" classname="com.externalApi.Dumps"/>
  <testcase name="login" time="0.001" classname="com.externalApi.Dumps"/>
  <testcase name="login" time="0.001" classname="com.externalApi.Dumps"/>
  <testcase name="login" time="0.001" classname="com.externalApi.Dumps"/>
  <testcase name="login" time="0.001" classname="com.externalApi.Dumps"/>
  <testcase name="login" time="0.001" classname="com.externalApi.Dumps"/>
  <testcase name="login" time="0.001" classname="com.externalApi.Dumps"/>
  <testcase name="login" time="0.000" classname="com.externalApi.Dumps"/>
  <testcase name="login" time="0.000" classname="com.externalApi.Dumps"/>
  <testcase name="login" time="0.000" classname="com.externalApi.Dumps"/>
  <testcase name="login" time="0.000" classname="com.externalApi.Dumps"/>
  <testcase name="login" time="0.001" classname="com.externalApi.Dumps"/>
  <testcase name="login" time="0.000" classname="com.externalApi.Dumps"/>
  <testcase name="login" time="0.000" classname="com.externalApi.Dumps"/>
  <testcase name="login" time="0.000" classname="com.externalApi.Dumps"/>
  <testcase name="login" time="0.001" classname="com.externalApi.Dumps"/>
  <testcase name="login" time="0.001" classname="com.externalApi.Dumps"/>
  <testcase name="login" time="0.001" classname="com.externalApi.Dumps"/>
  <testcase name="login" time="0.000" classname="com.externalApi.Dumps"/>
  <testcase name="login" time="0.001" classname="com.externalApi.Dumps"/>
  <testcase name="login" time="0.001" classname="com.externalApi.Dumps"/>
  <testcase name="login" time="0.001" classname="com.externalApi.Dumps"/>
  <testcase name="login" time="0.000" classname="com.externalApi.Dumps"/>
  <testcase name="login" time="0.000" classname="com.externalApi.Dumps"/>
  <testcase name="login" time="0.001" classname="com.externalApi.Dumps"/>
  <testcase name="login" time="0.000" classname="com.externalApi.Dumps"/>
  <testcase name="login" time="0.041" classname="com.externalApi.Dumps"/>
  <testcase name="login" time="0.001" classname="com.externalApi.Dumps"/>
  <testcase name="login" time="0.001" classname="com.externalApi.Dumps"/>
  <testcase name="login" time="0.001" classname="com.externalApi.Dumps"/>
  <testcase name="login" time="0.001" classname="com.externalApi.Dumps"/>
  <testcase name="login" time="0.000" classname="com.externalApi.Dumps"/>
  <testcase name="login" time="0.000" classname="com.externalApi.Dumps"/>
  <testcase name="login" time="0.000" classname="com.externalApi.Dumps"/>
  <testcase name="login" time="0.001" classname="com.externalApi.Dumps"/>
  <testcase name="login" time="0.000" classname="com.externalApi.Dumps"/>
  <testcase name="login" time="0.001" classname="com.externalApi.Dumps"/>
  <testcase name="login" time="0.001" classname="com.externalApi.Dumps"/>
  <testcase name="login" time="0.000" classname="com.externalApi.Dumps"/>
  <testcase name="login" time="0.000" classname="com.externalApi.Dumps"/>
  <testcase name="login" time="0.001" classname="com.externalApi.Dumps"/>
  <testcase name="login" time="0.000" classname="com.externalApi.Dumps"/>
  <testcase name="login" time="0.001" classname="com.externalApi.Dumps"/>
  <testcase name="login" time="0.001" classname="com.externalApi.Dumps"/>
  <testcase name="login" time="0.001" classname="com.externalApi.Dumps"/>
  <testcase name="login" time="0.001" classname="com.externalApi.Dumps"/>
  <testcase name="login" time="0.001" classname="com.externalApi.Dumps"/>
  <testcase name="login" time="0.000" classname="com.externalApi.Dumps"/>
  <testcase name="login" time="0.001" classname="com.externalApi.Dumps"/>
  <testcase name="login" time="0.000" classname="com.externalApi.Dumps"/>
  <testcase name="login" time="0.002" classname="com.externalApi.Dumps"/>
  <testcase name="login" time="0.000" classname="com.externalApi.Dumps"/>
  <testcase name="login" time="0.001" classname="com.externalApi.Dumps"/>
  <testcase name="login" time="0.001" classname="com.externalApi.Dumps"/>
  <testcase name="login" time="0.001" classname="com.externalApi.Dumps"/>
  <testcase name="login" time="0.001" classname="com.externalApi.Dumps"/>
  <testcase name="login" time="0.000" classname="com.externalApi.Dumps"/>
  <testcase name="login" time="0.001" classname="com.externalApi.Dumps"/>
  <testcase name="login" time="0.001" classname="com.externalApi.Dumps"/>
  <testcase name="login" time="0.000" classname="com.externalApi.Dumps"/>
  <testcase name="login" time="0.119" classname="com.externalApi.Dumps"/>
  <testcase name="login" time="0.000" classname="com.externalApi.Dumps"/>
  <testcase name="login" time="0.000" classname="com.externalApi.Dumps"/>
  <testcase name="login" time="0.000" classname="com.externalApi.Dumps"/>
  <testcase name="login" time="0.001" classname="com.externalApi.Dumps"/>
  <testcase name="login" time="0.000" classname="com.externalApi.Dumps"/>
  <testcase name="login" time="0.002" classname="com.externalApi.Dumps"/>
  <testcase name="login" time="0.001" classname="com.externalApi.Dumps"/>
  <testcase name="login" time="0.001" classname="com.externalApi.Dumps"/>
  <testcase name="login" time="0.003" classname="com.externalApi.Dumps"/>
  <testcase name="login" time="0.001" classname="com.externalApi.Dumps"/>
  <testcase name="login" time="0.001" classname="com.externalApi.Dumps"/>
  <testcase name="login" time="0.000" classname="com.externalApi.Dumps"/>
  <testcase name="login" time="0.000" classname="com.externalApi.Dumps"/>
  <testcase name="login" time="0.000" classname="com.externalApi.Dumps"/>
  <testcase name="login" time="0.001" classname="com.externalApi.Dumps"/>
  <testcase name="login" time="0.002" classname="com.externalApi.Dumps"/>
  <testcase name="login" time="0.000" classname="com.externalApi.Dumps"/>
  <testcase name="login" time="0.000" classname="com.externalApi.Dumps"/>
  <testcase name="login" time="0.001" classname="com.externalApi.Dumps"/>
  <testcase name="login" time="0.000" classname="com.externalApi.Dumps"/>
  <testcase name="login" time="0.000" classname="com.externalApi.Dumps"/>
  <testcase name="login" time="0.000" classname="com.externalApi.Dumps"/>
  <testcase name="login" time="0.001" classname="com.externalApi.Dumps"/>
  <testcase name="login" time="0.000" classname="com.externalApi.Dumps"/>
  <testcase name="login" time="0.002" classname="com.externalApi.Dumps"/>
  <testcase name="login" time="0.001" classname="com.externalApi.Dumps"/>
  <testcase name="login" time="0.001" classname="com.externalApi.Dumps"/>
  <testcase name="login" time="0.001" classname="com.externalApi.Dumps"/>
  <testcase name="login" time="0.001" classname="com.externalApi.Dumps"/>
  <testcase name="login" time="0.001" classname="com.externalApi.Dumps"/>
  <testcase name="login" time="0.001" classname="com.externalApi.Dumps"/>
  <testcase name="login" time="0.001" classname="com.externalApi.Dumps"/>
  <testcase name="login" time="0.001" classname="com.externalApi.Dumps"/>
  <testcase name="login" time="0.001" classname="com.externalApi.Dumps"/>
  <testcase name="login" time="0.000" classname="com.externalApi.Dumps"/>
  <testcase name="login" time="0.001" classname="com.externalApi.Dumps"/>
  <testcase name="login" time="0.000" classname="com.externalApi.Dumps"/>
  <testcase name="login" time="0.001" classname="com.externalApi.Dumps"/>
  <testcase name="login" time="0.001" classname="com.externalApi.Dumps"/>
  <testcase name="login" time="0.000" classname="com.externalApi.Dumps"/>
  <testcase name="login" time="0.000" classname="com.externalApi.Dumps"/>
  <testcase name="login" time="0.000" classname="com.externalApi.Dumps"/>
  <testcase name="login" time="0.001" classname="com.externalApi.Dumps"/>
  <testcase name="login" time="0.001" classname="com.externalApi.Dumps"/>
  <testcase name="login" time="0.001" classname="com.externalApi.Dumps"/>
  <testcase name="login" time="0.001" classname="com.externalApi.Dumps"/>
  <testcase name="login" time="0.001" classname="com.externalApi.Dumps"/>
  <testcase name="login" time="0.000" classname="com.externalApi.Dumps"/>
  <testcase name="login" time="0.000" classname="com.externalApi.Dumps"/>
  <testcase name="login" time="0.001" classname="com.externalApi.Dumps"/>
  <testcase name="login" time="0.000" classname="com.externalApi.Dumps"/>
  <testcase name="login" time="0.001" classname="com.externalApi.Dumps"/>
  <testcase name="login" time="0.001" classname="com.externalApi.Dumps"/>
  <testcase name="login" time="0.001" classname="com.externalApi.Dumps"/>
  <testcase name="login" time="0.001" classname="com.externalApi.Dumps"/>
  <testcase name="login" time="0.002" classname="com.externalApi.Dumps"/>
  <testcase name="login" time="0.000" classname="com.externalApi.Dumps"/>
  <testcase name="login" time="0.001" classname="com.externalApi.Dumps"/>
  <testcase name="login" time="0.001" classname="com.externalApi.Dumps"/>
  <testcase name="login" time="0.001" classname="com.externalApi.Dumps"/>
  <testcase name="login" time="0.000" classname="com.externalApi.Dumps"/>
  <testcase name="login" time="0.001" classname="com.externalApi.Dumps"/>
  <testcase name="login" time="0.001" classname="com.externalApi.Dumps"/>
  <testcase name="login" time="0.001" classname="com.externalApi.Dumps"/>
  <testcase name="login" time="0.000" classname="com.externalApi.Dumps"/>
  <testcase name="login" time="0.000" classname="com.externalApi.Dumps"/>
  <testcase name="login" time="0.000" classname="com.externalApi.Dumps"/>
  <testcase name="login" time="0.000" classname="com.externalApi.Dumps"/>
  <testcase name="login" time="0.001" classname="com.externalApi.Dumps"/>
  <testcase name="login" time="0.001" classname="com.externalApi.Dumps"/>
  <testcase name="login" time="0.001" classname="com.externalApi.Dumps"/>
  <testcase name="login" time="0.000" classname="com.externalApi.Dumps"/>
  <testcase name="login" time="0.000" classname="com.externalApi.Dumps"/>
  <testcase name="login" time="0.001" classname="com.externalApi.Dumps"/>
  <testcase name="login" time="0.003" classname="com.externalApi.Dumps"/>
  <testcase name="login" time="0.000" classname="com.externalApi.Dumps"/>
  <testcase name="login" time="0.000" classname="com.externalApi.Dumps"/>
  <testcase name="login" time="0.001" classname="com.externalApi.Dumps"/>
  <testcase name="login" time="0.001" classname="com.externalApi.Dumps"/>
  <testcase name="login" time="0.002" classname="com.externalApi.Dumps"/>
  <testcase name="login" time="0.002" classname="com.externalApi.Dumps"/>
  <testcase name="login" time="0.001" classname="com.externalApi.Dumps"/>
  <testcase name="login" time="0.000" classname="com.externalApi.Dumps"/>
  <testcase name="login" time="0.002" classname="com.externalApi.Dumps"/>
  <testcase name="login" time="0.000" classname="com.externalApi.Dumps"/>
  <testcase name="login" time="0.000" classname="com.externalApi.Dumps"/>
  <testcase name="login" time="0.000" classname="com.externalApi.Dumps"/>
  <testcase name="login" time="0.001" classname="com.externalApi.Dumps"/>
  <testcase name="login" time="0.002" classname="com.externalApi.Dumps"/>
  <testcase name="login" time="0.001" classname="com.externalApi.Dumps"/>
  <testcase name="login" time="0.001" classname="com.externalApi.Dumps"/>
  <testcase name="login" time="0.001" classname="com.externalApi.Dumps"/>
  <testcase name="login" time="0.001" classname="com.externalApi.Dumps"/>
  <testcase name="login" time="0.001" classname="com.externalApi.Dumps"/>
  <testcase name="login" time="0.002" classname="com.externalApi.Dumps"/>
  <testcase name="login" time="0.000" classname="com.externalApi.Dumps"/>
  <testcase name="login" time="0.000" classname="com.externalApi.Dumps"/>
  <testcase name="login" time="0.001" classname="com.externalApi.Dumps"/>
  <testcase name="login" time="0.000" classname="com.externalApi.Dumps"/>
  <testcase name="login" time="0.000" classname="com.externalApi.Dumps"/>
  <testcase name="login" time="0.001" classname="com.externalApi.Dumps"/>
  <testcase name="login" time="0.000" classname="com.externalApi.Dumps"/>
  <testcase name="login" time="0.000" classname="com.externalApi.Dumps"/>
  <testcase name="login" time="0.000" classname="com.externalApi.Dumps"/>
  <testcase name="login" time="0.037" classname="com.externalApi.Dumps"/>
  <testcase name="login" time="0.000" classname="com.externalApi.Dumps"/>
  <testcase name="login" time="0.000" classname="com.externalApi.Dumps"/>
  <testcase name="login" time="0.000" classname="com.externalApi.Dumps"/>
  <testcase name="login" time="0.001" classname="com.externalApi.Dumps"/>
  <testcase name="login" time="0.000" classname="com.externalApi.Dumps"/>
  <testcase name="login" time="0.001" classname="com.externalApi.Dumps"/>
  <testcase name="login" time="0.000" classname="com.externalApi.Dumps"/>
  <testcase name="login" time="0.000" classname="com.externalApi.Dumps"/>
  <testcase name="login" time="0.000" classname="com.externalApi.Dumps"/>
  <testcase name="login" time="0.000" classname="com.externalApi.Dumps"/>
  <testcase name="login" time="0.001" classname="com.externalApi.Dumps"/>
  <testcase name="login" time="0.031" classname="com.externalApi.Dumps"/>
  <testcase name="login" time="0.000" classname="com.externalApi.Dumps"/>
  <testcase name="login" time="0.001" classname="com.externalApi.Dumps"/>
  <testcase name="login" time="0.001" classname="com.externalApi.Dumps"/>
  <testcase name="login" time="0.000" classname="com.externalApi.Dumps"/>
  <testcase name="login" time="0.000" classname="com.externalApi.Dumps"/>
  <testcase name="login" time="0.001" classname="com.externalApi.Dumps"/>
  <testcase name="login" time="0.001" classname="com.externalApi.Dumps"/>
  <testcase name="login" time="0.001" classname="com.externalApi.Dumps"/>
  <testcase name="login" time="0.001" classname="com.externalApi.Dumps"/>
  <testcase name="login" time="0.001" classname="com.externalApi.Dumps"/>
  <testcase name="login" time="0.000" classname="com.externalApi.Dumps"/>
  <testcase name="login" time="0.000" classname="com.externalApi.Dumps"/>
  <testcase name="login" time="0.000" classname="com.externalApi.Dumps"/>
  <testcase name="login" time="0.001" classname="com.externalApi.Dumps"/>
  <testcase name="login" time="0.001" classname="com.externalApi.Dumps"/>
  <testcase name="login" time="0.001" classname="com.externalApi.Dumps"/>
  <testcase name="login" time="0.000" classname="com.externalApi.Dumps"/>
  <testcase name="login" time="0.001" classname="com.externalApi.Dumps"/>
  <testcase name="login" time="0.001" classname="com.externalApi.Dumps"/>
  <testcase name="login" time="0.001" classname="com.externalApi.Dumps"/>
  <testcase name="login" time="0.001" classname="com.externalApi.Dumps"/>
  <testcase name="login" time="0.001" classname="com.externalApi.Dumps"/>
  <testcase name="login" time="0.000" classname="com.externalApi.Dumps"/>
  <testcase name="login" time="0.002" classname="com.externalApi.Dumps"/>
  <testcase name="login" time="0.001" classname="com.externalApi.Dumps"/>
  <testcase name="login" time="0.000" classname="com.externalApi.Dumps"/>
  <testcase name="login" time="0.001" classname="com.externalApi.Dumps"/>
  <testcase name="login" time="0.000" classname="com.externalApi.Dumps"/>
  <testcase name="login" time="0.001" classname="com.externalApi.Dumps"/>
  <testcase name="login" time="0.001" classname="com.externalApi.Dumps"/>
  <testcase name="login" time="0.001" classname="com.externalApi.Dumps"/>
  <testcase name="login" time="0.001" classname="com.externalApi.Dumps"/>
  <testcase name="login" time="0.000" classname="com.externalApi.Dumps"/>
  <testcase name="login" time="0.001" classname="com.externalApi.Dumps"/>
  <testcase name="login" time="0.000" classname="com.externalApi.Dumps"/>
  <testcase name="login" time="0.002" classname="com.externalApi.Dumps"/>
  <testcase name="login" time="0.000" classname="com.externalApi.Dumps"/>
  <testcase name="login" time="0.001" classname="com.externalApi.Dumps"/>
  <testcase name="login" time="0.001" classname="com.externalApi.Dumps"/>
  <testcase name="login" time="0.000" classname="com.externalApi.Dumps"/>
  <testcase name="login" time="0.000" classname="com.externalApi.Dumps"/>
  <testcase name="login" time="0.000" classname="com.externalApi.Dumps"/>
  <testcase name="login" time="0.002" classname="com.externalApi.Dumps"/>
  <testcase name="login" time="0.001" classname="com.externalApi.Dumps"/>
  <testcase name="login" time="0.001" classname="com.externalApi.Dumps"/>
  <testcase name="login" time="0.001" classname="com.externalApi.Dumps"/>
  <testcase name="login" time="0.000" classname="com.externalApi.Dumps"/>
  <testcase name="login" time="0.007" classname="com.externalApi.Dumps"/>
  <testcase name="login" time="0.001" classname="com.externalApi.Dumps"/>
  <testcase name="login" time="0.001" classname="com.externalApi.Dumps"/>
  <testcase name="login" time="0.000" classname="com.externalApi.Dumps"/>
  <testcase name="login" time="0.001" classname="com.externalApi.Dumps"/>
  <testcase name="login" time="0.001" classname="com.externalApi.Dumps"/>
  <testcase name="login" time="0.001" classname="com.externalApi.Dumps"/>
  <testcase name="login" time="0.000" classname="com.externalApi.Dumps"/>
  <testcase name="login" time="0.000" classname="com.externalApi.Dumps"/>
  <testcase name="login" time="0.000" classname="com.externalApi.Dumps"/>
  <testcase name="login" time="0.001" classname="com.externalApi.Dumps"/>
  <testcase name="login" time="0.001" classname="com.externalApi.Dumps"/>
  <testcase name="login" time="0.001" classname="com.externalApi.Dumps"/>
  <testcase name="login" time="0.000" classname="com.externalApi.Dumps"/>
  <testcase name="login" time="0.000" classname="com.externalApi.Dumps"/>
  <testcase name="login" time="0.001" classname="com.externalApi.Dumps"/>
  <testcase name="login" time="0.001" classname="com.externalApi.Dumps"/>
  <testcase name="login" time="0.000" classname="com.externalApi.Dumps"/>
  <testcase name="login" time="0.001" classname="com.externalApi.Dumps"/>
  <testcase name="login" time="0.000" classname="com.externalApi.Dumps"/>
  <testcase name="login" time="0.000" classname="com.externalApi.Dumps"/>
  <testcase name="login" time="0.000" classname="com.externalApi.Dumps"/>
  <testcase name="login" time="0.001" classname="com.externalApi.Dumps"/>
  <testcase name="login" time="0.001" classname="com.externalApi.Dumps"/>
  <testcase name="login" time="0.000" classname="com.externalApi.Dumps"/>
  <testcase name="login" time="0.001" classname="com.externalApi.Dumps"/>
  <testcase name="login" time="0.000" classname="com.externalApi.Dumps"/>
  <testcase name="login" time="0.000" classname="com.externalApi.Dumps"/>
  <testcase name="login" time="0.000" classname="com.externalApi.Dumps"/>
  <testcase name="login" time="0.001" classname="com.externalApi.Dumps"/>
  <testcase name="login" time="0.001" classname="com.externalApi.Dumps"/>
  <testcase name="login" time="0.000" classname="com.externalApi.Dumps"/>
  <testcase name="login" time="0.001" classname="com.externalApi.Dumps"/>
  <testcase name="login" time="0.000" classname="com.externalApi.Dumps"/>
  <testcase name="login" time="0.001" classname="com.externalApi.Dumps"/>
  <testcase name="login" time="0.001" classname="com.externalApi.Dumps"/>
  <testcase name="login" time="0.000" classname="com.externalApi.Dumps"/>
  <testcase name="login" time="0.000" classname="com.externalApi.Dumps"/>
  <testcase name="login" time="0.000" classname="com.externalApi.Dumps"/>
  <testcase name="login" time="0.000" classname="com.externalApi.Dumps"/>
  <testcase name="login" time="0.001" classname="com.externalApi.Dumps"/>
  <testcase name="login" time="0.001" classname="com.externalApi.Dumps"/>
  <testcase name="login" time="0.001" classname="com.externalApi.Dumps"/>
  <testcase name="login" time="0.000" classname="com.externalApi.Dumps"/>
  <testcase name="login" time="0.001" classname="com.externalApi.Dumps"/>
  <testcase name="login" time="0.000" classname="com.externalApi.Dumps"/>
  <testcase name="login" time="0.001" classname="com.externalApi.Dumps"/>
  <testcase name="login" time="0.001" classname="com.externalApi.Dumps"/>
  <testcase name="login" time="0.001" classname="com.externalApi.Dumps"/>
  <testcase name="login" time="0.001" classname="com.externalApi.Dumps"/>
  <testcase name="login" time="0.000" classname="com.externalApi.Dumps"/>
  <testcase name="login" time="0.001" classname="com.externalApi.Dumps"/>
  <testcase name="login" time="0.001" classname="com.externalApi.Dumps"/>
  <testcase name="login" time="0.000" classname="com.externalApi.Dumps"/>
  <testcase name="login" time="0.001" classname="com.externalApi.Dumps"/>
  <testcase name="login" time="0.001" classname="com.externalApi.Dumps"/>
  <testcase name="login" time="0.000" classname="com.externalApi.Dumps"/>
  <testcase name="login" time="0.000" classname="com.externalApi.Dumps"/>
  <testcase name="login" time="0.000" classname="com.externalApi.Dumps"/>
  <testcase name="login" time="0.000" classname="com.externalApi.Dumps"/>
  <testcase name="login" time="0.000" classname="com.externalApi.Dumps"/>
  <testcase name="login" time="0.001" classname="com.externalApi.Dumps"/>
  <testcase name="login" time="0.001" classname="com.externalApi.Dumps"/>
  <testcase name="login" time="0.001" classname="com.externalApi.Dumps"/>
  <testcase name="login" time="0.001" classname="com.externalApi.Dumps"/>
  <testcase name="login" time="0.001" classname="com.externalApi.Dumps"/>
  <testcase name="login" time="0.000" classname="com.externalApi.Dumps"/>
  <testcase name="login" time="0.000" classname="com.externalApi.Dumps"/>
  <testcase name="login" time="0.001" classname="com.externalApi.Dumps"/>
  <testcase name="login" time="0.001" classname="com.externalApi.Dumps"/>
  <testcase name="login" time="0.001" classname="com.externalApi.Dumps"/>
  <testcase name="login" time="0.002" classname="com.externalApi.Dumps"/>
  <testcase name="login" time="0.001" classname="com.externalApi.Dumps"/>
  <testcase name="login" time="0.001" classname="com.externalApi.Dumps"/>
  <testcase name="login" time="0.000" classname="com.externalApi.Dumps"/>
  <testcase name="login" time="0.000" classname="com.externalApi.Dumps"/>
  <testcase name="login" time="0.000" classname="com.externalApi.Dumps"/>
  <testcase name="login" time="0.001" classname="com.externalApi.Dumps"/>
  <testcase name="login" time="0.000" classname="com.externalApi.Dumps"/>
  <testcase name="login" time="0.001" classname="com.externalApi.Dumps"/>
  <testcase name="login" time="0.000" classname="com.externalApi.Dumps"/>
  <testcase name="login" time="0.000" classname="com.externalApi.Dumps"/>
  <testcase name="login" time="0.132" classname="com.externalApi.Dumps"/>
  <testcase name="login" time="0.001" classname="com.externalApi.Dumps"/>
  <testcase name="login" time="0.000" classname="com.externalApi.Dumps"/>
  <testcase name="login" time="0.001" classname="com.externalApi.Dumps"/>
  <testcase name="login" time="0.001" classname="com.externalApi.Dumps"/>
  <testcase name="login" time="0.000" classname="com.externalApi.Dumps"/>
  <testcase name="login" time="0.001" classname="com.externalApi.Dumps"/>
  <testcase name="login" time="0.000" classname="com.externalApi.Dumps"/>
  <testcase name="login" time="0.000" classname="com.externalApi.Dumps"/>
  <testcase name="login" time="0.001" classname="com.externalApi.Dumps"/>
  <testcase name="login" time="0.000" classname="com.externalApi.Dumps"/>
  <testcase name="login" time="0.000" classname="com.externalApi.Dumps"/>
  <testcase name="login" time="0.001" classname="com.externalApi.Dumps"/>
  <testcase name="login" time="0.001" classname="com.externalApi.Dumps"/>
  <testcase name="login" time="0.000" classname="com.externalApi.Dumps"/>
  <testcase name="login" time="0.000" classname="com.externalApi.Dumps"/>
  <testcase name="login" time="0.001" classname="com.externalApi.Dumps"/>
  <testcase name="login" time="0.000" classname="com.externalApi.Dumps"/>
  <testcase name="login" time="0.001" classname="com.externalApi.Dumps"/>
  <testcase name="login" time="0.001" classname="com.externalApi.Dumps"/>
  <testcase name="login" time="0.000" classname="com.externalApi.Dumps"/>
  <testcase name="login" time="0.000" classname="com.externalApi.Dumps"/>
  <testcase name="login" time="0.000" classname="com.externalApi.Dumps"/>
  <testcase name="login" time="0.000" classname="com.externalApi.Dumps"/>
  <testcase name="login" time="0.000" classname="com.externalApi.Dumps"/>
  <testcase name="login" time="0.000" classname="com.externalApi.Dumps"/>
  <testcase name="login" time="0.000" classname="com.externalApi.Dumps"/>
  <testcase name="login" time="0.001" classname="com.externalApi.Dumps"/>
  <testcase name="login" time="0.001" classname="com.externalApi.Dumps"/>
  <testcase name="login" time="0.001" classname="com.externalApi.Dumps"/>
  <testcase name="login" time="0.002" classname="com.externalApi.Dumps"/>
  <testcase name="login" time="0.000" classname="com.externalApi.Dumps"/>
  <testcase name="login" time="0.001" classname="com.externalApi.Dumps"/>
  <testcase name="login" time="0.001" classname="com.externalApi.Dumps"/>
  <testcase name="login" time="0.112" classname="com.externalApi.Dumps"/>
  <testcase name="login" time="0.001" classname="com.externalApi.Dumps"/>
  <testcase name="login" time="0.003" classname="com.externalApi.Dumps"/>
  <testcase name="login" time="0.001" classname="com.externalApi.Dumps"/>
  <testcase name="login" time="0.000" classname="com.externalApi.Dumps"/>
  <testcase name="login" time="0.001" classname="com.externalApi.Dumps"/>
  <testcase name="login" time="0.001" classname="com.externalApi.Dumps"/>
  <testcase name="login" time="0.000" classname="com.externalApi.Dumps"/>
  <testcase name="login" time="0.002" classname="com.externalApi.Dumps"/>
  <testcase name="login" time="0.001" classname="com.externalApi.Dumps"/>
  <testcase name="login" time="0.001" classname="com.externalApi.Dumps"/>
  <testcase name="login" time="0.001" classname="com.externalApi.Dumps"/>
  <testcase name="login" time="0.001" classname="com.externalApi.Dumps"/>
  <testcase name="login" time="0.001" classname="com.externalApi.Dumps"/>
  <testcase name="login" time="0.001" classname="com.externalApi.Dumps"/>
  <testcase name="login" time="0.001" classname="com.externalApi.Dumps"/>
  <testcase name="login" time="0.000" classname="com.externalApi.Dumps"/>
  <testcase name="login" time="0.001" classname="com.externalApi.Dumps"/>
  <testcase name="login" time="0.001" classname="com.externalApi.Dumps"/>
  <testcase name="login" time="0.001" classname="com.externalApi.Dumps"/>
  <testcase name="login" time="0.001" classname="com.externalApi.Dumps"/>
  <testcase name="login" time="0.000" classname="com.externalApi.Dumps"/>
  <testcase name="login" time="0.000" classname="com.externalApi.Dumps"/>
  <testcase name="login" time="0.001" classname="com.externalApi.Dumps"/>
  <testcase name="login" time="0.000" classname="com.externalApi.Dumps"/>
  <testcase name="login" time="0.001" classname="com.externalApi.Dumps"/>
  <testcase name="login" time="0.001" classname="com.externalApi.Dumps"/>
  <testcase name="login" time="0.001" classname="com.externalApi.Dumps"/>
  <testcase name="login" time="0.001" classname="com.externalApi.Dumps"/>
  <testcase name="login" time="0.000" classname="com.externalApi.Dumps"/>
  <testcase name="login" time="0.001" classname="com.externalApi.Dumps"/>
  <testcase name="login" time="0.000" classname="com.externalApi.Dumps"/>
  <testcase name="login" time="0.000" classname="com.externalApi.Dumps"/>
  <testcase name="login" time="0.001" classname="com.externalApi.Dumps"/>
  <testcase name="login" time="0.000" classname="com.externalApi.Dumps"/>
  <testcase name="login" time="0.001" classname="com.externalApi.Dumps"/>
  <testcase name="login" time="0.001" classname="com.externalApi.Dumps"/>
  <testcase name="login" time="0.002" classname="com.externalApi.Dumps"/>
  <testcase name="login" time="0.000" classname="com.externalApi.Dumps"/>
  <testcase name="login" time="0.001" classname="com.externalApi.Dumps"/>
  <testcase name="login" time="0.001" classname="com.externalApi.Dumps"/>
  <testcase name="login" time="0.002" classname="com.externalApi.Dumps"/>
  <testcase name="login" time="0.000" classname="com.externalApi.Dumps"/>
  <testcase name="login" time="0.002" classname="com.externalApi.Dumps"/>
  <testcase name="login" time="0.001" classname="com.externalApi.Dumps"/>
  <testcase name="login" time="0.001" classname="com.externalApi.Dumps"/>
  <testcase name="login" time="0.000" classname="com.externalApi.Dumps"/>
  <testcase name="login" time="0.002" classname="com.externalApi.Dumps"/>
  <testcase name="login" time="0.000" classname="com.externalApi.Dumps"/>
  <testcase name="login" time="0.001" classname="com.externalApi.Dumps"/>
  <testcase name="login" time="0.001" classname="com.externalApi.Dumps"/>
  <testcase name="login" time="0.001" classname="com.externalApi.Dumps"/>
  <testcase name="login" time="0.001" classname="com.externalApi.Dumps"/>
  <testcase name="login" time="0.000" classname="com.externalApi.Dumps"/>
  <testcase name="login" time="0.001" classname="com.externalApi.Dumps"/>
  <testcase name="login" time="0.000" classname="com.externalApi.Dumps"/>
  <testcase name="login" time="0.001" classname="com.externalApi.Dumps"/>
  <testcase name="login" time="0.000" classname="com.externalApi.Dumps"/>
  <testcase name="login" time="0.001" classname="com.externalApi.Dumps"/>
  <testcase name="login" time="0.000" classname="com.externalApi.Dumps"/>
  <testcase name="login" time="0.000" classname="com.externalApi.Dumps"/>
  <testcase name="login" time="0.002" classname="com.externalApi.Dumps"/>
  <testcase name="login" time="0.001" classname="com.externalApi.Dumps"/>
  <testcase name="login" time="0.000" classname="com.externalApi.Dumps"/>
  <testcase name="login" time="0.000" classname="com.externalApi.Dumps"/>
  <testcase name="login" time="0.000" classname="com.externalApi.Dumps"/>
  <testcase name="login" time="0.000" classname="com.externalApi.Dumps"/>
  <testcase name="login" time="0.002" classname="com.externalApi.Dumps"/>
  <testcase name="login" time="0.001" classname="com.externalApi.Dumps"/>
  <testcase name="login" time="0.001" classname="com.externalApi.Dumps"/>
  <testcase name="login" time="0.011" classname="com.externalApi.Dumps"/>
  <testcase name="login" time="0.001" classname="com.externalApi.Dumps"/>
  <testcase name="login" time="0.000" classname="com.externalApi.Dumps"/>
  <testcase name="login" time="0.000" classname="com.externalApi.Dumps"/>
  <testcase name="login" time="0.001" classname="com.externalApi.Dumps"/>
  <testcase name="login" time="0.001" classname="com.externalApi.Dumps"/>
  <testcase name="login" time="0.000" classname="com.externalApi.Dumps"/>
  <testcase name="login" time="0.000" classname="com.externalApi.Dumps"/>
  <testcase name="login" time="0.001" classname="com.externalApi.Dumps"/>
  <testcase name="login" time="0.000" classname="com.externalApi.Dumps"/>
  <testcase name="login" time="0.001" classname="com.externalApi.Dumps"/>
  <testcase name="login" time="0.000" classname="com.externalApi.Dumps"/>
  <testcase name="login" time="0.001" classname="com.externalApi.Dumps"/>
  <testcase name="login" time="0.001" classname="com.externalApi.Dumps"/>
  <testcase name="login" time="0.001" classname="com.externalApi.Dumps"/>
  <testcase name="login" time="0.001" classname="com.externalApi.Dumps"/>
  <testcase name="login" time="0.001" classname="com.externalApi.Dumps"/>
  <testcase name="login" time="0.001" classname="com.externalApi.Dumps"/>
  <testcase name="login" time="0.001" classname="com.externalApi.Dumps"/>
  <testcase name="login" time="0.001" classname="com.externalApi.Dumps"/>
  <testcase name="login" time="0.000" classname="com.externalApi.Dumps"/>
  <testcase name="login" time="0.000" classname="com.externalApi.Dumps"/>
  <testcase name="login" time="0.001" classname="com.externalApi.Dumps"/>
  <testcase name="login" time="0.000" classname="com.externalApi.Dumps"/>
  <testcase name="login" time="0.000" classname="com.externalApi.Dumps"/>
  <testcase name="login" time="0.001" classname="com.externalApi.Dumps"/>
  <testcase name="login" time="0.001" classname="com.externalApi.Dumps"/>
  <testcase name="login" time="0.000" classname="com.externalApi.Dumps"/>
  <testcase name="login" time="0.001" classname="com.externalApi.Dumps"/>
  <testcase name="login" time="0.001" classname="com.externalApi.Dumps"/>
  <testcase name="login" time="0.002" classname="com.externalApi.Dumps"/>
  <testcase name="login" time="0.000" classname="com.externalApi.Dumps"/>
  <testcase name="login" time="0.000" classname="com.externalApi.Dumps"/>
  <testcase name="login" time="0.000" classname="com.externalApi.Dumps"/>
  <testcase name="login" time="0.001" classname="com.externalApi.Dumps"/>
  <testcase name="login" time="0.001" classname="com.externalApi.Dumps"/>
  <testcase name="login" time="0.002" classname="com.externalApi.Dumps"/>
  <testcase name="login" time="0.000" classname="com.externalApi.Dumps"/>
  <testcase name="login" time="0.001" classname="com.externalApi.Dumps"/>
  <testcase name="login" time="0.000" classname="com.externalApi.Dumps"/>
  <testcase name="login" time="0.000" classname="com.externalApi.Dumps"/>
  <testcase name="login" time="0.000" classname="com.externalApi.Dumps"/>
  <testcase name="login" time="0.001" classname="com.externalApi.Dumps"/>
  <testcase name="login" time="0.000" classname="com.externalApi.Dumps"/>
  <testcase name="login" time="0.001" classname="com.externalApi.Dumps"/>
  <testcase name="login" time="0.002" classname="com.externalApi.Dumps"/>
  <testcase name="login" time="0.001" classname="com.externalApi.Dumps"/>
  <testcase name="login" time="0.000" classname="com.externalApi.Dumps"/>
  <testcase name="login" time="0.001" classname="com.externalApi.Dumps"/>
  <testcase name="login" time="0.001" classname="com.externalApi.Dumps"/>
  <testcase name="login" time="0.000" classname="com.externalApi.Dumps"/>
  <testcase name="login" time="0.001" classname="com.externalApi.Dumps"/>
  <testcase name="login" time="0.001" classname="com.externalApi.Dumps"/>
  <testcase name="login" time="0.001" classname="com.externalApi.Dumps"/>
  <testcase name="login" time="0.000" classname="com.externalApi.Dumps"/>
  <testcase name="login" time="0.001" classname="com.externalApi.Dumps"/>
  <testcase name="login" time="0.000" classname="com.externalApi.Dumps"/>
  <testcase name="login" time="0.000" classname="com.externalApi.Dumps"/>
  <testcase name="login" time="0.001" classname="com.externalApi.Dumps"/>
  <testcase name="login" time="0.000" classname="com.externalApi.Dumps"/>
  <testcase name="login" time="0.001" classname="com.externalApi.Dumps"/>
  <testcase name="login" time="0.000" classname="com.externalApi.Dumps"/>
  <testcase name="login" time="0.000" classname="com.externalApi.Dumps"/>
  <testcase name="login" time="0.000" classname="com.externalApi.Dumps"/>
  <testcase name="login" time="0.000" classname="com.externalApi.Dumps"/>
  <testcase name="login" time="0.001" classname="com.externalApi.Dumps"/>
  <testcase name="login" time="0.000" classname="com.externalApi.Dumps"/>
  <testcase name="login" time="0.001" classname="com.externalApi.Dumps"/>
  <testcase name="login" time="0.001" classname="com.externalApi.Dumps"/>
  <testcase name="login" time="0.001" classname="com.externalApi.Dumps"/>
  <testcase name="login" time="0.000" classname="com.externalApi.Dumps"/>
  <testcase name="login" time="0.001" classname="com.externalApi.Dumps"/>
  <testcase name="login" time="0.001" classname="com.externalApi.Dumps"/>
  <testcase name="login" time="0.000" classname="com.externalApi.Dumps"/>
  <testcase name="login" time="0.001" classname="com.externalApi.Dumps"/>
  <testcase name="login" time="0.001" classname="com.externalApi.Dumps"/>
  <testcase name="login" time="0.001" classname="com.externalApi.Dumps"/>
  <testcase name="login" time="0.000" classname="com.externalApi.Dumps"/>
  <testcase name="login" time="0.001" classname="com.externalApi.Dumps"/>
  <testcase name="login" time="0.000" classname="com.externalApi.Dumps"/>
  <testcase name="login" time="0.001" classname="com.externalApi.Dumps"/>
  <testcase name="login" time="0.001" classname="com.externalApi.Dumps"/>
  <testcase name="login" time="0.001" classname="com.externalApi.Dumps"/>
  <testcase name="login" time="0.000" classname="com.externalApi.Dumps"/>
  <testcase name="login" time="0.001" classname="com.externalApi.Dumps"/>
  <testcase name="login" time="0.000" classname="com.externalApi.Dumps"/>
  <testcase name="login" time="0.001" classname="com.externalApi.Dumps"/>
  <testcase name="login" time="0.000" classname="com.externalApi.Dumps"/>
  <testcase name="login" time="0.001" classname="com.externalApi.Dumps"/>
  <testcase name="login" time="0.001" classname="com.externalApi.Dumps"/>
  <testcase name="login" time="0.001" classname="com.externalApi.Dumps"/>
  <testcase name="login" time="0.000" classname="com.externalApi.Dumps"/>
  <testcase name="login" time="0.001" classname="com.externalApi.Dumps"/>
  <testcase name="login" time="0.000" classname="com.externalApi.Dumps"/>
  <testcase name="login" time="0.001" classname="com.externalApi.Dumps"/>
  <testcase name="login" time="0.001" classname="com.externalApi.Dumps"/>
  <testcase name="login" time="0.001" classname="com.externalApi.Dumps"/>
  <testcase name="login" time="0.000" classname="com.externalApi.Dumps"/>
  <testcase name="login" time="0.000" classname="com.externalApi.Dumps"/>
  <testcase name="login" time="0.000" classname="com.externalApi.Dumps"/>
  <testcase name="login" time="0.000" classname="com.externalApi.Dumps"/>
  <testcase name="login" time="0.000" classname="com.externalApi.Dumps"/>
  <testcase name="login" time="0.000" classname="com.externalApi.Dumps"/>
  <testcase name="login" time="0.000" classname="com.externalApi.Dumps"/>
  <testcase name="login" time="0.000" classname="com.externalApi.Dumps"/>
  <testcase name="login" time="0.001" classname="com.externalApi.Dumps"/>
  <testcase name="login" time="0.000" classname="com.externalApi.Dumps"/>
  <testcase name="login" time="0.001" classname="com.externalApi.Dumps"/>
  <testcase name="login" time="0.001" classname="com.externalApi.Dumps"/>
  <testcase name="login" time="0.002" classname="com.externalApi.Dumps"/>
  <testcase name="login" time="0.000" classname="com.externalApi.Dumps"/>
  <testcase name="login" time="0.001" classname="com.externalApi.Dumps"/>
  <testcase name="login" time="0.001" classname="com.externalApi.Dumps"/>
  <testcase name="login" time="0.001" classname="com.externalApi.Dumps"/>
  <testcase name="login" time="0.001" classname="com.externalApi.Dumps"/>
  <testcase name="login" time="0.000" classname="com.externalApi.Dumps"/>
  <testcase name="login" time="0.001" classname="com.externalApi.Dumps"/>
  <testcase name="login" time="0.001" classname="com.externalApi.Dumps"/>
  <testcase name="login" time="0.001" classname="com.externalApi.Dumps"/>
  <testcase name="login" time="0.000" classname="com.externalApi.Dumps"/>
  <testcase name="login" time="0.000" classname="com.externalApi.Dumps"/>
  <testcase name="login" time="0.000" classname="com.externalApi.Dumps"/>
  <testcase name="login" time="0.001" classname="com.externalApi.Dumps"/>
  <testcase name="login" time="0.000" classname="com.externalApi.Dumps"/>
  <testcase name="login" time="0.002" classname="com.externalApi.Dumps"/>
  <testcase name="login" time="0.001" classname="com.externalApi.Dumps"/>
  <testcase name="login" time="0.000" classname="com.externalApi.Dumps"/>
  <testcase name="login" time="0.001" classname="com.externalApi.Dumps"/>
  <testcase name="login" time="0.000" classname="com.externalApi.Dumps"/>
  <testcase name="login" time="0.001" classname="com.externalApi.Dumps"/>
  <testcase name="login" time="0.001" classname="com.externalApi.Dumps"/>
  <testcase name="login" time="0.000" classname="com.externalApi.Dumps"/>
  <testcase name="login" time="0.001" classname="com.externalApi.Dumps"/>
  <testcase name="login" time="0.000" classname="com.externalApi.Dumps"/>
  <testcase name="login" time="0.000" classname="com.externalApi.Dumps"/>
  <testcase name="login" time="0.000" classname="com.externalApi.Dumps"/>
  <testcase name="login" time="0.001" classname="com.externalApi.Dumps"/>
  <testcase name="login" time="0.001" classname="com.externalApi.Dumps"/>
  <testcase name="login" time="0.000" classname="com.externalApi.Dumps"/>
  <testcase name="login" time="0.000" classname="com.externalApi.Dumps"/>
  <testcase name="login" time="0.000" classname="com.externalApi.Dumps"/>
  <testcase name="login" time="0.001" classname="com.externalApi.Dumps"/>
  <testcase name="login" time="0.001" classname="com.externalApi.Dumps"/>
  <testcase name="login" time="0.001" classname="com.externalApi.Dumps"/>
  <testcase name="login" time="0.001" classname="com.externalApi.Dumps"/>
  <testcase name="login" time="0.001" classname="com.externalApi.Dumps"/>
  <testcase name="login" time="0.000" classname="com.externalApi.Dumps"/>
  <testcase name="login" time="0.001" classname="com.externalApi.Dumps"/>
  <testcase name="login" time="0.001" classname="com.externalApi.Dumps"/>
  <testcase name="login" time="0.000" classname="com.externalApi.Dumps"/>
  <testcase name="login" time="0.001" classname="com.externalApi.Dumps"/>
  <testcase name="login" time="0.001" classname="com.externalApi.Dumps"/>
  <testcase name="login" time="0.001" classname="com.externalApi.Dumps"/>
  <testcase name="login" time="0.001" classname="com.externalApi.Dumps"/>
  <testcase name="login" time="0.000" classname="com.externalApi.Dumps"/>
  <testcase name="login" time="0.000" classname="com.externalApi.Dumps"/>
  <testcase name="login" time="0.000" classname="com.externalApi.Dumps"/>
  <testcase name="login" time="0.000" classname="com.externalApi.Dumps"/>
  <testcase name="login" time="0.001" classname="com.externalApi.Dumps"/>
  <testcase name="login" time="0.000" classname="com.externalApi.Dumps"/>
  <testcase name="login" time="0.074" classname="com.externalApi.Dumps"/>
  <testcase name="login" time="0.000" classname="com.externalApi.Dumps"/>
  <testcase name="login" time="0.001" classname="com.externalApi.Dumps"/>
  <testcase name="login" time="0.001" classname="com.externalApi.Dumps"/>
  <testcase name="login" time="0.000" classname="com.externalApi.Dumps"/>
  <testcase name="login" time="0.001" classname="com.externalApi.Dumps"/>
  <testcase name="login" time="0.001" classname="com.externalApi.Dumps"/>
  <testcase name="login" time="0.001" classname="com.externalApi.Dumps"/>
  <testcase name="login" time="0.001" classname="com.externalApi.Dumps"/>
  <testcase name="login" time="0.000" classname="com.externalApi.Dumps"/>
  <testcase name="login" time="0.000" classname="com.externalApi.Dumps"/>
  <testcase name="login" time="0.000" classname="com.externalApi.Dumps"/>
  <testcase name="login" time="0.001" classname="com.externalApi.Dumps"/>
  <testcase name="login" time="0.001" classname="com.externalApi.Dumps"/>
  <testcase name="login" time="0.001" classname="com.externalApi.Dumps"/>
  <testcase name="login" time="0.001" classname="com.externalApi.Dumps"/>
  <testcase name="login" time="0.000" classname="com.externalApi.Dumps"/>
  <testcase name="login" time="0.002" classname="com.externalApi.Dumps"/>
  <testcase name="login" time="0.000" classname="com.externalApi.Dumps"/>
  <testcase name="login" time="0.001" classname="com.externalApi.Dumps"/>
  <testcase name="login" time="0.001" classname="com.externalApi.Dumps"/>
  <testcase name="login" time="0.000" classname="com.externalApi.Dumps"/>
  <testcase name="login" time="0.001" classname="com.externalApi.Dumps"/>
  <testcase name="login" time="0.001" classname="com.externalApi.Dumps"/>
  <testcase name="login" time="0.001" classname="com.externalApi.Dumps"/>
  <testcase name="login" time="0.000" classname="com.externalApi.Dumps"/>
  <testcase name="login" time="0.000" classname="com.externalApi.Dumps"/>
  <testcase name="login" time="0.001" classname="com.externalApi.Dumps"/>
  <testcase name="login" time="0.000" classname="com.externalApi.Dumps"/>
  <testcase name="login" time="0.001" classname="com.externalApi.Dumps"/>
  <testcase name="login" time="0.000" classname="com.externalApi.Dumps"/>
  <testcase name="login" time="0.001" classname="com.externalApi.Dumps"/>
  <testcase name="login" time="0.001" classname="com.externalApi.Dumps"/>
  <testcase name="login" time="0.000" classname="com.externalApi.Dumps"/>
  <testcase name="login" time="0.000" classname="com.externalApi.Dumps"/>
  <testcase name="login" time="0.000" classname="com.externalApi.Dumps"/>
  <testcase name="login" time="0.000" classname="com.externalApi.Dumps"/>
  <testcase name="login" time="0.036" classname="com.externalApi.Dumps"/>
  <testcase name="login" time="0.002" classname="com.externalApi.Dumps"/>
  <testcase name="login" time="0.001" classname="com.externalApi.Dumps"/>
  <testcase name="login" time="0.000" classname="com.externalApi.Dumps"/>
  <testcase name="login" time="0.000" classname="com.externalApi.Dumps"/>
  <testcase name="login" time="0.001" classname="com.externalApi.Dumps"/>
  <testcase name="login" time="0.001" classname="com.externalApi.Dumps"/>
  <testcase name="login" time="0.000" classname="com.externalApi.Dumps"/>
  <testcase name="login" time="0.001" classname="com.externalApi.Dumps"/>
  <testcase name="login" time="0.000" classname="com.externalApi.Dumps"/>
  <testcase name="login" time="0.003" classname="com.externalApi.Dumps"/>
  <testcase name="login" time="0.001" classname="com.externalApi.Dumps"/>
  <testcase name="login" time="0.001" classname="com.externalApi.Dumps"/>
  <testcase name="login" time="0.000" classname="com.externalApi.Dumps"/>
  <testcase name="login" time="0.000" classname="com.externalApi.Dumps"/>
  <testcase name="login" time="0.000" classname="com.externalApi.Dumps"/>
  <testcase name="login" time="0.001" classname="com.externalApi.Dumps"/>
  <testcase name="login" time="0.001" classname="com.externalApi.Dumps"/>
  <testcase name="login" time="0.000" classname="com.externalApi.Dumps"/>
  <testcase name="login" time="0.002" classname="com.externalApi.Dumps"/>
  <testcase name="login" time="0.000" classname="com.externalApi.Dumps"/>
  <testcase name="login" time="0.000" classname="com.externalApi.Dumps"/>
  <testcase name="login" time="0.001" classname="com.externalApi.Dumps"/>
  <testcase name="login" time="0.000" classname="com.externalApi.Dumps"/>
  <testcase name="login" time="0.000" classname="com.externalApi.Dumps"/>
  <testcase name="login" time="0.000" classname="com.externalApi.Dumps"/>
  <testcase name="login" time="0.001" classname="com.externalApi.Dumps"/>
  <testcase name="login" time="0.002" classname="com.externalApi.Dumps"/>
  <testcase name="login" time="0.000" classname="com.externalApi.Dumps"/>
  <testcase name="login" time="0.001" classname="com.externalApi.Dumps"/>
  <testcase name="login" time="0.001" classname="com.externalApi.Dumps"/>
  <testcase name="login" time="0.000" classname="com.externalApi.Dumps"/>
  <testcase name="login" time="0.000" classname="com.externalApi.Dumps"/>
  <testcase name="login" time="0.001" classname="com.externalApi.Dumps"/>
  <testcase name="login" time="0.001" classname="com.externalApi.Dumps"/>
  <testcase name="login" time="0.001" classname="com.externalApi.Dumps"/>
  <testcase name="login" time="0.000" classname="com.externalApi.Dumps"/>
  <testcase name="login" time="0.000" classname="com.externalApi.Dumps"/>
  <testcase name="login" time="0.000" classname="com.externalApi.Dumps"/>
  <testcase name="login" time="0.000" classname="com.externalApi.Dumps"/>
  <testcase name="login" time="0.000" classname="com.externalApi.Dumps"/>
  <testcase name="login" time="0.001" classname="com.externalApi.Dumps"/>
  <testcase name="login" time="0.001" classname="com.externalApi.Dumps"/>
  <testcase name="login" time="0.000" classname="com.externalApi.Dumps"/>
  <testcase name="login" time="0.001" classname="com.externalApi.Dumps"/>
  <testcase name="login" time="0.006" classname="com.externalApi.Dumps"/>
  <testcase name="login" time="0.001" classname="com.externalApi.Dumps"/>
  <testcase name="login" time="0.001" classname="com.externalApi.Dumps"/>
  <testcase name="login" time="0.001" classname="com.externalApi.Dumps"/>
  <testcase name="login" time="0.002" classname="com.externalApi.Dumps"/>
  <testcase name="login" time="0.000" classname="com.externalApi.Dumps"/>
  <testcase name="login" time="0.000" classname="com.externalApi.Dumps"/>
  <testcase name="login" time="0.002" classname="com.externalApi.Dumps"/>
  <testcase name="login" time="0.001" classname="com.externalApi.Dumps"/>
  <testcase name="login" time="0.001" classname="com.externalApi.Dumps"/>
  <testcase name="login" time="0.000" classname="com.externalApi.Dumps"/>
  <testcase name="login" time="0.001" classname="com.externalApi.Dumps"/>
  <testcase name="login" time="0.000" classname="com.externalApi.Dumps"/>
  <testcase name="login" time="0.001" classname="com.externalApi.Dumps"/>
  <testcase name="login" time="0.000" classname="com.externalApi.Dumps"/>
  <testcase name="login" time="0.000" classname="com.externalApi.Dumps"/>
  <testcase name="login" time="0.001" classname="com.externalApi.Dumps"/>
  <testcase name="login" time="0.000" classname="com.externalApi.Dumps"/>
  <testcase name="login" time="0.001" classname="com.externalApi.Dumps"/>
  <testcase name="login" time="0.000" classname="com.externalApi.Dumps"/>
  <testcase name="login" time="0.001" classname="com.externalApi.Dumps"/>
  <testcase name="login" time="0.471" classname="com.externalApi.Dumps"/>
  <testcase name="login" time="0.001" classname="com.externalApi.Dumps"/>
  <testcase name="login" time="0.000" classname="com.externalApi.Dumps"/>
  <testcase name="login" time="0.000" classname="com.externalApi.Dumps"/>
  <testcase name="login" time="0.001" classname="com.externalApi.Dumps"/>
  <testcase name="login" time="0.000" classname="com.externalApi.Dumps"/>
  <testcase name="login" time="0.002" classname="com.externalApi.Dumps"/>
  <testcase name="login" time="0.001" classname="com.externalApi.Dumps"/>
  <testcase name="login" time="0.001" classname="com.externalApi.Dumps"/>
  <testcase name="login" time="0.000" classname="com.externalApi.Dumps"/>
  <testcase name="login" time="0.000" classname="com.externalApi.Dumps"/>
  <testcase name="login" time="0.000" classname="com.externalApi.Dumps"/>
  <testcase name="login" time="0.001" classname="com.externalApi.Dumps"/>
  <testcase name="login" time="0.000" classname="com.externalApi.Dumps"/>
  <testcase name="login" time="0.000" classname="com.externalApi.Dumps"/>
  <testcase name="login" time="0.002" classname="com.externalApi.Dumps"/>
  <testcase name="login" time="0.045" classname="com.externalApi.Dumps"/>
  <testcase name="login" time="0.001" classname="com.externalApi.Dumps"/>
  <testcase name="login" time="0.000" classname="com.externalApi.Dumps"/>
  <testcase name="login" time="0.001" classname="com.externalApi.Dumps"/>
  <testcase name="login" time="0.000" classname="com.externalApi.Dumps"/>
  <testcase name="login" time="0.001" classname="com.externalApi.Dumps"/>
  <testcase name="login" time="0.000" classname="com.externalApi.Dumps"/>
  <testcase name="login" time="0.001" classname="com.externalApi.Dumps"/>
  <testcase name="login" time="0.002" classname="com.externalApi.Dumps"/>
  <testcase name="login" time="0.001" classname="com.externalApi.Dumps"/>
  <testcase name="login" time="0.001" classname="com.externalApi.Dumps"/>
  <testcase name="login" time="0.001" classname="com.externalApi.Dumps"/>
  <testcase name="login" time="0.000" classname="com.externalApi.Dumps"/>
  <testcase name="login" time="0.000" classname="com.externalApi.Dumps"/>
  <testcase name="login" time="0.000" classname="com.externalApi.Dumps"/>
  <testcase name="login" time="0.001" classname="com.externalApi.Dumps"/>
  <testcase name="login" time="0.001" classname="com.externalApi.Dumps"/>
  <testcase name="login" time="0.002" classname="com.externalApi.Dumps"/>
  <testcase name="login" time="0.001" classname="com.externalApi.Dumps"/>
  <testcase name="login" time="0.001" classname="com.externalApi.Dumps"/>
  <testcase name="login" time="0.000" classname="com.externalApi.Dumps"/>
  <testcase name="login" time="0.001" classname="com.externalApi.Dumps"/>
  <testcase name="login" time="0.000" classname="com.externalApi.Dumps"/>
  <testcase name="login" time="0.000" classname="com.externalApi.Dumps"/>
  <testcase name="login" time="0.000" classname="com.externalApi.Dumps"/>
  <testcase name="login" time="0.000" classname="com.externalApi.Dumps"/>
  <testcase name="login" time="0.000" classname="com.externalApi.Dumps"/>
  <testcase name="login" time="0.001" classname="com.externalApi.Dumps"/>
  <testcase name="login" time="0.001" classname="com.externalApi.Dumps"/>
  <testcase name="login" time="0.001" classname="com.externalApi.Dumps"/>
  <testcase name="login" time="0.000" classname="com.externalApi.Dumps"/>
  <testcase name="login" time="0.000" classname="com.externalApi.Dumps"/>
  <testcase name="login" time="0.000" classname="com.externalApi.Dumps"/>
  <testcase name="login" time="0.000" classname="com.externalApi.Dumps"/>
  <testcase name="login" time="0.000" classname="com.externalApi.Dumps"/>
  <testcase name="login" time="0.000" classname="com.externalApi.Dumps"/>
  <testcase name="login" time="0.000" classname="com.externalApi.Dumps"/>
  <testcase name="login" time="0.001" classname="com.externalApi.Dumps"/>
  <testcase name="login" time="0.000" classname="com.externalApi.Dumps"/>
  <testcase name="login" time="0.001" classname="com.externalApi.Dumps"/>
  <testcase name="login" time="0.000" classname="com.externalApi.Dumps"/>
  <testcase name="login" time="0.000" classname="com.externalApi.Dumps"/>
  <testcase name="login" time="0.000" classname="com.externalApi.Dumps"/>
  <testcase name="login" time="0.001" classname="com.externalApi.Dumps"/>
  <testcase name="login" time="0.000" classname="com.externalApi.Dumps"/>
  <testcase name="login" time="0.000" classname="com.externalApi.Dumps"/>
  <testcase name="login" time="0.002" classname="com.externalApi.Dumps"/>
  <testcase name="login" time="0.000" classname="com.externalApi.Dumps"/>
  <testcase name="login" time="0.001" classname="com.externalApi.Dumps"/>
  <testcase name="login" time="0.000" classname="com.externalApi.Dumps"/>
  <testcase name="login" time="0.001" classname="com.externalApi.Dumps"/>
  <testcase name="login" time="0.000" classname="com.externalApi.Dumps"/>
  <testcase name="login" time="0.000" classname="com.externalApi.Dumps"/>
  <testcase name="login" time="0.000" classname="com.externalApi.Dumps"/>
  <testcase name="login" time="0.000" classname="com.externalApi.Dumps"/>
  <testcase name="login" time="0.002" classname="com.externalApi.Dumps"/>
  <testcase name="login" time="0.001" classname="com.externalApi.Dumps"/>
  <testcase name="login" time="0.002" classname="com.externalApi.Dumps"/>
  <testcase name="login" time="0.001" classname="com.externalApi.Dumps"/>
  <testcase name="login" time="0.001" classname="com.externalApi.Dumps"/>
  <testcase name="login" time="0.000" classname="com.externalApi.Dumps"/>
  <testcase name="login" time="0.001" classname="com.externalApi.Dumps"/>
  <testcase name="login" time="0.000" classname="com.externalApi.Dumps"/>
  <testcase name="login" time="0.001" classname="com.externalApi.Dumps"/>
  <testcase name="login" time="0.000" classname="com.externalApi.Dumps"/>
  <testcase name="login" time="0.001" classname="com.externalApi.Dumps"/>
  <testcase name="login" time="0.001" classname="com.externalApi.Dumps"/>
  <testcase name="login" time="0.000" classname="com.externalApi.Dumps"/>
  <testcase name="login" time="0.001" classname="com.externalApi.Dumps"/>
  <testcase name="login" time="0.001" classname="com.externalApi.Dumps"/>
  <testcase name="login" time="0.001" classname="com.externalApi.Dumps"/>
  <testcase name="login" time="0.001" classname="com.externalApi.Dumps"/>
  <testcase name="login" time="0.000" classname="com.externalApi.Dumps"/>
  <testcase name="login" time="0.000" classname="com.externalApi.Dumps"/>
  <testcase name="login" time="0.001" classname="com.externalApi.Dumps"/>
  <testcase name="login" time="0.000" classname="com.externalApi.Dumps"/>
  <testcase name="login" time="0.001" classname="com.externalApi.Dumps"/>
  <testcase name="login" time="0.001" classname="com.externalApi.Dumps"/>
  <testcase name="login" time="0.001" classname="com.externalApi.Dumps"/>
  <testcase name="login" time="0.000" classname="com.externalApi.Dumps"/>
  <testcase name="login" time="0.000" classname="com.externalApi.Dumps"/>
  <testcase name="login" time="0.001" classname="com.externalApi.Dumps"/>
  <testcase name="login" time="0.000" classname="com.externalApi.Dumps"/>
  <testcase name="login" time="0.001" classname="com.externalApi.Dumps"/>
  <testcase name="login" time="0.000" classname="com.externalApi.Dumps"/>
  <testcase name="login" time="0.001" classname="com.externalApi.Dumps"/>
  <testcase name="login" time="0.001" classname="com.externalApi.Dumps"/>
  <testcase name="login" time="0.000" classname="com.externalApi.Dumps"/>
  <testcase name="login" time="0.000" classname="com.externalApi.Dumps"/>
  <testcase name="login" time="0.003" classname="com.externalApi.Dumps"/>
  <testcase name="login" time="0.003" classname="com.externalApi.Dumps"/>
  <testcase name="login" time="0.000" classname="com.externalApi.Dumps"/>
  <testcase name="login" time="0.000" classname="com.externalApi.Dumps"/>
  <testcase name="login" time="0.000" classname="com.externalApi.Dumps"/>
  <testcase name="login" time="0.001" classname="com.externalApi.Dumps"/>
  <testcase name="login" time="0.001" classname="com.externalApi.Dumps"/>
  <testcase name="login" time="0.000" classname="com.externalApi.Dumps"/>
  <testcase name="login" time="0.001" classname="com.externalApi.Dumps"/>
  <testcase name="login" time="0.000" classname="com.externalApi.Dumps"/>
  <testcase name="login" time="0.001" classname="com.externalApi.Dumps"/>
  <testcase name="login" time="0.001" classname="com.externalApi.Dumps"/>
  <testcase name="login" time="0.001" classname="com.externalApi.Dumps"/>
  <testcase name="login" time="0.001" classname="com.externalApi.Dumps"/>
  <testcase name="login" time="0.000" classname="com.externalApi.Dumps"/>
  <testcase name="login" time="0.000" classname="com.externalApi.Dumps"/>
  <testcase name="login" time="0.001" classname="com.externalApi.Dumps"/>
  <testcase name="login" time="0.001" classname="com.externalApi.Dumps"/>
  <testcase name="login" time="0.000" classname="com.externalApi.Dumps"/>
  <testcase name="login" time="0.001" classname="com.externalApi.Dumps"/>
  <testcase name="login" time="0.000" classname="com.externalApi.Dumps"/>
  <testcase name="login" time="0.001" classname="com.externalApi.Dumps"/>
  <testcase name="login" time="0.000" classname="com.externalApi.Dumps"/>
  <testcase name="login" time="0.000" classname="com.externalApi.Dumps"/>
  <testcase name="login" time="0.001" classname="com.externalApi.Dumps"/>
  <testcase name="login" time="0.001" classname="com.externalApi.Dumps"/>
  <testcase name="login" time="0.000" classname="com.externalApi.Dumps"/>
  <testcase name="login" time="0.001" classname="com.externalApi.Dumps"/>
  <testcase name="login" time="0.000" classname="com.externalApi.Dumps"/>
  <testcase name="login" time="0.000" classname="com.externalApi.Dumps"/>
  <testcase name="login" time="0.001" classname="com.externalApi.Dumps"/>
  <testcase name="login" time="0.000" classname="com.externalApi.Dumps"/>
  <testcase name="login" time="0.000" classname="com.externalApi.Dumps"/>
  <testcase name="login" time="0.001" classname="com.externalApi.Dumps"/>
  <testcase name="login" time="0.001" classname="com.externalApi.Dumps"/>
  <testcase name="login" time="0.001" classname="com.externalApi.Dumps"/>
  <testcase name="login" time="0.001" classname="com.externalApi.Dumps"/>
  <testcase name="login" time="0.001" classname="com.externalApi.Dumps"/>
  <testcase name="login" time="0.001" classname="com.externalApi.Dumps"/>
  <testcase name="login" time="0.001" classname="com.externalApi.Dumps"/>
  <testcase name="login" time="0.001" classname="com.externalApi.Dumps"/>
  <testcase name="login" time="0.001" classname="com.externalApi.Dumps"/>
  <testcase name="login" time="0.000" classname="com.externalApi.Dumps"/>
  <testcase name="login" time="0.001" classname="com.externalApi.Dumps"/>
  <testcase name="login" time="0.001" classname="com.externalApi.Dumps"/>
  <testcase name="login" time="0.001" classname="com.externalApi.Dumps"/>
  <testcase name="login" time="0.000" classname="com.externalApi.Dumps"/>
  <testcase name="login" time="0.000" classname="com.externalApi.Dumps"/>
  <testcase name="login" time="0.001" classname="com.externalApi.Dumps"/>
  <testcase name="login" time="0.001" classname="com.externalApi.Dumps"/>
  <testcase name="login" time="0.000" classname="com.externalApi.Dumps"/>
  <testcase name="login" time="0.001" classname="com.externalApi.Dumps"/>
  <testcase name="login" time="0.000" classname="com.externalApi.Dumps"/>
  <testcase name="login" time="0.000" classname="com.externalApi.Dumps"/>
  <testcase name="login" time="0.001" classname="com.externalApi.Dumps"/>
  <testcase name="login" time="0.002" classname="com.externalApi.Dumps"/>
  <testcase name="login" time="0.000" classname="com.externalApi.Dumps"/>
  <testcase name="login" time="0.001" classname="com.externalApi.Dumps"/>
  <testcase name="login" time="0.001" classname="com.externalApi.Dumps"/>
  <testcase name="login" time="0.001" classname="com.externalApi.Dumps"/>
  <testcase name="login" time="0.001" classname="com.externalApi.Dumps"/>
  <testcase name="login" time="0.000" classname="com.externalApi.Dumps"/>
  <testcase name="login" time="0.000" classname="com.externalApi.Dumps"/>
  <testcase name="login" time="0.001" classname="com.externalApi.Dumps"/>
  <testcase name="login" time="0.000" classname="com.externalApi.Dumps"/>
  <testcase name="login" time="0.001" classname="com.externalApi.Dumps"/>
  <testcase name="login" time="0.000" classname="com.externalApi.Dumps"/>
  <testcase name="login" time="0.002" classname="com.externalApi.Dumps"/>
  <testcase name="login" time="0.000" classname="com.externalApi.Dumps"/>
  <testcase name="login" time="0.000" classname="com.externalApi.Dumps"/>
  <testcase name="login" time="0.001" classname="com.externalApi.Dumps"/>
  <testcase name="login" time="0.001" classname="com.externalApi.Dumps"/>
  <testcase name="login" time="0.001" classname="com.externalApi.Dumps"/>
  <testcase name="login" time="0.000" classname="com.externalApi.Dumps"/>
  <testcase name="login" time="0.000" classname="com.externalApi.Dumps"/>
  <testcase name="login" time="0.001" classname="com.externalApi.Dumps"/>
  <testcase name="login" time="0.000" classname="com.externalApi.Dumps"/>
  <testcase name="login" time="0.000" classname="com.externalApi.Dumps"/>
  <testcase name="login" time="0.000" classname="com.externalApi.Dumps"/>
  <testcase name="login" time="0.000" classname="com.externalApi.Dumps"/>
  <testcase name="login" time="0.001" classname="com.externalApi.Dumps"/>
  <testcase name="login" time="0.001" classname="com.externalApi.Dumps"/>
  <testcase name="login" time="0.001" classname="com.externalApi.Dumps"/>
  <testcase name="login" time="0.000" classname="com.externalApi.Dumps"/>
  <testcase name="login" time="0.001" classname="com.externalApi.Dumps"/>
  <testcase name="login" time="0.001" classname="com.externalApi.Dumps"/>
  <testcase name="login" time="0.001" classname="com.externalApi.Dumps"/>
  <testcase name="login" time="0.001" classname="com.externalApi.Dumps"/>
  <testcase name="login" time="0.001" classname="com.externalApi.Dumps"/>
  <testcase name="login" time="0.001" classname="com.externalApi.Dumps"/>
  <testcase name="login" time="0.001" classname="com.externalApi.Dumps"/>
  <testcase name="login" time="0.000" classname="com.externalApi.Dumps"/>
  <testcase name="login" time="0.000" classname="com.externalApi.Dumps"/>
  <testcase name="login" time="0.000" classname="com.externalApi.Dumps"/>
  <testcase name="login" time="0.000" classname="com.externalApi.Dumps"/>
  <testcase name="login" time="0.000" classname="com.externalApi.Dumps"/>
  <testcase name="login" time="0.000" classname="com.externalApi.Dumps"/>
  <testcase name="login" time="0.001" classname="com.externalApi.Dumps"/>
  <testcase name="login" time="0.002" classname="com.externalApi.Dumps"/>
  <testcase name="login" time="0.000" classname="com.externalApi.Dumps"/>
  <testcase name="login" time="0.000" classname="com.externalApi.Dumps"/>
  <testcase name="login" time="0.001" classname="com.externalApi.Dumps"/>
  <testcase name="login" time="0.000" classname="com.externalApi.Dumps"/>
  <testcase name="login" time="0.000" classname="com.externalApi.Dumps"/>
  <testcase name="login" time="0.001" classname="com.externalApi.Dumps"/>
  <testcase name="login" time="0.000" classname="com.externalApi.Dumps"/>
  <testcase name="login" time="0.000" classname="com.externalApi.Dumps"/>
  <testcase name="login" time="0.000" classname="com.externalApi.Dumps"/>
  <testcase name="login" time="0.001" classname="com.externalApi.Dumps"/>
  <testcase name="login" time="0.000" classname="com.externalApi.Dumps"/>
  <testcase name="login" time="0.000" classname="com.externalApi.Dumps"/>
  <testcase name="login" time="0.001" classname="com.externalApi.Dumps"/>
  <testcase name="login" time="0.001" classname="com.externalApi.Dumps"/>
  <testcase name="login" time="0.001" classname="com.externalApi.Dumps"/>
  <testcase name="login" time="0.002" classname="com.externalApi.Dumps"/>
  <testcase name="login" time="0.000" classname="com.externalApi.Dumps"/>
  <testcase name="login" time="0.001" classname="com.externalApi.Dumps"/>
  <testcase name="login" time="0.000" classname="com.externalApi.Dumps"/>
  <testcase name="login" time="0.001" classname="com.externalApi.Dumps"/>
  <testcase name="login" time="0.000" classname="com.externalApi.Dumps"/>
  <testcase name="login" time="0.000" classname="com.externalApi.Dumps"/>
  <testcase name="login" time="0.001" classname="com.externalApi.Dumps"/>
  <testcase name="login" time="0.001" classname="com.externalApi.Dumps"/>
  <testcase name="login" time="0.002" classname="com.externalApi.Dumps"/>
  <testcase name="login" time="0.000" classname="com.externalApi.Dumps"/>
  <testcase name="login" time="0.001" classname="com.externalApi.Dumps"/>
  <testcase name="login" time="0.006" classname="com.externalApi.Dumps"/>
  <testcase name="login" time="0.000" classname="com.externalApi.Dumps"/>
  <testcase name="login" time="0.001" classname="com.externalApi.Dumps"/>
  <testcase name="login" time="0.000" classname="com.externalApi.Dumps"/>
  <testcase name="login" time="0.000" classname="com.externalApi.Dumps"/>
  <testcase name="login" time="0.000" classname="com.externalApi.Dumps"/>
  <testcase name="login" time="0.000" classname="com.externalApi.Dumps"/>
  <testcase name="login" time="0.000" classname="com.externalApi.Dumps"/>
  <testcase name="login" time="0.001" classname="com.externalApi.Dumps"/>
  <testcase name="login" time="0.000" classname="com.externalApi.Dumps"/>
  <testcase name="login" time="0.237" classname="com.externalApi.Dumps"/>
  <testcase name="login" time="0.000" classname="com.externalApi.Dumps"/>
  <testcase name="login" time="0.000" classname="com.externalApi.Dumps"/>
  <testcase name="login" time="0.001" classname="com.externalApi.Dumps"/>
  <testcase name="login" time="0.001" classname="com.externalApi.Dumps"/>
  <testcase name="login" time="0.002" classname="com.externalApi.Dumps"/>
  <testcase name="login" time="0.000" classname="com.externalApi.Dumps"/>
  <testcase name="login" time="0.001" classname="com.externalApi.Dumps"/>
  <testcase name="login" time="0.001" classname="com.externalApi.Dumps"/>
  <testcase name="login" time="0.001" classname="com.externalApi.Dumps"/>
  <testcase name="login" time="0.000" classname="com.externalApi.Dumps"/>
  <testcase name="login" time="0.000" classname="com.externalApi.Dumps"/>
  <testcase name="login" time="0.001" classname="com.externalApi.Dumps"/>
  <testcase name="login" time="0.002" classname="com.externalApi.Dumps"/>
  <testcase name="login" time="0.000" classname="com.externalApi.Dumps"/>
  <testcase name="login" time="0.002" classname="com.externalApi.Dumps"/>
  <testcase name="login" time="0.000" classname="com.externalApi.Dumps"/>
  <testcase name="login" time="0.001" classname="com.externalApi.Dumps"/>
  <testcase name="login" time="0.001" classname="com.externalApi.Dumps"/>
  <testcase name="login" time="0.000" classname="com.externalApi.Dumps"/>
  <testcase name="login" time="0.000" classname="com.externalApi.Dumps"/>
  <testcase name="login" time="0.000" classname="com.externalApi.Dumps"/>
  <testcase name="login" time="0.000" classname="com.externalApi.Dumps"/>
  <testcase name="login" time="0.000" classname="com.externalApi.Dumps"/>
  <testcase name="login" time="0.000" classname="com.externalApi.Dumps"/>
  <testcase name="login" time="0.000" classname="com.externalApi.Dumps"/>
  <testcase name="login" time="0.000" classname="com.externalApi.Dumps"/>
  <testcase name="login" time="0.001" classname="com.externalApi.Dumps"/>
  <testcase name="login" time="0.004" classname="com.externalApi.Dumps"/>
  <testcase name="login" time="0.000" classname="com.externalApi.Dumps"/>
  <testcase name="login" time="0.001" classname="com.externalApi.Dumps"/>
  <testcase name="login" time="0.002" classname="com.externalApi.Dumps"/>
  <testcase name="login" time="0.001" classname="com.externalApi.Dumps"/>
  <testcase name="login" time="0.001" classname="com.externalApi.Dumps"/>
  <testcase name="login" time="0.000" classname="com.externalApi.Dumps"/>
  <testcase name="login" time="0.001" classname="com.externalApi.Dumps"/>
  <testcase name="login" time="0.002" classname="com.externalApi.Dumps"/>
  <testcase name="login" time="0.001" classname="com.externalApi.Dumps"/>
  <testcase name="login" time="0.000" classname="com.externalApi.Dumps"/>
  <testcase name="login" time="0.000" classname="com.externalApi.Dumps"/>
  <testcase name="login" time="0.000" classname="com.externalApi.Dumps"/>
  <testcase name="login" time="0.000" classname="com.externalApi.Dumps"/>
  <testcase name="login" time="0.000" classname="com.externalApi.Dumps"/>
  <testcase name="login" time="0.001" classname="com.externalApi.Dumps"/>
  <testcase name="login" time="0.001" classname="com.externalApi.Dumps"/>
  <testcase name="login" time="0.001" classname="com.externalApi.Dumps"/>
  <testcase name="login" time="0.001" classname="com.externalApi.Dumps"/>
  <testcase name="login" time="0.000" classname="com.externalApi.Dumps"/>
  <testcase name="login" time="0.002" classname="com.externalApi.Dumps"/>
  <testcase name="login" time="0.000" classname="com.externalApi.Dumps"/>
  <testcase name="login" time="0.000" classname="com.externalApi.Dumps"/>
  <testcase name="login" time="0.000" classname="com.externalApi.Dumps"/>
  <testcase name="login" time="0.000" classname="com.externalApi.Dumps"/>
  <testcase name="login" time="0.001" classname="com.externalApi.Dumps"/>
  <testcase name="login" time="0.000" classname="com.externalApi.Dumps"/>
  <testcase name="login" time="0.001" classname="com.externalApi.Dumps"/>
  <testcase name="login" time="0.000" classname="com.externalApi.Dumps"/>
  <testcase name="login" time="0.001" classname="com.externalApi.Dumps"/>
  <testcase name="login" time="0.010" classname="com.externalApi.Dumps"/>
  <testcase name="login" time="0.001" classname="com.externalApi.Dumps"/>
  <testcase name="login" time="0.001" classname="com.externalApi.Dumps"/>
  <testcase name="login" time="0.000" classname="com.externalApi.Dumps"/>
  <testcase name="login" time="0.000" classname="com.externalApi.Dumps"/>
  <testcase name="login" time="0.000" classname="com.externalApi.Dumps"/>
  <testcase name="login" time="0.001" classname="com.externalApi.Dumps"/>
  <testcase name="login" time="0.001" classname="com.externalApi.Dumps"/>
  <testcase name="login" time="0.000" classname="com.externalApi.Dumps"/>
  <testcase name="login" time="0.001" classname="com.externalApi.Dumps"/>
  <testcase name="login" time="0.000" classname="com.externalApi.Dumps"/>
  <testcase name="login" time="0.000" classname="com.externalApi.Dumps"/>
  <testcase name="login" time="0.001" classname="com.externalApi.Dumps"/>
  <testcase name="login" time="0.001" classname="com.externalApi.Dumps"/>
  <testcase name="login" time="0.000" classname="com.externalApi.Dumps"/>
  <testcase name="login" time="0.001" classname="com.externalApi.Dumps"/>
  <testcase name="login" time="0.002" classname="com.externalApi.Dumps"/>
  <testcase name="login" time="0.001" classname="com.externalApi.Dumps"/>
  <testcase name="login" time="0.001" classname="com.externalApi.Dumps"/>
  <testcase name="login" time="0.001" classname="com.externalApi.Dumps"/>
  <testcase name="login" time="0.000" classname="com.externalApi.Dumps"/>
  <testcase name="login" time="0.000" classname="com.externalApi.Dumps"/>
  <testcase name="login" time="0.001" classname="com.externalApi.Dumps"/>
  <testcase name="login" time="0.000" classname="com.externalApi.Dumps"/>
  <testcase name="login" time="0.000" classname="com.externalApi.Dumps"/>
  <testcase name="login" time="0.000" classname="com.externalApi.Dumps"/>
  <testcase name="login" time="0.000" classname="com.externalApi.Dumps"/>
  <testcase name="login" time="0.000" classname="com.externalApi.Dumps"/>
  <testcase name="login" time="0.001" classname="com.externalApi.Dumps"/>
  <testcase name="login" time="0.001" classname="com.externalApi.Dumps"/>
  <testcase name="login" time="0.077" classname="com.externalApi.Dumps"/>
  <testcase name="login" time="0.000" classname="com.externalApi.Dumps"/>
  <testcase name="login" time="0.001" classname="com.externalApi.Dumps"/>
  <testcase name="login" time="0.000" classname="com.externalApi.Dumps"/>
  <testcase name="login" time="0.000" classname="com.externalApi.Dumps"/>
  <testcase name="login" time="0.000" classname="com.externalApi.Dumps"/>
  <testcase name="login" time="0.000" classname="com.externalApi.Dumps"/>
  <testcase name="login" time="0.002" classname="com.externalApi.Dumps"/>
  <testcase name="login" time="0.000" classname="com.externalApi.Dumps"/>
  <testcase name="login" time="0.001" classname="com.externalApi.Dumps"/>
  <testcase name="login" time="0.001" classname="com.externalApi.Dumps"/>
  <testcase name="login" time="0.001" classname="com.externalApi.Dumps"/>
  <testcase name="login" time="0.000" classname="com.externalApi.Dumps"/>
  <testcase name="login" time="0.000" classname="com.externalApi.Dumps"/>
  <testcase name="login" time="0.000" classname="com.externalApi.Dumps"/>
  <testcase name="login" time="0.000" classname="com.externalApi.Dumps"/>
  <testcase name="login" time="0.001" classname="com.externalApi.Dumps"/>
  <testcase name="login" time="0.001" classname="com.externalApi.Dumps"/>
  <testcase name="login" time="0.000" classname="com.externalApi.Dumps"/>
  <testcase name="login" time="0.000" classname="com.externalApi.Dumps"/>
  <testcase name="login" time="0.000" classname="com.externalApi.Dumps"/>
  <testcase name="login" time="0.001" classname="com.externalApi.Dumps"/>
  <testcase name="login" time="0.001" classname="com.externalApi.Dumps"/>
  <testcase name="login" time="0.000" classname="com.externalApi.Dumps"/>
  <testcase name="login" time="0.000" classname="com.externalApi.Dumps"/>
  <testcase name="login" time="0.001" classname="com.externalApi.Dumps"/>
  <testcase name="login" time="0.000" classname="com.externalApi.Dumps"/>
  <testcase name="login" time="0.001" classname="com.externalApi.Dumps"/>
  <testcase name="login" time="0.000" classname="com.externalApi.Dumps"/>
  <testcase name="login" time="0.000" classname="com.externalApi.Dumps"/>
  <testcase name="login" time="0.000" classname="com.externalApi.Dumps"/>
  <testcase name="login" time="0.001" classname="com.externalApi.Dumps"/>
  <testcase name="login" time="0.000" classname="com.externalApi.Dumps"/>
  <testcase name="login" time="0.001" classname="com.externalApi.Dumps"/>
  <testcase name="login" time="0.001" classname="com.externalApi.Dumps"/>
  <testcase name="login" time="0.001" classname="com.externalApi.Dumps"/>
  <testcase name="login" time="0.000" classname="com.externalApi.Dumps"/>
  <testcase name="login" time="0.001" classname="com.externalApi.Dumps"/>
  <testcase name="login" time="0.001" classname="com.externalApi.Dumps"/>
  <testcase name="login" time="0.000" classname="com.externalApi.Dumps"/>
  <testcase name="login" time="0.000" classname="com.externalApi.Dumps"/>
  <testcase name="login" time="0.010" classname="com.externalApi.Dumps"/>
  <testcase name="login" time="0.009" classname="com.externalApi.Dumps"/>
  <testcase name="login" time="0.001" classname="com.externalApi.Dumps"/>
  <testcase name="login" time="0.000" classname="com.externalApi.Dumps"/>
  <testcase name="login" time="0.001" classname="com.externalApi.Dumps"/>
  <testcase name="login" time="0.000" classname="com.externalApi.Dumps"/>
  <testcase name="login" time="0.000" classname="com.externalApi.Dumps"/>
  <testcase name="login" time="0.000" classname="com.externalApi.Dumps"/>
  <testcase name="login" time="0.000" classname="com.externalApi.Dumps"/>
  <testcase name="login" time="0.001" classname="com.externalApi.Dumps"/>
  <testcase name="login" time="0.000" classname="com.externalApi.Dumps"/>
  <testcase name="login" time="0.000" classname="com.externalApi.Dumps"/>
  <testcase name="login" time="0.001" classname="com.externalApi.Dumps"/>
  <testcase name="login" time="0.001" classname="com.externalApi.Dumps"/>
  <testcase name="login" time="0.001" classname="com.externalApi.Dumps"/>
  <testcase name="login" time="0.001" classname="com.externalApi.Dumps"/>
  <testcase name="login" time="0.000" classname="com.externalApi.Dumps"/>
  <testcase name="login" time="0.000" classname="com.externalApi.Dumps"/>
  <testcase name="login" time="0.000" classname="com.externalApi.Dumps"/>
  <testcase name="login" time="0.001" classname="com.externalApi.Dumps"/>
  <testcase name="login" time="0.001" classname="com.externalApi.Dumps"/>
  <testcase name="login" time="0.000" classname="com.externalApi.Dumps"/>
  <testcase name="login" time="0.000" classname="com.externalApi.Dumps"/>
  <testcase name="login" time="0.000" classname="com.externalApi.Dumps"/>
  <testcase name="login" time="0.000" classname="com.externalApi.Dumps"/>
  <testcase name="login" time="0.000" classname="com.externalApi.Dumps"/>
  <testcase name="login" time="0.000" classname="com.externalApi.Dumps"/>
  <testcase name="login" time="0.000" classname="com.externalApi.Dumps"/>
  <testcase name="login" time="0.001" classname="com.externalApi.Dumps"/>
  <testcase name="login" time="0.000" classname="com.externalApi.Dumps"/>
  <testcase name="login" time="0.000" classname="com.externalApi.Dumps"/>
  <testcase name="login" time="0.001" classname="com.externalApi.Dumps"/>
  <testcase name="login" time="0.001" classname="com.externalApi.Dumps"/>
  <testcase name="login" time="0.001" classname="com.externalApi.Dumps"/>
  <testcase name="login" time="0.000" classname="com.externalApi.Dumps"/>
  <testcase name="login" time="0.001" classname="com.externalApi.Dumps"/>
  <testcase name="login" time="0.000" classname="com.externalApi.Dumps"/>
  <testcase name="login" time="0.001" classname="com.externalApi.Dumps"/>
  <testcase name="login" time="0.001" classname="com.externalApi.Dumps"/>
  <testcase name="login" time="0.001" classname="com.externalApi.Dumps"/>
  <testcase name="login" time="0.001" classname="com.externalApi.Dumps"/>
  <testcase name="login" time="0.000" classname="com.externalApi.Dumps"/>
  <testcase name="login" time="0.000" classname="com.externalApi.Dumps"/>
  <testcase name="login" time="0.002" classname="com.externalApi.Dumps"/>
  <testcase name="login" time="0.000" classname="com.externalApi.Dumps"/>
  <testcase name="login" time="0.000" classname="com.externalApi.Dumps"/>
  <testcase name="login" time="0.001" classname="com.externalApi.Dumps"/>
  <testcase name="login" time="0.001" classname="com.externalApi.Dumps"/>
  <testcase name="login" time="0.000" classname="com.externalApi.Dumps"/>
  <testcase name="login" time="0.000" classname="com.externalApi.Dumps"/>
  <testcase name="login" time="0.000" classname="com.externalApi.Dumps"/>
  <testcase name="login" time="0.000" classname="com.externalApi.Dumps"/>
  <testcase name="login" time="0.001" classname="com.externalApi.Dumps"/>
  <testcase name="login" time="0.002" classname="com.externalApi.Dumps"/>
  <testcase name="login" time="0.001" classname="com.externalApi.Dumps"/>
  <testcase name="login" time="0.000" classname="com.externalApi.Dumps"/>
  <testcase name="login" time="0.001" classname="com.externalApi.Dumps"/>
  <testcase name="login" time="0.001" classname="com.externalApi.Dumps"/>
  <testcase name="login" time="0.001" classname="com.externalApi.Dumps"/>
  <testcase name="login" time="0.001" classname="com.externalApi.Dumps"/>
  <testcase name="login" time="0.001" classname="com.externalApi.Dumps"/>
  <testcase name="login" time="0.001" classname="com.externalApi.Dumps"/>
  <testcase name="login" time="0.114" classname="com.externalApi.Dumps"/>
  <testcase name="login" time="0.001" classname="com.externalApi.Dumps"/>
  <testcase name="login" time="0.000" classname="com.externalApi.Dumps"/>
  <testcase name="login" time="0.000" classname="com.externalApi.Dumps"/>
  <testcase name="login" time="0.000" classname="com.externalApi.Dumps"/>
  <testcase name="login" time="0.000" classname="com.externalApi.Dumps"/>
  <testcase name="login" time="0.001" classname="com.externalApi.Dumps"/>
  <testcase name="login" time="0.002" classname="com.externalApi.Dumps"/>
  <testcase name="login" time="0.000" classname="com.externalApi.Dumps"/>
  <testcase name="login" time="0.000" classname="com.externalApi.Dumps"/>
  <testcase name="login" time="0.001" classname="com.externalApi.Dumps"/>
  <testcase name="login" time="0.000" classname="com.externalApi.Dumps"/>
  <testcase name="login" time="0.002" classname="com.externalApi.Dumps"/>
  <testcase name="login" time="0.000" classname="com.externalApi.Dumps"/>
  <testcase name="login" time="0.000" classname="com.externalApi.Dumps"/>
  <testcase name="login" time="0.001" classname="com.externalApi.Dumps"/>
  <testcase name="login" time="0.000" classname="com.externalApi.Dumps"/>
  <testcase name="login" time="0.000" classname="com.externalApi.Dumps"/>
  <testcase name="login" time="0.001" classname="com.externalApi.Dumps"/>
  <testcase name="login" time="0.001" classname="com.externalApi.Dumps"/>
  <testcase name="login" time="0.000" classname="com.externalApi.Dumps"/>
  <testcase name="login" time="0.001" classname="com.externalApi.Dumps"/>
  <testcase name="login" time="0.001" classname="com.externalApi.Dumps"/>
  <testcase name="login" time="0.000" classname="com.externalApi.Dumps"/>
  <testcase name="login" time="0.002" classname="com.externalApi.Dumps"/>
  <testcase name="login" time="0.000" classname="com.externalApi.Dumps"/>
  <testcase name="login" time="0.001" classname="com.externalApi.Dumps"/>
  <testcase name="login" time="0.000" classname="com.externalApi.Dumps"/>
  <testcase name="login" time="0.000" classname="com.externalApi.Dumps"/>
  <testcase name="login" time="0.001" classname="com.externalApi.Dumps"/>
  <testcase name="login" time="0.001" classname="com.externalApi.Dumps"/>
  <testcase name="login" time="0.001" classname="com.externalApi.Dumps"/>
  <testcase name="login" time="0.000" classname="com.externalApi.Dumps"/>
  <testcase name="login" time="0.001" classname="com.externalApi.Dumps"/>
  <testcase name="login" time="0.000" classname="com.externalApi.Dumps"/>
  <testcase name="login" time="0.000" classname="com.externalApi.Dumps"/>
  <testcase name="login" time="0.000" classname="com.externalApi.Dumps"/>
  <testcase name="login" time="0.000" classname="com.externalApi.Dumps"/>
  <testcase name="login" time="0.000" classname="com.externalApi.Dumps"/>
  <testcase name="login" time="0.001" classname="com.externalApi.Dumps"/>
  <testcase name="login" time="0.001" classname="com.externalApi.Dumps"/>
  <testcase name="login" time="0.001" classname="com.externalApi.Dumps"/>
  <testcase name="login" time="0.000" classname="com.externalApi.Dumps"/>
  <testcase name="login" time="0.000" classname="com.externalApi.Dumps"/>
  <testcase name="login" time="0.000" classname="com.externalApi.Dumps"/>
  <testcase name="login" time="0.001" classname="com.externalApi.Dumps"/>
  <testcase name="login" time="0.001" classname="com.externalApi.Dumps"/>
  <testcase name="login" time="0.004" classname="com.externalApi.Dumps"/>
  <testcase name="login" time="0.000" classname="com.externalApi.Dumps"/>
  <testcase name="login" time="0.001" classname="com.externalApi.Dumps"/>
  <testcase name="login" time="0.001" classname="com.externalApi.Dumps"/>
  <testcase name="login" time="0.001" classname="com.externalApi.Dumps"/>
  <testcase name="login" time="0.002" classname="com.externalApi.Dumps"/>
  <testcase name="login" time="0.001" classname="com.externalApi.Dumps"/>
  <testcase name="login" time="0.001" classname="com.externalApi.Dumps"/>
  <testcase name="login" time="0.000" classname="com.externalApi.Dumps"/>
  <testcase name="login" time="0.001" classname="com.externalApi.Dumps"/>
  <testcase name="login" time="0.000" classname="com.externalApi.Dumps"/>
  <testcase name="login" time="0.000" classname="com.externalApi.Dumps"/>
  <testcase name="login" time="0.001" classname="com.externalApi.Dumps"/>
  <testcase name="login" time="0.001" classname="com.externalApi.Dumps"/>
  <testcase name="login" time="0.001" classname="com.externalApi.Dumps"/>
  <testcase name="login" time="0.001" classname="com.externalApi.Dumps"/>
  <testcase name="login" time="0.000" classname="com.externalApi.Dumps"/>
  <testcase name="login" time="0.000" classname="com.externalApi.Dumps"/>
  <testcase name="login" time="0.000" classname="com.externalApi.Dumps"/>
  <testcase name="login" time="0.000" classname="com.externalApi.Dumps"/>
  <testcase name="login" time="0.000" classname="com.externalApi.Dumps"/>
  <testcase name="login" time="0.001" classname="com.externalApi.Dumps"/>
  <testcase name="login" time="0.000" classname="com.externalApi.Dumps"/>
  <testcase name="login" time="0.001" classname="com.externalApi.Dumps"/>
  <testcase name="login" time="0.003" classname="com.externalApi.Dumps"/>
  <testcase name="login" time="0.000" classname="com.externalApi.Dumps"/>
  <testcase name="login" time="0.007" classname="com.externalApi.Dumps"/>
  <testcase name="login" time="0.001" classname="com.externalApi.Dumps"/>
  <testcase name="login" time="0.001" classname="com.externalApi.Dumps"/>
  <testcase name="login" time="0.001" classname="com.externalApi.Dumps"/>
  <testcase name="login" time="0.000" classname="com.externalApi.Dumps"/>
  <testcase name="login" time="0.000" classname="com.externalApi.Dumps"/>
  <testcase name="login" time="0.001" classname="com.externalApi.Dumps"/>
  <testcase name="login" time="0.000" classname="com.externalApi.Dumps"/>
  <testcase name="login" time="0.001" classname="com.externalApi.Dumps"/>
  <testcase name="login" time="0.050" classname="com.externalApi.Dumps"/>
  <testcase name="login" time="0.000" classname="com.externalApi.Dumps"/>
  <testcase name="login" time="0.000" classname="com.externalApi.Dumps"/>
  <testcase name="login" time="0.000" classname="com.externalApi.Dumps"/>
  <testcase name="login" time="0.001" classname="com.externalApi.Dumps"/>
  <testcase name="login" time="0.000" classname="com.externalApi.Dumps"/>
  <testcase name="login" time="0.001" classname="com.externalApi.Dumps"/>
  <testcase name="login" time="0.000" classname="com.externalApi.Dumps"/>
  <testcase name="login" time="0.001" classname="com.externalApi.Dumps"/>
  <testcase name="login" time="0.001" classname="com.externalApi.Dumps"/>
  <testcase name="login" time="0.001" classname="com.externalApi.Dumps"/>
  <testcase name="login" time="0.001" classname="com.externalApi.Dumps"/>
  <testcase name="login" time="0.001" classname="com.externalApi.Dumps"/>
  <testcase name="login" time="0.000" classname="com.externalApi.Dumps"/>
  <testcase name="login" time="0.001" classname="com.externalApi.Dumps"/>
  <testcase name="login" time="0.019" classname="com.externalApi.Dumps"/>
  <testcase name="login" time="0.000" classname="com.externalApi.Dumps"/>
  <testcase name="login" time="0.000" classname="com.externalApi.Dumps"/>
  <testcase name="login" time="0.001" classname="com.externalApi.Dumps"/>
  <testcase name="login" time="0.000" classname="com.externalApi.Dumps"/>
  <testcase name="login" time="0.001" classname="com.externalApi.Dumps"/>
  <testcase name="login" time="0.000" classname="com.externalApi.Dumps"/>
  <testcase name="login" time="0.001" classname="com.externalApi.Dumps"/>
  <testcase name="login" time="0.000" classname="com.externalApi.Dumps"/>
  <testcase name="login" time="0.001" classname="com.externalApi.Dumps"/>
  <testcase name="login" time="0.000" classname="com.externalApi.Dumps"/>
  <testcase name="login" time="0.000" classname="com.externalApi.Dumps"/>
  <testcase name="login" time="0.003" classname="com.externalApi.Dumps"/>
  <testcase name="login" time="0.001" classname="com.externalApi.Dumps"/>
  <testcase name="login" time="0.001" classname="com.externalApi.Dumps"/>
  <testcase name="login" time="0.001" classname="com.externalApi.Dumps"/>
  <testcase name="login" time="0.000" classname="com.externalApi.Dumps"/>
  <testcase name="login" time="0.000" classname="com.externalApi.Dumps"/>
  <testcase name="login" time="0.000" classname="com.externalApi.Dumps"/>
  <testcase name="login" time="0.000" classname="com.externalApi.Dumps"/>
  <testcase name="login" time="0.001" classname="com.externalApi.Dumps"/>
  <testcase name="login" time="0.000" classname="com.externalApi.Dumps"/>
  <testcase name="login" time="0.000" classname="com.externalApi.Dumps"/>
  <testcase name="login" time="0.000" classname="com.externalApi.Dumps"/>
  <testcase name="login" time="0.000" classname="com.externalApi.Dumps"/>
  <testcase name="login" time="0.000" classname="com.externalApi.Dumps"/>
  <testcase name="login" time="0.000" classname="com.externalApi.Dumps"/>
  <testcase name="login" time="0.000" classname="com.externalApi.Dumps"/>
  <testcase name="login" time="0.000" classname="com.externalApi.Dumps"/>
  <testcase name="login" time="0.000" classname="com.externalApi.Dumps"/>
  <testcase name="login" time="0.001" classname="com.externalApi.Dumps"/>
  <testcase name="login" time="0.000" classname="com.externalApi.Dumps"/>
  <testcase name="login" time="0.001" classname="com.externalApi.Dumps"/>
  <testcase name="login" time="0.000" classname="com.externalApi.Dumps"/>
  <testcase name="login" time="0.002" classname="com.externalApi.Dumps"/>
  <testcase name="login" time="0.001" classname="com.externalApi.Dumps"/>
  <testcase name="login" time="0.000" classname="com.externalApi.Dumps"/>
  <testcase name="login" time="0.000" classname="com.externalApi.Dumps"/>
  <testcase name="login" time="0.001" classname="com.externalApi.Dumps"/>
  <testcase name="login" time="0.000" classname="com.externalApi.Dumps"/>
  <testcase name="login" time="0.002" classname="com.externalApi.Dumps"/>
  <testcase name="login" time="0.004" classname="com.externalApi.Dumps"/>
  <testcase name="login" time="0.000" classname="com.externalApi.Dumps"/>
  <testcase name="login" time="0.000" classname="com.externalApi.Dumps"/>
  <testcase name="login" time="0.001" classname="com.externalApi.Dumps"/>
  <testcase name="login" time="0.000" classname="com.externalApi.Dumps"/>
  <testcase name="login" time="0.001" classname="com.externalApi.Dumps"/>
  <testcase name="login" time="0.001" classname="com.externalApi.Dumps"/>
  <testcase name="login" time="0.001" classname="com.externalApi.Dumps"/>
  <testcase name="login" time="0.001" classname="com.externalApi.Dumps"/>
  <testcase name="login" time="0.000" classname="com.externalApi.Dumps"/>
  <testcase name="login" time="0.001" classname="com.externalApi.Dumps"/>
  <testcase name="login" time="0.000" classname="com.externalApi.Dumps"/>
  <testcase name="login" time="0.000" classname="com.externalApi.Dumps"/>
  <testcase name="login" time="0.002" classname="com.externalApi.Dumps"/>
  <testcase name="login" time="0.001" classname="com.externalApi.Dumps"/>
  <testcase name="login" time="0.000" classname="com.externalApi.Dumps"/>
  <testcase name="login" time="0.001" classname="com.externalApi.Dumps"/>
  <testcase name="login" time="0.000" classname="com.externalApi.Dumps"/>
  <testcase name="login" time="0.001" classname="com.externalApi.Dumps"/>
  <testcase name="login" time="0.001" classname="com.externalApi.Dumps"/>
  <testcase name="login" time="0.002" classname="com.externalApi.Dumps"/>
  <testcase name="login" time="0.000" classname="com.externalApi.Dumps"/>
  <testcase name="login" time="0.001" classname="com.externalApi.Dumps"/>
  <testcase name="login" time="0.000" classname="com.externalApi.Dumps"/>
  <testcase name="login" time="0.000" classname="com.externalApi.Dumps"/>
  <testcase name="login" time="0.000" classname="com.externalApi.Dumps"/>
  <testcase name="login" time="0.001" classname="com.externalApi.Dumps"/>
  <testcase name="login" time="0.001" classname="com.externalApi.Dumps"/>
  <testcase name="login" time="0.000" classname="com.externalApi.Dumps"/>
  <testcase name="login" time="0.001" classname="com.externalApi.Dumps"/>
  <testcase name="login" time="0.001" classname="com.externalApi.Dumps"/>
  <testcase name="login" time="0.004" classname="com.externalApi.Dumps"/>
  <testcase name="login" time="0.000" classname="com.externalApi.Dumps"/>
  <testcase name="login" time="0.000" classname="com.externalApi.Dumps"/>
  <testcase name="login" time="0.000" classname="com.externalApi.Dumps"/>
  <testcase name="login" time="0.001" classname="com.externalApi.Dumps"/>
  <testcase name="login" time="0.001" classname="com.externalApi.Dumps"/>
  <testcase name="login" time="0.000" classname="com.externalApi.Dumps"/>
  <testcase name="login" time="0.001" classname="com.externalApi.Dumps"/>
  <testcase name="login" time="0.001" classname="com.externalApi.Dumps"/>
  <testcase name="login" time="0.001" classname="com.externalApi.Dumps"/>
  <testcase name="login" time="0.001" classname="com.externalApi.Dumps"/>
  <testcase name="login" time="0.000" classname="com.externalApi.Dumps"/>
  <testcase name="login" time="0.001" classname="com.externalApi.Dumps"/>
  <testcase name="login" time="0.000" classname="com.externalApi.Dumps"/>
  <testcase name="login" time="0.001" classname="com.externalApi.Dumps"/>
  <testcase name="login" time="0.000" classname="com.externalApi.Dumps"/>
  <testcase name="login" time="0.001" classname="com.externalApi.Dumps"/>
  <testcase name="login" time="0.001" classname="com.externalApi.Dumps"/>
  <testcase name="login" time="0.000" classname="com.externalApi.Dumps"/>
  <testcase name="login" time="0.001" classname="com.externalApi.Dumps"/>
  <testcase name="login" time="0.000" classname="com.externalApi.Dumps"/>
  <testcase name="login" time="0.000" classname="com.externalApi.Dumps"/>
  <testcase name="login" time="0.001" classname="com.externalApi.Dumps"/>
  <testcase name="login" time="0.000" classname="com.externalApi.Dumps"/>
  <testcase name="login" time="0.002" classname="com.externalApi.Dumps"/>
  <testcase name="login" time="0.089" classname="com.externalApi.Dumps"/>
  <testcase name="login" time="0.001" classname="com.externalApi.Dumps"/>
  <testcase name="login" time="0.001" classname="com.externalApi.Dumps"/>
  <testcase name="login" time="0.001" classname="com.externalApi.Dumps"/>
  <testcase name="login" time="0.001" classname="com.externalApi.Dumps"/>
  <testcase name="login" time="0.001" classname="com.externalApi.Dumps"/>
  <testcase name="login" time="0.000" classname="com.externalApi.Dumps"/>
  <testcase name="login" time="0.001" classname="com.externalApi.Dumps"/>
  <testcase name="login" time="0.000" classname="com.externalApi.Dumps"/>
  <testcase name="login" time="0.000" classname="com.externalApi.Dumps"/>
  <testcase name="login" time="0.001" classname="com.externalApi.Dumps"/>
  <testcase name="login" time="0.000" classname="com.externalApi.Dumps"/>
  <testcase name="login" time="0.000" classname="com.externalApi.Dumps"/>
  <testcase name="login" time="0.002" classname="com.externalApi.Dumps"/>
  <testcase name="login" time="0.000" classname="com.externalApi.Dumps"/>
  <testcase name="login" time="0.000" classname="com.externalApi.Dumps"/>
  <testcase name="login" time="0.001" classname="com.externalApi.Dumps"/>
  <testcase name="login" time="0.000" classname="com.externalApi.Dumps"/>
  <testcase name="login" time="0.001" classname="com.externalApi.Dumps"/>
  <testcase name="login" time="0.001" classname="com.externalApi.Dumps"/>
  <testcase name="login" time="0.000" classname="com.externalApi.Dumps"/>
  <testcase name="login" time="0.000" classname="com.externalApi.Dumps"/>
  <testcase name="login" time="0.000" classname="com.externalApi.Dumps"/>
  <testcase name="login" time="0.000" classname="com.externalApi.Dumps"/>
  <testcase name="login" time="0.004" classname="com.externalApi.Dumps"/>
  <testcase name="login" time="0.001" classname="com.externalApi.Dumps"/>
  <testcase name="login" time="0.001" classname="com.externalApi.Dumps"/>
  <testcase name="login" time="0.001" classname="com.externalApi.Dumps"/>
  <testcase name="login" time="0.000" classname="com.externalApi.Dumps"/>
  <testcase name="login" time="0.002" classname="com.externalApi.Dumps"/>
  <testcase name="login" time="0.001" classname="com.externalApi.Dumps"/>
  <testcase name="login" time="0.001" classname="com.externalApi.Dumps"/>
  <testcase name="login" time="0.000" classname="com.externalApi.Dumps"/>
  <testcase name="login" time="0.001" classname="com.externalApi.Dumps"/>
  <testcase name="login" time="0.001" classname="com.externalApi.Dumps"/>
  <testcase name="login" time="0.000" classname="com.externalApi.Dumps"/>
  <testcase name="login" time="0.000" classname="com.externalApi.Dumps"/>
  <testcase name="login" time="0.002" classname="com.externalApi.Dumps"/>
  <testcase name="login" time="0.000" classname="com.externalApi.Dumps"/>
  <testcase name="login" time="0.000" classname="com.externalApi.Dumps"/>
  <testcase name="login" time="0.002" classname="com.externalApi.Dumps"/>
  <testcase name="login" time="0.000" classname="com.externalApi.Dumps"/>
  <testcase name="login" time="0.000" classname="com.externalApi.Dumps"/>
  <testcase name="login" time="0.003" classname="com.externalApi.Dumps"/>
  <testcase name="login" time="0.000" classname="com.externalApi.Dumps"/>
  <testcase name="login" time="0.000" classname="com.externalApi.Dumps"/>
  <testcase name="login" time="0.001" classname="com.externalApi.Dumps"/>
  <testcase name="login" time="0.001" classname="com.externalApi.Dumps"/>
  <testcase name="login" time="0.002" classname="com.externalApi.Dumps"/>
  <testcase name="login" time="0.001" classname="com.externalApi.Dumps"/>
  <testcase name="login" time="0.001" classname="com.externalApi.Dumps"/>
  <testcase name="login" time="0.001" classname="com.externalApi.Dumps"/>
  <testcase name="login" time="0.000" classname="com.externalApi.Dumps"/>
  <testcase name="login" time="0.001" classname="com.externalApi.Dumps"/>
  <testcase name="login" time="0.001" classname="com.externalApi.Dumps"/>
  <testcase name="login" time="0.008" classname="com.externalApi.Dumps"/>
  <testcase name="login" time="0.001" classname="com.externalApi.Dumps"/>
  <testcase name="login" time="0.000" classname="com.externalApi.Dumps"/>
  <testcase name="login" time="0.001" classname="com.externalApi.Dumps"/>
  <testcase name="login" time="0.000" classname="com.externalApi.Dumps"/>
  <testcase name="login" time="0.000" classname="com.externalApi.Dumps"/>
  <testcase name="login" time="0.000" classname="com.externalApi.Dumps"/>
  <testcase name="login" time="0.001" classname="com.externalApi.Dumps"/>
  <testcase name="login" time="0.000" classname="com.externalApi.Dumps"/>
  <testcase name="login" time="0.004" classname="com.externalApi.Dumps"/>
  <testcase name="login" time="0.001" classname="com.externalApi.Dumps"/>
  <testcase name="login" time="0.001" classname="com.externalApi.Dumps"/>
  <testcase name="login" time="0.004" classname="com.externalApi.Dumps"/>
  <testcase name="login" time="0.000" classname="com.externalApi.Dumps"/>
  <testcase name="login" time="0.001" classname="com.externalApi.Dumps"/>
  <testcase name="login" time="0.001" classname="com.externalApi.Dumps"/>
  <testcase name="login" time="0.001" classname="com.externalApi.Dumps"/>
  <testcase name="login" time="0.000" classname="com.externalApi.Dumps"/>
  <testcase name="login" time="0.001" classname="com.externalApi.Dumps"/>
  <testcase name="login" time="0.001" classname="com.externalApi.Dumps"/>
  <testcase name="login" time="0.003" classname="com.externalApi.Dumps"/>
  <testcase name="login" time="0.000" classname="com.externalApi.Dumps"/>
  <testcase name="login" time="0.001" classname="com.externalApi.Dumps"/>
  <testcase name="login" time="0.001" classname="com.externalApi.Dumps"/>
  <testcase name="login" time="0.001" classname="com.externalApi.Dumps"/>
  <testcase name="login" time="0.001" classname="com.externalApi.Dumps"/>
  <testcase name="login" time="0.000" classname="com.externalApi.Dumps"/>
  <testcase name="login" time="0.000" classname="com.externalApi.Dumps"/>
  <testcase name="login" time="0.000" classname="com.externalApi.Dumps"/>
  <testcase name="login" time="0.000" classname="com.externalApi.Dumps"/>
  <testcase name="login" time="0.000" classname="com.externalApi.Dumps"/>
  <testcase name="login" time="0.000" classname="com.externalApi.Dumps"/>
  <testcase name="login" time="0.001" classname="com.externalApi.Dumps"/>
  <testcase name="login" time="0.001" classname="com.externalApi.Dumps"/>
  <testcase name="login" time="0.000" classname="com.externalApi.Dumps"/>
  <testcase name="login" time="0.001" classname="com.externalApi.Dumps"/>
  <testcase name="login" time="0.000" classname="com.externalApi.Dumps"/>
  <testcase name="login" time="0.002" classname="com.externalApi.Dumps"/>
  <testcase name="login" time="0.001" classname="com.externalApi.Dumps"/>
  <testcase name="login" time="0.000" classname="com.externalApi.Dumps"/>
  <testcase name="login" time="0.001" classname="com.externalApi.Dumps"/>
  <testcase name="login" time="0.001" classname="com.externalApi.Dumps"/>
  <testcase name="login" time="0.001" classname="com.externalApi.Dumps"/>
  <testcase name="login" time="0.001" classname="com.externalApi.Dumps"/>
  <testcase name="login" time="0.001" classname="com.externalApi.Dumps"/>
  <testcase name="login" time="0.001" classname="com.externalApi.Dumps"/>
  <testcase name="login" time="0.000" classname="com.externalApi.Dumps"/>
  <testcase name="login" time="0.000" classname="com.externalApi.Dumps"/>
  <testcase name="login" time="0.001" classname="com.externalApi.Dumps"/>
  <testcase name="login" time="0.000" classname="com.externalApi.Dumps"/>
  <testcase name="login" time="0.000" classname="com.externalApi.Dumps"/>
  <testcase name="login" time="0.001" classname="com.externalApi.Dumps"/>
  <testcase name="login" time="0.000" classname="com.externalApi.Dumps"/>
  <testcase name="login" time="0.000" classname="com.externalApi.Dumps"/>
  <testcase name="login" time="0.002" classname="com.externalApi.Dumps"/>
  <testcase name="login" time="0.001" classname="com.externalApi.Dumps"/>
  <testcase name="login" time="0.000" classname="com.externalApi.Dumps"/>
  <testcase name="login" time="0.002" classname="com.externalApi.Dumps"/>
  <testcase name="login" time="0.001" classname="com.externalApi.Dumps"/>
  <testcase name="login" time="0.000" classname="com.externalApi.Dumps"/>
  <testcase name="login" time="0.001" classname="com.externalApi.Dumps"/>
  <testcase name="login" time="0.001" classname="com.externalApi.Dumps"/>
  <testcase name="login" time="0.000" classname="com.externalApi.Dumps"/>
  <testcase name="login" time="0.001" classname="com.externalApi.Dumps"/>
  <testcase name="login" time="0.001" classname="com.externalApi.Dumps"/>
  <testcase name="login" time="0.000" classname="com.externalApi.Dumps"/>
  <testcase name="login" time="0.014" classname="com.externalApi.Dumps"/>
  <testcase name="login" time="0.002" classname="com.externalApi.Dumps"/>
  <testcase name="login" time="0.000" classname="com.externalApi.Dumps"/>
  <testcase name="login" time="0.000" classname="com.externalApi.Dumps"/>
  <testcase name="login" time="0.000" classname="com.externalApi.Dumps"/>
  <testcase name="login" time="0.000" classname="com.externalApi.Dumps"/>
  <testcase name="login" time="0.002" classname="com.externalApi.Dumps"/>
  <testcase name="login" time="0.000" classname="com.externalApi.Dumps"/>
  <testcase name="login" time="0.152" classname="com.externalApi.Dumps"/>
  <testcase name="login" time="0.001" classname="com.externalApi.Dumps"/>
  <testcase name="login" time="0.001" classname="com.externalApi.Dumps"/>
  <testcase name="login" time="0.000" classname="com.externalApi.Dumps"/>
  <testcase name="login" time="0.000" classname="com.externalApi.Dumps"/>
  <testcase name="login" time="0.002" classname="com.externalApi.Dumps"/>
  <testcase name="login" time="0.000" classname="com.externalApi.Dumps"/>
  <testcase name="login" time="0.001" classname="com.externalApi.Dumps"/>
  <testcase name="login" time="0.001" classname="com.externalApi.Dumps"/>
  <testcase name="login" time="0.001" classname="com.externalApi.Dumps"/>
  <testcase name="login" time="0.002" classname="com.externalApi.Dumps"/>
  <testcase name="login" time="0.001" classname="com.externalApi.Dumps"/>
  <testcase name="login" time="0.001" classname="com.externalApi.Dumps"/>
  <testcase name="login" time="0.001" classname="com.externalApi.Dumps"/>
  <testcase name="login" time="0.000" classname="com.externalApi.Dumps"/>
  <testcase name="login" time="0.001" classname="com.externalApi.Dumps"/>
  <testcase name="login" time="0.001" classname="com.externalApi.Dumps"/>
  <testcase name="login" time="0.008" classname="com.externalApi.Dumps"/>
  <testcase name="login" time="0.000" classname="com.externalApi.Dumps"/>
  <testcase name="login" time="0.000" classname="com.externalApi.Dumps"/>
  <testcase name="login" time="0.004" classname="com.externalApi.Dumps"/>
  <testcase name="login" time="0.001" classname="com.externalApi.Dumps"/>
  <testcase name="login" time="0.000" classname="com.externalApi.Dumps"/>
  <testcase name="login" time="0.000" classname="com.externalApi.Dumps"/>
  <testcase name="login" time="0.000" classname="com.externalApi.Dumps"/>
  <testcase name="login" time="0.000" classname="com.externalApi.Dumps"/>
  <testcase name="login" time="0.001" classname="com.externalApi.Dumps"/>
  <testcase name="login" time="0.000" classname="com.externalApi.Dumps"/>
  <testcase name="login" time="0.000" classname="com.externalApi.Dumps"/>
  <testcase name="login" time="0.001" classname="com.externalApi.Dumps"/>
  <testcase name="login" time="0.000" classname="com.externalApi.Dumps"/>
  <testcase name="login" time="0.001" classname="com.externalApi.Dumps"/>
  <testcase name="login" time="0.000" classname="com.externalApi.Dumps"/>
  <testcase name="login" time="0.000" classname="com.externalApi.Dumps"/>
  <testcase name="login" time="0.001" classname="com.externalApi.Dumps"/>
  <testcase name="login" time="0.001" classname="com.externalApi.Dumps"/>
  <testcase name="login" time="0.000" classname="com.externalApi.Dumps"/>
  <testcase name="login" time="0.001" classname="com.externalApi.Dumps"/>
  <testcase name="login" time="0.000" classname="com.externalApi.Dumps"/>
  <testcase name="login" time="0.000" classname="com.externalApi.Dumps"/>
  <testcase name="login" time="0.002" classname="com.externalApi.Dumps"/>
  <testcase name="login" time="0.001" classname="com.externalApi.Dumps"/>
  <testcase name="login" time="0.000" classname="com.externalApi.Dumps"/>
  <testcase name="login" time="0.001" classname="com.externalApi.Dumps"/>
  <testcase name="login" time="0.000" classname="com.externalApi.Dumps"/>
  <testcase name="login" time="0.000" classname="com.externalApi.Dumps"/>
  <testcase name="login" time="0.001" classname="com.externalApi.Dumps"/>
  <testcase name="login" time="0.000" classname="com.externalApi.Dumps"/>
  <testcase name="login" time="0.000" classname="com.externalApi.Dumps"/>
  <testcase name="login" time="0.001" classname="com.externalApi.Dumps"/>
  <testcase name="login" time="0.000" classname="com.externalApi.Dumps"/>
  <testcase name="login" time="0.001" classname="com.externalApi.Dumps"/>
  <testcase name="login" time="0.015" classname="com.externalApi.Dumps"/>
  <testcase name="login" time="0.000" classname="com.externalApi.Dumps"/>
  <testcase name="login" time="0.001" classname="com.externalApi.Dumps"/>
  <testcase name="login" time="0.000" classname="com.externalApi.Dumps"/>
  <testcase name="login" time="0.000" classname="com.externalApi.Dumps"/>
  <testcase name="login" time="0.002" classname="com.externalApi.Dumps"/>
  <testcase name="login" time="0.000" classname="com.externalApi.Dumps"/>
  <testcase name="login" time="0.000" classname="com.externalApi.Dumps"/>
  <testcase name="login" time="0.001" classname="com.externalApi.Dumps"/>
  <testcase name="login" time="0.001" classname="com.externalApi.Dumps"/>
  <testcase name="login" time="0.000" classname="com.externalApi.Dumps"/>
  <testcase name="login" time="0.000" classname="com.externalApi.Dumps"/>
  <testcase name="login" time="0.001" classname="com.externalApi.Dumps"/>
  <testcase name="login" time="0.001" classname="com.externalApi.Dumps"/>
  <testcase name="login" time="0.000" classname="com.externalApi.Dumps"/>
  <testcase name="login" time="0.000" classname="com.externalApi.Dumps"/>
  <testcase name="login" time="0.002" classname="com.externalApi.Dumps"/>
  <testcase name="login" time="0.001" classname="com.externalApi.Dumps"/>
  <testcase name="login" time="0.001" classname="com.externalApi.Dumps"/>
  <testcase name="login" time="0.001" classname="com.externalApi.Dumps"/>
  <testcase name="login" time="0.001" classname="com.externalApi.Dumps"/>
  <testcase name="login" time="0.002" classname="com.externalApi.Dumps"/>
  <testcase name="login" time="0.000" classname="com.externalApi.Dumps"/>
  <testcase name="login" time="0.001" classname="com.externalApi.Dumps"/>
  <testcase name="login" time="0.000" classname="com.externalApi.Dumps"/>
  <testcase name="login" time="0.001" classname="com.externalApi.Dumps"/>
  <testcase name="login" time="0.001" classname="com.externalApi.Dumps"/>
  <testcase name="login" time="0.000" classname="com.externalApi.Dumps"/>
  <testcase name="login" time="0.000" classname="com.externalApi.Dumps"/>
  <testcase name="login" time="0.000" classname="com.externalApi.Dumps"/>
  <testcase name="login" time="0.000" classname="com.externalApi.Dumps"/>
  <testcase name="login" time="0.002" classname="com.externalApi.Dumps"/>
  <testcase name="login" time="0.001" classname="com.externalApi.Dumps"/>
  <testcase name="login" time="0.000" classname="com.externalApi.Dumps"/>
  <testcase name="login" time="0.001" classname="com.externalApi.Dumps"/>
  <testcase name="login" time="0.000" classname="com.externalApi.Dumps"/>
  <testcase name="login" time="0.000" classname="com.externalApi.Dumps"/>
  <testcase name="login" time="0.000" classname="com.externalApi.Dumps"/>
  <testcase name="login" time="0.001" classname="com.externalApi.Dumps"/>
  <testcase name="login" time="0.000" classname="com.externalApi.Dumps"/>
  <testcase name="login" time="0.001" classname="com.externalApi.Dumps"/>
  <testcase name="login" time="0.001" classname="com.externalApi.Dumps"/>
  <testcase name="login" time="0.001" classname="com.externalApi.Dumps"/>
  <testcase name="login" time="0.000" classname="com.externalApi.Dumps"/>
  <testcase name="login" time="0.000" classname="com.externalApi.Dumps"/>
  <testcase name="login" time="0.001" classname="com.externalApi.Dumps"/>
  <testcase name="login" time="0.001" classname="com.externalApi.Dumps"/>
  <testcase name="login" time="0.000" classname="com.externalApi.Dumps"/>
  <testcase name="login" time="0.001" classname="com.externalApi.Dumps"/>
  <testcase name="login" time="0.001" classname="com.externalApi.Dumps"/>
  <testcase name="login" time="0.002" classname="com.externalApi.Dumps"/>
  <testcase name="login" time="0.002" classname="com.externalApi.Dumps"/>
  <testcase name="login" time="0.000" classname="com.externalApi.Dumps"/>
  <testcase name="login" time="0.000" classname="com.externalApi.Dumps"/>
  <testcase name="login" time="0.001" classname="com.externalApi.Dumps"/>
  <testcase name="login" time="0.001" classname="com.externalApi.Dumps"/>
  <testcase name="login" time="0.001" classname="com.externalApi.Dumps"/>
  <testcase name="login" time="0.000" classname="com.externalApi.Dumps"/>
  <testcase name="login" time="0.011" classname="com.externalApi.Dumps"/>
  <testcase name="login" time="0.001" classname="com.externalApi.Dumps"/>
  <testcase name="login" time="0.001" classname="com.externalApi.Dumps"/>
  <testcase name="login" time="0.000" classname="com.externalApi.Dumps"/>
  <testcase name="login" time="0.000" classname="com.externalApi.Dumps"/>
  <testcase name="login" time="0.001" classname="com.externalApi.Dumps"/>
  <testcase name="login" time="0.001" classname="com.externalApi.Dumps"/>
  <testcase name="login" time="0.001" classname="com.externalApi.Dumps"/>
  <testcase name="login" time="0.000" classname="com.externalApi.Dumps"/>
  <testcase name="login" time="0.000" classname="com.externalApi.Dumps"/>
  <testcase name="login" time="0.001" classname="com.externalApi.Dumps"/>
  <testcase name="login" time="0.001" classname="com.externalApi.Dumps"/>
  <testcase name="login" time="0.000" classname="com.externalApi.Dumps"/>
  <testcase name="login" time="0.001" classname="com.externalApi.Dumps"/>
  <testcase name="login" time="0.000" classname="com.externalApi.Dumps"/>
  <testcase name="login" time="0.001" classname="com.externalApi.Dumps"/>
  <testcase name="login" time="0.002" classname="com.externalApi.Dumps"/>
  <testcase name="login" time="0.000" classname="com.externalApi.Dumps"/>
  <testcase name="login" time="0.003" classname="com.externalApi.Dumps"/>
  <testcase name="login" time="0.001" classname="com.externalApi.Dumps"/>
  <testcase name="login" time="0.000" classname="com.externalApi.Dumps"/>
  <testcase name="login" time="0.001" classname="com.externalApi.Dumps"/>
  <testcase name="login" time="0.000" classname="com.externalApi.Dumps"/>
  <testcase name="login" time="0.001" classname="com.externalApi.Dumps"/>
  <testcase name="login" time="0.001" classname="com.externalApi.Dumps"/>
  <testcase name="login" time="0.001" classname="com.externalApi.Dumps"/>
  <testcase name="login" time="0.000" classname="com.externalApi.Dumps"/>
  <testcase name="login" time="0.001" classname="com.externalApi.Dumps"/>
  <testcase name="login" time="0.000" classname="com.externalApi.Dumps"/>
  <testcase name="login" time="0.001" classname="com.externalApi.Dumps"/>
  <testcase name="login" time="0.001" classname="com.externalApi.Dumps"/>
  <testcase name="login" time="0.001" classname="com.externalApi.Dumps"/>
  <testcase name="login" time="0.000" classname="com.externalApi.Dumps"/>
  <testcase name="login" time="0.001" classname="com.externalApi.Dumps"/>
  <testcase name="login" time="0.001" classname="com.externalApi.Dumps"/>
  <testcase name="login" time="0.000" classname="com.externalApi.Dumps"/>
  <testcase name="login" time="0.002" classname="com.externalApi.Dumps"/>
  <testcase name="login" time="0.000" classname="com.externalApi.Dumps"/>
  <testcase name="login" time="0.000" classname="com.externalApi.Dumps"/>
  <testcase name="login" time="0.000" classname="com.externalApi.Dumps"/>
  <testcase name="login" time="0.000" classname="com.externalApi.Dumps"/>
  <testcase name="login" time="0.000" classname="com.externalApi.Dumps"/>
  <testcase name="login" time="0.000" classname="com.externalApi.Dumps"/>
  <testcase name="login" time="0.000" classname="com.externalApi.Dumps"/>
  <testcase name="login" time="0.000" classname="com.externalApi.Dumps"/>
  <testcase name="login" time="0.000" classname="com.externalApi.Dumps"/>
  <testcase name="login" time="0.000" classname="com.externalApi.Dumps"/>
  <testcase name="login" time="0.002" classname="com.externalApi.Dumps"/>
  <testcase name="login" time="0.000" classname="com.externalApi.Dumps"/>
  <testcase name="login" time="0.001" classname="com.externalApi.Dumps"/>
  <testcase name="login" time="0.001" classname="com.externalApi.Dumps"/>
  <testcase name="login" time="0.001" classname="com.externalApi.Dumps"/>
  <testcase name="login" time="0.001" classname="com.externalApi.Dumps"/>
  <testcase name="login" time="0.001" classname="com.externalApi.Dumps"/>
  <testcase name="login" time="0.000" classname="com.externalApi.Dumps"/>
  <testcase name="login" time="0.002" classname="com.externalApi.Dumps"/>
  <testcase name="login" time="0.001" classname="com.externalApi.Dumps"/>
  <testcase name="login" time="0.001" classname="com.externalApi.Dumps"/>
  <testcase name="login" time="0.000" classname="com.externalApi.Dumps"/>
  <testcase name="login" time="0.001" classname="com.externalApi.Dumps"/>
  <testcase name="login" time="0.001" classname="com.externalApi.Dumps"/>
  <testcase name="login" time="0.001" classname="com.externalApi.Dumps"/>
  <testcase name="login" time="0.001" classname="com.externalApi.Dumps"/>
  <testcase name="login" time="0.001" classname="com.externalApi.Dumps"/>
  <testcase name="login" time="0.001" classname="com.externalApi.Dumps"/>
  <testcase name="login" time="0.000" classname="com.externalApi.Dumps"/>
  <testcase name="login" time="0.001" classname="com.externalApi.Dumps"/>
  <testcase name="login" time="0.000" classname="com.externalApi.Dumps"/>
  <testcase name="login" time="0.000" classname="com.externalApi.Dumps"/>
  <testcase name="login" time="0.000" classname="com.externalApi.Dumps"/>
  <testcase name="login" time="0.000" classname="com.externalApi.Dumps"/>
  <testcase name="login" time="0.014" classname="com.externalApi.Dumps"/>
  <testcase name="login" time="0.001" classname="com.externalApi.Dumps"/>
  <testcase name="login" time="0.002" classname="com.externalApi.Dumps"/>
  <testcase name="login" time="0.001" classname="com.externalApi.Dumps"/>
  <testcase name="login" time="0.001" classname="com.externalApi.Dumps"/>
  <testcase name="login" time="0.000" classname="com.externalApi.Dumps"/>
  <testcase name="login" time="0.002" classname="com.externalApi.Dumps"/>
  <testcase name="login" time="0.001" classname="com.externalApi.Dumps"/>
  <testcase name="login" time="0.001" classname="com.externalApi.Dumps"/>
  <testcase name="login" time="0.000" classname="com.externalApi.Dumps"/>
  <testcase name="login" time="0.001" classname="com.externalApi.Dumps"/>
  <testcase name="login" time="0.001" classname="com.externalApi.Dumps"/>
  <testcase name="login" time="0.001" classname="com.externalApi.Dumps"/>
  <testcase name="login" time="0.000" classname="com.externalApi.Dumps"/>
  <testcase name="login" time="0.001" classname="com.externalApi.Dumps"/>
  <testcase name="login" time="0.001" classname="com.externalApi.Dumps"/>
  <testcase name="login" time="0.000" classname="com.externalApi.Dumps"/>
  <testcase name="login" time="0.002" classname="com.externalApi.Dumps"/>
  <testcase name="login" time="0.001" classname="com.externalApi.Dumps"/>
  <testcase name="login" time="0.000" classname="com.externalApi.Dumps"/>
  <testcase name="login" time="0.001" classname="com.externalApi.Dumps"/>
  <testcase name="login" time="0.000" classname="com.externalApi.Dumps"/>
  <testcase name="login" time="0.000" classname="com.externalApi.Dumps"/>
  <testcase name="login" time="0.001" classname="com.externalApi.Dumps"/>
  <testcase name="login" time="0.000" classname="com.externalApi.Dumps"/>
  <testcase name="login" time="0.001" classname="com.externalApi.Dumps"/>
  <testcase name="login" time="0.000" classname="com.externalApi.Dumps"/>
  <testcase name="login" time="0.001" classname="com.externalApi.Dumps"/>
  <testcase name="login" time="0.001" classname="com.externalApi.Dumps"/>
  <testcase name="login" time="0.000" classname="com.externalApi.Dumps"/>
  <testcase name="login" time="0.001" classname="com.externalApi.Dumps"/>
  <testcase name="login" time="0.000" classname="com.externalApi.Dumps"/>
  <testcase name="login" time="0.001" classname="com.externalApi.Dumps"/>
  <testcase name="login" time="0.001" classname="com.externalApi.Dumps"/>
  <testcase name="login" time="0.001" classname="com.externalApi.Dumps"/>
  <testcase name="login" time="0.005" classname="com.externalApi.Dumps"/>
  <testcase name="login" time="0.001" classname="com.externalApi.Dumps"/>
  <testcase name="login" time="0.001" classname="com.externalApi.Dumps"/>
  <testcase name="login" time="0.001" classname="com.externalApi.Dumps"/>
  <testcase name="login" time="0.001" classname="com.externalApi.Dumps"/>
  <testcase name="login" time="0.000" classname="com.externalApi.Dumps"/>
  <testcase name="login" time="0.000" classname="com.externalApi.Dumps"/>
  <testcase name="login" time="0.000" classname="com.externalApi.Dumps"/>
  <testcase name="login" time="0.000" classname="com.externalApi.Dumps"/>
  <testcase name="login" time="0.001" classname="com.externalApi.Dumps"/>
  <testcase name="login" time="0.001" classname="com.externalApi.Dumps"/>
  <testcase name="login" time="0.000" classname="com.externalApi.Dumps"/>
  <testcase name="login" time="0.000" classname="com.externalApi.Dumps"/>
  <testcase name="login" time="0.001" classname="com.externalApi.Dumps"/>
  <testcase name="login" time="0.001" classname="com.externalApi.Dumps"/>
  <testcase name="login" time="0.001" classname="com.externalApi.Dumps"/>
  <testcase name="login" time="0.003" classname="com.externalApi.Dumps"/>
  <testcase name="login" time="0.001" classname="com.externalApi.Dumps"/>
  <testcase name="login" time="0.001" classname="com.externalApi.Dumps"/>
  <testcase name="login" time="0.000" classname="com.externalApi.Dumps"/>
  <testcase name="login" time="0.001" classname="com.externalApi.Dumps"/>
  <testcase name="login" time="0.000" classname="com.externalApi.Dumps"/>
  <testcase name="login" time="0.001" classname="com.externalApi.Dumps"/>
  <testcase name="login" time="0.000" classname="com.externalApi.Dumps"/>
  <testcase name="login" time="0.001" classname="com.externalApi.Dumps"/>
  <testcase name="login" time="0.001" classname="com.externalApi.Dumps"/>
  <testcase name="login" time="0.000" classname="com.externalApi.Dumps"/>
  <testcase name="login" time="0.001" classname="com.externalApi.Dumps"/>
  <testcase name="login" time="0.000" classname="com.externalApi.Dumps"/>
  <testcase name="login" time="0.001" classname="com.externalApi.Dumps"/>
  <testcase name="login" time="0.000" classname="com.externalApi.Dumps"/>
  <testcase name="login" time="0.000" classname="com.externalApi.Dumps"/>
  <testcase name="login" time="0.000" classname="com.externalApi.Dumps"/>
  <testcase name="login" time="0.000" classname="com.externalApi.Dumps"/>
  <testcase name="login" time="0.000" classname="com.externalApi.Dumps"/>
  <testcase name="login" time="0.001" classname="com.externalApi.Dumps"/>
  <testcase name="login" time="0.001" classname="com.externalApi.Dumps"/>
  <testcase name="login" time="0.001" classname="com.externalApi.Dumps"/>
  <testcase name="login" time="0.001" classname="com.externalApi.Dumps"/>
  <testcase name="login" time="0.001" classname="com.externalApi.Dumps"/>
  <testcase name="login" time="0.001" classname="com.externalApi.Dumps"/>
  <testcase name="login" time="0.001" classname="com.externalApi.Dumps"/>
  <testcase name="login" time="0.001" classname="com.externalApi.Dumps"/>
  <testcase name="login" time="0.002" classname="com.externalApi.Dumps"/>
  <testcase name="login" time="0.000" classname="com.externalApi.Dumps"/>
  <testcase name="login" time="0.000" classname="com.externalApi.Dumps"/>
  <testcase name="login" time="0.000" classname="com.externalApi.Dumps"/>
  <testcase name="login" time="0.001" classname="com.externalApi.Dumps"/>
  <testcase name="login" time="0.002" classname="com.externalApi.Dumps"/>
  <testcase name="login" time="0.001" classname="com.externalApi.Dumps"/>
  <testcase name="login" time="0.000" classname="com.externalApi.Dumps"/>
  <testcase name="login" time="0.000" classname="com.externalApi.Dumps"/>
  <testcase name="login" time="0.001" classname="com.externalApi.Dumps"/>
  <testcase name="login" time="0.000" classname="com.externalApi.Dumps"/>
  <testcase name="login" time="0.000" classname="com.externalApi.Dumps"/>
  <testcase name="login" time="0.049" classname="com.externalApi.Dumps"/>
  <testcase name="login" time="0.001" classname="com.externalApi.Dumps"/>
  <testcase name="login" time="0.001" classname="com.externalApi.Dumps"/>
  <testcase name="login" time="0.002" classname="com.externalApi.Dumps"/>
  <testcase name="login" time="0.001" classname="com.externalApi.Dumps"/>
  <testcase name="login" time="0.001" classname="com.externalApi.Dumps"/>
  <testcase name="login" time="0.000" classname="com.externalApi.Dumps"/>
  <testcase name="login" time="0.000" classname="com.externalApi.Dumps"/>
  <testcase name="login" time="0.000" classname="com.externalApi.Dumps"/>
  <testcase name="login" time="0.000" classname="com.externalApi.Dumps"/>
  <testcase name="login" time="0.000" classname="com.externalApi.Dumps"/>
  <testcase name="login" time="0.001" classname="com.externalApi.Dumps"/>
  <testcase name="login" time="0.000" classname="com.externalApi.Dumps"/>
  <testcase name="login" time="0.001" classname="com.externalApi.Dumps"/>
  <testcase name="login" time="0.002" classname="com.externalApi.Dumps"/>
  <testcase name="login" time="0.000" classname="com.externalApi.Dumps"/>
  <testcase name="login" time="0.001" classname="com.externalApi.Dumps"/>
  <testcase name="login" time="0.000" classname="com.externalApi.Dumps"/>
  <testcase name="login" time="0.000" classname="com.externalApi.Dumps"/>
  <testcase name="login" time="0.000" classname="com.externalApi.Dumps"/>
  <testcase name="login" time="0.000" classname="com.externalApi.Dumps"/>
  <testcase name="login" time="0.000" classname="com.externalApi.Dumps"/>
  <testcase name="login" time="0.001" classname="com.externalApi.Dumps"/>
  <testcase name="login" time="0.000" classname="com.externalApi.Dumps"/>
  <testcase name="login" time="0.000" classname="com.externalApi.Dumps"/>
  <testcase name="login" time="0.000" classname="com.externalApi.Dumps"/>
  <testcase name="login" time="0.001" classname="com.externalApi.Dumps"/>
  <testcase name="login" time="0.001" classname="com.externalApi.Dumps"/>
  <testcase name="login" time="0.000" classname="com.externalApi.Dumps"/>
  <testcase name="login" time="0.001" classname="com.externalApi.Dumps"/>
  <testcase name="login" time="0.000" classname="com.externalApi.Dumps"/>
  <testcase name="login" time="0.000" classname="com.externalApi.Dumps"/>
  <testcase name="login" time="0.001" classname="com.externalApi.Dumps"/>
  <testcase name="login" time="0.001" classname="com.externalApi.Dumps"/>
  <testcase name="login" time="0.001" classname="com.externalApi.Dumps"/>
  <testcase name="login" time="0.001" classname="com.externalApi.Dumps"/>
  <testcase name="login" time="0.001" classname="com.externalApi.Dumps"/>
  <testcase name="login" time="0.001" classname="com.externalApi.Dumps"/>
  <testcase name="login" time="0.001" classname="com.externalApi.Dumps"/>
  <testcase name="login" time="0.000" classname="com.externalApi.Dumps"/>
  <testcase name="login" time="0.001" classname="com.externalApi.Dumps"/>
  <testcase name="login" time="0.000" classname="com.externalApi.Dumps"/>
  <testcase name="login" time="0.002" classname="com.externalApi.Dumps"/>
  <testcase name="login" time="0.000" classname="com.externalApi.Dumps"/>
  <testcase name="login" time="0.001" classname="com.externalApi.Dumps"/>
  <testcase name="login" time="0.001" classname="com.externalApi.Dumps"/>
  <testcase name="login" time="0.001" classname="com.externalApi.Dumps"/>
  <testcase name="login" time="0.000" classname="com.externalApi.Dumps"/>
  <testcase name="login" time="0.000" classname="com.externalApi.Dumps"/>
  <testcase name="login" time="0.000" classname="com.externalApi.Dumps"/>
  <testcase name="login" time="0.001" classname="com.externalApi.Dumps"/>
  <testcase name="login" time="0.000" classname="com.externalApi.Dumps"/>
  <testcase name="login" time="0.000" classname="com.externalApi.Dumps"/>
  <testcase name="login" time="0.001" classname="com.externalApi.Dumps"/>
  <testcase name="login" time="0.000" classname="com.externalApi.Dumps"/>
  <testcase name="login" time="0.001" classname="com.externalApi.Dumps"/>
  <testcase name="login" time="0.000" classname="com.externalApi.Dumps"/>
  <testcase name="login" time="0.001" classname="com.externalApi.Dumps"/>
  <testcase name="login" time="0.001" classname="com.externalApi.Dumps"/>
  <testcase name="login" time="0.000" classname="com.externalApi.Dumps"/>
  <testcase name="login" time="0.000" classname="com.externalApi.Dumps"/>
  <testcase name="login" time="0.001" classname="com.externalApi.Dumps"/>
  <testcase name="login" time="0.001" classname="com.externalApi.Dumps"/>
  <testcase name="login" time="0.000" classname="com.externalApi.Dumps"/>
  <testcase name="login" time="0.000" classname="com.externalApi.Dumps"/>
  <testcase name="login" time="0.000" classname="com.externalApi.Dumps"/>
  <testcase name="login" time="0.001" classname="com.externalApi.Dumps"/>
  <testcase name="login" time="0.046" classname="com.externalApi.Dumps"/>
  <testcase name="login" time="0.000" classname="com.externalApi.Dumps"/>
  <testcase name="login" time="0.000" classname="com.externalApi.Dumps"/>
  <testcase name="login" time="0.001" classname="com.externalApi.Dumps"/>
  <testcase name="login" time="0.001" classname="com.externalApi.Dumps"/>
  <testcase name="login" time="0.001" classname="com.externalApi.Dumps"/>
  <testcase name="login" time="0.000" classname="com.externalApi.Dumps"/>
  <testcase name="login" time="0.001" classname="com.externalApi.Dumps"/>
  <testcase name="login" time="0.000" classname="com.externalApi.Dumps"/>
  <testcase name="login" time="0.002" classname="com.externalApi.Dumps"/>
  <testcase name="login" time="0.001" classname="com.externalApi.Dumps"/>
  <testcase name="login" time="0.000" classname="com.externalApi.Dumps"/>
  <testcase name="login" time="0.001" classname="com.externalApi.Dumps"/>
  <testcase name="login" time="0.000" classname="com.externalApi.Dumps"/>
  <testcase name="login" time="0.000" classname="com.externalApi.Dumps"/>
  <testcase name="login" time="0.000" classname="com.externalApi.Dumps"/>
  <testcase name="login" time="0.000" classname="com.externalApi.Dumps"/>
  <testcase name="login" time="0.001" classname="com.externalApi.Dumps"/>
  <testcase name="login" time="0.006" classname="com.externalApi.Dumps"/>
  <testcase name="login" time="0.001" classname="com.externalApi.Dumps"/>
  <testcase name="login" time="0.000" classname="com.externalApi.Dumps"/>
  <testcase name="login" time="0.001" classname="com.externalApi.Dumps"/>
  <testcase name="login" time="0.001" classname="com.externalApi.Dumps"/>
  <testcase name="login" time="0.000" classname="com.externalApi.Dumps"/>
  <testcase name="login" time="0.000" classname="com.externalApi.Dumps"/>
  <testcase name="login" time="0.001" classname="com.externalApi.Dumps"/>
  <testcase name="login" time="0.001" classname="com.externalApi.Dumps"/>
  <testcase name="login" time="0.000" classname="com.externalApi.Dumps"/>
  <testcase name="login" time="0.027" classname="com.externalApi.Dumps"/>
  <testcase name="login" time="0.001" classname="com.externalApi.Dumps"/>
  <testcase name="login" time="0.000" classname="com.externalApi.Dumps"/>
  <testcase name="login" time="0.001" classname="com.externalApi.Dumps"/>
  <testcase name="login" time="0.000" classname="com.externalApi.Dumps"/>
  <testcase name="login" time="0.000" classname="com.externalApi.Dumps"/>
  <testcase name="login" time="0.000" classname="com.externalApi.Dumps"/>
  <testcase name="login" time="0.001" classname="com.externalApi.Dumps"/>
  <testcase name="login" time="0.001" classname="com.externalApi.Dumps"/>
  <testcase name="login" time="0.000" classname="com.externalApi.Dumps"/>
  <testcase name="login" time="0.000" classname="com.externalApi.Dumps"/>
  <testcase name="login" time="0.000" classname="com.externalApi.Dumps"/>
  <testcase name="login" time="0.001" classname="com.externalApi.Dumps"/>
  <testcase name="login" time="0.000" classname="com.externalApi.Dumps"/>
  <testcase name="login" time="0.000" classname="com.externalApi.Dumps"/>
  <testcase name="login" time="0.000" classname="com.externalApi.Dumps"/>
  <testcase name="login" time="0.001" classname="com.externalApi.Dumps"/>
  <testcase name="login" time="0.001" classname="com.externalApi.Dumps"/>
  <testcase name="login" time="0.000" classname="com.externalApi.Dumps"/>
  <testcase name="login" time="0.001" classname="com.externalApi.Dumps"/>
  <testcase name="login" time="0.001" classname="com.externalApi.Dumps"/>
  <testcase name="login" time="0.001" classname="com.externalApi.Dumps"/>
  <testcase name="login" time="0.001" classname="com.externalApi.Dumps"/>
  <testcase name="login" time="0.000" classname="com.externalApi.Dumps"/>
  <testcase name="login" time="0.000" classname="com.externalApi.Dumps"/>
  <testcase name="login" time="0.001" classname="com.externalApi.Dumps"/>
  <testcase name="login" time="0.001" classname="com.externalApi.Dumps"/>
  <testcase name="login" time="0.000" classname="com.externalApi.Dumps"/>
  <testcase name="login" time="0.000" classname="com.externalApi.Dumps"/>
  <testcase name="login" time="0.001" classname="com.externalApi.Dumps"/>
  <testcase name="login" time="0.000" classname="com.externalApi.Dumps"/>
  <testcase name="login" time="0.001" classname="com.externalApi.Dumps"/>
  <testcase name="login" time="0.001" classname="com.externalApi.Dumps"/>
  <testcase name="login" time="0.000" classname="com.externalApi.Dumps"/>
  <testcase name="login" time="0.000" classname="com.externalApi.Dumps"/>
  <testcase name="login" time="0.001" classname="com.externalApi.Dumps"/>
  <testcase name="login" time="0.001" classname="com.externalApi.Dumps"/>
  <testcase name="login" time="0.001" classname="com.externalApi.Dumps"/>
  <testcase name="login" time="0.002" classname="com.externalApi.Dumps"/>
  <testcase name="login" time="0.000" classname="com.externalApi.Dumps"/>
  <testcase name="login" time="0.001" classname="com.externalApi.Dumps"/>
  <testcase name="login" time="0.001" classname="com.externalApi.Dumps"/>
  <testcase name="login" time="0.000" classname="com.externalApi.Dumps"/>
  <testcase name="login" time="0.001" classname="com.externalApi.Dumps"/>
  <testcase name="login" time="0.000" classname="com.externalApi.Dumps"/>
  <testcase name="login" time="0.000" classname="com.externalApi.Dumps"/>
  <testcase name="login" time="0.000" classname="com.externalApi.Dumps"/>
  <testcase name="login" time="0.001" classname="com.externalApi.Dumps"/>
  <testcase name="login" time="0.001" classname="com.externalApi.Dumps"/>
  <testcase name="login" time="0.000" classname="com.externalApi.Dumps"/>
  <testcase name="login" time="0.001" classname="com.externalApi.Dumps"/>
  <testcase name="login" time="0.000" classname="com.externalApi.Dumps"/>
  <testcase name="login" time="0.000" classname="com.externalApi.Dumps"/>
  <testcase name="login" time="0.000" classname="com.externalApi.Dumps"/>
  <testcase name="login" time="0.002" classname="com.externalApi.Dumps"/>
  <testcase name="login" time="0.002" classname="com.externalApi.Dumps"/>
  <testcase name="login" time="0.001" classname="com.externalApi.Dumps"/>
  <testcase name="login" time="0.001" classname="com.externalApi.Dumps"/>
  <testcase name="login" time="0.001" classname="com.externalApi.Dumps"/>
  <testcase name="login" time="0.001" classname="com.externalApi.Dumps"/>
  <testcase name="login" time="0.000" classname="com.externalApi.Dumps"/>
  <testcase name="login" time="0.000" classname="com.externalApi.Dumps"/>
  <testcase name="login" time="0.000" classname="com.externalApi.Dumps"/>
  <testcase name="login" time="0.000" classname="com.externalApi.Dumps"/>
  <testcase name="login" time="0.000" classname="com.externalApi.Dumps"/>
  <testcase name="login" time="0.001" classname="com.externalApi.Dumps"/>
  <testcase name="login" time="0.000" classname="com.externalApi.Dumps"/>
  <testcase name="login" time="0.001" classname="com.externalApi.Dumps"/>
  <testcase name="login" time="0.001" classname="com.externalApi.Dumps"/>
  <testcase name="login" time="0.000" classname="com.externalApi.Dumps"/>
  <testcase name="login" time="0.001" classname="com.externalApi.Dumps"/>
  <testcase name="login" time="0.000" classname="com.externalApi.Dumps"/>
  <testcase name="login" time="0.001" classname="com.externalApi.Dumps"/>
  <testcase name="login" time="0.001" classname="com.externalApi.Dumps"/>
  <testcase name="login" time="0.000" classname="com.externalApi.Dumps"/>
  <testcase name="login" time="0.001" classname="com.externalApi.Dumps"/>
  <testcase name="login" time="0.000" classname="com.externalApi.Dumps"/>
  <testcase name="login" time="0.000" classname="com.externalApi.Dumps"/>
  <testcase name="login" time="0.000" classname="com.externalApi.Dumps"/>
  <testcase name="login" time="0.001" classname="com.externalApi.Dumps"/>
  <testcase name="login" time="0.001" classname="com.externalApi.Dumps"/>
  <testcase name="login" time="0.000" classname="com.externalApi.Dumps"/>
  <testcase name="login" time="0.000" classname="com.externalApi.Dumps"/>
  <testcase name="login" time="0.001" classname="com.externalApi.Dumps"/>
  <testcase name="login" time="0.003" classname="com.externalApi.Dumps"/>
  <testcase name="login" time="0.001" classname="com.externalApi.Dumps"/>
  <testcase name="login" time="0.001" classname="com.externalApi.Dumps"/>
  <testcase name="login" time="0.000" classname="com.externalApi.Dumps"/>
  <testcase name="login" time="0.001" classname="com.externalApi.Dumps"/>
  <testcase name="login" time="0.000" classname="com.externalApi.Dumps"/>
  <testcase name="login" time="0.000" classname="com.externalApi.Dumps"/>
  <testcase name="login" time="0.001" classname="com.externalApi.Dumps"/>
  <testcase name="login" time="0.000" classname="com.externalApi.Dumps"/>
  <testcase name="login" time="0.001" classname="com.externalApi.Dumps"/>
  <testcase name="login" time="0.000" classname="com.externalApi.Dumps"/>
  <testcase name="login" time="0.000" classname="com.externalApi.Dumps"/>
  <testcase name="login" time="0.002" classname="com.externalApi.Dumps"/>
  <testcase name="login" time="0.001" classname="com.externalApi.Dumps"/>
  <testcase name="login" time="0.000" classname="com.externalApi.Dumps"/>
  <testcase name="login" time="0.000" classname="com.externalApi.Dumps"/>
  <testcase name="login" time="0.000" classname="com.externalApi.Dumps"/>
  <testcase name="login" time="0.001" classname="com.externalApi.Dumps"/>
  <testcase name="login" time="0.001" classname="com.externalApi.Dumps"/>
  <testcase name="login" time="0.000" classname="com.externalApi.Dumps"/>
  <testcase name="login" time="0.001" classname="com.externalApi.Dumps"/>
  <testcase name="login" time="0.001" classname="com.externalApi.Dumps"/>
  <testcase name="login" time="0.000" classname="com.externalApi.Dumps"/>
  <testcase name="login" time="0.000" classname="com.externalApi.Dumps"/>
  <testcase name="login" time="0.000" classname="com.externalApi.Dumps"/>
  <testcase name="login" time="0.001" classname="com.externalApi.Dumps"/>
  <testcase name="login" time="0.000" classname="com.externalApi.Dumps"/>
  <testcase name="login" time="0.000" classname="com.externalApi.Dumps"/>
  <testcase name="login" time="0.000" classname="com.externalApi.Dumps"/>
  <testcase name="login" time="0.001" classname="com.externalApi.Dumps"/>
  <testcase name="login" time="0.000" classname="com.externalApi.Dumps"/>
  <testcase name="login" time="0.001" classname="com.externalApi.Dumps"/>
  <testcase name="login" time="0.000" classname="com.externalApi.Dumps"/>
  <testcase name="login" time="0.000" classname="com.externalApi.Dumps"/>
  <testcase name="login" time="0.000" classname="com.externalApi.Dumps"/>
  <testcase name="login" time="0.003" classname="com.externalApi.Dumps"/>
  <testcase name="login" time="0.001" classname="com.externalApi.Dumps"/>
  <testcase name="login" time="0.001" classname="com.externalApi.Dumps"/>
  <testcase name="login" time="0.001" classname="com.externalApi.Dumps"/>
  <testcase name="login" time="0.001" classname="com.externalApi.Dumps"/>
  <testcase name="login" time="0.000" classname="com.externalApi.Dumps"/>
  <testcase name="login" time="0.001" classname="com.externalApi.Dumps"/>
  <testcase name="login" time="0.000" classname="com.externalApi.Dumps"/>
  <testcase name="login" time="0.000" classname="com.externalApi.Dumps"/>
  <testcase name="login" time="0.000" classname="com.externalApi.Dumps"/>
  <testcase name="login" time="0.001" classname="com.externalApi.Dumps"/>
  <testcase name="login" time="0.000" classname="com.externalApi.Dumps"/>
  <testcase name="login" time="0.001" classname="com.externalApi.Dumps"/>
  <testcase name="login" time="0.000" classname="com.externalApi.Dumps"/>
  <testcase name="login" time="0.000" classname="com.externalApi.Dumps"/>
  <testcase name="login" time="0.012" classname="com.externalApi.Dumps"/>
  <testcase name="login" time="0.000" classname="com.externalApi.Dumps"/>
  <testcase name="login" time="0.002" classname="com.externalApi.Dumps"/>
  <testcase name="login" time="0.000" classname="com.externalApi.Dumps"/>
  <testcase name="login" time="0.001" classname="com.externalApi.Dumps"/>
  <testcase name="login" time="0.000" classname="com.externalApi.Dumps"/>
  <testcase name="login" time="0.001" classname="com.externalApi.Dumps"/>
  <testcase name="login" time="0.001" classname="com.externalApi.Dumps"/>
  <testcase name="login" time="0.000" classname="com.externalApi.Dumps"/>
  <testcase name="login" time="0.001" classname="com.externalApi.Dumps"/>
  <testcase name="login" time="0.000" classname="com.externalApi.Dumps"/>
  <testcase name="login" time="0.002" classname="com.externalApi.Dumps"/>
  <testcase name="login" time="0.000" classname="com.externalApi.Dumps"/>
  <testcase name="login" time="0.002" classname="com.externalApi.Dumps"/>
  <testcase name="login" time="0.000" classname="com.externalApi.Dumps"/>
  <testcase name="login" time="0.001" classname="com.externalApi.Dumps"/>
  <testcase name="login" time="0.000" classname="com.externalApi.Dumps"/>
  <testcase name="login" time="0.003" classname="com.externalApi.Dumps"/>
  <testcase name="login" time="0.054" classname="com.externalApi.Dumps"/>
  <testcase name="login" time="0.000" classname="com.externalApi.Dumps"/>
  <testcase name="login" time="0.000" classname="com.externalApi.Dumps"/>
  <testcase name="login" time="0.001" classname="com.externalApi.Dumps"/>
  <testcase name="login" time="0.002" classname="com.externalApi.Dumps"/>
  <testcase name="login" time="0.000" classname="com.externalApi.Dumps"/>
  <testcase name="login" time="0.001" classname="com.externalApi.Dumps"/>
  <testcase name="login" time="0.002" classname="com.externalApi.Dumps"/>
  <testcase name="login" time="0.000" classname="com.externalApi.Dumps"/>
  <testcase name="login" time="0.000" classname="com.externalApi.Dumps"/>
  <testcase name="login" time="0.001" classname="com.externalApi.Dumps"/>
  <testcase name="login" time="0.000" classname="com.externalApi.Dumps"/>
  <testcase name="login" time="0.000" classname="com.externalApi.Dumps"/>
  <testcase name="login" time="0.000" classname="com.externalApi.Dumps"/>
  <testcase name="login" time="0.000" classname="com.externalApi.Dumps"/>
  <testcase name="login" time="0.001" classname="com.externalApi.Dumps"/>
  <testcase name="login" time="0.000" classname="com.externalApi.Dumps"/>
  <testcase name="login" time="0.001" classname="com.externalApi.Dumps"/>
  <testcase name="login" time="0.001" classname="com.externalApi.Dumps"/>
  <testcase name="login" time="0.000" classname="com.externalApi.Dumps"/>
  <testcase name="login" time="0.000" classname="com.externalApi.Dumps"/>
  <testcase name="login" time="0.001" classname="com.externalApi.Dumps"/>
  <testcase name="login" time="0.000" classname="com.externalApi.Dumps"/>
  <testcase name="login" time="0.001" classname="com.externalApi.Dumps"/>
  <testcase name="login" time="0.001" classname="com.externalApi.Dumps"/>
  <testcase name="login" time="0.000" classname="com.externalApi.Dumps"/>
  <testcase name="login" time="0.001" classname="com.externalApi.Dumps"/>
  <testcase name="login" time="0.001" classname="com.externalApi.Dumps"/>
  <testcase name="login" time="0.001" classname="com.externalApi.Dumps"/>
  <testcase name="login" time="0.000" classname="com.externalApi.Dumps"/>
  <testcase name="login" time="0.002" classname="com.externalApi.Dumps"/>
  <testcase name="login" time="0.000" classname="com.externalApi.Dumps"/>
  <testcase name="login" time="0.000" classname="com.externalApi.Dumps"/>
  <testcase name="login" time="0.001" classname="com.externalApi.Dumps"/>
  <testcase name="login" time="0.001" classname="com.externalApi.Dumps"/>
  <testcase name="login" time="0.001" classname="com.externalApi.Dumps"/>
  <testcase name="login" time="0.000" classname="com.externalApi.Dumps"/>
  <testcase name="login" time="0.001" classname="com.externalApi.Dumps"/>
  <testcase name="login" time="0.001" classname="com.externalApi.Dumps"/>
  <testcase name="login" time="0.000" classname="com.externalApi.Dumps"/>
  <testcase name="login" time="0.001" classname="com.externalApi.Dumps"/>
  <testcase name="login" time="0.001" classname="com.externalApi.Dumps"/>
  <testcase name="login" time="0.000" classname="com.externalApi.Dumps"/>
  <testcase name="login" time="0.000" classname="com.externalApi.Dumps"/>
  <testcase name="login" time="0.000" classname="com.externalApi.Dumps"/>
  <testcase name="login" time="0.001" classname="com.externalApi.Dumps"/>
  <testcase name="login" time="0.001" classname="com.externalApi.Dumps"/>
  <testcase name="login" time="0.000" classname="com.externalApi.Dumps"/>
  <testcase name="login" time="0.000" classname="com.externalApi.Dumps"/>
  <testcase name="login" time="0.000" classname="com.externalApi.Dumps"/>
  <testcase name="login" time="0.002" classname="com.externalApi.Dumps"/>
  <testcase name="login" time="0.002" classname="com.externalApi.Dumps"/>
  <testcase name="login" time="0.002" classname="com.externalApi.Dumps"/>
  <testcase name="login" time="0.001" classname="com.externalApi.Dumps"/>
  <testcase name="login" time="0.001" classname="com.externalApi.Dumps"/>
  <testcase name="login" time="0.000" classname="com.externalApi.Dumps"/>
  <testcase name="login" time="0.000" classname="com.externalApi.Dumps"/>
  <testcase name="login" time="0.000" classname="com.externalApi.Dumps"/>
  <testcase name="login" time="0.000" classname="com.externalApi.Dumps"/>
  <testcase name="login" time="0.000" classname="com.externalApi.Dumps"/>
  <testcase name="login" time="0.001" classname="com.externalApi.Dumps"/>
  <testcase name="login" time="0.001" classname="com.externalApi.Dumps"/>
  <testcase name="login" time="0.001" classname="com.externalApi.Dumps"/>
  <testcase name="login" time="0.001" classname="com.externalApi.Dumps"/>
  <testcase name="login" time="0.000" classname="com.externalApi.Dumps"/>
  <testcase name="login" time="0.000" classname="com.externalApi.Dumps"/>
  <testcase name="login" time="0.001" classname="com.externalApi.Dumps"/>
  <testcase name="login" time="0.001" classname="com.externalApi.Dumps"/>
  <testcase name="login" time="0.002" classname="com.externalApi.Dumps"/>
  <testcase name="login" time="0.001" classname="com.externalApi.Dumps"/>
  <testcase name="login" time="0.001" classname="com.externalApi.Dumps"/>
  <testcase name="login" time="0.001" classname="com.externalApi.Dumps"/>
  <testcase name="login" time="0.142" classname="com.externalApi.Dumps"/>
  <testcase name="login" time="0.000" classname="com.externalApi.Dumps"/>
  <testcase name="login" time="0.002" classname="com.externalApi.Dumps"/>
  <testcase name="login" time="0.000" classname="com.externalApi.Dumps"/>
  <testcase name="login" time="0.000" classname="com.externalApi.Dumps"/>
  <testcase name="login" time="0.001" classname="com.externalApi.Dumps"/>
  <testcase name="login" time="0.000" classname="com.externalApi.Dumps"/>
  <testcase name="login" time="0.001" classname="com.externalApi.Dumps"/>
  <testcase name="login" time="0.000" classname="com.externalApi.Dumps"/>
  <testcase name="login" time="0.000" classname="com.externalApi.Dumps"/>
  <testcase name="login" time="0.002" classname="com.externalApi.Dumps"/>
  <testcase name="login" time="0.003" classname="com.externalApi.Dumps"/>
  <testcase name="login" time="0.000" classname="com.externalApi.Dumps"/>
  <testcase name="login" time="0.029" classname="com.externalApi.Dumps"/>
  <testcase name="login" time="0.000" classname="com.externalApi.Dumps"/>
  <testcase name="login" time="0.000" classname="com.externalApi.Dumps"/>
  <testcase name="login" time="0.002" classname="com.externalApi.Dumps"/>
  <testcase name="login" time="0.001" classname="com.externalApi.Dumps"/>
  <testcase name="login" time="0.000" classname="com.externalApi.Dumps"/>
  <testcase name="login" time="0.000" classname="com.externalApi.Dumps"/>
  <testcase name="login" time="0.001" classname="com.externalApi.Dumps"/>
  <testcase name="login" time="0.000" classname="com.externalApi.Dumps"/>
  <testcase name="login" time="0.001" classname="com.externalApi.Dumps"/>
  <testcase name="login" time="0.000" classname="com.externalApi.Dumps"/>
  <testcase name="login" time="0.001" classname="com.externalApi.Dumps"/>
  <testcase name="login" time="0.000" classname="com.externalApi.Dumps"/>
  <testcase name="login" time="0.000" classname="com.externalApi.Dumps"/>
  <testcase name="login" time="0.000" classname="com.externalApi.Dumps"/>
  <testcase name="login" time="0.001" classname="com.externalApi.Dumps"/>
  <testcase name="login" time="0.000" classname="com.externalApi.Dumps"/>
  <testcase name="login" time="0.000" classname="com.externalApi.Dumps"/>
  <testcase name="login" time="0.001" classname="com.externalApi.Dumps"/>
  <testcase name="login" time="0.001" classname="com.externalApi.Dumps"/>
  <testcase name="login" time="0.000" classname="com.externalApi.Dumps"/>
  <testcase name="login" time="0.000" classname="com.externalApi.Dumps"/>
  <testcase name="login" time="0.001" classname="com.externalApi.Dumps"/>
  <testcase name="login" time="0.001" classname="com.externalApi.Dumps"/>
  <testcase name="login" time="0.000" classname="com.externalApi.Dumps"/>
  <testcase name="login" time="0.000" classname="com.externalApi.Dumps"/>
  <testcase name="login" time="0.001" classname="com.externalApi.Dumps"/>
  <testcase name="login" time="0.080" classname="com.externalApi.Dumps"/>
  <testcase name="login" time="0.001" classname="com.externalApi.Dumps"/>
  <testcase name="login" time="0.001" classname="com.externalApi.Dumps"/>
  <testcase name="login" time="0.001" classname="com.externalApi.Dumps"/>
  <testcase name="login" time="0.000" classname="com.externalApi.Dumps"/>
  <testcase name="login" time="0.000" classname="com.externalApi.Dumps"/>
  <testcase name="login" time="0.001" classname="com.externalApi.Dumps"/>
  <testcase name="login" time="0.001" classname="com.externalApi.Dumps"/>
  <testcase name="login" time="0.000" classname="com.externalApi.Dumps"/>
  <testcase name="login" time="0.001" classname="com.externalApi.Dumps"/>
  <testcase name="login" time="0.000" classname="com.externalApi.Dumps"/>
  <testcase name="login" time="0.000" classname="com.externalApi.Dumps"/>
  <testcase name="login" time="0.001" classname="com.externalApi.Dumps"/>
  <testcase name="login" time="0.001" classname="com.externalApi.Dumps"/>
  <testcase name="login" time="0.001" classname="com.externalApi.Dumps"/>
  <testcase name="login" time="0.000" classname="com.externalApi.Dumps"/>
  <testcase name="login" time="0.000" classname="com.externalApi.Dumps"/>
  <testcase name="login" time="0.000" classname="com.externalApi.Dumps"/>
  <testcase name="login" time="0.000" classname="com.externalApi.Dumps"/>
  <testcase name="login" time="0.000" classname="com.externalApi.Dumps"/>
  <testcase name="login" time="0.000" classname="com.externalApi.Dumps"/>
  <testcase name="login" time="0.000" classname="com.externalApi.Dumps"/>
  <testcase name="login" time="0.001" classname="com.externalApi.Dumps"/>
  <testcase name="login" time="0.000" classname="com.externalApi.Dumps"/>
  <testcase name="login" time="0.000" classname="com.externalApi.Dumps"/>
  <testcase name="login" time="0.001" classname="com.externalApi.Dumps"/>
  <testcase name="login" time="0.001" classname="com.externalApi.Dumps"/>
  <testcase name="login" time="0.000" classname="com.externalApi.Dumps"/>
  <testcase name="login" time="0.001" classname="com.externalApi.Dumps"/>
  <testcase name="login" time="0.001" classname="com.externalApi.Dumps"/>
  <testcase name="login" time="0.001" classname="com.externalApi.Dumps"/>
  <testcase name="login" time="0.001" classname="com.externalApi.Dumps"/>
  <testcase name="login" time="0.001" classname="com.externalApi.Dumps"/>
  <testcase name="login" time="0.000" classname="com.externalApi.Dumps"/>
  <testcase name="login" time="0.002" classname="com.externalApi.Dumps"/>
  <testcase name="login" time="0.000" classname="com.externalApi.Dumps"/>
  <testcase name="login" time="0.001" classname="com.externalApi.Dumps"/>
  <testcase name="login" time="0.000" classname="com.externalApi.Dumps"/>
  <testcase name="login" time="0.001" classname="com.externalApi.Dumps"/>
  <testcase name="login" time="0.000" classname="com.externalApi.Dumps"/>
  <testcase name="login" time="0.000" classname="com.externalApi.Dumps"/>
  <testcase name="login" time="0.000" classname="com.externalApi.Dumps"/>
  <testcase name="login" time="0.000" classname="com.externalApi.Dumps"/>
  <testcase name="login" time="0.000" classname="com.externalApi.Dumps"/>
  <testcase name="login" time="0.000" classname="com.externalApi.Dumps"/>
  <testcase name="login" time="0.119" classname="com.externalApi.Dumps"/>
  <testcase name="login" time="0.000" classname="com.externalApi.Dumps"/>
  <testcase name="login" time="0.000" classname="com.externalApi.Dumps"/>
  <testcase name="login" time="0.000" classname="com.externalApi.Dumps"/>
  <testcase name="login" time="0.000" classname="com.externalApi.Dumps"/>
  <testcase name="login" time="0.001" classname="com.externalApi.Dumps"/>
  <testcase name="login" time="0.000" classname="com.externalApi.Dumps"/>
  <testcase name="login" time="0.000" classname="com.externalApi.Dumps"/>
  <testcase name="login" time="0.001" classname="com.externalApi.Dumps"/>
  <testcase name="login" time="0.000" classname="com.externalApi.Dumps"/>
  <testcase name="login" time="0.001" classname="com.externalApi.Dumps"/>
  <testcase name="login" time="0.001" classname="com.externalApi.Dumps"/>
  <testcase name="login" time="0.001" classname="com.externalApi.Dumps"/>
  <testcase name="login" time="0.001" classname="com.externalApi.Dumps"/>
  <testcase name="login" time="0.000" classname="com.externalApi.Dumps"/>
  <testcase name="login" time="0.001" classname="com.externalApi.Dumps"/>
  <testcase name="login" time="0.000" classname="com.externalApi.Dumps"/>
  <testcase name="login" time="0.000" classname="com.externalApi.Dumps"/>
  <testcase name="login" time="0.000" classname="com.externalApi.Dumps"/>
  <testcase name="login" time="0.000" classname="com.externalApi.Dumps"/>
  <testcase name="login" time="0.001" classname="com.externalApi.Dumps"/>
  <testcase name="login" time="0.002" classname="com.externalApi.Dumps"/>
  <testcase name="login" time="0.000" classname="com.externalApi.Dumps"/>
  <testcase name="login" time="0.038" classname="com.externalApi.Dumps"/>
  <testcase name="login" time="0.000" classname="com.externalApi.Dumps"/>
  <testcase name="login" time="0.000" classname="com.externalApi.Dumps"/>
  <testcase name="login" time="0.000" classname="com.externalApi.Dumps"/>
  <testcase name="login" time="0.001" classname="com.externalApi.Dumps"/>
  <testcase name="login" time="0.001" classname="com.externalApi.Dumps"/>
  <testcase name="login" time="0.002" classname="com.externalApi.Dumps"/>
  <testcase name="login" time="0.001" classname="com.externalApi.Dumps"/>
  <testcase name="login" time="0.001" classname="com.externalApi.Dumps"/>
  <testcase name="login" time="0.001" classname="com.externalApi.Dumps"/>
  <testcase name="login" time="0.000" classname="com.externalApi.Dumps"/>
  <testcase name="login" time="0.001" classname="com.externalApi.Dumps"/>
  <testcase name="login" time="0.001" classname="com.externalApi.Dumps"/>
  <testcase name="login" time="0.001" classname="com.externalApi.Dumps"/>
  <testcase name="login" time="0.000" classname="com.externalApi.Dumps"/>
  <testcase name="login" time="0.001" classname="com.externalApi.Dumps"/>
  <testcase name="login" time="0.001" classname="com.externalApi.Dumps"/>
  <testcase name="login" time="0.001" classname="com.externalApi.Dumps"/>
  <testcase name="login" time="0.000" classname="com.externalApi.Dumps"/>
  <testcase name="login" time="0.001" classname="com.externalApi.Dumps"/>
  <testcase name="login" time="0.000" classname="com.externalApi.Dumps"/>
  <testcase name="login" time="0.000" classname="com.externalApi.Dumps"/>
  <testcase name="login" time="0.000" classname="com.externalApi.Dumps"/>
  <testcase name="login" time="0.000" classname="com.externalApi.Dumps"/>
  <testcase name="login" time="0.001" classname="com.externalApi.Dumps"/>
  <testcase name="login" time="0.000" classname="com.externalApi.Dumps"/>
  <testcase name="login" time="0.000" classname="com.externalApi.Dumps"/>
  <testcase name="login" time="0.000" classname="com.externalApi.Dumps"/>
  <testcase name="login" time="0.001" classname="com.externalApi.Dumps"/>
  <testcase name="login" time="0.001" classname="com.externalApi.Dumps"/>
  <testcase name="login" time="0.000" classname="com.externalApi.Dumps"/>
  <testcase name="login" time="0.001" classname="com.externalApi.Dumps"/>
  <testcase name="login" time="0.001" classname="com.externalApi.Dumps"/>
  <testcase name="login" time="0.001" classname="com.externalApi.Dumps"/>
  <testcase name="login" time="0.001" classname="com.externalApi.Dumps"/>
  <testcase name="login" time="0.000" classname="com.externalApi.Dumps"/>
  <testcase name="login" time="0.000" classname="com.externalApi.Dumps"/>
  <testcase name="login" time="0.001" classname="com.externalApi.Dumps"/>
  <testcase name="login" time="0.001" classname="com.externalApi.Dumps"/>
  <testcase name="login" time="0.002" classname="com.externalApi.Dumps"/>
  <testcase name="login" time="0.000" classname="com.externalApi.Dumps"/>
  <testcase name="login" time="0.001" classname="com.externalApi.Dumps"/>
  <testcase name="login" time="0.001" classname="com.externalApi.Dumps"/>
  <testcase name="login" time="0.001" classname="com.externalApi.Dumps"/>
  <testcase name="login" time="0.000" classname="com.externalApi.Dumps"/>
  <testcase name="login" time="0.001" classname="com.externalApi.Dumps"/>
  <testcase name="login" time="0.091" classname="com.externalApi.Dumps"/>
  <testcase name="login" time="0.001" classname="com.externalApi.Dumps"/>
  <testcase name="login" time="0.000" classname="com.externalApi.Dumps"/>
  <testcase name="login" time="0.000" classname="com.externalApi.Dumps"/>
  <testcase name="login" time="0.000" classname="com.externalApi.Dumps"/>
  <testcase name="login" time="0.004" classname="com.externalApi.Dumps"/>
  <testcase name="login" time="0.001" classname="com.externalApi.Dumps"/>
  <testcase name="login" time="0.000" classname="com.externalApi.Dumps"/>
  <testcase name="login" time="0.001" classname="com.externalApi.Dumps"/>
  <testcase name="login" time="0.000" classname="com.externalApi.Dumps"/>
  <testcase name="login" time="0.000" classname="com.externalApi.Dumps"/>
  <testcase name="login" time="0.000" classname="com.externalApi.Dumps"/>
  <testcase name="login" time="0.001" classname="com.externalApi.Dumps"/>
  <testcase name="login" time="0.001" classname="com.externalApi.Dumps"/>
  <testcase name="login" time="0.003" classname="com.externalApi.Dumps"/>
  <testcase name="login" time="0.000" classname="com.externalApi.Dumps"/>
  <testcase name="login" time="0.000" classname="com.externalApi.Dumps"/>
  <testcase name="login" time="0.001" classname="com.externalApi.Dumps"/>
  <testcase name="login" time="0.000" classname="com.externalApi.Dumps"/>
  <testcase name="login" time="0.001" classname="com.externalApi.Dumps"/>
  <testcase name="login" time="0.001" classname="com.externalApi.Dumps"/>
  <testcase name="login" time="0.000" classname="com.externalApi.Dumps"/>
  <testcase name="login" time="0.001" classname="com.externalApi.Dumps"/>
  <testcase name="login" time="0.000" classname="com.externalApi.Dumps"/>
  <testcase name="login" time="0.001" classname="com.externalApi.Dumps"/>
  <testcase name="login" time="0.000" classname="com.externalApi.Dumps"/>
  <testcase name="login" time="0.001" classname="com.externalApi.Dumps"/>
  <testcase name="login" time="0.001" classname="com.externalApi.Dumps"/>
  <testcase name="login" time="0.000" classname="com.externalApi.Dumps"/>
  <testcase name="login" time="0.000" classname="com.externalApi.Dumps"/>
  <testcase name="login" time="0.000" classname="com.externalApi.Dumps"/>
  <testcase name="login" time="0.001" classname="com.externalApi.Dumps"/>
  <testcase name="login" time="0.000" classname="com.externalApi.Dumps"/>
  <testcase name="login" time="0.001" classname="com.externalApi.Dumps"/>
  <testcase name="login" time="0.001" classname="com.externalApi.Dumps"/>
  <testcase name="login" time="0.001" classname="com.externalApi.Dumps"/>
  <testcase name="login" time="0.001" classname="com.externalApi.Dumps"/>
  <testcase name="login" time="0.001" classname="com.externalApi.Dumps"/>
  <testcase name="login" time="0.000" classname="com.externalApi.Dumps"/>
  <testcase name="login" time="0.000" classname="com.externalApi.Dumps"/>
  <testcase name="login" time="0.000" classname="com.externalApi.Dumps"/>
  <testcase name="login" time="0.001" classname="com.externalApi.Dumps"/>
  <testcase name="login" time="0.000" classname="com.externalApi.Dumps"/>
  <testcase name="login" time="0.039" classname="com.externalApi.Dumps"/>
  <testcase name="login" time="0.000" classname="com.externalApi.Dumps"/>
  <testcase name="login" time="0.000" classname="com.externalApi.Dumps"/>
  <testcase name="login" time="0.000" classname="com.externalApi.Dumps"/>
  <testcase name="login" time="0.000" classname="com.externalApi.Dumps"/>
  <testcase name="login" time="0.001" classname="com.externalApi.Dumps"/>
  <testcase name="login" time="0.001" classname="com.externalApi.Dumps"/>
  <testcase name="login" time="0.000" classname="com.externalApi.Dumps"/>
  <testcase name="login" time="0.001" classname="com.externalApi.Dumps"/>
  <testcase name="login" time="0.000" classname="com.externalApi.Dumps"/>
  <testcase name="login" time="0.000" classname="com.externalApi.Dumps"/>
  <testcase name="login" time="0.001" classname="com.externalApi.Dumps"/>
  <testcase name="login" time="0.000" classname="com.externalApi.Dumps"/>
  <testcase name="login" time="0.001" classname="com.externalApi.Dumps"/>
  <testcase name="login" time="0.001" classname="com.externalApi.Dumps"/>
  <testcase name="login" time="0.000" classname="com.externalApi.Dumps"/>
  <testcase name="login" time="0.001" classname="com.externalApi.Dumps"/>
  <testcase name="login" time="0.000" classname="com.externalApi.Dumps"/>
  <testcase name="login" time="0.000" classname="com.externalApi.Dumps"/>
  <testcase name="login" time="0.001" classname="com.externalApi.Dumps"/>
  <testcase name="login" time="0.002" classname="com.externalApi.Dumps"/>
  <testcase name="login" time="0.000" classname="com.externalApi.Dumps"/>
  <testcase name="login" time="0.000" classname="com.externalApi.Dumps"/>
  <testcase name="login" time="0.001" classname="com.externalApi.Dumps"/>
  <testcase name="login" time="0.001" classname="com.externalApi.Dumps"/>
  <testcase name="login" time="0.000" classname="com.externalApi.Dumps"/>
  <testcase name="login" time="0.000" classname="com.externalApi.Dumps"/>
  <testcase name="login" time="0.001" classname="com.externalApi.Dumps"/>
  <testcase name="login" time="0.001" classname="com.externalApi.Dumps"/>
  <testcase name="login" time="0.001" classname="com.externalApi.Dumps"/>
  <testcase name="login" time="0.001" classname="com.externalApi.Dumps"/>
  <testcase name="login" time="0.000" classname="com.externalApi.Dumps"/>
  <testcase name="login" time="0.000" classname="com.externalApi.Dumps"/>
  <testcase name="login" time="0.001" classname="com.externalApi.Dumps"/>
  <testcase name="login" time="0.002" classname="com.externalApi.Dumps"/>
  <testcase name="login" time="0.000" classname="com.externalApi.Dumps"/>
  <testcase name="login" time="0.000" classname="com.externalApi.Dumps"/>
  <testcase name="login" time="0.001" classname="com.externalApi.Dumps"/>
  <testcase name="login" time="0.000" classname="com.externalApi.Dumps"/>
  <testcase name="login" time="0.000" classname="com.externalApi.Dumps"/>
  <testcase name="login" time="0.001" classname="com.externalApi.Dumps"/>
  <testcase name="login" time="0.001" classname="com.externalApi.Dumps"/>
  <testcase name="login" time="0.000" classname="com.externalApi.Dumps"/>
  <testcase name="login" time="0.000" classname="com.externalApi.Dumps"/>
  <testcase name="login" time="0.001" classname="com.externalApi.Dumps"/>
  <testcase name="login" time="0.001" classname="com.externalApi.Dumps"/>
  <testcase name="login" time="0.000" classname="com.externalApi.Dumps"/>
  <testcase name="login" time="0.001" classname="com.externalApi.Dumps"/>
  <testcase name="login" time="0.001" classname="com.externalApi.Dumps"/>
  <testcase name="login" time="0.001" classname="com.externalApi.Dumps"/>
  <testcase name="login" time="0.002" classname="com.externalApi.Dumps"/>
  <testcase name="login" time="0.001" classname="com.externalApi.Dumps"/>
  <testcase name="login" time="0.001" classname="com.externalApi.Dumps"/>
  <testcase name="login" time="0.001" classname="com.externalApi.Dumps"/>
  <testcase name="login" time="0.000" classname="com.externalApi.Dumps"/>
  <testcase name="login" time="0.001" classname="com.externalApi.Dumps"/>
  <testcase name="login" time="0.000" classname="com.externalApi.Dumps"/>
  <testcase name="login" time="0.001" classname="com.externalApi.Dumps"/>
  <testcase name="login" time="0.000" classname="com.externalApi.Dumps"/>
  <testcase name="login" time="0.001" classname="com.externalApi.Dumps"/>
  <testcase name="login" time="0.000" classname="com.externalApi.Dumps"/>
  <testcase name="login" time="0.001" classname="com.externalApi.Dumps"/>
  <testcase name="login" time="0.001" classname="com.externalApi.Dumps"/>
  <testcase name="login" time="0.000" classname="com.externalApi.Dumps"/>
  <testcase name="login" time="0.000" classname="com.externalApi.Dumps"/>
  <testcase name="login" time="0.000" classname="com.externalApi.Dumps"/>
  <testcase name="login" time="0.001" classname="com.externalApi.Dumps"/>
  <testcase name="login" time="0.001" classname="com.externalApi.Dumps"/>
  <testcase name="login" time="0.000" classname="com.externalApi.Dumps"/>
  <testcase name="login" time="0.001" classname="com.externalApi.Dumps"/>
  <testcase name="login" time="0.000" classname="com.externalApi.Dumps"/>
  <testcase name="login" time="0.000" classname="com.externalApi.Dumps"/>
  <testcase name="login" time="0.000" classname="com.externalApi.Dumps"/>
  <testcase name="login" time="0.001" classname="com.externalApi.Dumps"/>
  <testcase name="login" time="0.000" classname="com.externalApi.Dumps"/>
  <testcase name="login" time="0.000" classname="com.externalApi.Dumps"/>
  <testcase name="login" time="0.001" classname="com.externalApi.Dumps"/>
  <testcase name="login" time="0.001" classname="com.externalApi.Dumps"/>
  <testcase name="login" time="0.001" classname="com.externalApi.Dumps"/>
  <testcase name="login" time="0.000" classname="com.externalApi.Dumps"/>
  <testcase name="login" time="0.001" classname="com.externalApi.Dumps"/>
  <testcase name="login" time="0.001" classname="com.externalApi.Dumps"/>
  <testcase name="login" time="0.002" classname="com.externalApi.Dumps"/>
  <testcase name="login" time="0.001" classname="com.externalApi.Dumps"/>
  <testcase name="login" time="0.001" classname="com.externalApi.Dumps"/>
  <testcase name="login" time="0.000" classname="com.externalApi.Dumps"/>
  <testcase name="login" time="0.000" classname="com.externalApi.Dumps"/>
  <testcase name="login" time="0.000" classname="com.externalApi.Dumps"/>
  <testcase name="login" time="0.001" classname="com.externalApi.Dumps"/>
  <testcase name="login" time="0.000" classname="com.externalApi.Dumps"/>
  <testcase name="login" time="0.000" classname="com.externalApi.Dumps"/>
  <testcase name="login" time="0.001" classname="com.externalApi.Dumps"/>
  <testcase name="login" time="0.001" classname="com.externalApi.Dumps"/>
  <testcase name="login" time="0.000" classname="com.externalApi.Dumps"/>
  <testcase name="login" time="0.000" classname="com.externalApi.Dumps"/>
  <testcase name="login" time="0.001" classname="com.externalApi.Dumps"/>
  <testcase name="login" time="0.000" classname="com.externalApi.Dumps"/>
  <testcase name="login" time="0.001" classname="com.externalApi.Dumps"/>
  <testcase name="login" time="0.001" classname="com.externalApi.Dumps"/>
  <testcase name="login" time="0.002" classname="com.externalApi.Dumps"/>
  <testcase name="login" time="0.001" classname="com.externalApi.Dumps"/>
  <testcase name="login" time="0.000" classname="com.externalApi.Dumps"/>
  <testcase name="login" time="0.001" classname="com.externalApi.Dumps"/>
  <testcase name="login" time="0.000" classname="com.externalApi.Dumps"/>
  <testcase name="login" time="0.000" classname="com.externalApi.Dumps"/>
  <testcase name="login" time="0.289" classname="com.externalApi.Dumps"/>
  <testcase name="login" time="0.001" classname="com.externalApi.Dumps"/>
  <testcase name="login" time="0.001" classname="com.externalApi.Dumps"/>
  <testcase name="login" time="0.001" classname="com.externalApi.Dumps"/>
  <testcase name="login" time="0.000" classname="com.externalApi.Dumps"/>
  <testcase name="login" time="0.000" classname="com.externalApi.Dumps"/>
  <testcase name="login" time="0.000" classname="com.externalApi.Dumps"/>
  <testcase name="login" time="0.001" classname="com.externalApi.Dumps"/>
  <testcase name="login" time="0.000" classname="com.externalApi.Dumps"/>
  <testcase name="login" time="0.000" classname="com.externalApi.Dumps"/>
  <testcase name="login" time="0.000" classname="com.externalApi.Dumps"/>
  <testcase name="login" time="0.003" classname="com.externalApi.Dumps"/>
  <testcase name="login" time="0.000" classname="com.externalApi.Dumps"/>
  <testcase name="login" time="0.001" classname="com.externalApi.Dumps"/>
  <testcase name="login" time="0.001" classname="com.externalApi.Dumps"/>
  <testcase name="login" time="0.001" classname="com.externalApi.Dumps"/>
  <testcase name="login" time="0.000" classname="com.externalApi.Dumps"/>
  <testcase name="login" time="0.001" classname="com.externalApi.Dumps"/>
  <testcase name="login" time="0.001" classname="com.externalApi.Dumps"/>
  <testcase name="login" time="0.000" classname="com.externalApi.Dumps"/>
  <testcase name="login" time="0.000" classname="com.externalApi.Dumps"/>
  <testcase name="login" time="0.000" classname="com.externalApi.Dumps"/>
  <testcase name="login" time="0.000" classname="com.externalApi.Dumps"/>
  <testcase name="login" time="0.001" classname="com.externalApi.Dumps"/>
  <testcase name="login" time="0.000" classname="com.externalApi.Dumps"/>
  <testcase name="login" time="0.000" classname="com.externalApi.Dumps"/>
  <testcase name="login" time="0.000" classname="com.externalApi.Dumps"/>
  <testcase name="login" time="0.000" classname="com.externalApi.Dumps"/>
  <testcase name="login" time="0.001" classname="com.externalApi.Dumps"/>
  <testcase name="login" time="0.001" classname="com.externalApi.Dumps"/>
  <testcase name="login" time="0.000" classname="com.externalApi.Dumps"/>
  <testcase name="login" time="0.001" classname="com.externalApi.Dumps"/>
  <testcase name="login" time="0.001" classname="com.externalApi.Dumps"/>
  <testcase name="login" time="0.008" classname="com.externalApi.Dumps"/>
  <testcase name="login" time="0.000" classname="com.externalApi.Dumps"/>
  <testcase name="login" time="0.000" classname="com.externalApi.Dumps"/>
  <testcase name="login" time="0.001" classname="com.externalApi.Dumps"/>
  <testcase name="login" time="0.000" classname="com.externalApi.Dumps"/>
  <testcase name="login" time="0.001" classname="com.externalApi.Dumps"/>
  <testcase name="login" time="0.001" classname="com.externalApi.Dumps"/>
  <testcase name="login" time="0.002" classname="com.externalApi.Dumps"/>
  <testcase name="login" time="0.000" classname="com.externalApi.Dumps"/>
  <testcase name="login" time="0.000" classname="com.externalApi.Dumps"/>
  <testcase name="login" time="0.001" classname="com.externalApi.Dumps"/>
  <testcase name="login" time="0.001" classname="com.externalApi.Dumps"/>
  <testcase name="login" time="0.000" classname="com.externalApi.Dumps"/>
  <testcase name="login" time="0.001" classname="com.externalApi.Dumps"/>
  <testcase name="login" time="0.000" classname="com.externalApi.Dumps"/>
  <testcase name="login" time="0.001" classname="com.externalApi.Dumps"/>
  <testcase name="login" time="0.000" classname="com.externalApi.Dumps"/>
  <testcase name="login" time="0.001" classname="com.externalApi.Dumps"/>
  <testcase name="login" time="0.000" classname="com.externalApi.Dumps"/>
  <testcase name="login" time="0.000" classname="com.externalApi.Dumps"/>
  <testcase name="login" time="0.000" classname="com.externalApi.Dumps"/>
  <testcase name="login" time="0.001" classname="com.externalApi.Dumps"/>
  <testcase name="login" time="0.001" classname="com.externalApi.Dumps"/>
  <testcase name="login" time="0.000" classname="com.externalApi.Dumps"/>
  <testcase name="login" time="0.001" classname="com.externalApi.Dumps"/>
  <testcase name="login" time="0.001" classname="com.externalApi.Dumps"/>
  <testcase name="login" time="0.001" classname="com.externalApi.Dumps"/>
  <testcase name="login" time="0.000" classname="com.externalApi.Dumps"/>
  <testcase name="login" time="0.001" classname="com.externalApi.Dumps"/>
  <testcase name="login" time="0.000" classname="com.externalApi.Dumps"/>
  <testcase name="login" time="0.000" classname="com.externalApi.Dumps"/>
  <testcase name="login" time="0.000" classname="com.externalApi.Dumps"/>
  <testcase name="login" time="0.001" classname="com.externalApi.Dumps"/>
  <testcase name="login" time="0.001" classname="com.externalApi.Dumps"/>
  <testcase name="login" time="0.001" classname="com.externalApi.Dumps"/>
  <testcase name="login" time="0.001" classname="com.externalApi.Dumps"/>
  <testcase name="login" time="0.000" classname="com.externalApi.Dumps"/>
  <testcase name="login" time="0.002" classname="com.externalApi.Dumps"/>
  <testcase name="login" time="0.000" classname="com.externalApi.Dumps"/>
  <testcase name="login" time="0.000" classname="com.externalApi.Dumps"/>
  <testcase name="login" time="0.001" classname="com.externalApi.Dumps"/>
  <testcase name="login" time="0.002" classname="com.externalApi.Dumps"/>
  <testcase name="login" time="0.000" classname="com.externalApi.Dumps"/>
  <testcase name="login" time="0.000" classname="com.externalApi.Dumps"/>
  <testcase name="login" time="0.000" classname="com.externalApi.Dumps"/>
  <testcase name="login" time="0.000" classname="com.externalApi.Dumps"/>
  <testcase name="login" time="0.001" classname="com.externalApi.Dumps"/>
  <testcase name="login" time="0.001" classname="com.externalApi.Dumps"/>
  <testcase name="login" time="0.001" classname="com.externalApi.Dumps"/>
  <testcase name="login" time="0.002" classname="com.externalApi.Dumps"/>
  <testcase name="login" time="0.001" classname="com.externalApi.Dumps"/>
  <testcase name="login" time="0.000" classname="com.externalApi.Dumps"/>
  <testcase name="login" time="0.001" classname="com.externalApi.Dumps"/>
  <testcase name="login" time="0.000" classname="com.externalApi.Dumps"/>
  <testcase name="login" time="0.001" classname="com.externalApi.Dumps"/>
  <testcase name="login" time="0.000" classname="com.externalApi.Dumps"/>
  <testcase name="login" time="0.001" classname="com.externalApi.Dumps"/>
  <testcase name="login" time="0.001" classname="com.externalApi.Dumps"/>
  <testcase name="login" time="0.001" classname="com.externalApi.Dumps"/>
  <testcase name="login" time="0.002" classname="com.externalApi.Dumps"/>
  <testcase name="login" time="0.001" classname="com.externalApi.Dumps"/>
  <testcase name="login" time="0.000" classname="com.externalApi.Dumps"/>
  <testcase name="login" time="0.001" classname="com.externalApi.Dumps"/>
  <testcase name="login" time="0.002" classname="com.externalApi.Dumps"/>
  <testcase name="login" time="0.000" classname="com.externalApi.Dumps"/>
  <testcase name="login" time="0.001" classname="com.externalApi.Dumps"/>
  <testcase name="login" time="0.000" classname="com.externalApi.Dumps"/>
  <testcase name="login" time="0.001" classname="com.externalApi.Dumps"/>
  <testcase name="login" time="0.001" classname="com.externalApi.Dumps"/>
  <testcase name="login" time="0.000" classname="com.externalApi.Dumps"/>
  <testcase name="login" time="0.000" classname="com.externalApi.Dumps"/>
  <testcase name="login" time="0.007" classname="com.externalApi.Dumps"/>
  <testcase name="login" time="0.001" classname="com.externalApi.Dumps"/>
  <testcase name="login" time="0.000" classname="com.externalApi.Dumps"/>
  <testcase name="login" time="0.000" classname="com.externalApi.Dumps"/>
  <testcase name="login" time="0.000" classname="com.externalApi.Dumps"/>
  <testcase name="login" time="0.001" classname="com.externalApi.Dumps"/>
  <testcase name="login" time="0.002" classname="com.externalApi.Dumps"/>
  <testcase name="login" time="0.000" classname="com.externalApi.Dumps"/>
  <testcase name="login" time="0.001" classname="com.externalApi.Dumps"/>
  <testcase name="login" time="0.001" classname="com.externalApi.Dumps"/>
  <testcase name="login" time="0.001" classname="com.externalApi.Dumps"/>
  <testcase name="login" time="0.001" classname="com.externalApi.Dumps"/>
  <testcase name="login" time="0.000" classname="com.externalApi.Dumps"/>
  <testcase name="login" time="0.001" classname="com.externalApi.Dumps"/>
  <testcase name="login" time="0.000" classname="com.externalApi.Dumps"/>
  <testcase name="login" time="0.001" classname="com.externalApi.Dumps"/>
  <testcase name="login" time="0.001" classname="com.externalApi.Dumps"/>
  <testcase name="login" time="0.001" classname="com.externalApi.Dumps"/>
  <testcase name="login" time="0.001" classname="com.externalApi.Dumps"/>
  <testcase name="login" time="0.001" classname="com.externalApi.Dumps"/>
  <testcase name="login" time="0.001" classname="com.externalApi.Dumps"/>
  <testcase name="login" time="0.001" classname="com.externalApi.Dumps"/>
  <testcase name="login" time="0.001" classname="com.externalApi.Dumps"/>
  <testcase name="login" time="0.002" classname="com.externalApi.Dumps"/>
  <testcase name="login" time="0.001" classname="com.externalApi.Dumps"/>
  <testcase name="login" time="0.001" classname="com.externalApi.Dumps"/>
  <testcase name="login" time="0.000" classname="com.externalApi.Dumps"/>
  <testcase name="login" time="0.000" classname="com.externalApi.Dumps"/>
  <testcase name="login" time="0.000" classname="com.externalApi.Dumps"/>
  <testcase name="login" time="0.001" classname="com.externalApi.Dumps"/>
  <testcase name="login" time="0.000" classname="com.externalApi.Dumps"/>
  <testcase name="login" time="0.001" classname="com.externalApi.Dumps"/>
  <testcase name="login" time="0.000" classname="com.externalApi.Dumps"/>
  <testcase name="login" time="0.001" classname="com.externalApi.Dumps"/>
  <testcase name="login" time="0.000" classname="com.externalApi.Dumps"/>
  <testcase name="login" time="0.000" classname="com.externalApi.Dumps"/>
  <testcase name="login" time="0.001" classname="com.externalApi.Dumps"/>
  <testcase name="login" time="0.001" classname="com.externalApi.Dumps"/>
  <testcase name="login" time="0.001" classname="com.externalApi.Dumps"/>
  <testcase name="login" time="0.000" classname="com.externalApi.Dumps"/>
  <testcase name="login" time="0.000" classname="com.externalApi.Dumps"/>
  <testcase name="login" time="0.000" classname="com.externalApi.Dumps"/>
  <testcase name="login" time="0.001" classname="com.externalApi.Dumps"/>
  <testcase name="login" time="0.000" classname="com.externalApi.Dumps"/>
  <testcase name="login" time="0.000" classname="com.externalApi.Dumps"/>
  <testcase name="login" time="0.000" classname="com.externalApi.Dumps"/>
  <testcase name="login" time="0.000" classname="com.externalApi.Dumps"/>
  <testcase name="login" time="0.000" classname="com.externalApi.Dumps"/>
  <testcase name="login" time="0.000" classname="com.externalApi.Dumps"/>
  <testcase name="login" time="0.000" classname="com.externalApi.Dumps"/>
  <testcase name="login" time="0.000" classname="com.externalApi.Dumps"/>
  <testcase name="login" time="0.001" classname="com.externalApi.Dumps"/>
  <testcase name="login" time="0.001" classname="com.externalApi.Dumps"/>
  <testcase name="login" time="0.002" classname="com.externalApi.Dumps"/>
  <testcase name="login" time="0.000" classname="com.externalApi.Dumps"/>
  <testcase name="login" time="0.000" classname="com.externalApi.Dumps"/>
  <testcase name="login" time="0.000" classname="com.externalApi.Dumps"/>
  <testcase name="login" time="0.001" classname="com.externalApi.Dumps"/>
  <testcase name="login" time="0.001" classname="com.externalApi.Dumps"/>
  <testcase name="login" time="0.001" classname="com.externalApi.Dumps"/>
  <testcase name="login" time="0.000" classname="com.externalApi.Dumps"/>
  <testcase name="login" time="0.000" classname="com.externalApi.Dumps"/>
  <testcase name="login" time="0.000" classname="com.externalApi.Dumps"/>
  <testcase name="login" time="0.001" classname="com.externalApi.Dumps"/>
  <testcase name="login" time="0.000" classname="com.externalApi.Dumps"/>
  <testcase name="login" time="0.000" classname="com.externalApi.Dumps"/>
  <testcase name="login" time="0.000" classname="com.externalApi.Dumps"/>
  <testcase name="login" time="0.001" classname="com.externalApi.Dumps"/>
  <testcase name="login" time="0.001" classname="com.externalApi.Dumps"/>
  <testcase name="login" time="0.000" classname="com.externalApi.Dumps"/>
  <testcase name="login" time="0.000" classname="com.externalApi.Dumps"/>
  <testcase name="login" time="0.001" classname="com.externalApi.Dumps"/>
  <testcase name="login" time="0.000" classname="com.externalApi.Dumps"/>
  <testcase name="login" time="0.000" classname="com.externalApi.Dumps"/>
  <testcase name="login" time="0.000" classname="com.externalApi.Dumps"/>
  <testcase name="login" time="0.001" classname="com.externalApi.Dumps"/>
  <testcase name="login" time="0.000" classname="com.externalApi.Dumps"/>
  <testcase name="login" time="0.001" classname="com.externalApi.Dumps"/>
  <testcase name="login" time="0.001" classname="com.externalApi.Dumps"/>
  <testcase name="login" time="0.001" classname="com.externalApi.Dumps"/>
  <testcase name="login" time="0.000" classname="com.externalApi.Dumps"/>
  <testcase name="login" time="0.000" classname="com.externalApi.Dumps"/>
  <testcase name="login" time="0.001" classname="com.externalApi.Dumps"/>
  <testcase name="login" time="0.001" classname="com.externalApi.Dumps"/>
  <testcase name="login" time="0.001" classname="com.externalApi.Dumps"/>
  <testcase name="login" time="0.000" classname="com.externalApi.Dumps"/>
  <testcase name="login" time="0.000" classname="com.externalApi.Dumps"/>
  <testcase name="login" time="0.000" classname="com.externalApi.Dumps"/>
  <testcase name="login" time="0.000" classname="com.externalApi.Dumps"/>
  <testcase name="login" time="0.001" classname="com.externalApi.Dumps"/>
  <testcase name="login" time="0.001" classname="com.externalApi.Dumps"/>
  <testcase name="login" time="0.000" classname="com.externalApi.Dumps"/>
  <testcase name="login" time="0.000" classname="com.externalApi.Dumps"/>
  <testcase name="login" time="0.002" classname="com.externalApi.Dumps"/>
  <testcase name="login" time="0.001" classname="com.externalApi.Dumps"/>
  <testcase name="login" time="0.000" classname="com.externalApi.Dumps"/>
  <testcase name="login" time="0.000" classname="com.externalApi.Dumps"/>
  <testcase name="login" time="0.001" classname="com.externalApi.Dumps"/>
  <testcase name="login" time="0.000" classname="com.externalApi.Dumps"/>
  <testcase name="login" time="0.039" classname="com.externalApi.Dumps"/>
  <testcase name="login" time="0.000" classname="com.externalApi.Dumps"/>
  <testcase name="login" time="0.002" classname="com.externalApi.Dumps"/>
  <testcase name="login" time="0.002" classname="com.externalApi.Dumps"/>
  <testcase name="login" time="0.000" classname="com.externalApi.Dumps"/>
  <testcase name="login" time="0.001" classname="com.externalApi.Dumps"/>
  <testcase name="login" time="0.001" classname="com.externalApi.Dumps"/>
  <testcase name="login" time="0.000" classname="com.externalApi.Dumps"/>
  <testcase name="login" time="0.001" classname="com.externalApi.Dumps"/>
  <testcase name="login" time="0.002" classname="com.externalApi.Dumps"/>
  <testcase name="login" time="0.001" classname="com.externalApi.Dumps"/>
  <testcase name="login" time="0.000" classname="com.externalApi.Dumps"/>
  <testcase name="login" time="0.001" classname="com.externalApi.Dumps"/>
  <testcase name="login" time="0.000" classname="com.externalApi.Dumps"/>
  <testcase name="login" time="0.001" classname="com.externalApi.Dumps"/>
  <testcase name="login" time="0.000" classname="com.externalApi.Dumps"/>
  <testcase name="login" time="0.001" classname="com.externalApi.Dumps"/>
  <testcase name="login" time="0.000" classname="com.externalApi.Dumps"/>
  <testcase name="login" time="0.000" classname="com.externalApi.Dumps"/>
  <testcase name="login" time="0.000" classname="com.externalApi.Dumps"/>
  <testcase name="login" time="0.001" classname="com.externalApi.Dumps"/>
  <testcase name="login" time="0.001" classname="com.externalApi.Dumps"/>
  <testcase name="login" time="0.000" classname="com.externalApi.Dumps"/>
  <testcase name="login" time="0.000" classname="com.externalApi.Dumps"/>
  <testcase name="login" time="0.001" classname="com.externalApi.Dumps"/>
  <testcase name="login" time="0.001" classname="com.externalApi.Dumps"/>
  <testcase name="login" time="0.000" classname="com.externalApi.Dumps"/>
  <testcase name="login" time="0.001" classname="com.externalApi.Dumps"/>
  <testcase name="login" time="0.001" classname="com.externalApi.Dumps"/>
  <testcase name="login" time="0.001" classname="com.externalApi.Dumps"/>
  <testcase name="login" time="0.000" classname="com.externalApi.Dumps"/>
  <testcase name="login" time="0.001" classname="com.externalApi.Dumps"/>
  <testcase name="login" time="0.000" classname="com.externalApi.Dumps"/>
  <testcase name="login" time="0.000" classname="com.externalApi.Dumps"/>
  <testcase name="login" time="0.001" classname="com.externalApi.Dumps"/>
  <testcase name="login" time="0.151" classname="com.externalApi.Dumps"/>
  <testcase name="login" time="0.000" classname="com.externalApi.Dumps"/>
  <testcase name="login" time="0.001" classname="com.externalApi.Dumps"/>
  <testcase name="login" time="0.002" classname="com.externalApi.Dumps"/>
  <testcase name="login" time="0.000" classname="com.externalApi.Dumps"/>
  <testcase name="login" time="0.000" classname="com.externalApi.Dumps"/>
  <testcase name="login" time="0.001" classname="com.externalApi.Dumps"/>
  <testcase name="login" time="0.000" classname="com.externalApi.Dumps"/>
  <testcase name="login" time="0.000" classname="com.externalApi.Dumps"/>
  <testcase name="login" time="0.001" classname="com.externalApi.Dumps"/>
  <testcase name="login" time="0.001" classname="com.externalApi.Dumps"/>
  <testcase name="login" time="0.001" classname="com.externalApi.Dumps"/>
  <testcase name="login" time="0.000" classname="com.externalApi.Dumps"/>
  <testcase name="login" time="0.001" classname="com.externalApi.Dumps"/>
  <testcase name="login" time="0.000" classname="com.externalApi.Dumps"/>
  <testcase name="login" time="0.001" classname="com.externalApi.Dumps"/>
  <testcase name="login" time="0.000" classname="com.externalApi.Dumps"/>
  <testcase name="login" time="0.001" classname="com.externalApi.Dumps"/>
  <testcase name="login" time="0.000" classname="com.externalApi.Dumps"/>
  <testcase name="login" time="0.000" classname="com.externalApi.Dumps"/>
  <testcase name="login" time="0.001" classname="com.externalApi.Dumps"/>
  <testcase name="login" time="0.001" classname="com.externalApi.Dumps"/>
  <testcase name="login" time="0.001" classname="com.externalApi.Dumps"/>
  <testcase name="login" time="0.001" classname="com.externalApi.Dumps"/>
  <testcase name="login" time="0.000" classname="com.externalApi.Dumps"/>
  <testcase name="login" time="0.001" classname="com.externalApi.Dumps"/>
  <testcase name="login" time="0.000" classname="com.externalApi.Dumps"/>
  <testcase name="login" time="0.001" classname="com.externalApi.Dumps"/>
  <testcase name="login" time="0.001" classname="com.externalApi.Dumps"/>
  <testcase name="login" time="0.000" classname="com.externalApi.Dumps"/>
  <testcase name="login" time="0.001" classname="com.externalApi.Dumps"/>
  <testcase name="login" time="0.000" classname="com.externalApi.Dumps"/>
  <testcase name="login" time="0.001" classname="com.externalApi.Dumps"/>
  <testcase name="login" time="0.001" classname="com.externalApi.Dumps"/>
  <testcase name="login" time="0.001" classname="com.externalApi.Dumps"/>
  <testcase name="login" time="0.001" classname="com.externalApi.Dumps"/>
  <testcase name="login" time="0.001" classname="com.externalApi.Dumps"/>
  <testcase name="login" time="0.001" classname="com.externalApi.Dumps"/>
  <testcase name="login" time="0.001" classname="com.externalApi.Dumps"/>
  <testcase name="login" time="0.000" classname="com.externalApi.Dumps"/>
  <testcase name="login" time="0.000" classname="com.externalApi.Dumps"/>
  <testcase name="login" time="0.000" classname="com.externalApi.Dumps"/>
  <testcase name="login" time="0.001" classname="com.externalApi.Dumps"/>
  <testcase name="login" time="0.001" classname="com.externalApi.Dumps"/>
  <testcase name="login" time="0.000" classname="com.externalApi.Dumps"/>
  <testcase name="login" time="0.000" classname="com.externalApi.Dumps"/>
  <testcase name="login" time="0.000" classname="com.externalApi.Dumps"/>
  <testcase name="login" time="0.001" classname="com.externalApi.Dumps"/>
  <testcase name="login" time="0.002" classname="com.externalApi.Dumps"/>
  <testcase name="login" time="0.001" classname="com.externalApi.Dumps"/>
  <testcase name="login" time="0.001" classname="com.externalApi.Dumps"/>
  <testcase name="login" time="0.001" classname="com.externalApi.Dumps"/>
  <testcase name="login" time="0.001" classname="com.externalApi.Dumps"/>
  <testcase name="login" time="0.001" classname="com.externalApi.Dumps"/>
  <testcase name="login" time="0.001" classname="com.externalApi.Dumps"/>
  <testcase name="login" time="0.001" classname="com.externalApi.Dumps"/>
  <testcase name="login" time="0.001" classname="com.externalApi.Dumps"/>
  <testcase name="login" time="0.001" classname="com.externalApi.Dumps"/>
  <testcase name="login" time="0.001" classname="com.externalApi.Dumps"/>
  <testcase name="login" time="0.001" classname="com.externalApi.Dumps"/>
  <testcase name="login" time="0.000" classname="com.externalApi.Dumps"/>
  <testcase name="login" time="0.001" classname="com.externalApi.Dumps"/>
  <testcase name="login" time="0.001" classname="com.externalApi.Dumps"/>
  <testcase name="login" time="0.000" classname="com.externalApi.Dumps"/>
  <testcase name="login" time="0.000" classname="com.externalApi.Dumps"/>
  <testcase name="login" time="0.000" classname="com.externalApi.Dumps"/>
  <testcase name="login" time="0.001" classname="com.externalApi.Dumps"/>
  <testcase name="login" time="0.117" classname="com.externalApi.Dumps"/>
  <testcase name="login" time="0.002" classname="com.externalApi.Dumps"/>
  <testcase name="login" time="0.001" classname="com.externalApi.Dumps"/>
  <testcase name="login" time="0.000" classname="com.externalApi.Dumps"/>
  <testcase name="login" time="0.000" classname="com.externalApi.Dumps"/>
  <testcase name="login" time="0.003" classname="com.externalApi.Dumps"/>
  <testcase name="login" time="0.001" classname="com.externalApi.Dumps"/>
  <testcase name="login" time="0.001" classname="com.externalApi.Dumps"/>
  <testcase name="login" time="0.000" classname="com.externalApi.Dumps"/>
  <testcase name="login" time="0.001" classname="com.externalApi.Dumps"/>
  <testcase name="login" time="0.001" classname="com.externalApi.Dumps"/>
  <testcase name="login" time="0.001" classname="com.externalApi.Dumps"/>
  <testcase name="login" time="0.001" classname="com.externalApi.Dumps"/>
  <testcase name="login" time="0.001" classname="com.externalApi.Dumps"/>
  <testcase name="login" time="0.001" classname="com.externalApi.Dumps"/>
  <testcase name="login" time="0.000" classname="com.externalApi.Dumps"/>
  <testcase name="login" time="0.001" classname="com.externalApi.Dumps"/>
  <testcase name="login" time="0.000" classname="com.externalApi.Dumps"/>
  <testcase name="login" time="0.000" classname="com.externalApi.Dumps"/>
  <testcase name="login" time="0.000" classname="com.externalApi.Dumps"/>
  <testcase name="login" time="0.000" classname="com.externalApi.Dumps"/>
  <testcase name="login" time="0.000" classname="com.externalApi.Dumps"/>
  <testcase name="login" time="0.000" classname="com.externalApi.Dumps"/>
  <testcase name="login" time="0.002" classname="com.externalApi.Dumps"/>
  <testcase name="login" time="0.000" classname="com.externalApi.Dumps"/>
  <testcase name="login" time="0.000" classname="com.externalApi.Dumps"/>
  <testcase name="login" time="0.001" classname="com.externalApi.Dumps"/>
  <testcase name="login" time="0.001" classname="com.externalApi.Dumps"/>
  <testcase name="login" time="0.000" classname="com.externalApi.Dumps"/>
  <testcase name="login" time="0.001" classname="com.externalApi.Dumps"/>
  <testcase name="login" time="0.001" classname="com.externalApi.Dumps"/>
  <testcase name="login" time="0.000" classname="com.externalApi.Dumps"/>
  <testcase name="login" time="0.001" classname="com.externalApi.Dumps"/>
  <testcase name="login" time="0.000" classname="com.externalApi.Dumps"/>
  <testcase name="login" time="0.001" classname="com.externalApi.Dumps"/>
  <testcase name="login" time="0.000" classname="com.externalApi.Dumps"/>
  <testcase name="login" time="0.001" classname="com.externalApi.Dumps"/>
  <testcase name="login" time="0.000" classname="com.externalApi.Dumps"/>
  <testcase name="login" time="0.000" classname="com.externalApi.Dumps"/>
  <testcase name="login" time="0.001" classname="com.externalApi.Dumps"/>
  <testcase name="login" time="0.000" classname="com.externalApi.Dumps"/>
  <testcase name="login" time="0.001" classname="com.externalApi.Dumps"/>
  <testcase name="login" time="0.002" classname="com.externalApi.Dumps"/>
  <testcase name="login" time="0.000" classname="com.externalApi.Dumps"/>
  <testcase name="login" time="0.001" classname="com.externalApi.Dumps"/>
  <testcase name="login" time="0.001" classname="com.externalApi.Dumps"/>
  <testcase name="login" time="0.000" classname="com.externalApi.Dumps"/>
  <testcase name="login" time="0.000" classname="com.externalApi.Dumps"/>
  <testcase name="login" time="0.000" classname="com.externalApi.Dumps"/>
  <testcase name="login" time="0.000" classname="com.externalApi.Dumps"/>
  <testcase name="login" time="0.000" classname="com.externalApi.Dumps"/>
  <testcase name="login" time="0.000" classname="com.externalApi.Dumps"/>
  <testcase name="login" time="0.001" classname="com.externalApi.Dumps"/>
  <testcase name="login" time="0.001" classname="com.externalApi.Dumps"/>
  <testcase name="login" time="0.000" classname="com.externalApi.Dumps"/>
  <testcase name="login" time="0.022" classname="com.externalApi.Dumps"/>
  <testcase name="login" time="0.000" classname="com.externalApi.Dumps"/>
  <testcase name="login" time="0.001" classname="com.externalApi.Dumps"/>
  <testcase name="login" time="0.001" classname="com.externalApi.Dumps"/>
  <testcase name="login" time="0.001" classname="com.externalApi.Dumps"/>
  <testcase name="login" time="0.002" classname="com.externalApi.Dumps"/>
  <testcase name="login" time="0.001" classname="com.externalApi.Dumps"/>
  <testcase name="login" time="0.000" classname="com.externalApi.Dumps"/>
  <testcase name="login" time="0.001" classname="com.externalApi.Dumps"/>
  <testcase name="login" time="0.000" classname="com.externalApi.Dumps"/>
  <testcase name="login" time="0.001" classname="com.externalApi.Dumps"/>
  <testcase name="login" time="0.001" classname="com.externalApi.Dumps"/>
  <testcase name="login" time="0.001" classname="com.externalApi.Dumps"/>
  <testcase name="login" time="0.000" classname="com.externalApi.Dumps"/>
  <testcase name="login" time="0.000" classname="com.externalApi.Dumps"/>
  <testcase name="login" time="0.001" classname="com.externalApi.Dumps"/>
  <testcase name="login" time="0.002" classname="com.externalApi.Dumps"/>
  <testcase name="login" time="0.001" classname="com.externalApi.Dumps"/>
  <testcase name="login" time="0.000" classname="com.externalApi.Dumps"/>
  <testcase name="login" time="0.001" classname="com.externalApi.Dumps"/>
  <testcase name="login" time="0.000" classname="com.externalApi.Dumps"/>
  <testcase name="login" time="0.000" classname="com.externalApi.Dumps"/>
  <testcase name="login" time="0.000" classname="com.externalApi.Dumps"/>
  <testcase name="login" time="0.001" classname="com.externalApi.Dumps"/>
  <testcase name="login" time="0.000" classname="com.externalApi.Dumps"/>
  <testcase name="login" time="0.001" classname="com.externalApi.Dumps"/>
  <testcase name="login" time="0.000" classname="com.externalApi.Dumps"/>
  <testcase name="login" time="0.001" classname="com.externalApi.Dumps"/>
  <testcase name="login" time="0.002" classname="com.externalApi.Dumps"/>
  <testcase name="login" time="0.000" classname="com.externalApi.Dumps"/>
  <testcase name="login" time="0.001" classname="com.externalApi.Dumps"/>
  <testcase name="login" time="0.000" classname="com.externalApi.Dumps"/>
  <testcase name="login" time="0.000" classname="com.externalApi.Dumps"/>
  <testcase name="login" time="0.001" classname="com.externalApi.Dumps"/>
  <testcase name="login" time="0.000" classname="com.externalApi.Dumps"/>
  <testcase name="login" time="0.000" classname="com.externalApi.Dumps"/>
  <testcase name="login" time="0.000" classname="com.externalApi.Dumps"/>
  <testcase name="login" time="0.000" classname="com.externalApi.Dumps"/>
  <testcase name="login" time="0.000" classname="com.externalApi.Dumps"/>
  <testcase name="login" time="0.000" classname="com.externalApi.Dumps"/>
  <testcase name="login" time="0.001" classname="com.externalApi.Dumps"/>
  <testcase name="login" time="0.000" classname="com.externalApi.Dumps"/>
  <testcase name="login" time="0.000" classname="com.externalApi.Dumps"/>
  <testcase name="login" time="0.001" classname="com.externalApi.Dumps"/>
  <testcase name="login" time="0.000" classname="com.externalApi.Dumps"/>
  <testcase name="login" time="0.001" classname="com.externalApi.Dumps"/>
  <testcase name="login" time="0.000" classname="com.externalApi.Dumps"/>
  <testcase name="login" time="0.016" classname="com.externalApi.Dumps"/>
  <testcase name="login" time="0.001" classname="com.externalApi.Dumps"/>
  <testcase name="login" time="0.001" classname="com.externalApi.Dumps"/>
  <testcase name="login" time="0.000" classname="com.externalApi.Dumps"/>
  <testcase name="login" time="0.001" classname="com.externalApi.Dumps"/>
  <testcase name="login" time="0.000" classname="com.externalApi.Dumps"/>
  <testcase name="login" time="0.001" classname="com.externalApi.Dumps"/>
  <testcase name="login" time="0.001" classname="com.externalApi.Dumps"/>
  <testcase name="login" time="0.001" classname="com.externalApi.Dumps"/>
  <testcase name="login" time="0.000" classname="com.externalApi.Dumps"/>
  <testcase name="login" time="0.000" classname="com.externalApi.Dumps"/>
  <testcase name="login" time="0.001" classname="com.externalApi.Dumps"/>
  <testcase name="login" time="0.002" classname="com.externalApi.Dumps"/>
  <testcase name="login" time="0.001" classname="com.externalApi.Dumps"/>
  <testcase name="login" time="0.001" classname="com.externalApi.Dumps"/>
  <testcase name="login" time="0.000" classname="com.externalApi.Dumps"/>
  <testcase name="login" time="0.001" classname="com.externalApi.Dumps"/>
  <testcase name="login" time="0.110" classname="com.externalApi.Dumps"/>
  <testcase name="login" time="0.001" classname="com.externalApi.Dumps"/>
  <testcase name="login" time="0.000" classname="com.externalApi.Dumps"/>
  <testcase name="login" time="0.001" classname="com.externalApi.Dumps"/>
  <testcase name="login" time="0.001" classname="com.externalApi.Dumps"/>
  <testcase name="login" time="0.000" classname="com.externalApi.Dumps"/>
  <testcase name="login" time="0.001" classname="com.externalApi.Dumps"/>
  <testcase name="login" time="0.001" classname="com.externalApi.Dumps"/>
  <testcase name="login" time="0.001" classname="com.externalApi.Dumps"/>
  <testcase name="login" time="0.000" classname="com.externalApi.Dumps"/>
  <testcase name="login" time="0.001" classname="com.externalApi.Dumps"/>
  <testcase name="login" time="0.001" classname="com.externalApi.Dumps"/>
  <testcase name="login" time="0.001" classname="com.externalApi.Dumps"/>
  <testcase name="login" time="0.000" classname="com.externalApi.Dumps"/>
  <testcase name="login" time="0.001" classname="com.externalApi.Dumps"/>
  <testcase name="login" time="0.001" classname="com.externalApi.Dumps"/>
  <testcase name="login" time="0.000" classname="com.externalApi.Dumps"/>
  <testcase name="login" time="0.001" classname="com.externalApi.Dumps"/>
  <testcase name="login" time="0.000" classname="com.externalApi.Dumps"/>
  <testcase name="login" time="0.001" classname="com.externalApi.Dumps"/>
  <testcase name="login" time="0.000" classname="com.externalApi.Dumps"/>
  <testcase name="login" time="0.000" classname="com.externalApi.Dumps"/>
  <testcase name="login" time="0.001" classname="com.externalApi.Dumps"/>
  <testcase name="login" time="0.000" classname="com.externalApi.Dumps"/>
  <testcase name="login" time="0.000" classname="com.externalApi.Dumps"/>
  <testcase name="login" time="0.002" classname="com.externalApi.Dumps"/>
  <testcase name="login" time="0.000" classname="com.externalApi.Dumps"/>
  <testcase name="login" time="0.001" classname="com.externalApi.Dumps"/>
  <testcase name="login" time="0.001" classname="com.externalApi.Dumps"/>
  <testcase name="login" time="0.001" classname="com.externalApi.Dumps"/>
  <testcase name="login" time="0.001" classname="com.externalApi.Dumps"/>
  <testcase name="login" time="0.000" classname="com.externalApi.Dumps"/>
  <testcase name="login" time="0.001" classname="com.externalApi.Dumps"/>
  <testcase name="login" time="0.000" classname="com.externalApi.Dumps"/>
  <testcase name="login" time="0.001" classname="com.externalApi.Dumps"/>
  <testcase name="login" time="0.002" classname="com.externalApi.Dumps"/>
  <testcase name="login" time="0.001" classname="com.externalApi.Dumps"/>
  <testcase name="login" time="0.000" classname="com.externalApi.Dumps"/>
  <testcase name="login" time="0.000" classname="com.externalApi.Dumps"/>
  <testcase name="login" time="0.001" classname="com.externalApi.Dumps"/>
  <testcase name="login" time="0.000" classname="com.externalApi.Dumps"/>
  <testcase name="login" time="0.000" classname="com.externalApi.Dumps"/>
  <testcase name="login" time="0.000" classname="com.externalApi.Dumps"/>
  <testcase name="login" time="0.001" classname="com.externalApi.Dumps"/>
  <testcase name="login" time="0.001" classname="com.externalApi.Dumps"/>
  <testcase name="login" time="0.003" classname="com.externalApi.Dumps"/>
  <testcase name="login" time="0.000" classname="com.externalApi.Dumps"/>
  <testcase name="login" time="0.001" classname="com.externalApi.Dumps"/>
  <testcase name="login" time="0.000" classname="com.externalApi.Dumps"/>
  <testcase name="login" time="0.000" classname="com.externalApi.Dumps"/>
  <testcase name="login" time="0.000" classname="com.externalApi.Dumps"/>
  <testcase name="login" time="0.001" classname="com.externalApi.Dumps"/>
  <testcase name="login" time="0.059" classname="com.externalApi.Dumps"/>
  <testcase name="login" time="0.000" classname="com.externalApi.Dumps"/>
  <testcase name="login" time="0.002" classname="com.externalApi.Dumps"/>
  <testcase name="login" time="0.000" classname="com.externalApi.Dumps"/>
  <testcase name="login" time="0.000" classname="com.externalApi.Dumps"/>
  <testcase name="login" time="0.000" classname="com.externalApi.Dumps"/>
  <testcase name="login" time="0.000" classname="com.externalApi.Dumps"/>
  <testcase name="login" time="0.002" classname="com.externalApi.Dumps"/>
  <testcase name="login" time="0.000" classname="com.externalApi.Dumps"/>
  <testcase name="login" time="0.001" classname="com.externalApi.Dumps"/>
  <testcase name="login" time="0.001" classname="com.externalApi.Dumps"/>
  <testcase name="login" time="0.001" classname="com.externalApi.Dumps"/>
  <testcase name="login" time="0.000" classname="com.externalApi.Dumps"/>
  <testcase name="login" time="0.001" classname="com.externalApi.Dumps"/>
  <testcase name="login" time="0.000" classname="com.externalApi.Dumps"/>
  <testcase name="login" time="0.001" classname="com.externalApi.Dumps"/>
  <testcase name="login" time="0.001" classname="com.externalApi.Dumps"/>
  <testcase name="login" time="0.001" classname="com.externalApi.Dumps"/>
  <testcase name="login" time="0.000" classname="com.externalApi.Dumps"/>
  <testcase name="login" time="0.001" classname="com.externalApi.Dumps"/>
  <testcase name="login" time="0.001" classname="com.externalApi.Dumps"/>
  <testcase name="login" time="0.002" classname="com.externalApi.Dumps"/>
  <testcase name="login" time="0.000" classname="com.externalApi.Dumps"/>
  <testcase name="login" time="0.000" classname="com.externalApi.Dumps"/>
  <testcase name="login" time="0.000" classname="com.externalApi.Dumps"/>
  <testcase name="login" time="0.000" classname="com.externalApi.Dumps"/>
  <testcase name="login" time="0.000" classname="com.externalApi.Dumps"/>
  <testcase name="login" time="0.001" classname="com.externalApi.Dumps"/>
  <testcase name="login" time="0.005" classname="com.externalApi.Dumps"/>
  <testcase name="login" time="0.000" classname="com.externalApi.Dumps"/>
  <testcase name="login" time="0.001" classname="com.externalApi.Dumps"/>
  <testcase name="login" time="0.001" classname="com.externalApi.Dumps"/>
  <testcase name="login" time="0.001" classname="com.externalApi.Dumps"/>
  <testcase name="login" time="0.001" classname="com.externalApi.Dumps"/>
  <testcase name="login" time="0.001" classname="com.externalApi.Dumps"/>
  <testcase name="login" time="0.000" classname="com.externalApi.Dumps"/>
  <testcase name="login" time="0.000" classname="com.externalApi.Dumps"/>
  <testcase name="login" time="0.001" classname="com.externalApi.Dumps"/>
  <testcase name="login" time="0.001" classname="com.externalApi.Dumps"/>
  <testcase name="login" time="0.001" classname="com.externalApi.Dumps"/>
  <testcase name="login" time="0.006" classname="com.externalApi.Dumps"/>
  <testcase name="login" time="0.001" classname="com.externalApi.Dumps"/>
  <testcase name="login" time="0.001" classname="com.externalApi.Dumps"/>
  <testcase name="login" time="0.001" classname="com.externalApi.Dumps"/>
  <testcase name="login" time="0.003" classname="com.externalApi.Dumps"/>
  <testcase name="login" time="0.000" classname="com.externalApi.Dumps"/>
  <testcase name="login" time="0.001" classname="com.externalApi.Dumps"/>
  <testcase name="login" time="0.000" classname="com.externalApi.Dumps"/>
  <testcase name="login" time="0.001" classname="com.externalApi.Dumps"/>
  <testcase name="login" time="0.000" classname="com.externalApi.Dumps"/>
  <testcase name="login" time="0.001" classname="com.externalApi.Dumps"/>
  <testcase name="login" time="0.001" classname="com.externalApi.Dumps"/>
  <testcase name="login" time="0.001" classname="com.externalApi.Dumps"/>
  <testcase name="login" time="0.000" classname="com.externalApi.Dumps"/>
  <testcase name="login" time="0.000" classname="com.externalApi.Dumps"/>
  <testcase name="login" time="0.000" classname="com.externalApi.Dumps"/>
  <testcase name="login" time="0.002" classname="com.externalApi.Dumps"/>
  <testcase name="login" time="0.001" classname="com.externalApi.Dumps"/>
  <testcase name="login" time="0.001" classname="com.externalApi.Dumps"/>
  <testcase name="login" time="0.000" classname="com.externalApi.Dumps"/>
  <testcase name="login" time="0.000" classname="com.externalApi.Dumps"/>
  <testcase name="login" time="0.001" classname="com.externalApi.Dumps"/>
  <testcase name="login" time="0.001" classname="com.externalApi.Dumps"/>
  <testcase name="login" time="0.001" classname="com.externalApi.Dumps"/>
  <testcase name="login" time="0.000" classname="com.externalApi.Dumps"/>
  <testcase name="login" time="0.001" classname="com.externalApi.Dumps"/>
  <testcase name="login" time="0.001" classname="com.externalApi.Dumps"/>
  <testcase name="login" time="0.000" classname="com.externalApi.Dumps"/>
  <testcase name="login" time="0.000" classname="com.externalApi.Dumps"/>
  <testcase name="login" time="0.000" classname="com.externalApi.Dumps"/>
  <testcase name="login" time="0.001" classname="com.externalApi.Dumps"/>
  <testcase name="login" time="0.000" classname="com.externalApi.Dumps"/>
  <testcase name="login" time="0.001" classname="com.externalApi.Dumps"/>
  <testcase name="login" time="0.001" classname="com.externalApi.Dumps"/>
  <testcase name="login" time="0.001" classname="com.externalApi.Dumps"/>
  <testcase name="login" time="0.000" classname="com.externalApi.Dumps"/>
  <testcase name="login" time="0.001" classname="com.externalApi.Dumps"/>
  <testcase name="login" time="0.001" classname="com.externalApi.Dumps"/>
  <testcase name="login" time="0.002" classname="com.externalApi.Dumps"/>
  <testcase name="login" time="0.000" classname="com.externalApi.Dumps"/>
  <testcase name="login" time="0.001" classname="com.externalApi.Dumps"/>
  <testcase name="login" time="0.001" classname="com.externalApi.Dumps"/>
  <testcase name="login" time="0.000" classname="com.externalApi.Dumps"/>
  <testcase name="login" time="0.001" classname="com.externalApi.Dumps"/>
  <testcase name="login" time="0.001" classname="com.externalApi.Dumps"/>
  <testcase name="login" time="0.000" classname="com.externalApi.Dumps"/>
  <testcase name="login" time="0.000" classname="com.externalApi.Dumps"/>
  <testcase name="login" time="0.001" classname="com.externalApi.Dumps"/>
  <testcase name="login" time="0.000" classname="com.externalApi.Dumps"/>
  <testcase name="login" time="0.002" classname="com.externalApi.Dumps"/>
  <testcase name="login" time="0.004" classname="com.externalApi.Dumps"/>
  <testcase name="login" time="0.000" classname="com.externalApi.Dumps"/>
  <testcase name="login" time="0.000" classname="com.externalApi.Dumps"/>
  <testcase name="login" time="0.001" classname="com.externalApi.Dumps"/>
  <testcase name="login" time="0.001" classname="com.externalApi.Dumps"/>
  <testcase name="login" time="0.001" classname="com.externalApi.Dumps"/>
  <testcase name="login" time="0.003" classname="com.externalApi.Dumps"/>
  <testcase name="login" time="0.000" classname="com.externalApi.Dumps"/>
  <testcase name="login" time="0.002" classname="com.externalApi.Dumps"/>
  <testcase name="login" time="0.000" classname="com.externalApi.Dumps"/>
  <testcase name="login" time="0.000" classname="com.externalApi.Dumps"/>
  <testcase name="login" time="0.000" classname="com.externalApi.Dumps"/>
  <testcase name="login" time="0.000" classname="com.externalApi.Dumps"/>
  <testcase name="login" time="0.001" classname="com.externalApi.Dumps"/>
  <testcase name="login" time="0.001" classname="com.externalApi.Dumps"/>
  <testcase name="login" time="0.001" classname="com.externalApi.Dumps"/>
  <testcase name="login" time="0.000" classname="com.externalApi.Dumps"/>
  <testcase name="login" time="0.001" classname="com.externalApi.Dumps"/>
  <testcase name="login" time="0.001" classname="com.externalApi.Dumps"/>
  <testcase name="login" time="0.002" classname="com.externalApi.Dumps"/>
  <testcase name="login" time="0.001" classname="com.externalApi.Dumps"/>
  <testcase name="login" time="0.001" classname="com.externalApi.Dumps"/>
  <testcase name="login" time="0.001" classname="com.externalApi.Dumps"/>
  <testcase name="login" time="0.001" classname="com.externalApi.Dumps"/>
  <testcase name="login" time="0.001" classname="com.externalApi.Dumps"/>
  <testcase name="login" time="0.001" classname="com.externalApi.Dumps"/>
  <testcase name="login" time="0.041" classname="com.externalApi.Dumps"/>
  <testcase name="login" time="0.001" classname="com.externalApi.Dumps"/>
  <testcase name="login" time="0.001" classname="com.externalApi.Dumps"/>
  <testcase name="login" time="0.000" classname="com.externalApi.Dumps"/>
  <testcase name="login" time="0.000" classname="com.externalApi.Dumps"/>
  <testcase name="login" time="0.000" classname="com.externalApi.Dumps"/>
  <testcase name="login" time="0.001" classname="com.externalApi.Dumps"/>
  <testcase name="login" time="0.000" classname="com.externalApi.Dumps"/>
  <testcase name="login" time="0.001" classname="com.externalApi.Dumps"/>
  <testcase name="login" time="0.000" classname="com.externalApi.Dumps"/>
  <testcase name="login" time="0.000" classname="com.externalApi.Dumps"/>
  <testcase name="login" time="0.001" classname="com.externalApi.Dumps"/>
  <testcase name="login" time="0.001" classname="com.externalApi.Dumps"/>
  <testcase name="login" time="0.000" classname="com.externalApi.Dumps"/>
  <testcase name="login" time="0.002" classname="com.externalApi.Dumps"/>
  <testcase name="login" time="0.000" classname="com.externalApi.Dumps"/>
  <testcase name="login" time="0.001" classname="com.externalApi.Dumps"/>
  <testcase name="login" time="0.000" classname="com.externalApi.Dumps"/>
  <testcase name="login" time="0.001" classname="com.externalApi.Dumps"/>
  <testcase name="login" time="0.003" classname="com.externalApi.Dumps"/>
  <testcase name="login" time="0.001" classname="com.externalApi.Dumps"/>
  <testcase name="login" time="0.000" classname="com.externalApi.Dumps"/>
  <testcase name="login" time="0.000" classname="com.externalApi.Dumps"/>
  <testcase name="login" time="0.001" classname="com.externalApi.Dumps"/>
  <testcase name="login" time="0.001" classname="com.externalApi.Dumps"/>
  <testcase name="login" time="0.002" classname="com.externalApi.Dumps"/>
  <testcase name="login" time="0.001" classname="com.externalApi.Dumps"/>
  <testcase name="login" time="0.001" classname="com.externalApi.Dumps"/>
  <testcase name="login" time="0.001" classname="com.externalApi.Dumps"/>
  <testcase name="login" time="0.001" classname="com.externalApi.Dumps"/>
  <testcase name="login" time="0.001" classname="com.externalApi.Dumps"/>
  <testcase name="login" time="0.000" classname="com.externalApi.Dumps"/>
  <testcase name="login" time="0.000" classname="com.externalApi.Dumps"/>
  <testcase name="login" time="0.000" classname="com.externalApi.Dumps"/>
  <testcase name="login" time="0.001" classname="com.externalApi.Dumps"/>
  <testcase name="login" time="0.001" classname="com.externalApi.Dumps"/>
  <testcase name="login" time="0.000" classname="com.externalApi.Dumps"/>
  <testcase name="login" time="0.000" classname="com.externalApi.Dumps"/>
  <testcase name="login" time="0.000" classname="com.externalApi.Dumps"/>
  <testcase name="login" time="0.004" classname="com.externalApi.Dumps"/>
  <testcase name="login" time="0.002" classname="com.externalApi.Dumps"/>
  <testcase name="login" time="0.006" classname="com.externalApi.Dumps"/>
  <testcase name="login" time="0.000" classname="com.externalApi.Dumps"/>
  <testcase name="login" time="0.000" classname="com.externalApi.Dumps"/>
  <testcase name="login" time="0.001" classname="com.externalApi.Dumps"/>
  <testcase name="login" time="0.001" classname="com.externalApi.Dumps"/>
  <testcase name="login" time="0.000" classname="com.externalApi.Dumps"/>
  <testcase name="login" time="0.000" classname="com.externalApi.Dumps"/>
  <testcase name="login" time="0.001" classname="com.externalApi.Dumps"/>
  <testcase name="login" time="0.001" classname="com.externalApi.Dumps"/>
  <testcase name="login" time="0.001" classname="com.externalApi.Dumps"/>
  <testcase name="login" time="0.000" classname="com.externalApi.Dumps"/>
  <testcase name="login" time="0.116" classname="com.externalApi.Dumps"/>
  <testcase name="login" time="0.001" classname="com.externalApi.Dumps"/>
  <testcase name="login" time="0.001" classname="com.externalApi.Dumps"/>
  <testcase name="login" time="0.000" classname="com.externalApi.Dumps"/>
  <testcase name="login" time="0.001" classname="com.externalApi.Dumps"/>
  <testcase name="login" time="0.001" classname="com.externalApi.Dumps"/>
  <testcase name="login" time="0.000" classname="com.externalApi.Dumps"/>
  <testcase name="login" time="0.001" classname="com.externalApi.Dumps"/>
  <testcase name="login" time="0.023" classname="com.externalApi.Dumps"/>
  <testcase name="login" time="0.000" classname="com.externalApi.Dumps"/>
  <testcase name="login" time="0.001" classname="com.externalApi.Dumps"/>
  <testcase name="login" time="0.002" classname="com.externalApi.Dumps"/>
  <testcase name="login" time="0.000" classname="com.externalApi.Dumps"/>
  <testcase name="login" time="0.000" classname="com.externalApi.Dumps"/>
  <testcase name="login" time="0.000" classname="com.externalApi.Dumps"/>
  <testcase name="login" time="0.001" classname="com.externalApi.Dumps"/>
  <testcase name="login" time="0.000" classname="com.externalApi.Dumps"/>
  <testcase name="login" time="0.000" classname="com.externalApi.Dumps"/>
  <testcase name="login" time="0.000" classname="com.externalApi.Dumps"/>
  <testcase name="login" time="0.002" classname="com.externalApi.Dumps"/>
  <testcase name="login" time="0.001" classname="com.externalApi.Dumps"/>
  <testcase name="login" time="0.000" classname="com.externalApi.Dumps"/>
  <testcase name="login" time="0.001" classname="com.externalApi.Dumps"/>
  <testcase name="login" time="0.000" classname="com.externalApi.Dumps"/>
  <testcase name="login" time="0.002" classname="com.externalApi.Dumps"/>
  <testcase name="login" time="0.000" classname="com.externalApi.Dumps"/>
  <testcase name="login" time="0.001" classname="com.externalApi.Dumps"/>
  <testcase name="login" time="0.001" classname="com.externalApi.Dumps"/>
  <testcase name="login" time="0.001" classname="com.externalApi.Dumps"/>
  <testcase name="login" time="0.000" classname="com.externalApi.Dumps"/>
  <testcase name="login" time="0.000" classname="com.externalApi.Dumps"/>
  <testcase name="login" time="0.001" classname="com.externalApi.Dumps"/>
  <testcase name="login" time="0.000" classname="com.externalApi.Dumps"/>
  <testcase name="login" time="0.000" classname="com.externalApi.Dumps"/>
  <testcase name="login" time="0.075" classname="com.externalApi.Dumps"/>
  <testcase name="login" time="0.002" classname="com.externalApi.Dumps"/>
  <testcase name="login" time="0.001" classname="com.externalApi.Dumps"/>
  <testcase name="login" time="0.000" classname="com.externalApi.Dumps"/>
  <testcase name="login" time="0.001" classname="com.externalApi.Dumps"/>
  <testcase name="login" time="0.001" classname="com.externalApi.Dumps"/>
  <testcase name="login" time="0.001" classname="com.externalApi.Dumps"/>
  <testcase name="login" time="0.000" classname="com.externalApi.Dumps"/>
  <testcase name="login" time="0.001" classname="com.externalApi.Dumps"/>
  <testcase name="login" time="0.000" classname="com.externalApi.Dumps"/>
  <testcase name="login" time="0.001" classname="com.externalApi.Dumps"/>
  <testcase name="login" time="0.000" classname="com.externalApi.Dumps"/>
  <testcase name="login" time="0.000" classname="com.externalApi.Dumps"/>
  <testcase name="login" time="0.000" classname="com.externalApi.Dumps"/>
  <testcase name="login" time="0.001" classname="com.externalApi.Dumps"/>
  <testcase name="login" time="0.001" classname="com.externalApi.Dumps"/>
  <testcase name="login" time="0.000" classname="com.externalApi.Dumps"/>
  <testcase name="login" time="0.000" classname="com.externalApi.Dumps"/>
  <testcase name="login" time="0.000" classname="com.externalApi.Dumps"/>
  <testcase name="login" time="0.001" classname="com.externalApi.Dumps"/>
  <testcase name="login" time="0.001" classname="com.externalApi.Dumps"/>
  <testcase name="login" time="0.000" classname="com.externalApi.Dumps"/>
  <testcase name="login" time="0.000" classname="com.externalApi.Dumps"/>
  <testcase name="login" time="0.000" classname="com.externalApi.Dumps"/>
  <testcase name="login" time="0.000" classname="com.externalApi.Dumps"/>
  <testcase name="login" time="0.002" classname="com.externalApi.Dumps"/>
  <testcase name="login" time="0.001" classname="com.externalApi.Dumps"/>
  <testcase name="login" time="0.000" classname="com.externalApi.Dumps"/>
  <testcase name="login" time="0.004" classname="com.externalApi.Dumps"/>
  <testcase name="login" time="0.000" classname="com.externalApi.Dumps"/>
  <testcase name="login" time="0.001" classname="com.externalApi.Dumps"/>
  <testcase name="login" time="0.103" classname="com.externalApi.Dumps"/>
  <testcase name="login" time="0.000" classname="com.externalApi.Dumps"/>
  <testcase name="login" time="0.001" classname="com.externalApi.Dumps"/>
  <testcase name="login" time="0.001" classname="com.externalApi.Dumps"/>
  <testcase name="login" time="0.424" classname="com.externalApi.Dumps"/>
  <testcase name="login" time="0.000" classname="com.externalApi.Dumps"/>
  <testcase name="login" time="0.001" classname="com.externalApi.Dumps"/>
  <testcase name="login" time="0.001" classname="com.externalApi.Dumps"/>
  <testcase name="login" time="0.004" classname="com.externalApi.Dumps"/>
  <testcase name="login" time="0.000" classname="com.externalApi.Dumps"/>
  <testcase name="login" time="0.000" classname="com.externalApi.Dumps"/>
  <testcase name="login" time="0.001" classname="com.externalApi.Dumps"/>
  <testcase name="login" time="0.000" classname="com.externalApi.Dumps"/>
  <testcase name="login" time="0.001" classname="com.externalApi.Dumps"/>
  <testcase name="login" time="0.001" classname="com.externalApi.Dumps"/>
  <testcase name="login" time="0.001" classname="com.externalApi.Dumps"/>
  <testcase name="login" time="0.000" classname="com.externalApi.Dumps"/>
  <testcase name="login" time="0.003" classname="com.externalApi.Dumps"/>
  <testcase name="login" time="0.000" classname="com.externalApi.Dumps"/>
  <testcase name="login" time="0.000" classname="com.externalApi.Dumps"/>
  <testcase name="login" time="0.001" classname="com.externalApi.Dumps"/>
  <testcase name="login" time="0.000" classname="com.externalApi.Dumps"/>
  <testcase name="login" time="0.000" classname="com.externalApi.Dumps"/>
  <testcase name="login" time="0.001" classname="com.externalApi.Dumps"/>
  <testcase name="login" time="0.000" classname="com.externalApi.Dumps"/>
  <testcase name="login" time="0.002" classname="com.externalApi.Dumps"/>
  <testcase name="login" time="0.000" classname="com.externalApi.Dumps"/>
  <testcase name="login" time="0.000" classname="com.externalApi.Dumps"/>
  <testcase name="login" time="0.001" classname="com.externalApi.Dumps"/>
  <testcase name="login" time="0.000" classname="com.externalApi.Dumps"/>
  <testcase name="login" time="0.001" classname="com.externalApi.Dumps"/>
  <testcase name="login" time="0.001" classname="com.externalApi.Dumps"/>
  <testcase name="login" time="0.000" classname="com.externalApi.Dumps"/>
  <testcase name="login" time="0.001" classname="com.externalApi.Dumps"/>
  <testcase name="login" time="0.002" classname="com.externalApi.Dumps"/>
  <testcase name="login" time="0.001" classname="com.externalApi.Dumps"/>
  <testcase name="login" time="0.000" classname="com.externalApi.Dumps"/>
  <testcase name="login" time="0.001" classname="com.externalApi.Dumps"/>
  <testcase name="login" time="0.000" classname="com.externalApi.Dumps"/>
  <testcase name="login" time="0.001" classname="com.externalApi.Dumps"/>
  <testcase name="login" time="0.000" classname="com.externalApi.Dumps"/>
  <testcase name="login" time="0.000" classname="com.externalApi.Dumps"/>
  <testcase name="login" time="0.000" classname="com.externalApi.Dumps"/>
  <testcase name="login" time="0.000" classname="com.externalApi.Dumps"/>
  <testcase name="login" time="0.001" classname="com.externalApi.Dumps"/>
  <testcase name="login" time="0.001" classname="com.externalApi.Dumps"/>
  <testcase name="login" time="0.000" classname="com.externalApi.Dumps"/>
  <testcase name="login" time="0.000" classname="com.externalApi.Dumps"/>
  <testcase name="login" time="0.000" classname="com.externalApi.Dumps"/>
  <testcase name="login" time="0.001" classname="com.externalApi.Dumps"/>
  <testcase name="login" time="0.001" classname="com.externalApi.Dumps"/>
  <testcase name="login" time="0.001" classname="com.externalApi.Dumps"/>
  <testcase name="login" time="0.001" classname="com.externalApi.Dumps"/>
  <testcase name="login" time="0.001" classname="com.externalApi.Dumps"/>
  <testcase name="login" time="0.001" classname="com.externalApi.Dumps"/>
  <testcase name="login" time="0.001" classname="com.externalApi.Dumps"/>
  <testcase name="login" time="0.003" classname="com.externalApi.Dumps"/>
  <testcase name="login" time="0.002" classname="com.externalApi.Dumps"/>
  <testcase name="login" time="0.002" classname="com.externalApi.Dumps"/>
  <testcase name="login" time="0.002" classname="com.externalApi.Dumps"/>
  <testcase name="login" time="0.000" classname="com.externalApi.Dumps"/>
  <testcase name="login" time="0.007" classname="com.externalApi.Dumps"/>
  <testcase name="login" time="0.000" classname="com.externalApi.Dumps"/>
  <testcase name="login" time="0.001" classname="com.externalApi.Dumps"/>
  <testcase name="login" time="0.000" classname="com.externalApi.Dumps"/>
  <testcase name="login" time="0.000" classname="com.externalApi.Dumps"/>
  <testcase name="login" time="0.000" classname="com.externalApi.Dumps"/>
  <testcase name="login" time="0.000" classname="com.externalApi.Dumps"/>
  <testcase name="login" time="0.001" classname="com.externalApi.Dumps"/>
  <testcase name="login" time="0.000" classname="com.externalApi.Dumps"/>
  <testcase name="login" time="0.001" classname="com.externalApi.Dumps"/>
  <testcase name="login" time="0.001" classname="com.externalApi.Dumps"/>
  <testcase name="login" time="0.001" classname="com.externalApi.Dumps"/>
  <testcase name="login" time="0.000" classname="com.externalApi.Dumps"/>
  <testcase name="login" time="0.001" classname="com.externalApi.Dumps"/>
  <testcase name="login" time="0.001" classname="com.externalApi.Dumps"/>
  <testcase name="login" time="0.000" classname="com.externalApi.Dumps"/>
  <testcase name="login" time="0.000" classname="com.externalApi.Dumps"/>
  <testcase name="login" time="0.000" classname="com.externalApi.Dumps"/>
  <testcase name="login" time="0.001" classname="com.externalApi.Dumps"/>
  <testcase name="login" time="0.000" classname="com.externalApi.Dumps"/>
  <testcase name="login" time="0.000" classname="com.externalApi.Dumps"/>
  <testcase name="login" time="0.001" classname="com.externalApi.Dumps"/>
  <testcase name="login" time="0.001" classname="com.externalApi.Dumps"/>
  <testcase name="login" time="0.000" classname="com.externalApi.Dumps"/>
  <testcase name="login" time="0.001" classname="com.externalApi.Dumps"/>
  <testcase name="login" time="0.001" classname="com.externalApi.Dumps"/>
  <testcase name="login" time="0.000" classname="com.externalApi.Dumps"/>
  <testcase name="login" time="0.001" classname="com.externalApi.Dumps"/>
  <testcase name="login" time="0.000" classname="com.externalApi.Dumps"/>
  <testcase name="login" time="0.016" classname="com.externalApi.Dumps"/>
  <testcase name="login" time="0.001" classname="com.externalApi.Dumps"/>
  <testcase name="login" time="0.000" classname="com.externalApi.Dumps"/>
  <testcase name="login" time="0.001" classname="com.externalApi.Dumps"/>
  <testcase name="login" time="0.000" classname="com.externalApi.Dumps"/>
  <testcase name="login" time="0.001" classname="com.externalApi.Dumps"/>
  <testcase name="login" time="0.000" classname="com.externalApi.Dumps"/>
  <testcase name="login" time="0.001" classname="com.externalApi.Dumps"/>
  <testcase name="login" time="0.005" classname="com.externalApi.Dumps"/>
  <testcase name="login" time="0.001" classname="com.externalApi.Dumps"/>
  <testcase name="login" time="0.001" classname="com.externalApi.Dumps"/>
  <testcase name="login" time="0.001" classname="com.externalApi.Dumps"/>
  <testcase name="login" time="0.000" classname="com.externalApi.Dumps"/>
  <testcase name="login" time="0.000" classname="com.externalApi.Dumps"/>
  <testcase name="login" time="0.001" classname="com.externalApi.Dumps"/>
  <testcase name="login" time="0.001" classname="com.externalApi.Dumps"/>
  <testcase name="login" time="0.001" classname="com.externalApi.Dumps"/>
  <testcase name="login" time="0.000" classname="com.externalApi.Dumps"/>
  <testcase name="login" time="0.000" classname="com.externalApi.Dumps"/>
  <testcase name="login" time="0.000" classname="com.externalApi.Dumps"/>
  <testcase name="login" time="0.000" classname="com.externalApi.Dumps"/>
  <testcase name="login" time="0.000" classname="com.externalApi.Dumps"/>
  <testcase name="login" time="0.001" classname="com.externalApi.Dumps"/>
  <testcase name="login" time="0.001" classname="com.externalApi.Dumps"/>
  <testcase name="login" time="0.001" classname="com.externalApi.Dumps"/>
  <testcase name="login" time="0.001" classname="com.externalApi.Dumps"/>
  <testcase name="login" time="0.001" classname="com.externalApi.Dumps"/>
  <testcase name="login" time="0.000" classname="com.externalApi.Dumps"/>
  <testcase name="login" time="0.015" classname="com.externalApi.Dumps"/>
  <testcase name="login" time="0.000" classname="com.externalApi.Dumps"/>
  <testcase name="login" time="0.000" classname="com.externalApi.Dumps"/>
  <testcase name="login" time="0.001" classname="com.externalApi.Dumps"/>
  <testcase name="login" time="0.001" classname="com.externalApi.Dumps"/>
  <testcase name="login" time="0.001" classname="com.externalApi.Dumps"/>
  <testcase name="login" time="0.001" classname="com.externalApi.Dumps"/>
  <testcase name="login" time="0.001" classname="com.externalApi.Dumps"/>
  <testcase name="login" time="0.002" classname="com.externalApi.Dumps"/>
  <testcase name="login" time="0.001" classname="com.externalApi.Dumps"/>
  <testcase name="login" time="0.001" classname="com.externalApi.Dumps"/>
  <testcase name="login" time="0.000" classname="com.externalApi.Dumps"/>
  <testcase name="login" time="0.002" classname="com.externalApi.Dumps"/>
  <testcase name="login" time="0.001" classname="com.externalApi.Dumps"/>
  <testcase name="login" time="0.000" classname="com.externalApi.Dumps"/>
  <testcase name="login" time="0.001" classname="com.externalApi.Dumps"/>
  <testcase name="login" time="0.000" classname="com.externalApi.Dumps"/>
  <testcase name="login" time="0.000" classname="com.externalApi.Dumps"/>
  <testcase name="login" time="0.001" classname="com.externalApi.Dumps"/>
  <testcase name="login" time="0.001" classname="com.externalApi.Dumps"/>
  <testcase name="login" time="0.000" classname="com.externalApi.Dumps"/>
  <testcase name="login" time="0.001" classname="com.externalApi.Dumps"/>
  <testcase name="login" time="0.000" classname="com.externalApi.Dumps"/>
  <testcase name="login" time="0.000" classname="com.externalApi.Dumps"/>
  <testcase name="login" time="0.001" classname="com.externalApi.Dumps"/>
  <testcase name="login" time="0.000" classname="com.externalApi.Dumps"/>
  <testcase name="login" time="0.001" classname="com.externalApi.Dumps"/>
  <testcase name="login" time="0.001" classname="com.externalApi.Dumps"/>
  <testcase name="login" time="0.000" classname="com.externalApi.Dumps"/>
  <testcase name="login" time="0.001" classname="com.externalApi.Dumps"/>
  <testcase name="login" time="0.001" classname="com.externalApi.Dumps"/>
  <testcase name="login" time="0.000" classname="com.externalApi.Dumps"/>
  <testcase name="login" time="0.000" classname="com.externalApi.Dumps"/>
  <testcase name="login" time="0.000" classname="com.externalApi.Dumps"/>
  <testcase name="login" time="0.000" classname="com.externalApi.Dumps"/>
  <testcase name="login" time="0.001" classname="com.externalApi.Dumps"/>
  <testcase name="login" time="0.000" classname="com.externalApi.Dumps"/>
  <testcase name="login" time="0.000" classname="com.externalApi.Dumps"/>
  <testcase name="login" time="0.000" classname="com.externalApi.Dumps"/>
  <testcase name="login" time="0.001" classname="com.externalApi.Dumps"/>
  <testcase name="login" time="0.003" classname="com.externalApi.Dumps"/>
  <testcase name="login" time="0.001" classname="com.externalApi.Dumps"/>
  <testcase name="login" time="0.001" classname="com.externalApi.Dumps"/>
  <testcase name="login" time="0.001" classname="com.externalApi.Dumps"/>
  <testcase name="login" time="0.001" classname="com.externalApi.Dumps"/>
  <testcase name="login" time="0.001" classname="com.externalApi.Dumps"/>
  <testcase name="login" time="0.001" classname="com.externalApi.Dumps"/>
  <testcase name="login" time="0.001" classname="com.externalApi.Dumps"/>
  <testcase name="login" time="0.001" classname="com.externalApi.Dumps"/>
  <testcase name="login" time="0.001" classname="com.externalApi.Dumps"/>
  <testcase name="login" time="0.000" classname="com.externalApi.Dumps"/>
  <testcase name="login" time="0.000" classname="com.externalApi.Dumps"/>
  <testcase name="login" time="0.002" classname="com.externalApi.Dumps"/>
  <testcase name="login" time="0.000" classname="com.externalApi.Dumps"/>
  <testcase name="login" time="0.001" classname="com.externalApi.Dumps"/>
  <testcase name="login" time="0.001" classname="com.externalApi.Dumps"/>
  <testcase name="login" time="0.000" classname="com.externalApi.Dumps"/>
  <testcase name="login" time="0.001" classname="com.externalApi.Dumps"/>
  <testcase name="login" time="0.001" classname="com.externalApi.Dumps"/>
  <testcase name="login" time="0.002" classname="com.externalApi.Dumps"/>
  <testcase name="login" time="0.000" classname="com.externalApi.Dumps"/>
  <testcase name="login" time="0.001" classname="com.externalApi.Dumps"/>
  <testcase name="login" time="0.000" classname="com.externalApi.Dumps"/>
  <testcase name="login" time="0.001" classname="com.externalApi.Dumps"/>
  <testcase name="login" time="0.001" classname="com.externalApi.Dumps"/>
  <testcase name="login" time="0.001" classname="com.externalApi.Dumps"/>
  <testcase name="login" time="0.000" classname="com.externalApi.Dumps"/>
  <testcase name="login" time="0.001" classname="com.externalApi.Dumps"/>
  <testcase name="login" time="0.001" classname="com.externalApi.Dumps"/>
  <testcase name="login" time="0.001" classname="com.externalApi.Dumps"/>
  <testcase name="login" time="0.000" classname="com.externalApi.Dumps"/>
  <testcase name="login" time="0.000" classname="com.externalApi.Dumps"/>
  <testcase name="login" time="0.000" classname="com.externalApi.Dumps"/>
  <testcase name="login" time="0.002" classname="com.externalApi.Dumps"/>
  <testcase name="login" time="0.001" classname="com.externalApi.Dumps"/>
  <testcase name="login" time="0.001" classname="com.externalApi.Dumps"/>
  <testcase name="login" time="0.000" classname="com.externalApi.Dumps"/>
  <testcase name="login" time="0.000" classname="com.externalApi.Dumps"/>
  <testcase name="login" time="0.000" classname="com.externalApi.Dumps"/>
  <testcase name="login" time="0.000" classname="com.externalApi.Dumps"/>
  <testcase name="login" time="0.000" classname="com.externalApi.Dumps"/>
  <testcase name="login" time="0.002" classname="com.externalApi.Dumps"/>
  <testcase name="login" time="0.002" classname="com.externalApi.Dumps"/>
  <testcase name="login" time="0.001" classname="com.externalApi.Dumps"/>
  <testcase name="login" time="0.000" classname="com.externalApi.Dumps"/>
  <testcase name="login" time="0.001" classname="com.externalApi.Dumps"/>
  <testcase name="login" time="0.000" classname="com.externalApi.Dumps"/>
  <testcase name="login" time="0.001" classname="com.externalApi.Dumps"/>
  <testcase name="login" time="0.001" classname="com.externalApi.Dumps"/>
  <testcase name="login" time="0.001" classname="com.externalApi.Dumps"/>
  <testcase name="login" time="0.000" classname="com.externalApi.Dumps"/>
  <testcase name="login" time="0.001" classname="com.externalApi.Dumps"/>
  <testcase name="login" time="0.000" classname="com.externalApi.Dumps"/>
  <testcase name="login" time="0.001" classname="com.externalApi.Dumps"/>
  <testcase name="login" time="0.001" classname="com.externalApi.Dumps"/>
  <testcase name="login" time="0.000" classname="com.externalApi.Dumps"/>
  <testcase name="login" time="0.001" classname="com.externalApi.Dumps"/>
  <testcase name="login" time="0.001" classname="com.externalApi.Dumps"/>
  <testcase name="login" time="0.002" classname="com.externalApi.Dumps"/>
  <testcase name="login" time="0.000" classname="com.externalApi.Dumps"/>
  <testcase name="login" time="0.001" classname="com.externalApi.Dumps"/>
  <testcase name="login" time="0.001" classname="com.externalApi.Dumps"/>
  <testcase name="login" time="0.001" classname="com.externalApi.Dumps"/>
  <testcase name="login" time="0.001" classname="com.externalApi.Dumps"/>
  <testcase name="login" time="0.001" classname="com.externalApi.Dumps"/>
  <testcase name="login" time="0.001" classname="com.externalApi.Dumps"/>
  <testcase name="login" time="0.000" classname="com.externalApi.Dumps"/>
  <testcase name="login" time="0.000" classname="com.externalApi.Dumps"/>
  <testcase name="login" time="0.000" classname="com.externalApi.Dumps"/>
  <testcase name="login" time="0.000" classname="com.externalApi.Dumps"/>
  <testcase name="login" time="0.000" classname="com.externalApi.Dumps"/>
  <testcase name="login" time="0.001" classname="com.externalApi.Dumps"/>
  <testcase name="login" time="0.000" classname="com.externalApi.Dumps"/>
  <testcase name="login" time="0.000" classname="com.externalApi.Dumps"/>
  <testcase name="login" time="0.001" classname="com.externalApi.Dumps"/>
  <testcase name="login" time="0.001" classname="com.externalApi.Dumps"/>
  <testcase name="login" time="0.000" classname="com.externalApi.Dumps"/>
  <testcase name="login" time="0.000" classname="com.externalApi.Dumps"/>
  <testcase name="login" time="0.000" classname="com.externalApi.Dumps"/>
  <testcase name="login" time="0.001" classname="com.externalApi.Dumps"/>
  <testcase name="login" time="0.000" classname="com.externalApi.Dumps"/>
  <testcase name="login" time="0.001" classname="com.externalApi.Dumps"/>
  <testcase name="login" time="0.000" classname="com.externalApi.Dumps"/>
  <testcase name="login" time="0.000" classname="com.externalApi.Dumps"/>
  <testcase name="login" time="0.000" classname="com.externalApi.Dumps"/>
  <testcase name="login" time="0.001" classname="com.externalApi.Dumps"/>
  <testcase name="login" time="0.001" classname="com.externalApi.Dumps"/>
  <testcase name="login" time="0.000" classname="com.externalApi.Dumps"/>
  <testcase name="login" time="0.000" classname="com.externalApi.Dumps"/>
  <testcase name="login" time="0.002" classname="com.externalApi.Dumps"/>
  <testcase name="login" time="0.000" classname="com.externalApi.Dumps"/>
  <testcase name="login" time="0.000" classname="com.externalApi.Dumps"/>
  <testcase name="login" time="0.001" classname="com.externalApi.Dumps"/>
  <testcase name="login" time="0.001" classname="com.externalApi.Dumps"/>
  <testcase name="login" time="0.001" classname="com.externalApi.Dumps"/>
  <testcase name="login" time="0.001" classname="com.externalApi.Dumps"/>
  <testcase name="login" time="0.000" classname="com.externalApi.Dumps"/>
  <testcase name="login" time="0.000" classname="com.externalApi.Dumps"/>
  <testcase name="login" time="0.001" classname="com.externalApi.Dumps"/>
  <testcase name="login" time="0.001" classname="com.externalApi.Dumps"/>
  <testcase name="login" time="0.000" classname="com.externalApi.Dumps"/>
  <testcase name="login" time="0.001" classname="com.externalApi.Dumps"/>
  <testcase name="login" time="0.000" classname="com.externalApi.Dumps"/>
  <testcase name="login" time="0.001" classname="com.externalApi.Dumps"/>
  <testcase name="login" time="0.000" classname="com.externalApi.Dumps"/>
  <testcase name="login" time="0.002" classname="com.externalApi.Dumps"/>
  <testcase name="login" time="0.001" classname="com.externalApi.Dumps"/>
  <testcase name="login" time="0.000" classname="com.externalApi.Dumps"/>
  <testcase name="login" time="0.001" classname="com.externalApi.Dumps"/>
  <testcase name="login" time="0.000" classname="com.externalApi.Dumps"/>
  <testcase name="login" time="0.001" classname="com.externalApi.Dumps"/>
  <testcase name="login" time="0.000" classname="com.externalApi.Dumps"/>
  <testcase name="login" time="0.000" classname="com.externalApi.Dumps"/>
  <testcase name="login" time="0.000" classname="com.externalApi.Dumps"/>
  <testcase name="login" time="0.000" classname="com.externalApi.Dumps"/>
  <testcase name="login" time="0.000" classname="com.externalApi.Dumps"/>
  <testcase name="login" time="0.000" classname="com.externalApi.Dumps"/>
  <testcase name="login" time="0.001" classname="com.externalApi.Dumps"/>
  <testcase name="login" time="0.001" classname="com.externalApi.Dumps"/>
  <testcase name="login" time="0.001" classname="com.externalApi.Dumps"/>
  <testcase name="login" time="0.001" classname="com.externalApi.Dumps"/>
  <testcase name="login" time="0.000" classname="com.externalApi.Dumps"/>
  <testcase name="login" time="0.000" classname="com.externalApi.Dumps"/>
  <testcase name="login" time="0.001" classname="com.externalApi.Dumps"/>
  <testcase name="login" time="0.001" classname="com.externalApi.Dumps"/>
  <testcase name="login" time="0.000" classname="com.externalApi.Dumps"/>
  <testcase name="login" time="0.002" classname="com.externalApi.Dumps"/>
  <testcase name="login" time="0.000" classname="com.externalApi.Dumps"/>
  <testcase name="login" time="0.001" classname="com.externalApi.Dumps"/>
  <testcase name="login" time="0.000" classname="com.externalApi.Dumps"/>
  <testcase name="login" time="0.001" classname="com.externalApi.Dumps"/>
  <testcase name="login" time="0.000" classname="com.externalApi.Dumps"/>
  <testcase name="login" time="0.000" classname="com.externalApi.Dumps"/>
  <testcase name="login" time="0.001" classname="com.externalApi.Dumps"/>
  <testcase name="login" time="0.001" classname="com.externalApi.Dumps"/>
  <testcase name="login" time="0.001" classname="com.externalApi.Dumps"/>
  <testcase name="login" time="0.001" classname="com.externalApi.Dumps"/>
  <testcase name="login" time="0.000" classname="com.externalApi.Dumps"/>
  <testcase name="login" time="0.001" classname="com.externalApi.Dumps"/>
  <testcase name="login" time="0.001" classname="com.externalApi.Dumps"/>
  <testcase name="login" time="0.000" classname="com.externalApi.Dumps"/>
  <testcase name="login" time="0.001" classname="com.externalApi.Dumps"/>
  <testcase name="login" time="0.000" classname="com.externalApi.Dumps"/>
  <testcase name="login" time="0.001" classname="com.externalApi.Dumps"/>
  <testcase name="login" time="0.001" classname="com.externalApi.Dumps"/>
  <testcase name="login" time="0.000" classname="com.externalApi.Dumps"/>
  <testcase name="login" time="0.000" classname="com.externalApi.Dumps"/>
  <testcase name="login" time="0.001" classname="com.externalApi.Dumps"/>
  <testcase name="login" time="0.000" classname="com.externalApi.Dumps"/>
  <testcase name="login" time="0.001" classname="com.externalApi.Dumps"/>
  <testcase name="login" time="0.001" classname="com.externalApi.Dumps"/>
  <testcase name="login" time="0.000" classname="com.externalApi.Dumps"/>
  <testcase name="login" time="0.000" classname="com.externalApi.Dumps"/>
  <testcase name="login" time="0.001" classname="com.externalApi.Dumps"/>
  <testcase name="login" time="0.001" classname="com.externalApi.Dumps"/>
  <testcase name="login" time="0.000" classname="com.externalApi.Dumps"/>
  <testcase name="login" time="0.000" classname="com.externalApi.Dumps"/>
  <testcase name="login" time="0.000" classname="com.externalApi.Dumps"/>
  <testcase name="login" time="0.000" classname="com.externalApi.Dumps"/>
  <testcase name="login" time="0.001" classname="com.externalApi.Dumps"/>
  <testcase name="login" time="0.001" classname="com.externalApi.Dumps"/>
  <testcase name="login" time="0.001" classname="com.externalApi.Dumps"/>
  <testcase name="login" time="0.000" classname="com.externalApi.Dumps"/>
  <testcase name="login" time="0.000" classname="com.externalApi.Dumps"/>
  <testcase name="login" time="0.000" classname="com.externalApi.Dumps"/>
  <testcase name="login" time="0.000" classname="com.externalApi.Dumps"/>
  <testcase name="login" time="0.000" classname="com.externalApi.Dumps"/>
  <testcase name="login" time="0.001" classname="com.externalApi.Dumps"/>
  <testcase name="login" time="0.000" classname="com.externalApi.Dumps"/>
  <testcase name="login" time="0.000" classname="com.externalApi.Dumps"/>
  <testcase name="login" time="0.000" classname="com.externalApi.Dumps"/>
  <testcase name="login" time="0.001" classname="com.externalApi.Dumps"/>
  <testcase name="login" time="0.001" classname="com.externalApi.Dumps"/>
  <testcase name="login" time="0.000" classname="com.externalApi.Dumps"/>
  <testcase name="login" time="0.000" classname="com.externalApi.Dumps"/>
  <testcase name="login" time="0.001" classname="com.externalApi.Dumps"/>
  <testcase name="login" time="0.000" classname="com.externalApi.Dumps"/>
  <testcase name="login" time="0.001" classname="com.externalApi.Dumps"/>
  <testcase name="login" time="0.001" classname="com.externalApi.Dumps"/>
  <testcase name="login" time="0.000" classname="com.externalApi.Dumps"/>
  <testcase name="login" time="0.052" classname="com.externalApi.Dumps"/>
  <testcase name="login" time="0.000" classname="com.externalApi.Dumps"/>
  <testcase name="login" time="0.000" classname="com.externalApi.Dumps"/>
  <testcase name="login" time="0.115" classname="com.externalApi.Dumps"/>
  <testcase name="login" time="0.001" classname="com.externalApi.Dumps"/>
  <testcase name="login" time="0.001" classname="com.externalApi.Dumps"/>
  <testcase name="login" time="0.000" classname="com.externalApi.Dumps"/>
  <testcase name="login" time="0.001" classname="com.externalApi.Dumps"/>
  <testcase name="login" time="0.001" classname="com.externalApi.Dumps"/>
  <testcase name="login" time="0.001" classname="com.externalApi.Dumps"/>
  <testcase name="login" time="0.001" classname="com.externalApi.Dumps"/>
  <testcase name="login" time="0.000" classname="com.externalApi.Dumps"/>
  <testcase name="login" time="0.001" classname="com.externalApi.Dumps"/>
  <testcase name="login" time="0.000" classname="com.externalApi.Dumps"/>
  <testcase name="login" time="0.000" classname="com.externalApi.Dumps"/>
  <testcase name="login" time="0.001" classname="com.externalApi.Dumps"/>
  <testcase name="login" time="0.001" classname="com.externalApi.Dumps"/>
  <testcase name="login" time="0.000" classname="com.externalApi.Dumps"/>
  <testcase name="login" time="0.001" classname="com.externalApi.Dumps"/>
  <testcase name="login" time="0.000" classname="com.externalApi.Dumps"/>
  <testcase name="login" time="0.000" classname="com.externalApi.Dumps"/>
  <testcase name="login" time="0.000" classname="com.externalApi.Dumps"/>
  <testcase name="login" time="0.000" classname="com.externalApi.Dumps"/>
  <testcase name="login" time="0.000" classname="com.externalApi.Dumps"/>
  <testcase name="login" time="0.000" classname="com.externalApi.Dumps"/>
  <testcase name="login" time="0.001" classname="com.externalApi.Dumps"/>
  <testcase name="login" time="0.001" classname="com.externalApi.Dumps"/>
  <testcase name="login" time="0.001" classname="com.externalApi.Dumps"/>
  <testcase name="login" time="0.001" classname="com.externalApi.Dumps"/>
  <testcase name="login" time="0.000" classname="com.externalApi.Dumps"/>
  <testcase name="login" time="0.000" classname="com.externalApi.Dumps"/>
  <testcase name="login" time="0.000" classname="com.externalApi.Dumps"/>
  <testcase name="login" time="0.002" classname="com.externalApi.Dumps"/>
  <testcase name="login" time="0.000" classname="com.externalApi.Dumps"/>
  <testcase name="login" time="0.000" classname="com.externalApi.Dumps"/>
  <testcase name="login" time="0.001" classname="com.externalApi.Dumps"/>
  <testcase name="login" time="0.001" classname="com.externalApi.Dumps"/>
  <testcase name="login" time="0.001" classname="com.externalApi.Dumps"/>
  <testcase name="login" time="0.000" classname="com.externalApi.Dumps"/>
  <testcase name="login" time="0.000" classname="com.externalApi.Dumps"/>
  <testcase name="login" time="0.000" classname="com.externalApi.Dumps"/>
  <testcase name="login" time="0.001" classname="com.externalApi.Dumps"/>
  <testcase name="login" time="0.000" classname="com.externalApi.Dumps"/>
  <testcase name="login" time="0.000" classname="com.externalApi.Dumps"/>
  <testcase name="login" time="0.000" classname="com.externalApi.Dumps"/>
  <testcase name="login" time="0.000" classname="com.externalApi.Dumps"/>
  <testcase name="login" time="0.000" classname="com.externalApi.Dumps"/>
  <testcase name="login" time="0.000" classname="com.externalApi.Dumps"/>
  <testcase name="login" time="0.000" classname="com.externalApi.Dumps"/>
  <testcase name="login" time="0.000" classname="com.externalApi.Dumps"/>
  <testcase name="login" time="0.000" classname="com.externalApi.Dumps"/>
  <testcase name="login" time="0.000" classname="com.externalApi.Dumps"/>
  <testcase name="login" time="0.000" classname="com.externalApi.Dumps"/>
  <testcase name="login" time="0.001" classname="com.externalApi.Dumps"/>
  <testcase name="login" time="0.000" classname="com.externalApi.Dumps"/>
  <testcase name="login" time="0.001" classname="com.externalApi.Dumps"/>
  <testcase name="login" time="0.001" classname="com.externalApi.Dumps"/>
  <testcase name="login" time="0.000" classname="com.externalApi.Dumps"/>
  <testcase name="login" time="0.000" classname="com.externalApi.Dumps"/>
  <testcase name="login" time="0.000" classname="com.externalApi.Dumps"/>
  <testcase name="login" time="0.001" classname="com.externalApi.Dumps"/>
  <testcase name="login" time="0.000" classname="com.externalApi.Dumps"/>
  <testcase name="login" time="0.002" classname="com.externalApi.Dumps"/>
  <testcase name="login" time="0.001" classname="com.externalApi.Dumps"/>
  <testcase name="login" time="0.000" classname="com.externalApi.Dumps"/>
  <testcase name="login" time="0.000" classname="com.externalApi.Dumps"/>
  <testcase name="login" time="0.000" classname="com.externalApi.Dumps"/>
  <testcase name="login" time="0.000" classname="com.externalApi.Dumps"/>
  <testcase name="login" time="0.000" classname="com.externalApi.Dumps"/>
  <testcase name="login" time="0.001" classname="com.externalApi.Dumps"/>
  <testcase name="login" time="0.001" classname="com.externalApi.Dumps"/>
  <testcase name="login" time="0.001" classname="com.externalApi.Dumps"/>
  <testcase name="login" time="0.147" classname="com.externalApi.Dumps"/>
  <testcase name="login" time="0.000" classname="com.externalApi.Dumps"/>
  <testcase name="login" time="0.001" classname="com.externalApi.Dumps"/>
  <testcase name="login" time="0.000" classname="com.externalApi.Dumps"/>
  <testcase name="login" time="0.002" classname="com.externalApi.Dumps"/>
  <testcase name="login" time="0.000" classname="com.externalApi.Dumps"/>
  <testcase name="login" time="0.072" classname="com.externalApi.Dumps"/>
  <testcase name="login" time="0.001" classname="com.externalApi.Dumps"/>
  <testcase name="login" time="0.000" classname="com.externalApi.Dumps"/>
  <testcase name="login" time="0.001" classname="com.externalApi.Dumps"/>
  <testcase name="login" time="0.000" classname="com.externalApi.Dumps"/>
  <testcase name="login" time="0.029" classname="com.externalApi.Dumps"/>
  <testcase name="login" time="0.001" classname="com.externalApi.Dumps"/>
  <testcase name="login" time="0.000" classname="com.externalApi.Dumps"/>
  <testcase name="login" time="0.001" classname="com.externalApi.Dumps"/>
  <testcase name="login" time="0.000" classname="com.externalApi.Dumps"/>
  <testcase name="login" time="0.000" classname="com.externalApi.Dumps"/>
  <testcase name="login" time="0.000" classname="com.externalApi.Dumps"/>
  <testcase name="login" time="0.000" classname="com.externalApi.Dumps"/>
  <testcase name="login" time="0.001" classname="com.externalApi.Dumps"/>
  <testcase name="login" time="0.001" classname="com.externalApi.Dumps"/>
  <testcase name="login" time="0.000" classname="com.externalApi.Dumps"/>
  <testcase name="login" time="0.000" classname="com.externalApi.Dumps"/>
  <testcase name="login" time="0.000" classname="com.externalApi.Dumps"/>
  <testcase name="login" time="0.001" classname="com.externalApi.Dumps"/>
  <testcase name="login" time="0.000" classname="com.externalApi.Dumps"/>
  <testcase name="login" time="0.001" classname="com.externalApi.Dumps"/>
  <testcase name="login" time="0.000" classname="com.externalApi.Dumps"/>
  <testcase name="login" time="0.001" classname="com.externalApi.Dumps"/>
  <testcase name="login" time="0.001" classname="com.externalApi.Dumps"/>
  <testcase name="login" time="0.000" classname="com.externalApi.Dumps"/>
  <testcase name="login" time="0.001" classname="com.externalApi.Dumps"/>
  <testcase name="login" time="0.000" classname="com.externalApi.Dumps"/>
  <testcase name="login" time="0.001" classname="com.externalApi.Dumps"/>
  <testcase name="login" time="0.000" classname="com.externalApi.Dumps"/>
  <testcase name="login" time="0.001" classname="com.externalApi.Dumps"/>
  <testcase name="login" time="0.000" classname="com.externalApi.Dumps"/>
  <testcase name="login" time="0.002" classname="com.externalApi.Dumps"/>
  <testcase name="login" time="0.001" classname="com.externalApi.Dumps"/>
  <testcase name="login" time="0.001" classname="com.externalApi.Dumps"/>
  <testcase name="login" time="0.000" classname="com.externalApi.Dumps"/>
  <testcase name="login" time="0.001" classname="com.externalApi.Dumps"/>
  <testcase name="login" time="0.000" classname="com.externalApi.Dumps"/>
  <testcase name="login" time="0.000" classname="com.externalApi.Dumps"/>
  <testcase name="login" time="0.000" classname="com.externalApi.Dumps"/>
  <testcase name="login" time="0.002" classname="com.externalApi.Dumps"/>
  <testcase name="login" time="0.000" classname="com.externalApi.Dumps"/>
  <testcase name="login" time="0.000" classname="com.externalApi.Dumps"/>
  <testcase name="login" time="0.001" classname="com.externalApi.Dumps"/>
  <testcase name="login" time="0.001" classname="com.externalApi.Dumps"/>
  <testcase name="login" time="0.000" classname="com.externalApi.Dumps"/>
  <testcase name="login" time="0.002" classname="com.externalApi.Dumps"/>
  <testcase name="login" time="0.000" classname="com.externalApi.Dumps"/>
  <testcase name="login" time="0.000" classname="com.externalApi.Dumps"/>
  <testcase name="login" time="0.000" classname="com.externalApi.Dumps"/>
  <testcase name="login" time="0.000" classname="com.externalApi.Dumps"/>
  <testcase name="login" time="0.002" classname="com.externalApi.Dumps"/>
  <testcase name="login" time="0.000" classname="com.externalApi.Dumps"/>
  <testcase name="login" time="0.001" classname="com.externalApi.Dumps"/>
  <testcase name="login" time="0.001" classname="com.externalApi.Dumps"/>
  <testcase name="login" time="0.001" classname="com.externalApi.Dumps"/>
  <testcase name="login" time="0.000" classname="com.externalApi.Dumps"/>
  <testcase name="login" time="0.000" classname="com.externalApi.Dumps"/>
  <testcase name="login" time="0.001" classname="com.externalApi.Dumps"/>
  <testcase name="login" time="0.002" classname="com.externalApi.Dumps"/>
  <testcase name="login" time="0.000" classname="com.externalApi.Dumps"/>
  <testcase name="login" time="0.000" classname="com.externalApi.Dumps"/>
  <testcase name="login" time="0.001" classname="com.externalApi.Dumps"/>
  <testcase name="login" time="0.000" classname="com.externalApi.Dumps"/>
  <testcase name="login" time="0.000" classname="com.externalApi.Dumps"/>
  <testcase name="login" time="0.000" classname="com.externalApi.Dumps"/>
  <testcase name="login" time="0.002" classname="com.externalApi.Dumps"/>
  <testcase name="login" time="0.000" classname="com.externalApi.Dumps"/>
  <testcase name="login" time="0.003" classname="com.externalApi.Dumps"/>
  <testcase name="login" time="0.000" classname="com.externalApi.Dumps"/>
  <testcase name="login" time="0.001" classname="com.externalApi.Dumps"/>
  <testcase name="login" time="0.002" classname="com.externalApi.Dumps"/>
  <testcase name="login" time="0.001" classname="com.externalApi.Dumps"/>
  <testcase name="login" time="0.000" classname="com.externalApi.Dumps"/>
  <testcase name="login" time="0.000" classname="com.externalApi.Dumps"/>
  <testcase name="login" time="0.000" classname="com.externalApi.Dumps"/>
  <testcase name="login" time="0.000" classname="com.externalApi.Dumps"/>
  <testcase name="login" time="0.001" classname="com.externalApi.Dumps"/>
  <testcase name="login" time="0.001" classname="com.externalApi.Dumps"/>
  <testcase name="login" time="0.000" classname="com.externalApi.Dumps"/>
  <testcase name="login" time="0.000" classname="com.externalApi.Dumps"/>
  <testcase name="login" time="0.002" classname="com.externalApi.Dumps"/>
  <testcase name="login" time="0.002" classname="com.externalApi.Dumps"/>
  <testcase name="login" time="0.000" classname="com.externalApi.Dumps"/>
  <testcase name="login" time="0.001" classname="com.externalApi.Dumps"/>
  <testcase name="login" time="0.000" classname="com.externalApi.Dumps"/>
  <testcase name="login" time="0.000" classname="com.externalApi.Dumps"/>
  <testcase name="login" time="0.000" classname="com.externalApi.Dumps"/>
  <testcase name="login" time="0.000" classname="com.externalApi.Dumps"/>
  <testcase name="login" time="0.001" classname="com.externalApi.Dumps"/>
  <testcase name="login" time="0.001" classname="com.externalApi.Dumps"/>
  <testcase name="login" time="0.001" classname="com.externalApi.Dumps"/>
  <testcase name="login" time="0.000" classname="com.externalApi.Dumps"/>
  <testcase name="login" time="0.002" classname="com.externalApi.Dumps"/>
  <testcase name="login" time="0.001" classname="com.externalApi.Dumps"/>
  <testcase name="login" time="0.000" classname="com.externalApi.Dumps"/>
  <testcase name="login" time="0.001" classname="com.externalApi.Dumps"/>
  <testcase name="login" time="0.000" classname="com.externalApi.Dumps"/>
  <testcase name="login" time="0.001" classname="com.externalApi.Dumps"/>
  <testcase name="login" time="0.000" classname="com.externalApi.Dumps"/>
  <testcase name="login" time="0.000" classname="com.externalApi.Dumps"/>
  <testcase name="login" time="0.001" classname="com.externalApi.Dumps"/>
  <testcase name="login" time="0.000" classname="com.externalApi.Dumps"/>
  <testcase name="login" time="0.001" classname="com.externalApi.Dumps"/>
  <testcase name="login" time="0.001" classname="com.externalApi.Dumps"/>
  <testcase name="login" time="0.001" classname="com.externalApi.Dumps"/>
  <testcase name="login" time="0.001" classname="com.externalApi.Dumps"/>
  <testcase name="login" time="0.001" classname="com.externalApi.Dumps"/>
  <testcase name="login" time="0.002" classname="com.externalApi.Dumps"/>
  <testcase name="login" time="0.000" classname="com.externalApi.Dumps"/>
  <testcase name="login" time="0.001" classname="com.externalApi.Dumps"/>
  <testcase name="login" time="0.001" classname="com.externalApi.Dumps"/>
  <testcase name="login" time="0.001" classname="com.externalApi.Dumps"/>
  <testcase name="login" time="0.001" classname="com.externalApi.Dumps"/>
  <testcase name="login" time="0.000" classname="com.externalApi.Dumps"/>
  <testcase name="login" time="0.000" classname="com.externalApi.Dumps"/>
  <testcase name="login" time="0.000" classname="com.externalApi.Dumps"/>
  <testcase name="login" time="0.000" classname="com.externalApi.Dumps"/>
  <testcase name="login" time="0.000" classname="com.externalApi.Dumps"/>
  <testcase name="login" time="0.000" classname="com.externalApi.Dumps"/>
  <testcase name="login" time="0.000" classname="com.externalApi.Dumps"/>
  <testcase name="login" time="0.000" classname="com.externalApi.Dumps"/>
  <testcase name="login" time="0.000" classname="com.externalApi.Dumps"/>
  <testcase name="login" time="0.000" classname="com.externalApi.Dumps"/>
  <testcase name="login" time="0.001" classname="com.externalApi.Dumps"/>
  <testcase name="login" time="0.001" classname="com.externalApi.Dumps"/>
  <testcase name="login" time="0.001" classname="com.externalApi.Dumps"/>
  <testcase name="login" time="0.001" classname="com.externalApi.Dumps"/>
  <testcase name="login" time="0.000" classname="com.externalApi.Dumps"/>
  <testcase name="login" time="0.001" classname="com.externalApi.Dumps"/>
  <testcase name="login" time="0.000" classname="com.externalApi.Dumps"/>
  <testcase name="login" time="0.001" classname="com.externalApi.Dumps"/>
  <testcase name="login" time="0.000" classname="com.externalApi.Dumps"/>
  <testcase name="login" time="0.001" classname="com.externalApi.Dumps"/>
  <testcase name="login" time="0.001" classname="com.externalApi.Dumps"/>
  <testcase name="login" time="0.000" classname="com.externalApi.Dumps"/>
  <testcase name="login" time="0.000" classname="com.externalApi.Dumps"/>
  <testcase name="login" time="0.001" classname="com.externalApi.Dumps"/>
  <testcase name="login" time="0.001" classname="com.externalApi.Dumps"/>
  <testcase name="login" time="0.002" classname="com.externalApi.Dumps"/>
  <testcase name="login" time="0.000" classname="com.externalApi.Dumps"/>
  <testcase name="login" time="0.000" classname="com.externalApi.Dumps"/>
  <testcase name="login" time="0.000" classname="com.externalApi.Dumps"/>
  <testcase name="login" time="0.000" classname="com.externalApi.Dumps"/>
  <testcase name="login" time="0.000" classname="com.externalApi.Dumps"/>
  <testcase name="login" time="0.001" classname="com.externalApi.Dumps"/>
  <testcase name="login" time="0.000" classname="com.externalApi.Dumps"/>
  <testcase name="login" time="0.002" classname="com.externalApi.Dumps"/>
  <testcase name="login" time="0.002" classname="com.externalApi.Dumps"/>
  <testcase name="login" time="0.001" classname="com.externalApi.Dumps"/>
  <testcase name="login" time="0.000" classname="com.externalApi.Dumps"/>
  <testcase name="login" time="0.000" classname="com.externalApi.Dumps"/>
  <testcase name="login" time="0.000" classname="com.externalApi.Dumps"/>
  <testcase name="login" time="0.001" classname="com.externalApi.Dumps"/>
  <testcase name="login" time="0.000" classname="com.externalApi.Dumps"/>
  <testcase name="login" time="0.002" classname="com.externalApi.Dumps"/>
  <testcase name="login" time="0.000" classname="com.externalApi.Dumps"/>
  <testcase name="login" time="0.000" classname="com.externalApi.Dumps"/>
  <testcase name="login" time="0.000" classname="com.externalApi.Dumps"/>
  <testcase name="login" time="0.114" classname="com.externalApi.Dumps"/>
  <testcase name="login" time="0.000" classname="com.externalApi.Dumps"/>
  <testcase name="login" time="0.000" classname="com.externalApi.Dumps"/>
  <testcase name="login" time="0.000" classname="com.externalApi.Dumps"/>
  <testcase name="login" time="0.001" classname="com.externalApi.Dumps"/>
  <testcase name="login" time="0.000" classname="com.externalApi.Dumps"/>
  <testcase name="login" time="0.000" classname="com.externalApi.Dumps"/>
  <testcase name="login" time="0.000" classname="com.externalApi.Dumps"/>
  <testcase name="login" time="0.000" classname="com.externalApi.Dumps"/>
  <testcase name="login" time="0.000" classname="com.externalApi.Dumps"/>
  <testcase name="login" time="0.000" classname="com.externalApi.Dumps"/>
  <testcase name="login" time="0.001" classname="com.externalApi.Dumps"/>
  <testcase name="login" time="0.001" classname="com.externalApi.Dumps"/>
  <testcase name="login" time="0.001" classname="com.externalApi.Dumps"/>
  <testcase name="login" time="0.001" classname="com.externalApi.Dumps"/>
  <testcase name="login" time="0.001" classname="com.externalApi.Dumps"/>
  <testcase name="login" time="0.002" classname="com.externalApi.Dumps"/>
  <testcase name="login" time="0.001" classname="com.externalApi.Dumps"/>
  <testcase name="login" time="0.001" classname="com.externalApi.Dumps"/>
  <testcase name="login" time="0.052" classname="com.externalApi.Dumps"/>
  <testcase name="login" time="0.000" classname="com.externalApi.Dumps"/>
  <testcase name="login" time="0.000" classname="com.externalApi.Dumps"/>
  <testcase name="login" time="0.000" classname="com.externalApi.Dumps"/>
  <testcase name="login" time="0.001" classname="com.externalApi.Dumps"/>
  <testcase name="login" time="0.001" classname="com.externalApi.Dumps"/>
  <testcase name="login" time="0.001" classname="com.externalApi.Dumps"/>
  <testcase name="login" time="0.000" classname="com.externalApi.Dumps"/>
  <testcase name="login" time="0.001" classname="com.externalApi.Dumps"/>
  <testcase name="login" time="0.000" classname="com.externalApi.Dumps"/>
  <testcase name="login" time="0.001" classname="com.externalApi.Dumps"/>
  <testcase name="login" time="0.001" classname="com.externalApi.Dumps"/>
  <testcase name="login" time="0.000" classname="com.externalApi.Dumps"/>
  <testcase name="login" time="0.000" classname="com.externalApi.Dumps"/>
  <testcase name="login" time="0.000" classname="com.externalApi.Dumps"/>
  <testcase name="login" time="0.000" classname="com.externalApi.Dumps"/>
  <testcase name="login" time="0.000" classname="com.externalApi.Dumps"/>
  <testcase name="login" time="0.004" classname="com.externalApi.Dumps"/>
  <testcase name="login" time="0.002" classname="com.externalApi.Dumps"/>
  <testcase name="login" time="0.000" classname="com.externalApi.Dumps"/>
  <testcase name="login" time="0.001" classname="com.externalApi.Dumps"/>
  <testcase name="login" time="0.001" classname="com.externalApi.Dumps"/>
  <testcase name="login" time="0.001" classname="com.externalApi.Dumps"/>
  <testcase name="login" time="0.005" classname="com.externalApi.Dumps"/>
  <testcase name="login" time="0.001" classname="com.externalApi.Dumps"/>
  <testcase name="login" time="0.001" classname="com.externalApi.Dumps"/>
  <testcase name="login" time="0.001" classname="com.externalApi.Dumps"/>
  <testcase name="login" time="0.000" classname="com.externalApi.Dumps"/>
  <testcase name="login" time="0.000" classname="com.externalApi.Dumps"/>
  <testcase name="login" time="0.001" classname="com.externalApi.Dumps"/>
  <testcase name="login" time="0.000" classname="com.externalApi.Dumps"/>
  <testcase name="login" time="0.003" classname="com.externalApi.Dumps"/>
  <testcase name="login" time="0.001" classname="com.externalApi.Dumps"/>
  <testcase name="login" time="0.002" classname="com.externalApi.Dumps"/>
  <testcase name="login" time="0.001" classname="com.externalApi.Dumps"/>
  <testcase name="login" time="0.001" classname="com.externalApi.Dumps"/>
  <testcase name="login" time="0.003" classname="com.externalApi.Dumps"/>
  <testcase name="login" time="0.001" classname="com.externalApi.Dumps"/>
  <testcase name="login" time="0.001" classname="com.externalApi.Dumps"/>
  <testcase name="login" time="0.000" classname="com.externalApi.Dumps"/>
  <testcase name="login" time="0.001" classname="com.externalApi.Dumps"/>
  <testcase name="login" time="0.000" classname="com.externalApi.Dumps"/>
  <testcase name="login" time="0.001" classname="com.externalApi.Dumps"/>
  <testcase name="login" time="0.005" classname="com.externalApi.Dumps"/>
  <testcase name="login" time="0.001" classname="com.externalApi.Dumps"/>
  <testcase name="login" time="0.001" classname="com.externalApi.Dumps"/>
  <testcase name="login" time="0.001" classname="com.externalApi.Dumps"/>
  <testcase name="login" time="0.001" classname="com.externalApi.Dumps"/>
  <testcase name="login" time="0.001" classname="com.externalApi.Dumps"/>
  <testcase name="login" time="0.001" classname="com.externalApi.Dumps"/>
  <testcase name="login" time="0.345" classname="com.externalApi.Dumps"/>
  <testcase name="login" time="0.000" classname="com.externalApi.Dumps"/>
  <testcase name="login" time="0.001" classname="com.externalApi.Dumps"/>
  <testcase name="login" time="0.002" classname="com.externalApi.Dumps"/>
  <testcase name="login" time="0.002" classname="com.externalApi.Dumps"/>
  <testcase name="login" time="0.001" classname="com.externalApi.Dumps"/>
  <testcase name="login" time="0.000" classname="com.externalApi.Dumps"/>
  <testcase name="login" time="0.002" classname="com.externalApi.Dumps"/>
  <testcase name="login" time="0.001" classname="com.externalApi.Dumps"/>
  <testcase name="login" time="0.000" classname="com.externalApi.Dumps"/>
  <testcase name="login" time="0.001" classname="com.externalApi.Dumps"/>
  <testcase name="login" time="0.001" classname="com.externalApi.Dumps"/>
  <testcase name="login" time="0.001" classname="com.externalApi.Dumps"/>
  <testcase name="login" time="0.000" classname="com.externalApi.Dumps"/>
  <testcase name="login" time="0.001" classname="com.externalApi.Dumps"/>
  <testcase name="login" time="0.000" classname="com.externalApi.Dumps"/>
  <testcase name="login" time="0.001" classname="com.externalApi.Dumps"/>
  <testcase name="login" time="0.000" classname="com.externalApi.Dumps"/>
  <testcase name="login" time="0.002" classname="com.externalApi.Dumps"/>
  <testcase name="login" time="0.000" classname="com.externalApi.Dumps"/>
  <testcase name="login" time="0.001" classname="com.externalApi.Dumps"/>
  <testcase name="login" time="0.000" classname="com.externalApi.Dumps"/>
  <testcase name="login" time="0.001" classname="com.externalApi.Dumps"/>
  <testcase name="login" time="0.000" classname="com.externalApi.Dumps"/>
  <testcase name="login" time="0.001" classname="com.externalApi.Dumps"/>
  <testcase name="login" time="0.000" classname="com.externalApi.Dumps"/>
  <testcase name="login" time="0.000" classname="com.externalApi.Dumps"/>
  <testcase name="login" time="0.002" classname="com.externalApi.Dumps"/>
  <testcase name="login" time="0.000" classname="com.externalApi.Dumps"/>
  <testcase name="login" time="0.000" classname="com.externalApi.Dumps"/>
  <testcase name="login" time="0.001" classname="com.externalApi.Dumps"/>
  <testcase name="login" time="0.000" classname="com.externalApi.Dumps"/>
  <testcase name="login" time="0.001" classname="com.externalApi.Dumps"/>
  <testcase name="login" time="0.001" classname="com.externalApi.Dumps"/>
  <testcase name="login" time="0.001" classname="com.externalApi.Dumps"/>
  <testcase name="login" time="0.000" classname="com.externalApi.Dumps"/>
  <testcase name="login" time="0.000" classname="com.externalApi.Dumps"/>
  <testcase name="login" time="0.003" classname="com.externalApi.Dumps"/>
  <testcase name="login" time="0.000" classname="com.externalApi.Dumps"/>
  <testcase name="login" time="0.001" classname="com.externalApi.Dumps"/>
  <testcase name="login" time="0.000" classname="com.externalApi.Dumps"/>
  <testcase name="login" time="0.005" classname="com.externalApi.Dumps"/>
  <testcase name="login" time="0.000" classname="com.externalApi.Dumps"/>
  <testcase name="login" time="0.001" classname="com.externalApi.Dumps"/>
  <testcase name="login" time="0.000" classname="com.externalApi.Dumps"/>
  <testcase name="login" time="0.000" classname="com.externalApi.Dumps"/>
  <testcase name="login" time="0.001" classname="com.externalApi.Dumps"/>
  <testcase name="login" time="0.001" classname="com.externalApi.Dumps"/>
  <testcase name="login" time="0.001" classname="com.externalApi.Dumps"/>
  <testcase name="login" time="0.000" classname="com.externalApi.Dumps"/>
  <testcase name="login" time="0.000" classname="com.externalApi.Dumps"/>
  <testcase name="login" time="0.000" classname="com.externalApi.Dumps"/>
  <testcase name="login" time="0.000" classname="com.externalApi.Dumps"/>
  <testcase name="login" time="0.000" classname="com.externalApi.Dumps"/>
  <testcase name="login" time="0.001" classname="com.externalApi.Dumps"/>
  <testcase name="login" time="0.001" classname="com.externalApi.Dumps"/>
  <testcase name="login" time="0.001" classname="com.externalApi.Dumps"/>
  <testcase name="login" time="0.000" classname="com.externalApi.Dumps"/>
  <testcase name="login" time="0.000" classname="com.externalApi.Dumps"/>
  <testcase name="login" time="0.000" classname="com.externalApi.Dumps"/>
  <testcase name="login" time="0.003" classname="com.externalApi.Dumps"/>
  <testcase name="login" time="0.001" classname="com.externalApi.Dumps"/>
  <testcase name="login" time="0.000" classname="com.externalApi.Dumps"/>
  <testcase name="login" time="0.000" classname="com.externalApi.Dumps"/>
  <testcase name="login" time="0.001" classname="com.externalApi.Dumps"/>
  <testcase name="login" time="0.000" classname="com.externalApi.Dumps"/>
  <testcase name="login" time="0.001" classname="com.externalApi.Dumps"/>
  <testcase name="login" time="0.002" classname="com.externalApi.Dumps"/>
  <testcase name="login" time="0.001" classname="com.externalApi.Dumps"/>
  <testcase name="login" time="0.000" classname="com.externalApi.Dumps"/>
  <testcase name="login" time="0.001" classname="com.externalApi.Dumps"/>
  <testcase name="login" time="0.000" classname="com.externalApi.Dumps"/>
  <testcase name="login" time="0.000" classname="com.externalApi.Dumps"/>
  <testcase name="login" time="0.001" classname="com.externalApi.Dumps"/>
  <testcase name="login" time="0.001" classname="com.externalApi.Dumps"/>
  <testcase name="login" time="0.001" classname="com.externalApi.Dumps"/>
  <testcase name="login" time="0.000" classname="com.externalApi.Dumps"/>
  <testcase name="login" time="0.001" classname="com.externalApi.Dumps"/>
  <testcase name="login" time="0.000" classname="com.externalApi.Dumps"/>
  <testcase name="login" time="0.001" classname="com.externalApi.Dumps"/>
  <testcase name="login" time="0.001" classname="com.externalApi.Dumps"/>
  <testcase name="login" time="0.000" classname="com.externalApi.Dumps"/>
  <testcase name="login" time="0.000" classname="com.externalApi.Dumps"/>
  <testcase name="login" time="0.000" classname="com.externalApi.Dumps"/>
  <testcase name="login" time="0.002" classname="com.externalApi.Dumps"/>
  <testcase name="login" time="0.000" classname="com.externalApi.Dumps"/>
  <testcase name="login" time="0.001" classname="com.externalApi.Dumps"/>
  <testcase name="login" time="0.004" classname="com.externalApi.Dumps"/>
  <testcase name="login" time="0.001" classname="com.externalApi.Dumps"/>
  <testcase name="login" time="0.000" classname="com.externalApi.Dumps"/>
  <testcase name="login" time="0.001" classname="com.externalApi.Dumps"/>
  <testcase name="login" time="0.000" classname="com.externalApi.Dumps"/>
  <testcase name="login" time="0.000" classname="com.externalApi.Dumps"/>
  <testcase name="login" time="0.001" classname="com.externalApi.Dumps"/>
  <testcase name="login" time="0.001" classname="com.externalApi.Dumps"/>
  <testcase name="login" time="0.000" classname="com.externalApi.Dumps"/>
  <testcase name="login" time="0.001" classname="com.externalApi.Dumps"/>
  <testcase name="login" time="0.001" classname="com.externalApi.Dumps"/>
  <testcase name="login" time="0.001" classname="com.externalApi.Dumps"/>
  <testcase name="login" time="0.000" classname="com.externalApi.Dumps"/>
  <testcase name="login" time="0.000" classname="com.externalApi.Dumps"/>
  <testcase name="login" time="0.000" classname="com.externalApi.Dumps"/>
  <testcase name="login" time="0.001" classname="com.externalApi.Dumps"/>
  <testcase name="login" time="0.000" classname="com.externalApi.Dumps"/>
  <testcase name="login" time="0.005" classname="com.externalApi.Dumps"/>
  <testcase name="login" time="0.000" classname="com.externalApi.Dumps"/>
  <testcase name="login" time="0.001" classname="com.externalApi.Dumps"/>
  <testcase name="login" time="0.000" classname="com.externalApi.Dumps"/>
  <testcase name="login" time="0.001" classname="com.externalApi.Dumps"/>
  <testcase name="login" time="0.001" classname="com.externalApi.Dumps"/>
  <testcase name="login" time="0.001" classname="com.externalApi.Dumps"/>
  <testcase name="login" time="0.000" classname="com.externalApi.Dumps"/>
  <testcase name="login" time="0.001" classname="com.externalApi.Dumps"/>
  <testcase name="login" time="0.001" classname="com.externalApi.Dumps"/>
  <testcase name="login" time="0.001" classname="com.externalApi.Dumps"/>
  <testcase name="login" time="0.000" classname="com.externalApi.Dumps"/>
  <testcase name="login" time="0.000" classname="com.externalApi.Dumps"/>
  <testcase name="login" time="0.005" classname="com.externalApi.Dumps"/>
  <testcase name="login" time="0.001" classname="com.externalApi.Dumps"/>
  <testcase name="login" time="0.000" classname="com.externalApi.Dumps"/>
  <testcase name="login" time="0.001" classname="com.externalApi.Dumps"/>
  <testcase name="login" time="0.000" classname="com.externalApi.Dumps"/>
  <testcase name="login" time="0.001" classname="com.externalApi.Dumps"/>
  <testcase name="login" time="0.001" classname="com.externalApi.Dumps"/>
  <testcase name="login" time="0.001" classname="com.externalApi.Dumps"/>
  <testcase name="login" time="0.003" classname="com.externalApi.Dumps"/>
  <testcase name="login" time="0.001" classname="com.externalApi.Dumps"/>
  <testcase name="login" time="0.000" classname="com.externalApi.Dumps"/>
  <testcase name="login" time="0.000" classname="com.externalApi.Dumps"/>
  <testcase name="login" time="0.001" classname="com.externalApi.Dumps"/>
  <testcase name="login" time="0.001" classname="com.externalApi.Dumps"/>
  <testcase name="login" time="0.000" classname="com.externalApi.Dumps"/>
  <testcase name="login" time="0.001" classname="com.externalApi.Dumps"/>
  <testcase name="login" time="0.000" classname="com.externalApi.Dumps"/>
  <testcase name="login" time="0.000" classname="com.externalApi.Dumps"/>
  <testcase name="login" time="0.000" classname="com.externalApi.Dumps"/>
  <testcase name="login" time="0.000" classname="com.externalApi.Dumps"/>
  <testcase name="login" time="0.001" classname="com.externalApi.Dumps"/>
  <testcase name="login" time="0.001" classname="com.externalApi.Dumps"/>
  <testcase name="login" time="0.001" classname="com.externalApi.Dumps"/>
  <testcase name="login" time="0.000" classname="com.externalApi.Dumps"/>
  <testcase name="login" time="0.000" classname="com.externalApi.Dumps"/>
  <testcase name="login" time="0.001" classname="com.externalApi.Dumps"/>
  <testcase name="login" time="0.000" classname="com.externalApi.Dumps"/>
  <testcase name="login" time="0.001" classname="com.externalApi.Dumps"/>
  <testcase name="login" time="0.000" classname="com.externalApi.Dumps"/>
  <testcase name="login" time="0.000" classname="com.externalApi.Dumps"/>
  <testcase name="login" time="0.000" classname="com.externalApi.Dumps"/>
  <testcase name="login" time="0.001" classname="com.externalApi.Dumps"/>
  <testcase name="login" time="0.000" classname="com.externalApi.Dumps"/>
  <testcase name="login" time="0.001" classname="com.externalApi.Dumps"/>
  <testcase name="login" time="0.038" classname="com.externalApi.Dumps"/>
  <testcase name="login" time="0.000" classname="com.externalApi.Dumps"/>
  <testcase name="login" time="0.000" classname="com.externalApi.Dumps"/>
  <testcase name="login" time="0.002" classname="com.externalApi.Dumps"/>
  <testcase name="login" time="0.001" classname="com.externalApi.Dumps"/>
  <testcase name="login" time="0.000" classname="com.externalApi.Dumps"/>
  <testcase name="login" time="0.001" classname="com.externalApi.Dumps"/>
  <testcase name="login" time="0.002" classname="com.externalApi.Dumps"/>
  <testcase name="login" time="0.001" classname="com.externalApi.Dumps"/>
  <testcase name="login" time="0.001" classname="com.externalApi.Dumps"/>
  <testcase name="login" time="0.000" classname="com.externalApi.Dumps"/>
  <testcase name="login" time="0.001" classname="com.externalApi.Dumps"/>
  <testcase name="login" time="0.000" classname="com.externalApi.Dumps"/>
  <testcase name="login" time="0.001" classname="com.externalApi.Dumps"/>
  <testcase name="login" time="0.001" classname="com.externalApi.Dumps"/>
  <testcase name="login" time="0.001" classname="com.externalApi.Dumps"/>
  <testcase name="login" time="0.000" classname="com.externalApi.Dumps"/>
  <testcase name="login" time="0.004" classname="com.externalApi.Dumps"/>
  <testcase name="login" time="0.001" classname="com.externalApi.Dumps"/>
  <testcase name="login" time="0.000" classname="com.externalApi.Dumps"/>
  <testcase name="login" time="0.001" classname="com.externalApi.Dumps"/>
  <testcase name="login" time="0.003" classname="com.externalApi.Dumps"/>
  <testcase name="login" time="0.000" classname="com.externalApi.Dumps"/>
  <testcase name="login" time="0.000" classname="com.externalApi.Dumps"/>
  <testcase name="login" time="0.000" classname="com.externalApi.Dumps"/>
  <testcase name="login" time="0.001" classname="com.externalApi.Dumps"/>
  <testcase name="login" time="0.001" classname="com.externalApi.Dumps"/>
  <testcase name="login" time="0.000" classname="com.externalApi.Dumps"/>
  <testcase name="login" time="0.001" classname="com.externalApi.Dumps"/>
  <testcase name="login" time="0.003" classname="com.externalApi.Dumps"/>
  <testcase name="login" time="0.000" classname="com.externalApi.Dumps"/>
  <testcase name="login" time="0.001" classname="com.externalApi.Dumps"/>
  <testcase name="login" time="0.000" classname="com.externalApi.Dumps"/>
  <testcase name="login" time="0.000" classname="com.externalApi.Dumps"/>
  <testcase name="login" time="0.001" classname="com.externalApi.Dumps"/>
  <testcase name="login" time="0.001" classname="com.externalApi.Dumps"/>
  <testcase name="login" time="0.001" classname="com.externalApi.Dumps"/>
  <testcase name="login" time="0.001" classname="com.externalApi.Dumps"/>
  <testcase name="login" time="0.000" classname="com.externalApi.Dumps"/>
  <testcase name="login" time="0.001" classname="com.externalApi.Dumps"/>
  <testcase name="login" time="0.003" classname="com.externalApi.Dumps"/>
  <testcase name="login" time="0.000" classname="com.externalApi.Dumps"/>
  <testcase name="login" time="0.000" classname="com.externalApi.Dumps"/>
  <testcase name="login" time="0.000" classname="com.externalApi.Dumps"/>
  <testcase name="login" time="0.001" classname="com.externalApi.Dumps"/>
  <testcase name="login" time="0.001" classname="com.externalApi.Dumps"/>
  <testcase name="login" time="0.000" classname="com.externalApi.Dumps"/>
  <testcase name="login" time="0.001" classname="com.externalApi.Dumps"/>
  <testcase name="login" time="0.000" classname="com.externalApi.Dumps"/>
  <testcase name="login" time="0.001" classname="com.externalApi.Dumps"/>
  <testcase name="login" time="0.000" classname="com.externalApi.Dumps"/>
  <testcase name="login" time="0.000" classname="com.externalApi.Dumps"/>
  <testcase name="login" time="0.000" classname="com.externalApi.Dumps"/>
  <testcase name="login" time="0.000" classname="com.externalApi.Dumps"/>
  <testcase name="login" time="0.001" classname="com.externalApi.Dumps"/>
  <testcase name="login" time="0.001" classname="com.externalApi.Dumps"/>
  <testcase name="login" time="0.000" classname="com.externalApi.Dumps"/>
  <testcase name="login" time="0.002" classname="com.externalApi.Dumps"/>
  <testcase name="login" time="0.000" classname="com.externalApi.Dumps"/>
  <testcase name="login" time="0.000" classname="com.externalApi.Dumps"/>
  <testcase name="login" time="0.000" classname="com.externalApi.Dumps"/>
  <testcase name="login" time="0.001" classname="com.externalApi.Dumps"/>
  <testcase name="login" time="0.000" classname="com.externalApi.Dumps"/>
  <testcase name="login" time="0.001" classname="com.externalApi.Dumps"/>
  <testcase name="login" time="0.001" classname="com.externalApi.Dumps"/>
  <testcase name="login" time="0.001" classname="com.externalApi.Dumps"/>
  <testcase name="login" time="0.052" classname="com.externalApi.Dumps"/>
  <testcase name="login" time="0.074" classname="com.externalApi.Dumps"/>
  <testcase name="login" time="0.001" classname="com.externalApi.Dumps"/>
  <testcase name="login" time="0.000" classname="com.externalApi.Dumps"/>
  <testcase name="login" time="0.001" classname="com.externalApi.Dumps"/>
  <testcase name="login" time="0.001" classname="com.externalApi.Dumps"/>
  <testcase name="login" time="0.000" classname="com.externalApi.Dumps"/>
  <testcase name="login" time="0.001" classname="com.externalApi.Dumps"/>
  <testcase name="login" time="0.001" classname="com.externalApi.Dumps"/>
  <testcase name="login" time="0.000" classname="com.externalApi.Dumps"/>
  <testcase name="login" time="0.001" classname="com.externalApi.Dumps"/>
  <testcase name="login" time="0.000" classname="com.externalApi.Dumps"/>
  <testcase name="login" time="0.000" classname="com.externalApi.Dumps"/>
  <testcase name="login" time="0.001" classname="com.externalApi.Dumps"/>
  <testcase name="login" time="0.000" classname="com.externalApi.Dumps"/>
  <testcase name="login" time="0.000" classname="com.externalApi.Dumps"/>
  <testcase name="login" time="0.000" classname="com.externalApi.Dumps"/>
  <testcase name="login" time="0.000" classname="com.externalApi.Dumps"/>
  <testcase name="login" time="0.001" classname="com.externalApi.Dumps"/>
  <testcase name="login" time="0.001" classname="com.externalApi.Dumps"/>
  <testcase name="login" time="0.001" classname="com.externalApi.Dumps"/>
  <testcase name="login" time="0.001" classname="com.externalApi.Dumps"/>
  <testcase name="login" time="0.001" classname="com.externalApi.Dumps"/>
  <testcase name="login" time="0.001" classname="com.externalApi.Dumps"/>
  <testcase name="login" time="0.001" classname="com.externalApi.Dumps"/>
  <testcase name="login" time="0.001" classname="com.externalApi.Dumps"/>
  <testcase name="login" time="0.001" classname="com.externalApi.Dumps"/>
  <testcase name="login" time="0.000" classname="com.externalApi.Dumps"/>
  <testcase name="login" time="0.000" classname="com.externalApi.Dumps"/>
  <testcase name="login" time="0.001" classname="com.externalApi.Dumps"/>
  <testcase name="login" time="0.001" classname="com.externalApi.Dumps"/>
  <testcase name="login" time="0.000" classname="com.externalApi.Dumps"/>
  <testcase name="login" time="0.040" classname="com.externalApi.Dumps"/>
  <testcase name="login" time="0.001" classname="com.externalApi.Dumps"/>
  <testcase name="login" time="0.001" classname="com.externalApi.Dumps"/>
  <testcase name="login" time="0.000" classname="com.externalApi.Dumps"/>
  <testcase name="login" time="0.000" classname="com.externalApi.Dumps"/>
  <testcase name="login" time="0.004" classname="com.externalApi.Dumps"/>
  <testcase name="login" time="0.001" classname="com.externalApi.Dumps"/>
  <testcase name="login" time="0.001" classname="com.externalApi.Dumps"/>
  <testcase name="login" time="0.000" classname="com.externalApi.Dumps"/>
  <testcase name="login" time="0.000" classname="com.externalApi.Dumps"/>
  <testcase name="login" time="0.000" classname="com.externalApi.Dumps"/>
  <testcase name="login" time="0.001" classname="com.externalApi.Dumps"/>
  <testcase name="login" time="0.000" classname="com.externalApi.Dumps"/>
  <testcase name="login" time="0.001" classname="com.externalApi.Dumps"/>
  <testcase name="login" time="0.001" classname="com.externalApi.Dumps"/>
  <testcase name="login" time="0.001" classname="com.externalApi.Dumps"/>
  <testcase name="login" time="0.000" classname="com.externalApi.Dumps"/>
</testsuite> <!-- com.externalApi.Dumps -->
