<?xml version="1.0" encoding="UTF-8"?>
<!-- Generated by org.testng.reporters.JUnitReportReporter -->
<testsuite name="com.utility.Test" tests="1" time="25.331" ignored="0" failures="0" timestamp="01 May 2017 07:41:47 GMT" skipped="0" hostname="mgh-PC" errors="0">
  <testcase name="mainn" time="25.331" classname="com.utility.Test"/>
</testsuite> <!-- com.utility.Test -->
